2011-07-09 21:42:46,566 - SimpleLog4JLogSystem initialized using logfile 'velocity.log'
2011-07-09 21:42:46,567 - ************************************************************** 
2011-07-09 21:42:46,567 - Starting Jakarta Velocity v1.4
2011-07-09 21:42:46,567 - RuntimeInstance initializing.
2011-07-09 21:42:46,567 - Default Properties File: org\apache\velocity\runtime\defaults\velocity.properties
2011-07-09 21:42:46,567 - Trying to use logger class org.apache.velocity.runtime.log.SimpleLog4JLogSystem
2011-07-09 21:42:46,567 - Using logger class org.apache.velocity.runtime.log.SimpleLog4JLogSystem
2011-07-09 21:42:46,577 - Default ResourceManager initializing. (class org.apache.velocity.runtime.resource.ResourceManagerImpl)
2011-07-09 21:42:46,589 - Resource Loader Instantiated: org.apache.velocity.runtime.resource.loader.ClasspathResourceLoader
2011-07-09 21:42:46,589 - ClasspathResourceLoader : initialization starting.
2011-07-09 21:42:46,589 - ClasspathResourceLoader : initialization complete.
2011-07-09 21:42:46,595 - ResourceCache : initialized. (class org.apache.velocity.runtime.resource.ResourceCacheImpl)
2011-07-09 21:42:46,595 - Default ResourceManager initialization complete.
2011-07-09 21:42:46,600 - Loaded System Directive: org.apache.velocity.runtime.directive.Literal
2011-07-09 21:42:46,606 - Loaded System Directive: org.apache.velocity.runtime.directive.Macro
2011-07-09 21:42:46,617 - Loaded System Directive: org.apache.velocity.runtime.directive.Parse
2011-07-09 21:42:46,623 - Loaded System Directive: org.apache.velocity.runtime.directive.Include
2011-07-09 21:42:46,627 - Loaded System Directive: org.apache.velocity.runtime.directive.Foreach
2011-07-09 21:42:46,708 - Created: 20 parsers.
2011-07-09 21:42:46,739 - Velocimacro : initialization starting.
2011-07-09 21:42:46,740 - Velocimacro : adding VMs from VM library template : VM_global_library.vm
2011-07-09 21:42:46,753 - ResourceManager : unable to find resource 'VM_global_library.vm' in any resource loader.
2011-07-09 21:42:46,753 - Velocimacro : error using  VM library template VM_global_library.vm : org.apache.velocity.exception.ResourceNotFoundException: Unable to find resource 'VM_global_library.vm'
2011-07-09 21:42:46,753 - Velocimacro :  VM library template macro registration complete.
2011-07-09 21:42:46,753 - Velocimacro : allowInline = true : VMs can be defined inline in templates
2011-07-09 21:42:46,753 - Velocimacro : allowInlineToOverride = false : VMs defined inline may NOT replace previous VM definitions
2011-07-09 21:42:46,753 - Velocimacro : allowInlineLocal = false : VMs defined inline will be  global in scope if allowed.
2011-07-09 21:42:46,754 - Velocimacro : messages on  : VM system will output logging messages
2011-07-09 21:42:46,754 - Velocimacro : autoload off  : VM system will not automatically reload global library macros
2011-07-09 21:42:46,754 - Velocimacro : initialization complete.
2011-07-09 21:42:46,754 - Velocity successfully started.
2011-07-09 21:50:34,244 - SimpleLog4JLogSystem initialized using logfile 'velocity.log'
2011-07-09 21:50:34,245 - ************************************************************** 
2011-07-09 21:50:34,245 - Starting Jakarta Velocity v1.4
2011-07-09 21:50:34,245 - RuntimeInstance initializing.
2011-07-09 21:50:34,245 - Default Properties File: org\apache\velocity\runtime\defaults\velocity.properties
2011-07-09 21:50:34,245 - Trying to use logger class org.apache.velocity.runtime.log.SimpleLog4JLogSystem
2011-07-09 21:50:34,245 - Using logger class org.apache.velocity.runtime.log.SimpleLog4JLogSystem
2011-07-09 21:50:34,255 - Default ResourceManager initializing. (class org.apache.velocity.runtime.resource.ResourceManagerImpl)
2011-07-09 21:50:34,271 - Resource Loader Instantiated: org.apache.velocity.runtime.resource.loader.ClasspathResourceLoader
2011-07-09 21:50:34,271 - ClasspathResourceLoader : initialization starting.
2011-07-09 21:50:34,271 - ClasspathResourceLoader : initialization complete.
2011-07-09 21:50:34,278 - ResourceCache : initialized. (class org.apache.velocity.runtime.resource.ResourceCacheImpl)
2011-07-09 21:50:34,278 - Default ResourceManager initialization complete.
2011-07-09 21:50:34,285 - Loaded System Directive: org.apache.velocity.runtime.directive.Literal
2011-07-09 21:50:34,291 - Loaded System Directive: org.apache.velocity.runtime.directive.Macro
2011-07-09 21:50:34,304 - Loaded System Directive: org.apache.velocity.runtime.directive.Parse
2011-07-09 21:50:34,310 - Loaded System Directive: org.apache.velocity.runtime.directive.Include
2011-07-09 21:50:34,314 - Loaded System Directive: org.apache.velocity.runtime.directive.Foreach
2011-07-09 21:50:34,394 - Created: 20 parsers.
2011-07-09 21:50:34,429 - Velocimacro : initialization starting.
2011-07-09 21:50:34,429 - Velocimacro : adding VMs from VM library template : VM_global_library.vm
2011-07-09 21:50:34,444 - ResourceManager : unable to find resource 'VM_global_library.vm' in any resource loader.
2011-07-09 21:50:34,444 - Velocimacro : error using  VM library template VM_global_library.vm : org.apache.velocity.exception.ResourceNotFoundException: Unable to find resource 'VM_global_library.vm'
2011-07-09 21:50:34,444 - Velocimacro :  VM library template macro registration complete.
2011-07-09 21:50:34,444 - Velocimacro : allowInline = true : VMs can be defined inline in templates
2011-07-09 21:50:34,444 - Velocimacro : allowInlineToOverride = false : VMs defined inline may NOT replace previous VM definitions
2011-07-09 21:50:34,444 - Velocimacro : allowInlineLocal = false : VMs defined inline will be  global in scope if allowed.
2011-07-09 21:50:34,444 - Velocimacro : messages on  : VM system will output logging messages
2011-07-09 21:50:34,444 - Velocimacro : autoload off  : VM system will not automatically reload global library macros
2011-07-09 21:50:34,444 - Velocimacro : initialization complete.
2011-07-09 21:50:34,444 - Velocity successfully started.
2011-07-12 12:45:46,960 - SimpleLog4JLogSystem initialized using logfile 'velocity.log'
2011-07-12 12:45:46,960 - ************************************************************** 
2011-07-12 12:45:46,960 - Starting Jakarta Velocity v1.4
2011-07-12 12:45:46,961 - RuntimeInstance initializing.
2011-07-12 12:45:46,961 - Default Properties File: org\apache\velocity\runtime\defaults\velocity.properties
2011-07-12 12:45:46,961 - Trying to use logger class org.apache.velocity.runtime.log.SimpleLog4JLogSystem
2011-07-12 12:45:46,961 - Using logger class org.apache.velocity.runtime.log.SimpleLog4JLogSystem
2011-07-12 12:45:46,973 - Default ResourceManager initializing. (class org.apache.velocity.runtime.resource.ResourceManagerImpl)
2011-07-12 12:45:46,987 - Resource Loader Instantiated: org.apache.velocity.runtime.resource.loader.ClasspathResourceLoader
2011-07-12 12:45:46,988 - ClasspathResourceLoader : initialization starting.
2011-07-12 12:45:46,988 - ClasspathResourceLoader : initialization complete.
2011-07-12 12:45:46,994 - ResourceCache : initialized. (class org.apache.velocity.runtime.resource.ResourceCacheImpl)
2011-07-12 12:45:46,995 - Default ResourceManager initialization complete.
2011-07-12 12:45:47,001 - Loaded System Directive: org.apache.velocity.runtime.directive.Literal
2011-07-12 12:45:47,009 - Loaded System Directive: org.apache.velocity.runtime.directive.Macro
2011-07-12 12:45:47,023 - Loaded System Directive: org.apache.velocity.runtime.directive.Parse
2011-07-12 12:45:47,030 - Loaded System Directive: org.apache.velocity.runtime.directive.Include
2011-07-12 12:45:47,034 - Loaded System Directive: org.apache.velocity.runtime.directive.Foreach
2011-07-12 12:45:47,122 - Created: 20 parsers.
2011-07-12 12:45:47,156 - Velocimacro : initialization starting.
2011-07-12 12:45:47,156 - Velocimacro : adding VMs from VM library template : VM_global_library.vm
2011-07-12 12:45:47,168 - ResourceManager : unable to find resource 'VM_global_library.vm' in any resource loader.
2011-07-12 12:45:47,168 - Velocimacro : error using  VM library template VM_global_library.vm : org.apache.velocity.exception.ResourceNotFoundException: Unable to find resource 'VM_global_library.vm'
2011-07-12 12:45:47,168 - Velocimacro :  VM library template macro registration complete.
2011-07-12 12:45:47,168 - Velocimacro : allowInline = true : VMs can be defined inline in templates
2011-07-12 12:45:47,168 - Velocimacro : allowInlineToOverride = false : VMs defined inline may NOT replace previous VM definitions
2011-07-12 12:45:47,168 - Velocimacro : allowInlineLocal = false : VMs defined inline will be  global in scope if allowed.
2011-07-12 12:45:47,169 - Velocimacro : messages on  : VM system will output logging messages
2011-07-12 12:45:47,169 - Velocimacro : autoload off  : VM system will not automatically reload global library macros
2011-07-12 12:45:47,169 - Velocimacro : initialization complete.
2011-07-12 12:45:47,169 - Velocity successfully started.
2011-07-12 14:16:54,530 - SimpleLog4JLogSystem initialized using logfile 'velocity.log'
2011-07-12 14:16:54,531 - ************************************************************** 
2011-07-12 14:16:54,531 - Starting Jakarta Velocity v1.4
2011-07-12 14:16:54,531 - RuntimeInstance initializing.
2011-07-12 14:16:54,531 - Default Properties File: org\apache\velocity\runtime\defaults\velocity.properties
2011-07-12 14:16:54,531 - Trying to use logger class org.apache.velocity.runtime.log.SimpleLog4JLogSystem
2011-07-12 14:16:54,532 - Using logger class org.apache.velocity.runtime.log.SimpleLog4JLogSystem
2011-07-12 14:16:54,542 - Default ResourceManager initializing. (class org.apache.velocity.runtime.resource.ResourceManagerImpl)
2011-07-12 14:16:54,554 - Resource Loader Instantiated: org.apache.velocity.runtime.resource.loader.ClasspathResourceLoader
2011-07-12 14:16:54,554 - ClasspathResourceLoader : initialization starting.
2011-07-12 14:16:54,554 - ClasspathResourceLoader : initialization complete.
2011-07-12 14:16:54,560 - ResourceCache : initialized. (class org.apache.velocity.runtime.resource.ResourceCacheImpl)
2011-07-12 14:16:54,560 - Default ResourceManager initialization complete.
2011-07-12 14:16:54,566 - Loaded System Directive: org.apache.velocity.runtime.directive.Literal
2011-07-12 14:16:54,572 - Loaded System Directive: org.apache.velocity.runtime.directive.Macro
2011-07-12 14:16:54,584 - Loaded System Directive: org.apache.velocity.runtime.directive.Parse
2011-07-12 14:16:54,590 - Loaded System Directive: org.apache.velocity.runtime.directive.Include
2011-07-12 14:16:54,595 - Loaded System Directive: org.apache.velocity.runtime.directive.Foreach
2011-07-12 14:16:54,677 - Created: 20 parsers.
2011-07-12 14:16:54,715 - Velocimacro : initialization starting.
2011-07-12 14:16:54,716 - Velocimacro : adding VMs from VM library template : VM_global_library.vm
2011-07-12 14:16:54,729 - ResourceManager : unable to find resource 'VM_global_library.vm' in any resource loader.
2011-07-12 14:16:54,730 - Velocimacro : error using  VM library template VM_global_library.vm : org.apache.velocity.exception.ResourceNotFoundException: Unable to find resource 'VM_global_library.vm'
2011-07-12 14:16:54,730 - Velocimacro :  VM library template macro registration complete.
2011-07-12 14:16:54,730 - Velocimacro : allowInline = true : VMs can be defined inline in templates
2011-07-12 14:16:54,730 - Velocimacro : allowInlineToOverride = false : VMs defined inline may NOT replace previous VM definitions
2011-07-12 14:16:54,730 - Velocimacro : allowInlineLocal = false : VMs defined inline will be  global in scope if allowed.
2011-07-12 14:16:54,730 - Velocimacro : messages on  : VM system will output logging messages
2011-07-12 14:16:54,730 - Velocimacro : autoload off  : VM system will not automatically reload global library macros
2011-07-12 14:16:54,730 - Velocimacro : initialization complete.
2011-07-12 14:16:54,730 - Velocity successfully started.
2011-07-12 14:38:40,777 - SimpleLog4JLogSystem initialized using logfile 'velocity.log'
2011-07-12 14:38:40,778 - ************************************************************** 
2011-07-12 14:38:40,778 - Starting Jakarta Velocity v1.4
2011-07-12 14:38:40,778 - RuntimeInstance initializing.
2011-07-12 14:38:40,778 - Default Properties File: org\apache\velocity\runtime\defaults\velocity.properties
2011-07-12 14:38:40,779 - Trying to use logger class org.apache.velocity.runtime.log.SimpleLog4JLogSystem
2011-07-12 14:38:40,779 - Using logger class org.apache.velocity.runtime.log.SimpleLog4JLogSystem
2011-07-12 14:38:40,792 - Default ResourceManager initializing. (class org.apache.velocity.runtime.resource.ResourceManagerImpl)
2011-07-12 14:38:40,808 - Resource Loader Instantiated: org.apache.velocity.runtime.resource.loader.ClasspathResourceLoader
2011-07-12 14:38:40,808 - ClasspathResourceLoader : initialization starting.
2011-07-12 14:38:40,808 - ClasspathResourceLoader : initialization complete.
2011-07-12 14:38:40,816 - ResourceCache : initialized. (class org.apache.velocity.runtime.resource.ResourceCacheImpl)
2011-07-12 14:38:40,817 - Default ResourceManager initialization complete.
2011-07-12 14:38:40,828 - Loaded System Directive: org.apache.velocity.runtime.directive.Literal
2011-07-12 14:38:40,837 - Loaded System Directive: org.apache.velocity.runtime.directive.Macro
2011-07-12 14:38:40,861 - Loaded System Directive: org.apache.velocity.runtime.directive.Parse
2011-07-12 14:38:40,872 - Loaded System Directive: org.apache.velocity.runtime.directive.Include
2011-07-12 14:38:40,880 - Loaded System Directive: org.apache.velocity.runtime.directive.Foreach
2011-07-12 14:38:40,965 - Created: 20 parsers.
2011-07-12 14:38:40,999 - Velocimacro : initialization starting.
2011-07-12 14:38:40,999 - Velocimacro : adding VMs from VM library template : VM_global_library.vm
2011-07-12 14:38:41,013 - ResourceManager : unable to find resource 'VM_global_library.vm' in any resource loader.
2011-07-12 14:38:41,014 - Velocimacro : error using  VM library template VM_global_library.vm : org.apache.velocity.exception.ResourceNotFoundException: Unable to find resource 'VM_global_library.vm'
2011-07-12 14:38:41,014 - Velocimacro :  VM library template macro registration complete.
2011-07-12 14:38:41,014 - Velocimacro : allowInline = true : VMs can be defined inline in templates
2011-07-12 14:38:41,014 - Velocimacro : allowInlineToOverride = false : VMs defined inline may NOT replace previous VM definitions
2011-07-12 14:38:41,014 - Velocimacro : allowInlineLocal = false : VMs defined inline will be  global in scope if allowed.
2011-07-12 14:38:41,014 - Velocimacro : messages on  : VM system will output logging messages
2011-07-12 14:38:41,014 - Velocimacro : autoload off  : VM system will not automatically reload global library macros
2011-07-12 14:38:41,014 - Velocimacro : initialization complete.
2011-07-12 14:38:41,014 - Velocity successfully started.
2011-07-12 15:07:36,738 - SimpleLog4JLogSystem initialized using logfile 'velocity.log'
2011-07-12 15:07:36,739 - ************************************************************** 
2011-07-12 15:07:36,739 - Starting Jakarta Velocity v1.4
2011-07-12 15:07:36,739 - RuntimeInstance initializing.
2011-07-12 15:07:36,740 - Default Properties File: org\apache\velocity\runtime\defaults\velocity.properties
2011-07-12 15:07:36,740 - Trying to use logger class org.apache.velocity.runtime.log.SimpleLog4JLogSystem
2011-07-12 15:07:36,740 - Using logger class org.apache.velocity.runtime.log.SimpleLog4JLogSystem
2011-07-12 15:07:36,757 - Default ResourceManager initializing. (class org.apache.velocity.runtime.resource.ResourceManagerImpl)
2011-07-12 15:07:36,779 - Resource Loader Instantiated: org.apache.velocity.runtime.resource.loader.ClasspathResourceLoader
2011-07-12 15:07:36,780 - ClasspathResourceLoader : initialization starting.
2011-07-12 15:07:36,780 - ClasspathResourceLoader : initialization complete.
2011-07-12 15:07:36,789 - ResourceCache : initialized. (class org.apache.velocity.runtime.resource.ResourceCacheImpl)
2011-07-12 15:07:36,789 - Default ResourceManager initialization complete.
2011-07-12 15:07:36,797 - Loaded System Directive: org.apache.velocity.runtime.directive.Literal
2011-07-12 15:07:36,803 - Loaded System Directive: org.apache.velocity.runtime.directive.Macro
2011-07-12 15:07:36,821 - Loaded System Directive: org.apache.velocity.runtime.directive.Parse
2011-07-12 15:07:36,829 - Loaded System Directive: org.apache.velocity.runtime.directive.Include
2011-07-12 15:07:36,833 - Loaded System Directive: org.apache.velocity.runtime.directive.Foreach
2011-07-12 15:07:36,920 - Created: 20 parsers.
2011-07-12 15:07:36,954 - Velocimacro : initialization starting.
2011-07-12 15:07:36,954 - Velocimacro : adding VMs from VM library template : VM_global_library.vm
2011-07-12 15:07:36,969 - ResourceManager : unable to find resource 'VM_global_library.vm' in any resource loader.
2011-07-12 15:07:36,969 - Velocimacro : error using  VM library template VM_global_library.vm : org.apache.velocity.exception.ResourceNotFoundException: Unable to find resource 'VM_global_library.vm'
2011-07-12 15:07:36,969 - Velocimacro :  VM library template macro registration complete.
2011-07-12 15:07:36,969 - Velocimacro : allowInline = true : VMs can be defined inline in templates
2011-07-12 15:07:36,969 - Velocimacro : allowInlineToOverride = false : VMs defined inline may NOT replace previous VM definitions
2011-07-12 15:07:36,969 - Velocimacro : allowInlineLocal = false : VMs defined inline will be  global in scope if allowed.
2011-07-12 15:07:36,969 - Velocimacro : messages on  : VM system will output logging messages
2011-07-12 15:07:36,969 - Velocimacro : autoload off  : VM system will not automatically reload global library macros
2011-07-12 15:07:36,969 - Velocimacro : initialization complete.
2011-07-12 15:07:36,969 - Velocity successfully started.
2011-07-14 08:06:42,893 - SimpleLog4JLogSystem initialized using logfile 'velocity.log'
2011-07-14 08:06:42,926 - ************************************************************** 
2011-07-14 08:06:42,926 - Starting Jakarta Velocity v1.4
2011-07-14 08:06:42,926 - RuntimeInstance initializing.
2011-07-14 08:06:42,926 - Default Properties File: org\apache\velocity\runtime\defaults\velocity.properties
2011-07-14 08:06:42,926 - Trying to use logger class org.apache.velocity.runtime.log.SimpleLog4JLogSystem
2011-07-14 08:06:42,926 - Using logger class org.apache.velocity.runtime.log.SimpleLog4JLogSystem
2011-07-14 08:06:42,941 - Default ResourceManager initializing. (class org.apache.velocity.runtime.resource.ResourceManagerImpl)
2011-07-14 08:06:42,954 - Resource Loader Instantiated: org.apache.velocity.runtime.resource.loader.ClasspathResourceLoader
2011-07-14 08:06:42,955 - ClasspathResourceLoader : initialization starting.
2011-07-14 08:06:42,955 - ClasspathResourceLoader : initialization complete.
2011-07-14 08:06:42,961 - ResourceCache : initialized. (class org.apache.velocity.runtime.resource.ResourceCacheImpl)
2011-07-14 08:06:42,961 - Default ResourceManager initialization complete.
2011-07-14 08:06:42,968 - Loaded System Directive: org.apache.velocity.runtime.directive.Literal
2011-07-14 08:06:42,974 - Loaded System Directive: org.apache.velocity.runtime.directive.Macro
2011-07-14 08:06:42,990 - Loaded System Directive: org.apache.velocity.runtime.directive.Parse
2011-07-14 08:06:42,999 - Loaded System Directive: org.apache.velocity.runtime.directive.Include
2011-07-14 08:06:43,004 - Loaded System Directive: org.apache.velocity.runtime.directive.Foreach
2011-07-14 08:06:43,084 - Created: 20 parsers.
2011-07-14 08:06:43,115 - Velocimacro : initialization starting.
2011-07-14 08:06:43,115 - Velocimacro : adding VMs from VM library template : VM_global_library.vm
2011-07-14 08:06:43,129 - ResourceManager : unable to find resource 'VM_global_library.vm' in any resource loader.
2011-07-14 08:06:43,129 - Velocimacro : error using  VM library template VM_global_library.vm : org.apache.velocity.exception.ResourceNotFoundException: Unable to find resource 'VM_global_library.vm'
2011-07-14 08:06:43,129 - Velocimacro :  VM library template macro registration complete.
2011-07-14 08:06:43,129 - Velocimacro : allowInline = true : VMs can be defined inline in templates
2011-07-14 08:06:43,130 - Velocimacro : allowInlineToOverride = false : VMs defined inline may NOT replace previous VM definitions
2011-07-14 08:06:43,130 - Velocimacro : allowInlineLocal = false : VMs defined inline will be  global in scope if allowed.
2011-07-14 08:06:43,130 - Velocimacro : messages on  : VM system will output logging messages
2011-07-14 08:06:43,130 - Velocimacro : autoload off  : VM system will not automatically reload global library macros
2011-07-14 08:06:43,130 - Velocimacro : initialization complete.
2011-07-14 08:06:43,130 - Velocity successfully started.
2011-07-14 08:08:43,482 - SimpleLog4JLogSystem initialized using logfile 'velocity.log'
2011-07-14 08:08:43,482 - ************************************************************** 
2011-07-14 08:08:43,482 - Starting Jakarta Velocity v1.4
2011-07-14 08:08:43,482 - RuntimeInstance initializing.
2011-07-14 08:08:43,483 - Default Properties File: org\apache\velocity\runtime\defaults\velocity.properties
2011-07-14 08:08:43,483 - Trying to use logger class org.apache.velocity.runtime.log.SimpleLog4JLogSystem
2011-07-14 08:08:43,483 - Using logger class org.apache.velocity.runtime.log.SimpleLog4JLogSystem
2011-07-14 08:08:43,492 - Default ResourceManager initializing. (class org.apache.velocity.runtime.resource.ResourceManagerImpl)
2011-07-14 08:08:43,504 - Resource Loader Instantiated: org.apache.velocity.runtime.resource.loader.ClasspathResourceLoader
2011-07-14 08:08:43,505 - ClasspathResourceLoader : initialization starting.
2011-07-14 08:08:43,505 - ClasspathResourceLoader : initialization complete.
2011-07-14 08:08:43,511 - ResourceCache : initialized. (class org.apache.velocity.runtime.resource.ResourceCacheImpl)
2011-07-14 08:08:43,511 - Default ResourceManager initialization complete.
2011-07-14 08:08:43,517 - Loaded System Directive: org.apache.velocity.runtime.directive.Literal
2011-07-14 08:08:43,523 - Loaded System Directive: org.apache.velocity.runtime.directive.Macro
2011-07-14 08:08:43,534 - Loaded System Directive: org.apache.velocity.runtime.directive.Parse
2011-07-14 08:08:43,541 - Loaded System Directive: org.apache.velocity.runtime.directive.Include
2011-07-14 08:08:43,544 - Loaded System Directive: org.apache.velocity.runtime.directive.Foreach
2011-07-14 08:08:43,623 - Created: 20 parsers.
2011-07-14 08:08:43,654 - Velocimacro : initialization starting.
2011-07-14 08:08:43,654 - Velocimacro : adding VMs from VM library template : VM_global_library.vm
2011-07-14 08:08:43,667 - ResourceManager : unable to find resource 'VM_global_library.vm' in any resource loader.
2011-07-14 08:08:43,668 - Velocimacro : error using  VM library template VM_global_library.vm : org.apache.velocity.exception.ResourceNotFoundException: Unable to find resource 'VM_global_library.vm'
2011-07-14 08:08:43,668 - Velocimacro :  VM library template macro registration complete.
2011-07-14 08:08:43,668 - Velocimacro : allowInline = true : VMs can be defined inline in templates
2011-07-14 08:08:43,668 - Velocimacro : allowInlineToOverride = false : VMs defined inline may NOT replace previous VM definitions
2011-07-14 08:08:43,668 - Velocimacro : allowInlineLocal = false : VMs defined inline will be  global in scope if allowed.
2011-07-14 08:08:43,668 - Velocimacro : messages on  : VM system will output logging messages
2011-07-14 08:08:43,668 - Velocimacro : autoload off  : VM system will not automatically reload global library macros
2011-07-14 08:08:43,668 - Velocimacro : initialization complete.
2011-07-14 08:08:43,668 - Velocity successfully started.
2011-07-14 08:14:17,080 - SimpleLog4JLogSystem initialized using logfile 'velocity.log'
2011-07-14 08:14:17,080 - ************************************************************** 
2011-07-14 08:14:17,080 - Starting Jakarta Velocity v1.4
2011-07-14 08:14:17,081 - RuntimeInstance initializing.
2011-07-14 08:14:17,081 - Default Properties File: org\apache\velocity\runtime\defaults\velocity.properties
2011-07-14 08:14:17,081 - Trying to use logger class org.apache.velocity.runtime.log.SimpleLog4JLogSystem
2011-07-14 08:14:17,081 - Using logger class org.apache.velocity.runtime.log.SimpleLog4JLogSystem
2011-07-14 08:14:17,091 - Default ResourceManager initializing. (class org.apache.velocity.runtime.resource.ResourceManagerImpl)
2011-07-14 08:14:17,103 - Resource Loader Instantiated: org.apache.velocity.runtime.resource.loader.ClasspathResourceLoader
2011-07-14 08:14:17,104 - ClasspathResourceLoader : initialization starting.
2011-07-14 08:14:17,104 - ClasspathResourceLoader : initialization complete.
2011-07-14 08:14:17,110 - ResourceCache : initialized. (class org.apache.velocity.runtime.resource.ResourceCacheImpl)
2011-07-14 08:14:17,110 - Default ResourceManager initialization complete.
2011-07-14 08:14:17,116 - Loaded System Directive: org.apache.velocity.runtime.directive.Literal
2011-07-14 08:14:17,122 - Loaded System Directive: org.apache.velocity.runtime.directive.Macro
2011-07-14 08:14:17,133 - Loaded System Directive: org.apache.velocity.runtime.directive.Parse
2011-07-14 08:14:17,139 - Loaded System Directive: org.apache.velocity.runtime.directive.Include
2011-07-14 08:14:17,144 - Loaded System Directive: org.apache.velocity.runtime.directive.Foreach
2011-07-14 08:14:17,235 - Created: 20 parsers.
2011-07-14 08:14:17,266 - Velocimacro : initialization starting.
2011-07-14 08:14:17,267 - Velocimacro : adding VMs from VM library template : VM_global_library.vm
2011-07-14 08:14:17,279 - ResourceManager : unable to find resource 'VM_global_library.vm' in any resource loader.
2011-07-14 08:14:17,280 - Velocimacro : error using  VM library template VM_global_library.vm : org.apache.velocity.exception.ResourceNotFoundException: Unable to find resource 'VM_global_library.vm'
2011-07-14 08:14:17,280 - Velocimacro :  VM library template macro registration complete.
2011-07-14 08:14:17,280 - Velocimacro : allowInline = true : VMs can be defined inline in templates
2011-07-14 08:14:17,280 - Velocimacro : allowInlineToOverride = false : VMs defined inline may NOT replace previous VM definitions
2011-07-14 08:14:17,280 - Velocimacro : allowInlineLocal = false : VMs defined inline will be  global in scope if allowed.
2011-07-14 08:14:17,280 - Velocimacro : messages on  : VM system will output logging messages
2011-07-14 08:14:17,280 - Velocimacro : autoload off  : VM system will not automatically reload global library macros
2011-07-14 08:14:17,280 - Velocimacro : initialization complete.
2011-07-14 08:14:17,280 - Velocity successfully started.
2011-10-14 15:42:01,837 - SimpleLog4JLogSystem initialized using logfile 'velocity.log'
2011-10-14 15:42:01,838 - ************************************************************** 
2011-10-14 15:42:01,838 - Starting Jakarta Velocity v1.4
2011-10-14 15:42:01,838 - RuntimeInstance initializing.
2011-10-14 15:42:01,838 - Default Properties File: org/apache/velocity/runtime/defaults/velocity.properties
2011-10-14 15:42:01,838 - Trying to use logger class org.apache.velocity.runtime.log.SimpleLog4JLogSystem
2011-10-14 15:42:01,838 - Using logger class org.apache.velocity.runtime.log.SimpleLog4JLogSystem
2011-10-14 15:42:01,844 - Default ResourceManager initializing. (class org.apache.velocity.runtime.resource.ResourceManagerImpl)
2011-10-14 15:42:01,846 - Resource Loader Instantiated: org.apache.velocity.runtime.resource.loader.ClasspathResourceLoader
2011-10-14 15:42:01,846 - ClasspathResourceLoader : initialization starting.
2011-10-14 15:42:01,846 - ClasspathResourceLoader : initialization complete.
2011-10-14 15:42:01,848 - ResourceCache : initialized. (class org.apache.velocity.runtime.resource.ResourceCacheImpl)
2011-10-14 15:42:01,848 - Default ResourceManager initialization complete.
2011-10-14 15:42:01,849 - Loaded System Directive: org.apache.velocity.runtime.directive.Literal
2011-10-14 15:42:01,851 - Loaded System Directive: org.apache.velocity.runtime.directive.Macro
2011-10-14 15:42:01,853 - Loaded System Directive: org.apache.velocity.runtime.directive.Parse
2011-10-14 15:42:01,854 - Loaded System Directive: org.apache.velocity.runtime.directive.Include
2011-10-14 15:42:01,855 - Loaded System Directive: org.apache.velocity.runtime.directive.Foreach
2011-10-14 15:42:01,883 - Created: 20 parsers.
2011-10-14 15:42:01,890 - Velocimacro : initialization starting.
2011-10-14 15:42:01,890 - Velocimacro : adding VMs from VM library template : VM_global_library.vm
2011-10-14 15:42:01,895 - ResourceManager : unable to find resource 'VM_global_library.vm' in any resource loader.
2011-10-14 15:42:01,895 - Velocimacro : error using  VM library template VM_global_library.vm : org.apache.velocity.exception.ResourceNotFoundException: Unable to find resource 'VM_global_library.vm'
2011-10-14 15:42:01,895 - Velocimacro :  VM library template macro registration complete.
2011-10-14 15:42:01,895 - Velocimacro : allowInline = true : VMs can be defined inline in templates
2011-10-14 15:42:01,895 - Velocimacro : allowInlineToOverride = false : VMs defined inline may NOT replace previous VM definitions
2011-10-14 15:42:01,895 - Velocimacro : allowInlineLocal = false : VMs defined inline will be  global in scope if allowed.
2011-10-14 15:42:01,895 - Velocimacro : messages on  : VM system will output logging messages
2011-10-14 15:42:01,895 - Velocimacro : autoload off  : VM system will not automatically reload global library macros
2011-10-14 15:42:01,895 - Velocimacro : initialization complete.
2011-10-14 15:42:01,895 - Velocity successfully started.
