2011-10-17 12:22:37,685 - SimpleLog4JLogSystem initialized using logfile 'velocity.log'
2011-10-17 12:22:37,686 - ************************************************************** 
2011-10-17 12:22:37,686 - Starting Jakarta Velocity v1.4
2011-10-17 12:22:37,686 - RuntimeInstance initializing.
2011-10-17 12:22:37,686 - Default Properties File: org/apache/velocity/runtime/defaults/velocity.properties
2011-10-17 12:22:37,686 - Trying to use logger class org.apache.velocity.runtime.log.SimpleLog4JLogSystem
2011-10-17 12:22:37,686 - Using logger class org.apache.velocity.runtime.log.SimpleLog4JLogSystem
2011-10-17 12:22:37,693 - Default ResourceManager initializing. (class org.apache.velocity.runtime.resource.ResourceManagerImpl)
2011-10-17 12:22:37,696 - Resource Loader Instantiated: org.apache.velocity.runtime.resource.loader.ClasspathResourceLoader
2011-10-17 12:22:37,697 - ClasspathResourceLoader : initialization starting.
2011-10-17 12:22:37,697 - ClasspathResourceLoader : initialization complete.
2011-10-17 12:22:37,698 - ResourceCache : initialized. (class org.apache.velocity.runtime.resource.ResourceCacheImpl)
2011-10-17 12:22:37,698 - Default ResourceManager initialization complete.
2011-10-17 12:22:37,700 - Loaded System Directive: org.apache.velocity.runtime.directive.Literal
2011-10-17 12:22:37,702 - Loaded System Directive: org.apache.velocity.runtime.directive.Macro
2011-10-17 12:22:37,705 - Loaded System Directive: org.apache.velocity.runtime.directive.Parse
2011-10-17 12:22:37,707 - Loaded System Directive: org.apache.velocity.runtime.directive.Include
2011-10-17 12:22:37,707 - Loaded System Directive: org.apache.velocity.runtime.directive.Foreach
2011-10-17 12:22:37,736 - Created: 20 parsers.
2011-10-17 12:22:37,743 - Velocimacro : initialization starting.
2011-10-17 12:22:37,743 - Velocimacro : adding VMs from VM library template : VM_global_library.vm
2011-10-17 12:22:37,748 - ResourceManager : unable to find resource 'VM_global_library.vm' in any resource loader.
2011-10-17 12:22:37,748 - Velocimacro : error using  VM library template VM_global_library.vm : org.apache.velocity.exception.ResourceNotFoundException: Unable to find resource 'VM_global_library.vm'
2011-10-17 12:22:37,748 - Velocimacro :  VM library template macro registration complete.
2011-10-17 12:22:37,748 - Velocimacro : allowInline = true : VMs can be defined inline in templates
2011-10-17 12:22:37,748 - Velocimacro : allowInlineToOverride = false : VMs defined inline may NOT replace previous VM definitions
2011-10-17 12:22:37,748 - Velocimacro : allowInlineLocal = false : VMs defined inline will be  global in scope if allowed.
2011-10-17 12:22:37,749 - Velocimacro : messages on  : VM system will output logging messages
2011-10-17 12:22:37,749 - Velocimacro : autoload off  : VM system will not automatically reload global library macros
2011-10-17 12:22:37,749 - Velocimacro : initialization complete.
2011-10-17 12:22:37,749 - Velocity successfully started.
2011-10-17 12:27:20,390 - SimpleLog4JLogSystem initialized using logfile 'velocity.log'
2011-10-17 12:27:20,391 - ************************************************************** 
2011-10-17 12:27:20,391 - Starting Jakarta Velocity v1.4
2011-10-17 12:27:20,391 - RuntimeInstance initializing.
2011-10-17 12:27:20,391 - Default Properties File: org/apache/velocity/runtime/defaults/velocity.properties
2011-10-17 12:27:20,391 - Trying to use logger class org.apache.velocity.runtime.log.SimpleLog4JLogSystem
2011-10-17 12:27:20,391 - Using logger class org.apache.velocity.runtime.log.SimpleLog4JLogSystem
2011-10-17 12:27:20,394 - Default ResourceManager initializing. (class org.apache.velocity.runtime.resource.ResourceManagerImpl)
2011-10-17 12:27:20,396 - Resource Loader Instantiated: org.apache.velocity.runtime.resource.loader.ClasspathResourceLoader
2011-10-17 12:27:20,396 - ClasspathResourceLoader : initialization starting.
2011-10-17 12:27:20,396 - ClasspathResourceLoader : initialization complete.
2011-10-17 12:27:20,398 - ResourceCache : initialized. (class org.apache.velocity.runtime.resource.ResourceCacheImpl)
2011-10-17 12:27:20,398 - Default ResourceManager initialization complete.
2011-10-17 12:27:20,402 - Loaded System Directive: org.apache.velocity.runtime.directive.Literal
2011-10-17 12:27:20,404 - Loaded System Directive: org.apache.velocity.runtime.directive.Macro
2011-10-17 12:27:20,406 - Loaded System Directive: org.apache.velocity.runtime.directive.Parse
2011-10-17 12:27:20,408 - Loaded System Directive: org.apache.velocity.runtime.directive.Include
2011-10-17 12:27:20,409 - Loaded System Directive: org.apache.velocity.runtime.directive.Foreach
2011-10-17 12:27:20,436 - Created: 20 parsers.
2011-10-17 12:27:20,443 - Velocimacro : initialization starting.
2011-10-17 12:27:20,444 - Velocimacro : adding VMs from VM library template : VM_global_library.vm
2011-10-17 12:27:20,448 - ResourceManager : unable to find resource 'VM_global_library.vm' in any resource loader.
2011-10-17 12:27:20,448 - Velocimacro : error using  VM library template VM_global_library.vm : org.apache.velocity.exception.ResourceNotFoundException: Unable to find resource 'VM_global_library.vm'
2011-10-17 12:27:20,448 - Velocimacro :  VM library template macro registration complete.
2011-10-17 12:27:20,449 - Velocimacro : allowInline = true : VMs can be defined inline in templates
2011-10-17 12:27:20,449 - Velocimacro : allowInlineToOverride = false : VMs defined inline may NOT replace previous VM definitions
2011-10-17 12:27:20,449 - Velocimacro : allowInlineLocal = false : VMs defined inline will be  global in scope if allowed.
2011-10-17 12:27:20,449 - Velocimacro : messages on  : VM system will output logging messages
2011-10-17 12:27:20,449 - Velocimacro : autoload off  : VM system will not automatically reload global library macros
2011-10-17 12:27:20,449 - Velocimacro : initialization complete.
2011-10-17 12:27:20,449 - Velocity successfully started.
