2011-08-24 00:13:15,090 - Velocimacro : autoload off  : VM system will not automatically reload global library macros
2011-08-24 00:13:15,090 - Velocimacro : initialization complete.
2011-08-24 00:13:15,090 - Velocity successfully started.
2011-08-24 00:18:49,781 - SimpleLog4JLogSystem initialized using logfile 'velocity.log'
2011-08-24 00:18:49,781 - ************************************************************** 
2011-08-24 00:18:49,781 - Starting Jakarta Velocity v1.4
2011-08-24 00:18:49,781 - RuntimeInstance initializing.
2011-08-24 00:18:49,781 - Default Properties File: org\apache\velocity\runtime\defaults\velocity.properties
2011-08-24 00:18:49,781 - Trying to use logger class org.apache.velocity.runtime.log.SimpleLog4JLogSystem
2011-08-24 00:18:49,781 - Using logger class org.apache.velocity.runtime.log.SimpleLog4JLogSystem
2011-08-24 00:18:49,791 - Default ResourceManager initializing. (class org.apache.velocity.runtime.resource.ResourceManagerImpl)
2011-08-24 00:18:49,801 - Resource Loader Instantiated: org.apache.velocity.runtime.resource.loader.ClasspathResourceLoader
2011-08-24 00:18:49,801 - ClasspathResourceLoader : initialization starting.
2011-08-24 00:18:49,801 - ClasspathResourceLoader : initialization complete.
2011-08-24 00:18:49,801 - ResourceCache : initialized. (class org.apache.velocity.runtime.resource.ResourceCacheImpl)
2011-08-24 00:18:49,801 - Default ResourceManager initialization complete.
2011-08-24 00:18:49,811 - Loaded System Directive: org.apache.velocity.runtime.directive.Literal
2011-08-24 00:18:49,821 - Loaded System Directive: org.apache.velocity.runtime.directive.Macro
2011-08-24 00:18:49,831 - Loaded System Directive: org.apache.velocity.runtime.directive.Parse
2011-08-24 00:18:49,831 - Loaded System Directive: org.apache.velocity.runtime.directive.Include
2011-08-24 00:18:49,831 - Loaded System Directive: org.apache.velocity.runtime.directive.Foreach
2011-08-24 00:18:49,911 - Created: 20 parsers.
2011-08-24 00:18:49,941 - Velocimacro : initialization starting.
2011-08-24 00:18:49,941 - Velocimacro : adding VMs from VM library template : VM_global_library.vm
2011-08-24 00:18:49,951 - ResourceManager : unable to find resource 'VM_global_library.vm' in any resource loader.
2011-08-24 00:18:49,951 - Velocimacro : error using  VM library template VM_global_library.vm : org.apache.velocity.exception.ResourceNotFoundException: Unable to find resource 'VM_global_library.vm'
2011-08-24 00:18:49,951 - Velocimacro :  VM library template macro registration complete.
2011-08-24 00:18:49,951 - Velocimacro : allowInline = true : VMs can be defined inline in templates
2011-08-24 00:18:49,951 - Velocimacro : allowInlineToOverride = false : VMs defined inline may NOT replace previous VM definitions
2011-08-24 00:18:49,951 - Velocimacro : allowInlineLocal = false : VMs defined inline will be  global in scope if allowed.
2011-08-24 00:18:49,951 - Velocimacro : messages on  : VM system will output logging messages
2011-08-24 00:18:49,951 - Velocimacro : autoload off  : VM system will not automatically reload global library macros
2011-08-24 00:18:49,951 - Velocimacro : initialization complete.
2011-08-24 00:18:49,951 - Velocity successfully started.
2011-08-24 00:23:20,214 - SimpleLog4JLogSystem initialized using logfile 'velocity.log'
2011-08-24 00:23:20,214 - ************************************************************** 
2011-08-24 00:23:20,214 - Starting Jakarta Velocity v1.4
2011-08-24 00:23:20,214 - RuntimeInstance initializing.
2011-08-24 00:23:20,214 - Default Properties File: org\apache\velocity\runtime\defaults\velocity.properties
2011-08-24 00:23:20,214 - Trying to use logger class org.apache.velocity.runtime.log.SimpleLog4JLogSystem
2011-08-24 00:23:20,214 - Using logger class org.apache.velocity.runtime.log.SimpleLog4JLogSystem
2011-08-24 00:23:20,224 - Default ResourceManager initializing. (class org.apache.velocity.runtime.resource.ResourceManagerImpl)
2011-08-24 00:23:20,234 - Resource Loader Instantiated: org.apache.velocity.runtime.resource.loader.ClasspathResourceLoader
2011-08-24 00:23:20,234 - ClasspathResourceLoader : initialization starting.
2011-08-24 00:23:20,234 - ClasspathResourceLoader : initialization complete.
2011-08-24 00:23:20,234 - ResourceCache : initialized. (class org.apache.velocity.runtime.resource.ResourceCacheImpl)
2011-08-24 00:23:20,234 - Default ResourceManager initialization complete.
2011-08-24 00:23:20,244 - Loaded System Directive: org.apache.velocity.runtime.directive.Literal
2011-08-24 00:23:20,244 - Loaded System Directive: org.apache.velocity.runtime.directive.Macro
2011-08-24 00:23:20,254 - Loaded System Directive: org.apache.velocity.runtime.directive.Parse
2011-08-24 00:23:20,264 - Loaded System Directive: org.apache.velocity.runtime.directive.Include
2011-08-24 00:23:20,264 - Loaded System Directive: org.apache.velocity.runtime.directive.Foreach
2011-08-24 00:23:20,344 - Created: 20 parsers.
2011-08-24 00:23:20,374 - Velocimacro : initialization starting.
2011-08-24 00:23:20,374 - Velocimacro : adding VMs from VM library template : VM_global_library.vm
2011-08-24 00:23:20,384 - ResourceManager : unable to find resource 'VM_global_library.vm' in any resource loader.
2011-08-24 00:23:20,384 - Velocimacro : error using  VM library template VM_global_library.vm : org.apache.velocity.exception.ResourceNotFoundException: Unable to find resource 'VM_global_library.vm'
2011-08-24 00:23:20,384 - Velocimacro :  VM library template macro registration complete.
2011-08-24 00:23:20,384 - Velocimacro : allowInline = true : VMs can be defined inline in templates
2011-08-24 00:23:20,384 - Velocimacro : allowInlineToOverride = false : VMs defined inline may NOT replace previous VM definitions
2011-08-24 00:23:20,384 - Velocimacro : allowInlineLocal = false : VMs defined inline will be  global in scope if allowed.
2011-08-24 00:23:20,384 - Velocimacro : messages on  : VM system will output logging messages
2011-08-24 00:23:20,384 - Velocimacro : autoload off  : VM system will not automatically reload global library macros
2011-08-24 00:23:20,384 - Velocimacro : initialization complete.
2011-08-24 00:23:20,384 - Velocity successfully started.
2011-08-24 00:25:07,456 - SimpleLog4JLogSystem initialized using logfile 'velocity.log'
2011-08-24 00:25:07,456 - ************************************************************** 
2011-08-24 00:25:07,456 - Starting Jakarta Velocity v1.4
2011-08-24 00:25:07,456 - RuntimeInstance initializing.
2011-08-24 00:25:07,456 - Default Properties File: org\apache\velocity\runtime\defaults\velocity.properties
2011-08-24 00:25:07,456 - Trying to use logger class org.apache.velocity.runtime.log.SimpleLog4JLogSystem
2011-08-24 00:25:07,456 - Using logger class org.apache.velocity.runtime.log.SimpleLog4JLogSystem
2011-08-24 00:25:07,466 - Default ResourceManager initializing. (class org.apache.velocity.runtime.resource.ResourceManagerImpl)
2011-08-24 00:25:07,476 - Resource Loader Instantiated: org.apache.velocity.runtime.resource.loader.ClasspathResourceLoader
2011-08-24 00:25:07,476 - ClasspathResourceLoader : initialization starting.
2011-08-24 00:25:07,476 - ClasspathResourceLoader : initialization complete.
2011-08-24 00:25:07,486 - ResourceCache : initialized. (class org.apache.velocity.runtime.resource.ResourceCacheImpl)
2011-08-24 00:25:07,486 - Default ResourceManager initialization complete.
2011-08-24 00:25:07,486 - Loaded System Directive: org.apache.velocity.runtime.directive.Literal
2011-08-24 00:25:07,496 - Loaded System Directive: org.apache.velocity.runtime.directive.Macro
2011-08-24 00:25:07,506 - Loaded System Directive: org.apache.velocity.runtime.directive.Parse
2011-08-24 00:25:07,516 - Loaded System Directive: org.apache.velocity.runtime.directive.Include
2011-08-24 00:25:07,516 - Loaded System Directive: org.apache.velocity.runtime.directive.Foreach
2011-08-24 00:25:07,586 - Created: 20 parsers.
2011-08-24 00:25:07,616 - Velocimacro : initialization starting.
2011-08-24 00:25:07,616 - Velocimacro : adding VMs from VM library template : VM_global_library.vm
2011-08-24 00:25:07,636 - ResourceManager : unable to find resource 'VM_global_library.vm' in any resource loader.
2011-08-24 00:25:07,636 - Velocimacro : error using  VM library template VM_global_library.vm : org.apache.velocity.exception.ResourceNotFoundException: Unable to find resource 'VM_global_library.vm'
2011-08-24 00:25:07,636 - Velocimacro :  VM library template macro registration complete.
2011-08-24 00:25:07,636 - Velocimacro : allowInline = true : VMs can be defined inline in templates
2011-08-24 00:25:07,636 - Velocimacro : allowInlineToOverride = false : VMs defined inline may NOT replace previous VM definitions
2011-08-24 00:25:07,636 - Velocimacro : allowInlineLocal = false : VMs defined inline will be  global in scope if allowed.
2011-08-24 00:25:07,636 - Velocimacro : messages on  : VM system will output logging messages
2011-08-24 00:25:07,636 - Velocimacro : autoload off  : VM system will not automatically reload global library macros
2011-08-24 00:25:07,636 - Velocimacro : initialization complete.
2011-08-24 00:25:07,636 - Velocity successfully started.
2011-08-24 00:26:37,647 - SimpleLog4JLogSystem initialized using logfile 'velocity.log'
2011-08-24 00:26:37,647 - ************************************************************** 
2011-08-24 00:26:37,647 - Starting Jakarta Velocity v1.4
2011-08-24 00:26:37,647 - RuntimeInstance initializing.
2011-08-24 00:26:37,647 - Default Properties File: org\apache\velocity\runtime\defaults\velocity.properties
2011-08-24 00:26:37,647 - Trying to use logger class org.apache.velocity.runtime.log.SimpleLog4JLogSystem
2011-08-24 00:26:37,657 - Using logger class org.apache.velocity.runtime.log.SimpleLog4JLogSystem
2011-08-24 00:26:37,667 - Default ResourceManager initializing. (class org.apache.velocity.runtime.resource.ResourceManagerImpl)
2011-08-24 00:26:37,687 - Resource Loader Instantiated: org.apache.velocity.runtime.resource.loader.ClasspathResourceLoader
2011-08-24 00:26:37,697 - ClasspathResourceLoader : initialization starting.
2011-08-24 00:26:37,697 - ClasspathResourceLoader : initialization complete.
2011-08-24 00:26:37,707 - ResourceCache : initialized. (class org.apache.velocity.runtime.resource.ResourceCacheImpl)
2011-08-24 00:26:37,707 - Default ResourceManager initialization complete.
2011-08-24 00:26:37,717 - Loaded System Directive: org.apache.velocity.runtime.directive.Literal
2011-08-24 00:26:37,727 - Loaded System Directive: org.apache.velocity.runtime.directive.Macro
2011-08-24 00:26:37,747 - Loaded System Directive: org.apache.velocity.runtime.directive.Parse
2011-08-24 00:26:37,757 - Loaded System Directive: org.apache.velocity.runtime.directive.Include
2011-08-24 00:26:37,767 - Loaded System Directive: org.apache.velocity.runtime.directive.Foreach
2011-08-24 00:26:37,907 - Created: 20 parsers.
2011-08-24 00:26:37,967 - Velocimacro : initialization starting.
2011-08-24 00:26:37,967 - Velocimacro : adding VMs from VM library template : VM_global_library.vm
2011-08-24 00:26:37,997 - ResourceManager : unable to find resource 'VM_global_library.vm' in any resource loader.
2011-08-24 00:26:37,997 - Velocimacro : error using  VM library template VM_global_library.vm : org.apache.velocity.exception.ResourceNotFoundException: Unable to find resource 'VM_global_library.vm'
2011-08-24 00:26:37,997 - Velocimacro :  VM library template macro registration complete.
2011-08-24 00:26:37,997 - Velocimacro : allowInline = true : VMs can be defined inline in templates
2011-08-24 00:26:37,997 - Velocimacro : allowInlineToOverride = false : VMs defined inline may NOT replace previous VM definitions
2011-08-24 00:26:37,997 - Velocimacro : allowInlineLocal = false : VMs defined inline will be  global in scope if allowed.
2011-08-24 00:26:37,997 - Velocimacro : messages on  : VM system will output logging messages
2011-08-24 00:26:37,997 - Velocimacro : autoload off  : VM system will not automatically reload global library macros
2011-08-24 00:26:37,997 - Velocimacro : initialization complete.
2011-08-24 00:26:37,997 - Velocity successfully started.
2011-08-24 00:31:05,638 - SimpleLog4JLogSystem initialized using logfile 'velocity.log'
2011-08-24 00:31:05,638 - ************************************************************** 
2011-08-24 00:31:05,638 - Starting Jakarta Velocity v1.4
2011-08-24 00:31:05,638 - RuntimeInstance initializing.
2011-08-24 00:31:05,638 - Default Properties File: org\apache\velocity\runtime\defaults\velocity.properties
2011-08-24 00:31:05,638 - Trying to use logger class org.apache.velocity.runtime.log.SimpleLog4JLogSystem
2011-08-24 00:31:05,638 - Using logger class org.apache.velocity.runtime.log.SimpleLog4JLogSystem
2011-08-24 00:31:05,648 - Default ResourceManager initializing. (class org.apache.velocity.runtime.resource.ResourceManagerImpl)
2011-08-24 00:31:05,658 - Resource Loader Instantiated: org.apache.velocity.runtime.resource.loader.ClasspathResourceLoader
2011-08-24 00:31:05,658 - ClasspathResourceLoader : initialization starting.
2011-08-24 00:31:05,658 - ClasspathResourceLoader : initialization complete.
2011-08-24 00:31:05,668 - ResourceCache : initialized. (class org.apache.velocity.runtime.resource.ResourceCacheImpl)
2011-08-24 00:31:05,668 - Default ResourceManager initialization complete.
2011-08-24 00:31:05,668 - Loaded System Directive: org.apache.velocity.runtime.directive.Literal
2011-08-24 00:31:05,678 - Loaded System Directive: org.apache.velocity.runtime.directive.Macro
2011-08-24 00:31:05,688 - Loaded System Directive: org.apache.velocity.runtime.directive.Parse
2011-08-24 00:31:05,698 - Loaded System Directive: org.apache.velocity.runtime.directive.Include
2011-08-24 00:31:05,698 - Loaded System Directive: org.apache.velocity.runtime.directive.Foreach
2011-08-24 00:31:05,778 - Created: 20 parsers.
2011-08-24 00:31:05,808 - Velocimacro : initialization starting.
2011-08-24 00:31:05,808 - Velocimacro : adding VMs from VM library template : VM_global_library.vm
2011-08-24 00:31:05,828 - ResourceManager : unable to find resource 'VM_global_library.vm' in any resource loader.
2011-08-24 00:31:05,828 - Velocimacro : error using  VM library template VM_global_library.vm : org.apache.velocity.exception.ResourceNotFoundException: Unable to find resource 'VM_global_library.vm'
2011-08-24 00:31:05,828 - Velocimacro :  VM library template macro registration complete.
2011-08-24 00:31:05,828 - Velocimacro : allowInline = true : VMs can be defined inline in templates
2011-08-24 00:31:05,828 - Velocimacro : allowInlineToOverride = false : VMs defined inline may NOT replace previous VM definitions
2011-08-24 00:31:05,828 - Velocimacro : allowInlineLocal = false : VMs defined inline will be  global in scope if allowed.
2011-08-24 00:31:05,828 - Velocimacro : messages on  : VM system will output logging messages
2011-08-24 00:31:05,828 - Velocimacro : autoload off  : VM system will not automatically reload global library macros
2011-08-24 00:31:05,828 - Velocimacro : initialization complete.
2011-08-24 00:31:05,828 - Velocity successfully started.
2011-08-24 00:32:36,640 - SimpleLog4JLogSystem initialized using logfile 'velocity.log'
2011-08-24 00:32:36,640 - ************************************************************** 
2011-08-24 00:32:36,640 - Starting Jakarta Velocity v1.4
2011-08-24 00:32:36,640 - RuntimeInstance initializing.
2011-08-24 00:32:36,640 - Default Properties File: org\apache\velocity\runtime\defaults\velocity.properties
2011-08-24 00:32:36,640 - Trying to use logger class org.apache.velocity.runtime.log.SimpleLog4JLogSystem
2011-08-24 00:32:36,640 - Using logger class org.apache.velocity.runtime.log.SimpleLog4JLogSystem
2011-08-24 00:32:36,660 - Default ResourceManager initializing. (class org.apache.velocity.runtime.resource.ResourceManagerImpl)
2011-08-24 00:32:36,680 - Resource Loader Instantiated: org.apache.velocity.runtime.resource.loader.ClasspathResourceLoader
2011-08-24 00:32:36,680 - ClasspathResourceLoader : initialization starting.
2011-08-24 00:32:36,680 - ClasspathResourceLoader : initialization complete.
2011-08-24 00:32:36,690 - ResourceCache : initialized. (class org.apache.velocity.runtime.resource.ResourceCacheImpl)
2011-08-24 00:32:36,690 - Default ResourceManager initialization complete.
2011-08-24 00:32:36,700 - Loaded System Directive: org.apache.velocity.runtime.directive.Literal
2011-08-24 00:32:36,710 - Loaded System Directive: org.apache.velocity.runtime.directive.Macro
2011-08-24 00:32:36,730 - Loaded System Directive: org.apache.velocity.runtime.directive.Parse
2011-08-24 00:32:36,740 - Loaded System Directive: org.apache.velocity.runtime.directive.Include
2011-08-24 00:32:36,750 - Loaded System Directive: org.apache.velocity.runtime.directive.Foreach
2011-08-24 00:32:36,900 - Created: 20 parsers.
2011-08-24 00:32:36,950 - Velocimacro : initialization starting.
2011-08-24 00:32:36,950 - Velocimacro : adding VMs from VM library template : VM_global_library.vm
2011-08-24 00:32:36,980 - ResourceManager : unable to find resource 'VM_global_library.vm' in any resource loader.
2011-08-24 00:32:36,980 - Velocimacro : error using  VM library template VM_global_library.vm : org.apache.velocity.exception.ResourceNotFoundException: Unable to find resource 'VM_global_library.vm'
2011-08-24 00:32:36,980 - Velocimacro :  VM library template macro registration complete.
2011-08-24 00:32:36,980 - Velocimacro : allowInline = true : VMs can be defined inline in templates
2011-08-24 00:32:36,980 - Velocimacro : allowInlineToOverride = false : VMs defined inline may NOT replace previous VM definitions
2011-08-24 00:32:36,980 - Velocimacro : allowInlineLocal = false : VMs defined inline will be  global in scope if allowed.
2011-08-24 00:32:36,980 - Velocimacro : messages on  : VM system will output logging messages
2011-08-24 00:32:36,980 - Velocimacro : autoload off  : VM system will not automatically reload global library macros
2011-08-24 00:32:36,980 - Velocimacro : initialization complete.
2011-08-24 00:32:36,980 - Velocity successfully started.
2011-08-24 00:34:36,041 - SimpleLog4JLogSystem initialized using logfile 'velocity.log'
2011-08-24 00:34:36,041 - ************************************************************** 
2011-08-24 00:34:36,041 - Starting Jakarta Velocity v1.4
2011-08-24 00:34:36,041 - RuntimeInstance initializing.
2011-08-24 00:34:36,041 - Default Properties File: org\apache\velocity\runtime\defaults\velocity.properties
2011-08-24 00:34:36,041 - Trying to use logger class org.apache.velocity.runtime.log.SimpleLog4JLogSystem
2011-08-24 00:34:36,041 - Using logger class org.apache.velocity.runtime.log.SimpleLog4JLogSystem
2011-08-24 00:34:36,051 - Default ResourceManager initializing. (class org.apache.velocity.runtime.resource.ResourceManagerImpl)
2011-08-24 00:34:36,061 - Resource Loader Instantiated: org.apache.velocity.runtime.resource.loader.ClasspathResourceLoader
2011-08-24 00:34:36,061 - ClasspathResourceLoader : initialization starting.
2011-08-24 00:34:36,061 - ClasspathResourceLoader : initialization complete.
2011-08-24 00:34:36,071 - ResourceCache : initialized. (class org.apache.velocity.runtime.resource.ResourceCacheImpl)
2011-08-24 00:34:36,071 - Default ResourceManager initialization complete.
2011-08-24 00:34:36,071 - Loaded System Directive: org.apache.velocity.runtime.directive.Literal
2011-08-24 00:34:36,081 - Loaded System Directive: org.apache.velocity.runtime.directive.Macro
2011-08-24 00:34:36,091 - Loaded System Directive: org.apache.velocity.runtime.directive.Parse
2011-08-24 00:34:36,101 - Loaded System Directive: org.apache.velocity.runtime.directive.Include
2011-08-24 00:34:36,101 - Loaded System Directive: org.apache.velocity.runtime.directive.Foreach
2011-08-24 00:34:36,181 - Created: 20 parsers.
2011-08-24 00:34:36,211 - Velocimacro : initialization starting.
2011-08-24 00:34:36,211 - Velocimacro : adding VMs from VM library template : VM_global_library.vm
2011-08-24 00:34:36,221 - ResourceManager : unable to find resource 'VM_global_library.vm' in any resource loader.
2011-08-24 00:34:36,221 - Velocimacro : error using  VM library template VM_global_library.vm : org.apache.velocity.exception.ResourceNotFoundException: Unable to find resource 'VM_global_library.vm'
2011-08-24 00:34:36,221 - Velocimacro :  VM library template macro registration complete.
2011-08-24 00:34:36,221 - Velocimacro : allowInline = true : VMs can be defined inline in templates
2011-08-24 00:34:36,221 - Velocimacro : allowInlineToOverride = false : VMs defined inline may NOT replace previous VM definitions
2011-08-24 00:34:36,221 - Velocimacro : allowInlineLocal = false : VMs defined inline will be  global in scope if allowed.
2011-08-24 00:34:36,221 - Velocimacro : messages on  : VM system will output logging messages
2011-08-24 00:34:36,221 - Velocimacro : autoload off  : VM system will not automatically reload global library macros
2011-08-24 00:34:36,221 - Velocimacro : initialization complete.
2011-08-24 00:34:36,221 - Velocity successfully started.
2011-08-24 00:38:27,247 - SimpleLog4JLogSystem initialized using logfile 'velocity.log'
2011-08-24 00:38:27,247 - ************************************************************** 
2011-08-24 00:38:27,247 - Starting Jakarta Velocity v1.4
2011-08-24 00:38:27,247 - RuntimeInstance initializing.
2011-08-24 00:38:27,247 - Default Properties File: org\apache\velocity\runtime\defaults\velocity.properties
2011-08-24 00:38:27,247 - Trying to use logger class org.apache.velocity.runtime.log.SimpleLog4JLogSystem
2011-08-24 00:38:27,247 - Using logger class org.apache.velocity.runtime.log.SimpleLog4JLogSystem
2011-08-24 00:38:27,257 - Default ResourceManager initializing. (class org.apache.velocity.runtime.resource.ResourceManagerImpl)
2011-08-24 00:38:27,267 - Resource Loader Instantiated: org.apache.velocity.runtime.resource.loader.ClasspathResourceLoader
2011-08-24 00:38:27,267 - ClasspathResourceLoader : initialization starting.
2011-08-24 00:38:27,267 - ClasspathResourceLoader : initialization complete.
2011-08-24 00:38:27,277 - ResourceCache : initialized. (class org.apache.velocity.runtime.resource.ResourceCacheImpl)
2011-08-24 00:38:27,277 - Default ResourceManager initialization complete.
2011-08-24 00:38:27,277 - Loaded System Directive: org.apache.velocity.runtime.directive.Literal
2011-08-24 00:38:27,287 - Loaded System Directive: org.apache.velocity.runtime.directive.Macro
2011-08-24 00:38:27,297 - Loaded System Directive: org.apache.velocity.runtime.directive.Parse
2011-08-24 00:38:27,297 - Loaded System Directive: org.apache.velocity.runtime.directive.Include
2011-08-24 00:38:27,307 - Loaded System Directive: org.apache.velocity.runtime.directive.Foreach
2011-08-24 00:38:27,377 - Created: 20 parsers.
2011-08-24 00:38:27,407 - Velocimacro : initialization starting.
2011-08-24 00:38:27,407 - Velocimacro : adding VMs from VM library template : VM_global_library.vm
2011-08-24 00:38:27,417 - ResourceManager : unable to find resource 'VM_global_library.vm' in any resource loader.
2011-08-24 00:38:27,417 - Velocimacro : error using  VM library template VM_global_library.vm : org.apache.velocity.exception.ResourceNotFoundException: Unable to find resource 'VM_global_library.vm'
2011-08-24 00:38:27,417 - Velocimacro :  VM library template macro registration complete.
2011-08-24 00:38:27,417 - Velocimacro : allowInline = true : VMs can be defined inline in templates
2011-08-24 00:38:27,417 - Velocimacro : allowInlineToOverride = false : VMs defined inline may NOT replace previous VM definitions
2011-08-24 00:38:27,417 - Velocimacro : allowInlineLocal = false : VMs defined inline will be  global in scope if allowed.
2011-08-24 00:38:27,417 - Velocimacro : messages on  : VM system will output logging messages
2011-08-24 00:38:27,417 - Velocimacro : autoload off  : VM system will not automatically reload global library macros
2011-08-24 00:38:27,417 - Velocimacro : initialization complete.
2011-08-24 00:38:27,417 - Velocity successfully started.
2011-08-24 10:09:58,422 - SimpleLog4JLogSystem initialized using logfile 'velocity.log'
2011-08-24 10:09:58,422 - ************************************************************** 
2011-08-24 10:09:58,422 - Starting Jakarta Velocity v1.4
2011-08-24 10:09:58,422 - RuntimeInstance initializing.
2011-08-24 10:09:58,422 - Default Properties File: org\apache\velocity\runtime\defaults\velocity.properties
2011-08-24 10:09:58,422 - Trying to use logger class org.apache.velocity.runtime.log.SimpleLog4JLogSystem
2011-08-24 10:09:58,422 - Using logger class org.apache.velocity.runtime.log.SimpleLog4JLogSystem
2011-08-24 10:09:58,432 - Default ResourceManager initializing. (class org.apache.velocity.runtime.resource.ResourceManagerImpl)
2011-08-24 10:09:58,442 - Resource Loader Instantiated: org.apache.velocity.runtime.resource.loader.ClasspathResourceLoader
2011-08-24 10:09:58,442 - ClasspathResourceLoader : initialization starting.
2011-08-24 10:09:58,442 - ClasspathResourceLoader : initialization complete.
2011-08-24 10:09:58,452 - ResourceCache : initialized. (class org.apache.velocity.runtime.resource.ResourceCacheImpl)
2011-08-24 10:09:58,452 - Default ResourceManager initialization complete.
2011-08-24 10:09:58,452 - Loaded System Directive: org.apache.velocity.runtime.directive.Literal
2011-08-24 10:09:58,462 - Loaded System Directive: org.apache.velocity.runtime.directive.Macro
2011-08-24 10:09:58,472 - Loaded System Directive: org.apache.velocity.runtime.directive.Parse
2011-08-24 10:09:58,482 - Loaded System Directive: org.apache.velocity.runtime.directive.Include
2011-08-24 10:09:58,482 - Loaded System Directive: org.apache.velocity.runtime.directive.Foreach
2011-08-24 10:09:58,552 - Created: 20 parsers.
2011-08-24 10:09:58,582 - Velocimacro : initialization starting.
2011-08-24 10:09:58,582 - Velocimacro : adding VMs from VM library template : VM_global_library.vm
2011-08-24 10:09:58,602 - ResourceManager : unable to find resource 'VM_global_library.vm' in any resource loader.
2011-08-24 10:09:58,602 - Velocimacro : error using  VM library template VM_global_library.vm : org.apache.velocity.exception.ResourceNotFoundException: Unable to find resource 'VM_global_library.vm'
2011-08-24 10:09:58,602 - Velocimacro :  VM library template macro registration complete.
2011-08-24 10:09:58,602 - Velocimacro : allowInline = true : VMs can be defined inline in templates
2011-08-24 10:09:58,602 - Velocimacro : allowInlineToOverride = false : VMs defined inline may NOT replace previous VM definitions
2011-08-24 10:09:58,602 - Velocimacro : allowInlineLocal = false : VMs defined inline will be  global in scope if allowed.
2011-08-24 10:09:58,602 - Velocimacro : messages on  : VM system will output logging messages
2011-08-24 10:09:58,602 - Velocimacro : autoload off  : VM system will not automatically reload global library macros
2011-08-24 10:09:58,602 - Velocimacro : initialization complete.
2011-08-24 10:09:58,602 - Velocity successfully started.
2011-08-24 13:13:16,834 - SimpleLog4JLogSystem initialized using logfile 'velocity.log'
2011-08-24 13:13:16,834 - ************************************************************** 
2011-08-24 13:13:16,834 - Starting Jakarta Velocity v1.4
2011-08-24 13:13:16,834 - RuntimeInstance initializing.
2011-08-24 13:13:16,834 - Default Properties File: org\apache\velocity\runtime\defaults\velocity.properties
2011-08-24 13:13:16,834 - Trying to use logger class org.apache.velocity.runtime.log.SimpleLog4JLogSystem
2011-08-24 13:13:16,834 - Using logger class org.apache.velocity.runtime.log.SimpleLog4JLogSystem
2011-08-24 13:13:16,854 - Default ResourceManager initializing. (class org.apache.velocity.runtime.resource.ResourceManagerImpl)
2011-08-24 13:13:16,884 - Resource Loader Instantiated: org.apache.velocity.runtime.resource.loader.ClasspathResourceLoader
2011-08-24 13:13:16,894 - ClasspathResourceLoader : initialization starting.
2011-08-24 13:13:16,894 - ClasspathResourceLoader : initialization complete.
2011-08-24 13:13:16,904 - ResourceCache : initialized. (class org.apache.velocity.runtime.resource.ResourceCacheImpl)
2011-08-24 13:13:16,904 - Default ResourceManager initialization complete.
2011-08-24 13:13:16,924 - Loaded System Directive: org.apache.velocity.runtime.directive.Literal
2011-08-24 13:13:16,934 - Loaded System Directive: org.apache.velocity.runtime.directive.Macro
2011-08-24 13:13:16,964 - Loaded System Directive: org.apache.velocity.runtime.directive.Parse
2011-08-24 13:13:16,984 - Loaded System Directive: org.apache.velocity.runtime.directive.Include
2011-08-24 13:13:16,994 - Loaded System Directive: org.apache.velocity.runtime.directive.Foreach
2011-08-24 13:13:17,204 - Created: 20 parsers.
2011-08-24 13:13:17,284 - Velocimacro : initialization starting.
2011-08-24 13:13:17,284 - Velocimacro : adding VMs from VM library template : VM_global_library.vm
2011-08-24 13:13:17,324 - ResourceManager : unable to find resource 'VM_global_library.vm' in any resource loader.
2011-08-24 13:13:17,324 - Velocimacro : error using  VM library template VM_global_library.vm : org.apache.velocity.exception.ResourceNotFoundException: Unable to find resource 'VM_global_library.vm'
2011-08-24 13:13:17,324 - Velocimacro :  VM library template macro registration complete.
2011-08-24 13:13:17,324 - Velocimacro : allowInline = true : VMs can be defined inline in templates
2011-08-24 13:13:17,324 - Velocimacro : allowInlineToOverride = false : VMs defined inline may NOT replace previous VM definitions
2011-08-24 13:13:17,324 - Velocimacro : allowInlineLocal = false : VMs defined inline will be  global in scope if allowed.
2011-08-24 13:13:17,324 - Velocimacro : messages on  : VM system will output logging messages
2011-08-24 13:13:17,324 - Velocimacro : autoload off  : VM system will not automatically reload global library macros
2011-08-24 13:13:17,324 - Velocimacro : initialization complete.
2011-08-24 13:13:17,324 - Velocity successfully started.
2011-08-24 15:11:47,269 - SimpleLog4JLogSystem initialized using logfile 'velocity.log'
2011-08-24 15:11:47,309 - ************************************************************** 
2011-08-24 15:11:47,309 - Starting Jakarta Velocity v1.4
2011-08-24 15:11:47,309 - RuntimeInstance initializing.
2011-08-24 15:11:47,309 - Default Properties File: org\apache\velocity\runtime\defaults\velocity.properties
2011-08-24 15:11:47,309 - Trying to use logger class org.apache.velocity.runtime.log.SimpleLog4JLogSystem
2011-08-24 15:11:47,309 - Using logger class org.apache.velocity.runtime.log.SimpleLog4JLogSystem
2011-08-24 15:11:47,339 - Default ResourceManager initializing. (class org.apache.velocity.runtime.resource.ResourceManagerImpl)
2011-08-24 15:11:47,369 - Resource Loader Instantiated: org.apache.velocity.runtime.resource.loader.ClasspathResourceLoader
2011-08-24 15:11:47,369 - ClasspathResourceLoader : initialization starting.
2011-08-24 15:11:47,369 - ClasspathResourceLoader : initialization complete.
2011-08-24 15:11:47,389 - ResourceCache : initialized. (class org.apache.velocity.runtime.resource.ResourceCacheImpl)
2011-08-24 15:11:47,389 - Default ResourceManager initialization complete.
2011-08-24 15:11:47,409 - Loaded System Directive: org.apache.velocity.runtime.directive.Literal
2011-08-24 15:11:47,419 - Loaded System Directive: org.apache.velocity.runtime.directive.Macro
2011-08-24 15:11:47,449 - Loaded System Directive: org.apache.velocity.runtime.directive.Parse
2011-08-24 15:11:47,469 - Loaded System Directive: org.apache.velocity.runtime.directive.Include
2011-08-24 15:11:47,489 - Loaded System Directive: org.apache.velocity.runtime.directive.Foreach
2011-08-24 15:11:47,699 - Created: 20 parsers.
2011-08-24 15:11:47,779 - Velocimacro : initialization starting.
2011-08-24 15:11:47,779 - Velocimacro : adding VMs from VM library template : VM_global_library.vm
2011-08-24 15:11:47,819 - ResourceManager : unable to find resource 'VM_global_library.vm' in any resource loader.
2011-08-24 15:11:47,819 - Velocimacro : error using  VM library template VM_global_library.vm : org.apache.velocity.exception.ResourceNotFoundException: Unable to find resource 'VM_global_library.vm'
2011-08-24 15:11:47,819 - Velocimacro :  VM library template macro registration complete.
2011-08-24 15:11:47,819 - Velocimacro : allowInline = true : VMs can be defined inline in templates
2011-08-24 15:11:47,819 - Velocimacro : allowInlineToOverride = false : VMs defined inline may NOT replace previous VM definitions
2011-08-24 15:11:47,819 - Velocimacro : allowInlineLocal = false : VMs defined inline will be  global in scope if allowed.
2011-08-24 15:11:47,819 - Velocimacro : messages on  : VM system will output logging messages
2011-08-24 15:11:47,819 - Velocimacro : autoload off  : VM system will not automatically reload global library macros
2011-08-24 15:11:47,819 - Velocimacro : initialization complete.
2011-08-24 15:11:47,819 - Velocity successfully started.
2011-08-24 15:17:28,630 - SimpleLog4JLogSystem initialized using logfile 'velocity.log'
2011-08-24 15:17:28,630 - ************************************************************** 
2011-08-24 15:17:28,640 - Starting Jakarta Velocity v1.4
2011-08-24 15:17:28,640 - RuntimeInstance initializing.
2011-08-24 15:17:28,640 - Default Properties File: org\apache\velocity\runtime\defaults\velocity.properties
2011-08-24 15:17:28,640 - Trying to use logger class org.apache.velocity.runtime.log.SimpleLog4JLogSystem
2011-08-24 15:17:28,640 - Using logger class org.apache.velocity.runtime.log.SimpleLog4JLogSystem
2011-08-24 15:17:28,660 - Default ResourceManager initializing. (class org.apache.velocity.runtime.resource.ResourceManagerImpl)
2011-08-24 15:17:28,690 - Resource Loader Instantiated: org.apache.velocity.runtime.resource.loader.ClasspathResourceLoader
2011-08-24 15:17:28,690 - ClasspathResourceLoader : initialization starting.
2011-08-24 15:17:28,690 - ClasspathResourceLoader : initialization complete.
2011-08-24 15:17:28,710 - ResourceCache : initialized. (class org.apache.velocity.runtime.resource.ResourceCacheImpl)
2011-08-24 15:17:28,710 - Default ResourceManager initialization complete.
2011-08-24 15:17:28,730 - Loaded System Directive: org.apache.velocity.runtime.directive.Literal
2011-08-24 15:17:28,740 - Loaded System Directive: org.apache.velocity.runtime.directive.Macro
2011-08-24 15:17:28,770 - Loaded System Directive: org.apache.velocity.runtime.directive.Parse
2011-08-24 15:17:28,790 - Loaded System Directive: org.apache.velocity.runtime.directive.Include
2011-08-24 15:17:28,800 - Loaded System Directive: org.apache.velocity.runtime.directive.Foreach
2011-08-24 15:17:29,010 - Created: 20 parsers.
2011-08-24 15:17:29,120 - Velocimacro : initialization starting.
2011-08-24 15:17:29,120 - Velocimacro : adding VMs from VM library template : VM_global_library.vm
2011-08-24 15:17:29,170 - ResourceManager : unable to find resource 'VM_global_library.vm' in any resource loader.
2011-08-24 15:17:29,170 - Velocimacro : error using  VM library template VM_global_library.vm : org.apache.velocity.exception.ResourceNotFoundException: Unable to find resource 'VM_global_library.vm'
2011-08-24 15:17:29,170 - Velocimacro :  VM library template macro registration complete.
2011-08-24 15:17:29,170 - Velocimacro : allowInline = true : VMs can be defined inline in templates
2011-08-24 15:17:29,170 - Velocimacro : allowInlineToOverride = false : VMs defined inline may NOT replace previous VM definitions
2011-08-24 15:17:29,170 - Velocimacro : allowInlineLocal = false : VMs defined inline will be  global in scope if allowed.
2011-08-24 15:17:29,170 - Velocimacro : messages on  : VM system will output logging messages
2011-08-24 15:17:29,170 - Velocimacro : autoload off  : VM system will not automatically reload global library macros
2011-08-24 15:17:29,170 - Velocimacro : initialization complete.
2011-08-24 15:17:29,170 - Velocity successfully started.
2011-08-25 17:56:54,818 - SimpleLog4JLogSystem initialized using logfile 'velocity.log'
2011-08-25 17:56:54,948 - ************************************************************** 
2011-08-25 17:56:54,948 - Starting Jakarta Velocity v1.4
2011-08-25 17:56:54,948 - RuntimeInstance initializing.
2011-08-25 17:56:54,948 - Default Properties File: org\apache\velocity\runtime\defaults\velocity.properties
2011-08-25 17:56:54,948 - Trying to use logger class org.apache.velocity.runtime.log.SimpleLog4JLogSystem
2011-08-25 17:56:54,948 - Using logger class org.apache.velocity.runtime.log.SimpleLog4JLogSystem
2011-08-25 17:56:54,978 - Default ResourceManager initializing. (class org.apache.velocity.runtime.resource.ResourceManagerImpl)
2011-08-25 17:56:55,018 - Resource Loader Instantiated: org.apache.velocity.runtime.resource.loader.ClasspathResourceLoader
2011-08-25 17:56:55,018 - ClasspathResourceLoader : initialization starting.
2011-08-25 17:56:55,018 - ClasspathResourceLoader : initialization complete.
2011-08-25 17:56:55,028 - ResourceCache : initialized. (class org.apache.velocity.runtime.resource.ResourceCacheImpl)
2011-08-25 17:56:55,028 - Default ResourceManager initialization complete.
2011-08-25 17:56:55,048 - Loaded System Directive: org.apache.velocity.runtime.directive.Literal
2011-08-25 17:56:55,068 - Loaded System Directive: org.apache.velocity.runtime.directive.Macro
2011-08-25 17:56:55,098 - Loaded System Directive: org.apache.velocity.runtime.directive.Parse
2011-08-25 17:56:55,118 - Loaded System Directive: org.apache.velocity.runtime.directive.Include
2011-08-25 17:56:55,138 - Loaded System Directive: org.apache.velocity.runtime.directive.Foreach
2011-08-25 17:56:55,378 - Created: 20 parsers.
2011-08-25 17:56:55,478 - Velocimacro : initialization starting.
2011-08-25 17:56:55,478 - Velocimacro : adding VMs from VM library template : VM_global_library.vm
2011-08-25 17:56:55,508 - ResourceManager : unable to find resource 'VM_global_library.vm' in any resource loader.
2011-08-25 17:56:55,508 - Velocimacro : error using  VM library template VM_global_library.vm : org.apache.velocity.exception.ResourceNotFoundException: Unable to find resource 'VM_global_library.vm'
2011-08-25 17:56:55,508 - Velocimacro :  VM library template macro registration complete.
2011-08-25 17:56:55,508 - Velocimacro : allowInline = true : VMs can be defined inline in templates
2011-08-25 17:56:55,508 - Velocimacro : allowInlineToOverride = false : VMs defined inline may NOT replace previous VM definitions
2011-08-25 17:56:55,508 - Velocimacro : allowInlineLocal = false : VMs defined inline will be  global in scope if allowed.
2011-08-25 17:56:55,508 - Velocimacro : messages on  : VM system will output logging messages
2011-08-25 17:56:55,508 - Velocimacro : autoload off  : VM system will not automatically reload global library macros
2011-08-25 17:56:55,518 - Velocimacro : initialization complete.
2011-08-25 17:56:55,518 - Velocity successfully started.
2011-08-30 17:33:07,513 - SimpleLog4JLogSystem initialized using logfile 'velocity.log'
2011-08-30 17:33:07,632 - ************************************************************** 
2011-08-30 17:33:07,632 - Starting Jakarta Velocity v1.4
2011-08-30 17:33:07,632 - RuntimeInstance initializing.
2011-08-30 17:33:07,632 - Default Properties File: org\apache\velocity\runtime\defaults\velocity.properties
2011-08-30 17:33:07,633 - Trying to use logger class org.apache.velocity.runtime.log.SimpleLog4JLogSystem
2011-08-30 17:33:07,633 - Using logger class org.apache.velocity.runtime.log.SimpleLog4JLogSystem
2011-08-30 17:33:07,660 - Default ResourceManager initializing. (class org.apache.velocity.runtime.resource.ResourceManagerImpl)
2011-08-30 17:33:07,692 - Resource Loader Instantiated: org.apache.velocity.runtime.resource.loader.ClasspathResourceLoader
2011-08-30 17:33:07,693 - ClasspathResourceLoader : initialization starting.
2011-08-30 17:33:07,693 - ClasspathResourceLoader : initialization complete.
2011-08-30 17:33:07,710 - ResourceCache : initialized. (class org.apache.velocity.runtime.resource.ResourceCacheImpl)
2011-08-30 17:33:07,741 - Default ResourceManager initialization complete.
2011-08-30 17:33:07,767 - Loaded System Directive: org.apache.velocity.runtime.directive.Literal
2011-08-30 17:33:07,789 - Loaded System Directive: org.apache.velocity.runtime.directive.Macro
2011-08-30 17:33:07,828 - Loaded System Directive: org.apache.velocity.runtime.directive.Parse
2011-08-30 17:33:07,849 - Loaded System Directive: org.apache.velocity.runtime.directive.Include
2011-08-30 17:33:07,859 - Loaded System Directive: org.apache.velocity.runtime.directive.Foreach
2011-08-30 17:33:08,093 - Created: 20 parsers.
2011-08-30 17:33:08,186 - Velocimacro : initialization starting.
2011-08-30 17:33:08,186 - Velocimacro : adding VMs from VM library template : VM_global_library.vm
2011-08-30 17:33:08,223 - ResourceManager : unable to find resource 'VM_global_library.vm' in any resource loader.
2011-08-30 17:33:08,224 - Velocimacro : error using  VM library template VM_global_library.vm : org.apache.velocity.exception.ResourceNotFoundException: Unable to find resource 'VM_global_library.vm'
2011-08-30 17:33:08,224 - Velocimacro :  VM library template macro registration complete.
2011-08-30 17:33:08,224 - Velocimacro : allowInline = true : VMs can be defined inline in templates
2011-08-30 17:33:08,224 - Velocimacro : allowInlineToOverride = false : VMs defined inline may NOT replace previous VM definitions
2011-08-30 17:33:08,224 - Velocimacro : allowInlineLocal = false : VMs defined inline will be  global in scope if allowed.
2011-08-30 17:33:08,225 - Velocimacro : messages on  : VM system will output logging messages
2011-08-30 17:33:08,225 - Velocimacro : autoload off  : VM system will not automatically reload global library macros
2011-08-30 17:33:08,225 - Velocimacro : initialization complete.
2011-08-30 17:33:08,225 - Velocity successfully started.
2011-09-04 16:23:57,387 - SimpleLog4JLogSystem initialized using logfile 'velocity.log'
2011-09-04 16:23:57,437 - ************************************************************** 
2011-09-04 16:23:57,437 - Starting Jakarta Velocity v1.4
2011-09-04 16:23:57,437 - RuntimeInstance initializing.
2011-09-04 16:23:57,437 - Default Properties File: org\apache\velocity\runtime\defaults\velocity.properties
2011-09-04 16:23:57,437 - Trying to use logger class org.apache.velocity.runtime.log.SimpleLog4JLogSystem
2011-09-04 16:23:57,437 - Using logger class org.apache.velocity.runtime.log.SimpleLog4JLogSystem
2011-09-04 16:23:57,466 - Default ResourceManager initializing. (class org.apache.velocity.runtime.resource.ResourceManagerImpl)
2011-09-04 16:23:57,498 - Resource Loader Instantiated: org.apache.velocity.runtime.resource.loader.ClasspathResourceLoader
2011-09-04 16:23:57,499 - ClasspathResourceLoader : initialization starting.
2011-09-04 16:23:57,499 - ClasspathResourceLoader : initialization complete.
2011-09-04 16:23:57,516 - ResourceCache : initialized. (class org.apache.velocity.runtime.resource.ResourceCacheImpl)
2011-09-04 16:23:57,516 - Default ResourceManager initialization complete.
2011-09-04 16:23:57,534 - Loaded System Directive: org.apache.velocity.runtime.directive.Literal
2011-09-04 16:23:57,552 - Loaded System Directive: org.apache.velocity.runtime.directive.Macro
2011-09-04 16:23:57,585 - Loaded System Directive: org.apache.velocity.runtime.directive.Parse
2011-09-04 16:23:57,602 - Loaded System Directive: org.apache.velocity.runtime.directive.Include
2011-09-04 16:23:57,612 - Loaded System Directive: org.apache.velocity.runtime.directive.Foreach
2011-09-04 16:23:57,849 - Created: 20 parsers.
2011-09-04 16:23:57,957 - Velocimacro : initialization starting.
2011-09-04 16:23:57,958 - Velocimacro : adding VMs from VM library template : VM_global_library.vm
2011-09-04 16:23:58,005 - ResourceManager : unable to find resource 'VM_global_library.vm' in any resource loader.
2011-09-04 16:23:58,006 - Velocimacro : error using  VM library template VM_global_library.vm : org.apache.velocity.exception.ResourceNotFoundException: Unable to find resource 'VM_global_library.vm'
2011-09-04 16:23:58,006 - Velocimacro :  VM library template macro registration complete.
2011-09-04 16:23:58,009 - Velocimacro : allowInline = true : VMs can be defined inline in templates
2011-09-04 16:23:58,009 - Velocimacro : allowInlineToOverride = false : VMs defined inline may NOT replace previous VM definitions
2011-09-04 16:23:58,009 - Velocimacro : allowInlineLocal = false : VMs defined inline will be  global in scope if allowed.
2011-09-04 16:23:58,010 - Velocimacro : messages on  : VM system will output logging messages
2011-09-04 16:23:58,010 - Velocimacro : autoload off  : VM system will not automatically reload global library macros
2011-09-04 16:23:58,010 - Velocimacro : initialization complete.
2011-09-04 16:23:58,010 - Velocity successfully started.
2011-09-08 18:50:59,730 - SimpleLog4JLogSystem initialized using logfile 'velocity.log'
2011-09-08 18:50:59,780 - ************************************************************** 
2011-09-08 18:50:59,781 - Starting Jakarta Velocity v1.4
2011-09-08 18:50:59,781 - RuntimeInstance initializing.
2011-09-08 18:50:59,781 - Default Properties File: org\apache\velocity\runtime\defaults\velocity.properties
2011-09-08 18:50:59,781 - Trying to use logger class org.apache.velocity.runtime.log.SimpleLog4JLogSystem
2011-09-08 18:50:59,781 - Using logger class org.apache.velocity.runtime.log.SimpleLog4JLogSystem
2011-09-08 18:50:59,810 - Default ResourceManager initializing. (class org.apache.velocity.runtime.resource.ResourceManagerImpl)
2011-09-08 18:50:59,841 - Resource Loader Instantiated: org.apache.velocity.runtime.resource.loader.ClasspathResourceLoader
2011-09-08 18:50:59,842 - ClasspathResourceLoader : initialization starting.
2011-09-08 18:50:59,842 - ClasspathResourceLoader : initialization complete.
2011-09-08 18:50:59,858 - ResourceCache : initialized. (class org.apache.velocity.runtime.resource.ResourceCacheImpl)
2011-09-08 18:50:59,858 - Default ResourceManager initialization complete.
2011-09-08 18:50:59,875 - Loaded System Directive: org.apache.velocity.runtime.directive.Literal
2011-09-08 18:50:59,892 - Loaded System Directive: org.apache.velocity.runtime.directive.Macro
2011-09-08 18:50:59,923 - Loaded System Directive: org.apache.velocity.runtime.directive.Parse
2011-09-08 18:50:59,940 - Loaded System Directive: org.apache.velocity.runtime.directive.Include
2011-09-08 18:50:59,949 - Loaded System Directive: org.apache.velocity.runtime.directive.Foreach
2011-09-08 18:51:00,199 - Created: 20 parsers.
2011-09-08 18:51:00,292 - Velocimacro : initialization starting.
2011-09-08 18:51:00,293 - Velocimacro : adding VMs from VM library template : VM_global_library.vm
2011-09-08 18:51:00,331 - ResourceManager : unable to find resource 'VM_global_library.vm' in any resource loader.
2011-09-08 18:51:00,332 - Velocimacro : error using  VM library template VM_global_library.vm : org.apache.velocity.exception.ResourceNotFoundException: Unable to find resource 'VM_global_library.vm'
2011-09-08 18:51:00,332 - Velocimacro :  VM library template macro registration complete.
2011-09-08 18:51:00,332 - Velocimacro : allowInline = true : VMs can be defined inline in templates
2011-09-08 18:51:00,332 - Velocimacro : allowInlineToOverride = false : VMs defined inline may NOT replace previous VM definitions
2011-09-08 18:51:00,332 - Velocimacro : allowInlineLocal = false : VMs defined inline will be  global in scope if allowed.
2011-09-08 18:51:00,333 - Velocimacro : messages on  : VM system will output logging messages
2011-09-08 18:51:00,333 - Velocimacro : autoload off  : VM system will not automatically reload global library macros
2011-09-08 18:51:00,333 - Velocimacro : initialization complete.
2011-09-08 18:51:00,333 - Velocity successfully started.
2011-10-17 11:22:14,036 - SimpleLog4JLogSystem initialized using logfile 'velocity.log'
2011-10-17 11:22:14,036 - ************************************************************** 
2011-10-17 11:22:14,036 - Starting Jakarta Velocity v1.4
2011-10-17 11:22:14,036 - RuntimeInstance initializing.
2011-10-17 11:22:14,036 - Default Properties File: org/apache/velocity/runtime/defaults/velocity.properties
2011-10-17 11:22:14,036 - Trying to use logger class org.apache.velocity.runtime.log.SimpleLog4JLogSystem
2011-10-17 11:22:14,036 - Using logger class org.apache.velocity.runtime.log.SimpleLog4JLogSystem
2011-10-17 11:22:14,045 - Default ResourceManager initializing. (class org.apache.velocity.runtime.resource.ResourceManagerImpl)
2011-10-17 11:22:14,048 - Resource Loader Instantiated: org.apache.velocity.runtime.resource.loader.ClasspathResourceLoader
2011-10-17 11:22:14,048 - ClasspathResourceLoader : initialization starting.
2011-10-17 11:22:14,048 - ClasspathResourceLoader : initialization complete.
2011-10-17 11:22:14,050 - ResourceCache : initialized. (class org.apache.velocity.runtime.resource.ResourceCacheImpl)
2011-10-17 11:22:14,050 - Default ResourceManager initialization complete.
2011-10-17 11:22:14,051 - Loaded System Directive: org.apache.velocity.runtime.directive.Literal
2011-10-17 11:22:14,053 - Loaded System Directive: org.apache.velocity.runtime.directive.Macro
2011-10-17 11:22:14,056 - Loaded System Directive: org.apache.velocity.runtime.directive.Parse
2011-10-17 11:22:14,058 - Loaded System Directive: org.apache.velocity.runtime.directive.Include
2011-10-17 11:22:14,059 - Loaded System Directive: org.apache.velocity.runtime.directive.Foreach
2011-10-17 11:22:14,089 - Created: 20 parsers.
2011-10-17 11:22:14,096 - Velocimacro : initialization starting.
2011-10-17 11:22:14,096 - Velocimacro : adding VMs from VM library template : VM_global_library.vm
2011-10-17 11:22:14,101 - ResourceManager : unable to find resource 'VM_global_library.vm' in any resource loader.
2011-10-17 11:22:14,101 - Velocimacro : error using  VM library template VM_global_library.vm : org.apache.velocity.exception.ResourceNotFoundException: Unable to find resource 'VM_global_library.vm'
2011-10-17 11:22:14,101 - Velocimacro :  VM library template macro registration complete.
2011-10-17 11:22:14,101 - Velocimacro : allowInline = true : VMs can be defined inline in templates
2011-10-17 11:22:14,101 - Velocimacro : allowInlineToOverride = false : VMs defined inline may NOT replace previous VM definitions
2011-10-17 11:22:14,101 - Velocimacro : allowInlineLocal = false : VMs defined inline will be  global in scope if allowed.
2011-10-17 11:22:14,101 - Velocimacro : messages on  : VM system will output logging messages
2011-10-17 11:22:14,102 - Velocimacro : autoload off  : VM system will not automatically reload global library macros
2011-10-17 11:22:14,102 - Velocimacro : initialization complete.
2011-10-17 11:22:14,102 - Velocity successfully started.
2011-10-17 11:22:46,661 - SimpleLog4JLogSystem initialized using logfile 'velocity.log'
2011-10-17 11:22:46,661 - ************************************************************** 
2011-10-17 11:22:46,661 - Starting Jakarta Velocity v1.4
2011-10-17 11:22:46,661 - RuntimeInstance initializing.
2011-10-17 11:22:46,661 - Default Properties File: org/apache/velocity/runtime/defaults/velocity.properties
2011-10-17 11:22:46,661 - Trying to use logger class org.apache.velocity.runtime.log.SimpleLog4JLogSystem
2011-10-17 11:22:46,661 - Using logger class org.apache.velocity.runtime.log.SimpleLog4JLogSystem
2011-10-17 11:22:46,664 - Default ResourceManager initializing. (class org.apache.velocity.runtime.resource.ResourceManagerImpl)
2011-10-17 11:22:46,667 - Resource Loader Instantiated: org.apache.velocity.runtime.resource.loader.ClasspathResourceLoader
2011-10-17 11:22:46,667 - ClasspathResourceLoader : initialization starting.
2011-10-17 11:22:46,667 - ClasspathResourceLoader : initialization complete.
2011-10-17 11:22:46,668 - ResourceCache : initialized. (class org.apache.velocity.runtime.resource.ResourceCacheImpl)
2011-10-17 11:22:46,668 - Default ResourceManager initialization complete.
2011-10-17 11:22:46,672 - Loaded System Directive: org.apache.velocity.runtime.directive.Literal
2011-10-17 11:22:46,674 - Loaded System Directive: org.apache.velocity.runtime.directive.Macro
2011-10-17 11:22:46,676 - Loaded System Directive: org.apache.velocity.runtime.directive.Parse
2011-10-17 11:22:46,678 - Loaded System Directive: org.apache.velocity.runtime.directive.Include
2011-10-17 11:22:46,679 - Loaded System Directive: org.apache.velocity.runtime.directive.Foreach
2011-10-17 11:22:46,707 - Created: 20 parsers.
2011-10-17 11:22:46,715 - Velocimacro : initialization starting.
2011-10-17 11:22:46,715 - Velocimacro : adding VMs from VM library template : VM_global_library.vm
2011-10-17 11:22:46,719 - ResourceManager : unable to find resource 'VM_global_library.vm' in any resource loader.
2011-10-17 11:22:46,719 - Velocimacro : error using  VM library template VM_global_library.vm : org.apache.velocity.exception.ResourceNotFoundException: Unable to find resource 'VM_global_library.vm'
2011-10-17 11:22:46,720 - Velocimacro :  VM library template macro registration complete.
2011-10-17 11:22:46,720 - Velocimacro : allowInline = true : VMs can be defined inline in templates
2011-10-17 11:22:46,720 - Velocimacro : allowInlineToOverride = false : VMs defined inline may NOT replace previous VM definitions
2011-10-17 11:22:46,720 - Velocimacro : allowInlineLocal = false : VMs defined inline will be  global in scope if allowed.
2011-10-17 11:22:46,720 - Velocimacro : messages on  : VM system will output logging messages
2011-10-17 11:22:46,720 - Velocimacro : autoload off  : VM system will not automatically reload global library macros
2011-10-17 11:22:46,720 - Velocimacro : initialization complete.
2011-10-17 11:22:46,720 - Velocity successfully started.
