2011-08-12 18:14:48,715 - SimpleLog4JLogSystem initialized using logfile 'velocity.log'
2011-08-12 18:14:48,715 - ************************************************************** 
2011-08-12 18:14:48,715 - Starting Jakarta Velocity v1.4
2011-08-12 18:14:48,715 - RuntimeInstance initializing.
2011-08-12 18:14:48,715 - Default Properties File: org/apache/velocity/runtime/defaults/velocity.properties
2011-08-12 18:14:48,715 - Trying to use logger class org.apache.velocity.runtime.log.SimpleLog4JLogSystem
2011-08-12 18:14:48,715 - Using logger class org.apache.velocity.runtime.log.SimpleLog4JLogSystem
2011-08-12 18:14:48,719 - Default ResourceManager initializing. (class org.apache.velocity.runtime.resource.ResourceManagerImpl)
2011-08-12 18:14:48,728 - Resource Loader Instantiated: org.apache.velocity.runtime.resource.loader.ClasspathResourceLoader
2011-08-12 18:14:48,728 - ClasspathResourceLoader : initialization starting.
2011-08-12 18:14:48,728 - ClasspathResourceLoader : initialization complete.
2011-08-12 18:14:48,729 - ResourceCache : initialized. (class org.apache.velocity.runtime.resource.ResourceCacheImpl)
2011-08-12 18:14:48,729 - Default ResourceManager initialization complete.
2011-08-12 18:14:48,732 - Loaded System Directive: org.apache.velocity.runtime.directive.Literal
2011-08-12 18:14:48,734 - Loaded System Directive: org.apache.velocity.runtime.directive.Macro
2011-08-12 18:14:48,736 - Loaded System Directive: org.apache.velocity.runtime.directive.Parse
2011-08-12 18:14:48,739 - Loaded System Directive: org.apache.velocity.runtime.directive.Include
2011-08-12 18:14:48,740 - Loaded System Directive: org.apache.velocity.runtime.directive.Foreach
2011-08-12 18:14:48,774 - Created: 20 parsers.
2011-08-12 18:14:48,782 - Velocimacro : initialization starting.
2011-08-12 18:14:48,782 - Velocimacro : adding VMs from VM library template : VM_global_library.vm
2011-08-12 18:14:48,788 - ResourceManager : unable to find resource 'VM_global_library.vm' in any resource loader.
2011-08-12 18:14:48,788 - Velocimacro : error using  VM library template VM_global_library.vm : org.apache.velocity.exception.ResourceNotFoundException: Unable to find resource 'VM_global_library.vm'
2011-08-12 18:14:48,788 - Velocimacro :  VM library template macro registration complete.
2011-08-12 18:14:48,788 - Velocimacro : allowInline = true : VMs can be defined inline in templates
2011-08-12 18:14:48,788 - Velocimacro : allowInlineToOverride = false : VMs defined inline may NOT replace previous VM definitions
2011-08-12 18:14:48,789 - Velocimacro : allowInlineLocal = false : VMs defined inline will be  global in scope if allowed.
2011-08-12 18:14:48,789 - Velocimacro : messages on  : VM system will output logging messages
2011-08-12 18:14:48,789 - Velocimacro : autoload off  : VM system will not automatically reload global library macros
2011-08-12 18:14:48,789 - Velocimacro : initialization complete.
2011-08-12 18:14:48,789 - Velocity successfully started.
2011-08-12 18:16:11,796 - SimpleLog4JLogSystem initialized using logfile 'velocity.log'
2011-08-12 18:16:11,816 - ************************************************************** 
2011-08-12 18:16:11,816 - Starting Jakarta Velocity v1.4
2011-08-12 18:16:11,816 - RuntimeInstance initializing.
2011-08-12 18:16:11,816 - Default Properties File: org/apache/velocity/runtime/defaults/velocity.properties
2011-08-12 18:16:11,816 - Trying to use logger class org.apache.velocity.runtime.log.SimpleLog4JLogSystem
2011-08-12 18:16:11,816 - Using logger class org.apache.velocity.runtime.log.SimpleLog4JLogSystem
2011-08-12 18:16:11,820 - Default ResourceManager initializing. (class org.apache.velocity.runtime.resource.ResourceManagerImpl)
2011-08-12 18:16:11,847 - Resource Loader Instantiated: org.apache.velocity.runtime.resource.loader.ClasspathResourceLoader
2011-08-12 18:16:11,848 - ClasspathResourceLoader : initialization starting.
2011-08-12 18:16:11,848 - ClasspathResourceLoader : initialization complete.
2011-08-12 18:16:11,851 - ResourceCache : initialized. (class org.apache.velocity.runtime.resource.ResourceCacheImpl)
2011-08-12 18:16:11,851 - Default ResourceManager initialization complete.
2011-08-12 18:16:11,854 - Loaded System Directive: org.apache.velocity.runtime.directive.Literal
2011-08-12 18:16:11,861 - Loaded System Directive: org.apache.velocity.runtime.directive.Macro
2011-08-12 18:16:11,864 - Loaded System Directive: org.apache.velocity.runtime.directive.Parse
2011-08-12 18:16:11,866 - Loaded System Directive: org.apache.velocity.runtime.directive.Include
2011-08-12 18:16:11,867 - Loaded System Directive: org.apache.velocity.runtime.directive.Foreach
2011-08-12 18:16:11,900 - Created: 20 parsers.
2011-08-12 18:16:11,908 - Velocimacro : initialization starting.
2011-08-12 18:16:11,908 - Velocimacro : adding VMs from VM library template : VM_global_library.vm
2011-08-12 18:16:11,914 - ResourceManager : unable to find resource 'VM_global_library.vm' in any resource loader.
2011-08-12 18:16:11,914 - Velocimacro : error using  VM library template VM_global_library.vm : org.apache.velocity.exception.ResourceNotFoundException: Unable to find resource 'VM_global_library.vm'
2011-08-12 18:16:11,915 - Velocimacro :  VM library template macro registration complete.
2011-08-12 18:16:11,915 - Velocimacro : allowInline = true : VMs can be defined inline in templates
2011-08-12 18:16:11,915 - Velocimacro : allowInlineToOverride = false : VMs defined inline may NOT replace previous VM definitions
2011-08-12 18:16:11,915 - Velocimacro : allowInlineLocal = false : VMs defined inline will be  global in scope if allowed.
2011-08-12 18:16:11,915 - Velocimacro : messages on  : VM system will output logging messages
2011-08-12 18:16:11,915 - Velocimacro : autoload off  : VM system will not automatically reload global library macros
2011-08-12 18:16:11,915 - Velocimacro : initialization complete.
2011-08-12 18:16:11,915 - Velocity successfully started.
2011-08-12 18:18:14,826 - SimpleLog4JLogSystem initialized using logfile 'velocity.log'
2011-08-12 18:18:14,842 - ************************************************************** 
2011-08-12 18:18:14,843 - Starting Jakarta Velocity v1.4
2011-08-12 18:18:14,843 - RuntimeInstance initializing.
2011-08-12 18:18:14,843 - Default Properties File: org/apache/velocity/runtime/defaults/velocity.properties
2011-08-12 18:18:14,843 - Trying to use logger class org.apache.velocity.runtime.log.SimpleLog4JLogSystem
2011-08-12 18:18:14,843 - Using logger class org.apache.velocity.runtime.log.SimpleLog4JLogSystem
2011-08-12 18:18:14,846 - Default ResourceManager initializing. (class org.apache.velocity.runtime.resource.ResourceManagerImpl)
2011-08-12 18:18:14,870 - Resource Loader Instantiated: org.apache.velocity.runtime.resource.loader.ClasspathResourceLoader
2011-08-12 18:18:14,871 - ClasspathResourceLoader : initialization starting.
2011-08-12 18:18:14,871 - ClasspathResourceLoader : initialization complete.
2011-08-12 18:18:14,874 - ResourceCache : initialized. (class org.apache.velocity.runtime.resource.ResourceCacheImpl)
2011-08-12 18:18:14,874 - Default ResourceManager initialization complete.
2011-08-12 18:18:14,879 - Loaded System Directive: org.apache.velocity.runtime.directive.Literal
2011-08-12 18:18:14,882 - Loaded System Directive: org.apache.velocity.runtime.directive.Macro
2011-08-12 18:18:14,884 - Loaded System Directive: org.apache.velocity.runtime.directive.Parse
2011-08-12 18:18:14,886 - Loaded System Directive: org.apache.velocity.runtime.directive.Include
2011-08-12 18:18:14,887 - Loaded System Directive: org.apache.velocity.runtime.directive.Foreach
2011-08-12 18:18:14,920 - Created: 20 parsers.
2011-08-12 18:18:14,928 - Velocimacro : initialization starting.
2011-08-12 18:18:14,929 - Velocimacro : adding VMs from VM library template : VM_global_library.vm
2011-08-12 18:18:14,935 - ResourceManager : unable to find resource 'VM_global_library.vm' in any resource loader.
2011-08-12 18:18:14,935 - Velocimacro : error using  VM library template VM_global_library.vm : org.apache.velocity.exception.ResourceNotFoundException: Unable to find resource 'VM_global_library.vm'
2011-08-12 18:18:14,935 - Velocimacro :  VM library template macro registration complete.
2011-08-12 18:18:14,935 - Velocimacro : allowInline = true : VMs can be defined inline in templates
2011-08-12 18:18:14,935 - Velocimacro : allowInlineToOverride = false : VMs defined inline may NOT replace previous VM definitions
2011-08-12 18:18:14,935 - Velocimacro : allowInlineLocal = false : VMs defined inline will be  global in scope if allowed.
2011-08-12 18:18:14,935 - Velocimacro : messages on  : VM system will output logging messages
2011-08-12 18:18:14,935 - Velocimacro : autoload off  : VM system will not automatically reload global library macros
2011-08-12 18:18:14,935 - Velocimacro : initialization complete.
2011-08-12 18:18:14,935 - Velocity successfully started.
2011-08-12 18:33:23,737 - SimpleLog4JLogSystem initialized using logfile 'velocity.log'
2011-08-12 18:33:23,749 - ************************************************************** 
2011-08-12 18:33:23,749 - Starting Jakarta Velocity v1.4
2011-08-12 18:33:23,749 - RuntimeInstance initializing.
2011-08-12 18:33:23,749 - Default Properties File: org/apache/velocity/runtime/defaults/velocity.properties
2011-08-12 18:33:23,749 - Trying to use logger class org.apache.velocity.runtime.log.SimpleLog4JLogSystem
2011-08-12 18:33:23,749 - Using logger class org.apache.velocity.runtime.log.SimpleLog4JLogSystem
2011-08-12 18:33:23,753 - Default ResourceManager initializing. (class org.apache.velocity.runtime.resource.ResourceManagerImpl)
2011-08-12 18:33:23,777 - Resource Loader Instantiated: org.apache.velocity.runtime.resource.loader.ClasspathResourceLoader
2011-08-12 18:33:23,777 - ClasspathResourceLoader : initialization starting.
2011-08-12 18:33:23,778 - ClasspathResourceLoader : initialization complete.
2011-08-12 18:33:23,781 - ResourceCache : initialized. (class org.apache.velocity.runtime.resource.ResourceCacheImpl)
2011-08-12 18:33:23,781 - Default ResourceManager initialization complete.
2011-08-12 18:33:23,787 - Loaded System Directive: org.apache.velocity.runtime.directive.Literal
2011-08-12 18:33:23,790 - Loaded System Directive: org.apache.velocity.runtime.directive.Macro
2011-08-12 18:33:23,794 - Loaded System Directive: org.apache.velocity.runtime.directive.Parse
2011-08-12 18:33:23,796 - Loaded System Directive: org.apache.velocity.runtime.directive.Include
2011-08-12 18:33:23,797 - Loaded System Directive: org.apache.velocity.runtime.directive.Foreach
2011-08-12 18:33:23,830 - Created: 20 parsers.
2011-08-12 18:33:23,838 - Velocimacro : initialization starting.
2011-08-12 18:33:23,838 - Velocimacro : adding VMs from VM library template : VM_global_library.vm
2011-08-12 18:33:23,844 - ResourceManager : unable to find resource 'VM_global_library.vm' in any resource loader.
2011-08-12 18:33:23,844 - Velocimacro : error using  VM library template VM_global_library.vm : org.apache.velocity.exception.ResourceNotFoundException: Unable to find resource 'VM_global_library.vm'
2011-08-12 18:33:23,844 - Velocimacro :  VM library template macro registration complete.
2011-08-12 18:33:23,844 - Velocimacro : allowInline = true : VMs can be defined inline in templates
2011-08-12 18:33:23,844 - Velocimacro : allowInlineToOverride = false : VMs defined inline may NOT replace previous VM definitions
2011-08-12 18:33:23,844 - Velocimacro : allowInlineLocal = false : VMs defined inline will be  global in scope if allowed.
2011-08-12 18:33:23,844 - Velocimacro : messages on  : VM system will output logging messages
2011-08-12 18:33:23,844 - Velocimacro : autoload off  : VM system will not automatically reload global library macros
2011-08-12 18:33:23,844 - Velocimacro : initialization complete.
2011-08-12 18:33:23,844 - Velocity successfully started.
2011-08-12 18:50:58,977 - SimpleLog4JLogSystem initialized using logfile 'velocity.log'
2011-08-12 18:50:58,993 - ************************************************************** 
2011-08-12 18:50:58,994 - Starting Jakarta Velocity v1.4
2011-08-12 18:50:58,994 - RuntimeInstance initializing.
2011-08-12 18:50:58,994 - Default Properties File: org/apache/velocity/runtime/defaults/velocity.properties
2011-08-12 18:50:58,994 - Trying to use logger class org.apache.velocity.runtime.log.SimpleLog4JLogSystem
2011-08-12 18:50:58,994 - Using logger class org.apache.velocity.runtime.log.SimpleLog4JLogSystem
2011-08-12 18:50:59,000 - Default ResourceManager initializing. (class org.apache.velocity.runtime.resource.ResourceManagerImpl)
2011-08-12 18:50:59,021 - Resource Loader Instantiated: org.apache.velocity.runtime.resource.loader.ClasspathResourceLoader
2011-08-12 18:50:59,022 - ClasspathResourceLoader : initialization starting.
2011-08-12 18:50:59,022 - ClasspathResourceLoader : initialization complete.
2011-08-12 18:50:59,025 - ResourceCache : initialized. (class org.apache.velocity.runtime.resource.ResourceCacheImpl)
2011-08-12 18:50:59,025 - Default ResourceManager initialization complete.
2011-08-12 18:50:59,028 - Loaded System Directive: org.apache.velocity.runtime.directive.Literal
2011-08-12 18:50:59,031 - Loaded System Directive: org.apache.velocity.runtime.directive.Macro
2011-08-12 18:50:59,038 - Loaded System Directive: org.apache.velocity.runtime.directive.Parse
2011-08-12 18:50:59,040 - Loaded System Directive: org.apache.velocity.runtime.directive.Include
2011-08-12 18:50:59,041 - Loaded System Directive: org.apache.velocity.runtime.directive.Foreach
2011-08-12 18:50:59,073 - Created: 20 parsers.
2011-08-12 18:50:59,082 - Velocimacro : initialization starting.
2011-08-12 18:50:59,082 - Velocimacro : adding VMs from VM library template : VM_global_library.vm
2011-08-12 18:50:59,088 - ResourceManager : unable to find resource 'VM_global_library.vm' in any resource loader.
2011-08-12 18:50:59,088 - Velocimacro : error using  VM library template VM_global_library.vm : org.apache.velocity.exception.ResourceNotFoundException: Unable to find resource 'VM_global_library.vm'
2011-08-12 18:50:59,088 - Velocimacro :  VM library template macro registration complete.
2011-08-12 18:50:59,088 - Velocimacro : allowInline = true : VMs can be defined inline in templates
2011-08-12 18:50:59,088 - Velocimacro : allowInlineToOverride = false : VMs defined inline may NOT replace previous VM definitions
2011-08-12 18:50:59,088 - Velocimacro : allowInlineLocal = false : VMs defined inline will be  global in scope if allowed.
2011-08-12 18:50:59,088 - Velocimacro : messages on  : VM system will output logging messages
2011-08-12 18:50:59,088 - Velocimacro : autoload off  : VM system will not automatically reload global library macros
2011-08-12 18:50:59,088 - Velocimacro : initialization complete.
2011-08-12 18:50:59,088 - Velocity successfully started.
2011-08-12 18:52:36,124 - SimpleLog4JLogSystem initialized using logfile 'velocity.log'
2011-08-12 18:52:36,124 - ************************************************************** 
2011-08-12 18:52:36,124 - Starting Jakarta Velocity v1.4
2011-08-12 18:52:36,124 - RuntimeInstance initializing.
2011-08-12 18:52:36,124 - Default Properties File: org/apache/velocity/runtime/defaults/velocity.properties
2011-08-12 18:52:36,124 - Trying to use logger class org.apache.velocity.runtime.log.SimpleLog4JLogSystem
2011-08-12 18:52:36,124 - Using logger class org.apache.velocity.runtime.log.SimpleLog4JLogSystem
2011-08-12 18:52:36,128 - Default ResourceManager initializing. (class org.apache.velocity.runtime.resource.ResourceManagerImpl)
2011-08-12 18:52:36,132 - Resource Loader Instantiated: org.apache.velocity.runtime.resource.loader.ClasspathResourceLoader
2011-08-12 18:52:36,132 - ClasspathResourceLoader : initialization starting.
2011-08-12 18:52:36,132 - ClasspathResourceLoader : initialization complete.
2011-08-12 18:52:36,134 - ResourceCache : initialized. (class org.apache.velocity.runtime.resource.ResourceCacheImpl)
2011-08-12 18:52:36,134 - Default ResourceManager initialization complete.
2011-08-12 18:52:36,135 - Loaded System Directive: org.apache.velocity.runtime.directive.Literal
2011-08-12 18:52:36,141 - Loaded System Directive: org.apache.velocity.runtime.directive.Macro
2011-08-12 18:52:36,144 - Loaded System Directive: org.apache.velocity.runtime.directive.Parse
2011-08-12 18:52:36,146 - Loaded System Directive: org.apache.velocity.runtime.directive.Include
2011-08-12 18:52:36,147 - Loaded System Directive: org.apache.velocity.runtime.directive.Foreach
2011-08-12 18:52:36,180 - Created: 20 parsers.
2011-08-12 18:52:36,188 - Velocimacro : initialization starting.
2011-08-12 18:52:36,188 - Velocimacro : adding VMs from VM library template : VM_global_library.vm
2011-08-12 18:52:36,194 - ResourceManager : unable to find resource 'VM_global_library.vm' in any resource loader.
2011-08-12 18:52:36,194 - Velocimacro : error using  VM library template VM_global_library.vm : org.apache.velocity.exception.ResourceNotFoundException: Unable to find resource 'VM_global_library.vm'
2011-08-12 18:52:36,195 - Velocimacro :  VM library template macro registration complete.
2011-08-12 18:52:36,195 - Velocimacro : allowInline = true : VMs can be defined inline in templates
2011-08-12 18:52:36,195 - Velocimacro : allowInlineToOverride = false : VMs defined inline may NOT replace previous VM definitions
2011-08-12 18:52:36,195 - Velocimacro : allowInlineLocal = false : VMs defined inline will be  global in scope if allowed.
2011-08-12 18:52:36,195 - Velocimacro : messages on  : VM system will output logging messages
2011-08-12 18:52:36,195 - Velocimacro : autoload off  : VM system will not automatically reload global library macros
2011-08-12 18:52:36,195 - Velocimacro : initialization complete.
2011-08-12 18:52:36,195 - Velocity successfully started.
2011-08-12 19:01:25,024 - SimpleLog4JLogSystem initialized using logfile 'velocity.log'
2011-08-12 19:01:25,024 - ************************************************************** 
2011-08-12 19:01:25,025 - Starting Jakarta Velocity v1.4
2011-08-12 19:01:25,025 - RuntimeInstance initializing.
2011-08-12 19:01:25,025 - Default Properties File: org/apache/velocity/runtime/defaults/velocity.properties
2011-08-12 19:01:25,025 - Trying to use logger class org.apache.velocity.runtime.log.SimpleLog4JLogSystem
2011-08-12 19:01:25,025 - Using logger class org.apache.velocity.runtime.log.SimpleLog4JLogSystem
2011-08-12 19:01:25,028 - Default ResourceManager initializing. (class org.apache.velocity.runtime.resource.ResourceManagerImpl)
2011-08-12 19:01:25,032 - Resource Loader Instantiated: org.apache.velocity.runtime.resource.loader.ClasspathResourceLoader
2011-08-12 19:01:25,032 - ClasspathResourceLoader : initialization starting.
2011-08-12 19:01:25,032 - ClasspathResourceLoader : initialization complete.
2011-08-12 19:01:25,034 - ResourceCache : initialized. (class org.apache.velocity.runtime.resource.ResourceCacheImpl)
2011-08-12 19:01:25,034 - Default ResourceManager initialization complete.
2011-08-12 19:01:25,041 - Loaded System Directive: org.apache.velocity.runtime.directive.Literal
2011-08-12 19:01:25,043 - Loaded System Directive: org.apache.velocity.runtime.directive.Macro
2011-08-12 19:01:25,046 - Loaded System Directive: org.apache.velocity.runtime.directive.Parse
2011-08-12 19:01:25,048 - Loaded System Directive: org.apache.velocity.runtime.directive.Include
2011-08-12 19:01:25,049 - Loaded System Directive: org.apache.velocity.runtime.directive.Foreach
2011-08-12 19:01:25,081 - Created: 20 parsers.
2011-08-12 19:01:25,089 - Velocimacro : initialization starting.
2011-08-12 19:01:25,089 - Velocimacro : adding VMs from VM library template : VM_global_library.vm
2011-08-12 19:01:25,095 - ResourceManager : unable to find resource 'VM_global_library.vm' in any resource loader.
2011-08-12 19:01:25,095 - Velocimacro : error using  VM library template VM_global_library.vm : org.apache.velocity.exception.ResourceNotFoundException: Unable to find resource 'VM_global_library.vm'
2011-08-12 19:01:25,095 - Velocimacro :  VM library template macro registration complete.
2011-08-12 19:01:25,096 - Velocimacro : allowInline = true : VMs can be defined inline in templates
2011-08-12 19:01:25,096 - Velocimacro : allowInlineToOverride = false : VMs defined inline may NOT replace previous VM definitions
2011-08-12 19:01:25,096 - Velocimacro : allowInlineLocal = false : VMs defined inline will be  global in scope if allowed.
2011-08-12 19:01:25,096 - Velocimacro : messages on  : VM system will output logging messages
2011-08-12 19:01:25,096 - Velocimacro : autoload off  : VM system will not automatically reload global library macros
2011-08-12 19:01:25,096 - Velocimacro : initialization complete.
2011-08-12 19:01:25,096 - Velocity successfully started.
2011-08-12 19:02:22,864 - SimpleLog4JLogSystem initialized using logfile 'velocity.log'
2011-08-12 19:02:22,865 - ************************************************************** 
2011-08-12 19:02:22,865 - Starting Jakarta Velocity v1.4
2011-08-12 19:02:22,865 - RuntimeInstance initializing.
2011-08-12 19:02:22,865 - Default Properties File: org/apache/velocity/runtime/defaults/velocity.properties
2011-08-12 19:02:22,865 - Trying to use logger class org.apache.velocity.runtime.log.SimpleLog4JLogSystem
2011-08-12 19:02:22,865 - Using logger class org.apache.velocity.runtime.log.SimpleLog4JLogSystem
2011-08-12 19:02:22,870 - Default ResourceManager initializing. (class org.apache.velocity.runtime.resource.ResourceManagerImpl)
2011-08-12 19:02:22,873 - Resource Loader Instantiated: org.apache.velocity.runtime.resource.loader.ClasspathResourceLoader
2011-08-12 19:02:22,873 - ClasspathResourceLoader : initialization starting.
2011-08-12 19:02:22,873 - ClasspathResourceLoader : initialization complete.
2011-08-12 19:02:22,875 - ResourceCache : initialized. (class org.apache.velocity.runtime.resource.ResourceCacheImpl)
2011-08-12 19:02:22,875 - Default ResourceManager initialization complete.
2011-08-12 19:02:22,877 - Loaded System Directive: org.apache.velocity.runtime.directive.Literal
2011-08-12 19:02:22,882 - Loaded System Directive: org.apache.velocity.runtime.directive.Macro
2011-08-12 19:02:22,886 - Loaded System Directive: org.apache.velocity.runtime.directive.Parse
2011-08-12 19:02:22,888 - Loaded System Directive: org.apache.velocity.runtime.directive.Include
2011-08-12 19:02:22,889 - Loaded System Directive: org.apache.velocity.runtime.directive.Foreach
2011-08-12 19:02:22,921 - Created: 20 parsers.
2011-08-12 19:02:22,929 - Velocimacro : initialization starting.
2011-08-12 19:02:22,929 - Velocimacro : adding VMs from VM library template : VM_global_library.vm
2011-08-12 19:02:22,935 - ResourceManager : unable to find resource 'VM_global_library.vm' in any resource loader.
2011-08-12 19:02:22,935 - Velocimacro : error using  VM library template VM_global_library.vm : org.apache.velocity.exception.ResourceNotFoundException: Unable to find resource 'VM_global_library.vm'
2011-08-12 19:02:22,935 - Velocimacro :  VM library template macro registration complete.
2011-08-12 19:02:22,935 - Velocimacro : allowInline = true : VMs can be defined inline in templates
2011-08-12 19:02:22,935 - Velocimacro : allowInlineToOverride = false : VMs defined inline may NOT replace previous VM definitions
2011-08-12 19:02:22,935 - Velocimacro : allowInlineLocal = false : VMs defined inline will be  global in scope if allowed.
2011-08-12 19:02:22,935 - Velocimacro : messages on  : VM system will output logging messages
2011-08-12 19:02:22,935 - Velocimacro : autoload off  : VM system will not automatically reload global library macros
2011-08-12 19:02:22,935 - Velocimacro : initialization complete.
2011-08-12 19:02:22,935 - Velocity successfully started.
2011-08-12 19:05:00,453 - SimpleLog4JLogSystem initialized using logfile 'velocity.log'
2011-08-12 19:05:00,465 - ************************************************************** 
2011-08-12 19:05:00,465 - Starting Jakarta Velocity v1.4
2011-08-12 19:05:00,465 - RuntimeInstance initializing.
2011-08-12 19:05:00,465 - Default Properties File: org/apache/velocity/runtime/defaults/velocity.properties
2011-08-12 19:05:00,465 - Trying to use logger class org.apache.velocity.runtime.log.SimpleLog4JLogSystem
2011-08-12 19:05:00,465 - Using logger class org.apache.velocity.runtime.log.SimpleLog4JLogSystem
2011-08-12 19:05:00,469 - Default ResourceManager initializing. (class org.apache.velocity.runtime.resource.ResourceManagerImpl)
2011-08-12 19:05:00,471 - Resource Loader Instantiated: org.apache.velocity.runtime.resource.loader.ClasspathResourceLoader
2011-08-12 19:05:00,472 - ClasspathResourceLoader : initialization starting.
2011-08-12 19:05:00,472 - ClasspathResourceLoader : initialization complete.
2011-08-12 19:05:00,473 - ResourceCache : initialized. (class org.apache.velocity.runtime.resource.ResourceCacheImpl)
2011-08-12 19:05:00,473 - Default ResourceManager initialization complete.
2011-08-12 19:05:00,478 - Loaded System Directive: org.apache.velocity.runtime.directive.Literal
2011-08-12 19:05:00,480 - Loaded System Directive: org.apache.velocity.runtime.directive.Macro
2011-08-12 19:05:00,482 - Loaded System Directive: org.apache.velocity.runtime.directive.Parse
2011-08-12 19:05:00,484 - Loaded System Directive: org.apache.velocity.runtime.directive.Include
2011-08-12 19:05:00,485 - Loaded System Directive: org.apache.velocity.runtime.directive.Foreach
2011-08-12 19:05:00,518 - Created: 20 parsers.
2011-08-12 19:05:00,526 - Velocimacro : initialization starting.
2011-08-12 19:05:00,526 - Velocimacro : adding VMs from VM library template : VM_global_library.vm
2011-08-12 19:05:00,532 - ResourceManager : unable to find resource 'VM_global_library.vm' in any resource loader.
2011-08-12 19:05:00,532 - Velocimacro : error using  VM library template VM_global_library.vm : org.apache.velocity.exception.ResourceNotFoundException: Unable to find resource 'VM_global_library.vm'
2011-08-12 19:05:00,532 - Velocimacro :  VM library template macro registration complete.
2011-08-12 19:05:00,532 - Velocimacro : allowInline = true : VMs can be defined inline in templates
2011-08-12 19:05:00,533 - Velocimacro : allowInlineToOverride = false : VMs defined inline may NOT replace previous VM definitions
2011-08-12 19:05:00,533 - Velocimacro : allowInlineLocal = false : VMs defined inline will be  global in scope if allowed.
2011-08-12 19:05:00,533 - Velocimacro : messages on  : VM system will output logging messages
2011-08-12 19:05:00,533 - Velocimacro : autoload off  : VM system will not automatically reload global library macros
2011-08-12 19:05:00,533 - Velocimacro : initialization complete.
2011-08-12 19:05:00,533 - Velocity successfully started.
2011-08-19 17:33:55,651 - SimpleLog4JLogSystem initialized using logfile 'velocity.log'
2011-08-19 17:33:55,673 - ************************************************************** 
2011-08-19 17:33:55,673 - Starting Jakarta Velocity v1.4
2011-08-19 17:33:55,673 - RuntimeInstance initializing.
2011-08-19 17:33:55,673 - Default Properties File: org/apache/velocity/runtime/defaults/velocity.properties
2011-08-19 17:33:55,673 - Trying to use logger class org.apache.velocity.runtime.log.SimpleLog4JLogSystem
2011-08-19 17:33:55,674 - Using logger class org.apache.velocity.runtime.log.SimpleLog4JLogSystem
2011-08-19 17:33:55,677 - Default ResourceManager initializing. (class org.apache.velocity.runtime.resource.ResourceManagerImpl)
2011-08-19 17:33:55,681 - Resource Loader Instantiated: org.apache.velocity.runtime.resource.loader.ClasspathResourceLoader
2011-08-19 17:33:55,681 - ClasspathResourceLoader : initialization starting.
2011-08-19 17:33:55,681 - ClasspathResourceLoader : initialization complete.
2011-08-19 17:33:55,683 - ResourceCache : initialized. (class org.apache.velocity.runtime.resource.ResourceCacheImpl)
2011-08-19 17:33:55,683 - Default ResourceManager initialization complete.
2011-08-19 17:33:55,685 - Loaded System Directive: org.apache.velocity.runtime.directive.Literal
2011-08-19 17:33:55,687 - Loaded System Directive: org.apache.velocity.runtime.directive.Macro
2011-08-19 17:33:55,690 - Loaded System Directive: org.apache.velocity.runtime.directive.Parse
2011-08-19 17:33:55,692 - Loaded System Directive: org.apache.velocity.runtime.directive.Include
2011-08-19 17:33:55,693 - Loaded System Directive: org.apache.velocity.runtime.directive.Foreach
2011-08-19 17:33:55,733 - Created: 20 parsers.
2011-08-19 17:33:55,741 - Velocimacro : initialization starting.
2011-08-19 17:33:55,741 - Velocimacro : adding VMs from VM library template : VM_global_library.vm
2011-08-19 17:33:55,747 - ResourceManager : unable to find resource 'VM_global_library.vm' in any resource loader.
2011-08-19 17:33:55,747 - Velocimacro : error using  VM library template VM_global_library.vm : org.apache.velocity.exception.ResourceNotFoundException: Unable to find resource 'VM_global_library.vm'
2011-08-19 17:33:55,747 - Velocimacro :  VM library template macro registration complete.
2011-08-19 17:33:55,747 - Velocimacro : allowInline = true : VMs can be defined inline in templates
2011-08-19 17:33:55,747 - Velocimacro : allowInlineToOverride = false : VMs defined inline may NOT replace previous VM definitions
2011-08-19 17:33:55,747 - Velocimacro : allowInlineLocal = false : VMs defined inline will be  global in scope if allowed.
2011-08-19 17:33:55,747 - Velocimacro : messages on  : VM system will output logging messages
2011-08-19 17:33:55,747 - Velocimacro : autoload off  : VM system will not automatically reload global library macros
2011-08-19 17:33:55,747 - Velocimacro : initialization complete.
2011-08-19 17:33:55,747 - Velocity successfully started.
2011-08-19 17:37:19,529 - SimpleLog4JLogSystem initialized using logfile 'velocity.log'
2011-08-19 17:37:19,552 - ************************************************************** 
2011-08-19 17:37:19,552 - Starting Jakarta Velocity v1.4
2011-08-19 17:37:19,552 - RuntimeInstance initializing.
2011-08-19 17:37:19,552 - Default Properties File: org/apache/velocity/runtime/defaults/velocity.properties
2011-08-19 17:37:19,552 - Trying to use logger class org.apache.velocity.runtime.log.SimpleLog4JLogSystem
2011-08-19 17:37:19,552 - Using logger class org.apache.velocity.runtime.log.SimpleLog4JLogSystem
2011-08-19 17:37:19,559 - Default ResourceManager initializing. (class org.apache.velocity.runtime.resource.ResourceManagerImpl)
2011-08-19 17:37:19,567 - Resource Loader Instantiated: org.apache.velocity.runtime.resource.loader.ClasspathResourceLoader
2011-08-19 17:37:19,567 - ClasspathResourceLoader : initialization starting.
2011-08-19 17:37:19,567 - ClasspathResourceLoader : initialization complete.
2011-08-19 17:37:19,569 - ResourceCache : initialized. (class org.apache.velocity.runtime.resource.ResourceCacheImpl)
2011-08-19 17:37:19,569 - Default ResourceManager initialization complete.
2011-08-19 17:37:19,571 - Loaded System Directive: org.apache.velocity.runtime.directive.Literal
2011-08-19 17:37:19,573 - Loaded System Directive: org.apache.velocity.runtime.directive.Macro
2011-08-19 17:37:19,576 - Loaded System Directive: org.apache.velocity.runtime.directive.Parse
2011-08-19 17:37:19,578 - Loaded System Directive: org.apache.velocity.runtime.directive.Include
2011-08-19 17:37:19,579 - Loaded System Directive: org.apache.velocity.runtime.directive.Foreach
2011-08-19 17:37:19,613 - Created: 20 parsers.
2011-08-19 17:37:19,621 - Velocimacro : initialization starting.
2011-08-19 17:37:19,621 - Velocimacro : adding VMs from VM library template : VM_global_library.vm
2011-08-19 17:37:19,627 - ResourceManager : unable to find resource 'VM_global_library.vm' in any resource loader.
2011-08-19 17:37:19,627 - Velocimacro : error using  VM library template VM_global_library.vm : org.apache.velocity.exception.ResourceNotFoundException: Unable to find resource 'VM_global_library.vm'
2011-08-19 17:37:19,627 - Velocimacro :  VM library template macro registration complete.
2011-08-19 17:37:19,628 - Velocimacro : allowInline = true : VMs can be defined inline in templates
2011-08-19 17:37:19,628 - Velocimacro : allowInlineToOverride = false : VMs defined inline may NOT replace previous VM definitions
2011-08-19 17:37:19,628 - Velocimacro : allowInlineLocal = false : VMs defined inline will be  global in scope if allowed.
2011-08-19 17:37:19,628 - Velocimacro : messages on  : VM system will output logging messages
2011-08-19 17:37:19,628 - Velocimacro : autoload off  : VM system will not automatically reload global library macros
2011-08-19 17:37:19,628 - Velocimacro : initialization complete.
2011-08-19 17:37:19,628 - Velocity successfully started.
2011-08-21 12:52:29,359 - SimpleLog4JLogSystem initialized using logfile 'velocity.log'
2011-08-21 12:52:29,375 - ************************************************************** 
2011-08-21 12:52:29,376 - Starting Jakarta Velocity v1.4
2011-08-21 12:52:29,376 - RuntimeInstance initializing.
2011-08-21 12:52:29,376 - Default Properties File: org/apache/velocity/runtime/defaults/velocity.properties
2011-08-21 12:52:29,376 - Trying to use logger class org.apache.velocity.runtime.log.SimpleLog4JLogSystem
2011-08-21 12:52:29,376 - Using logger class org.apache.velocity.runtime.log.SimpleLog4JLogSystem
2011-08-21 12:52:29,382 - Default ResourceManager initializing. (class org.apache.velocity.runtime.resource.ResourceManagerImpl)
2011-08-21 12:52:29,387 - Resource Loader Instantiated: org.apache.velocity.runtime.resource.loader.ClasspathResourceLoader
2011-08-21 12:52:29,387 - ClasspathResourceLoader : initialization starting.
2011-08-21 12:52:29,387 - ClasspathResourceLoader : initialization complete.
2011-08-21 12:52:29,389 - ResourceCache : initialized. (class org.apache.velocity.runtime.resource.ResourceCacheImpl)
2011-08-21 12:52:29,389 - Default ResourceManager initialization complete.
2011-08-21 12:52:29,391 - Loaded System Directive: org.apache.velocity.runtime.directive.Literal
2011-08-21 12:52:29,396 - Loaded System Directive: org.apache.velocity.runtime.directive.Macro
2011-08-21 12:52:29,400 - Loaded System Directive: org.apache.velocity.runtime.directive.Parse
2011-08-21 12:52:29,402 - Loaded System Directive: org.apache.velocity.runtime.directive.Include
2011-08-21 12:52:29,403 - Loaded System Directive: org.apache.velocity.runtime.directive.Foreach
2011-08-21 12:52:29,436 - Created: 20 parsers.
2011-08-21 12:52:29,444 - Velocimacro : initialization starting.
2011-08-21 12:52:29,444 - Velocimacro : adding VMs from VM library template : VM_global_library.vm
2011-08-21 12:52:29,450 - ResourceManager : unable to find resource 'VM_global_library.vm' in any resource loader.
2011-08-21 12:52:29,450 - Velocimacro : error using  VM library template VM_global_library.vm : org.apache.velocity.exception.ResourceNotFoundException: Unable to find resource 'VM_global_library.vm'
2011-08-21 12:52:29,450 - Velocimacro :  VM library template macro registration complete.
2011-08-21 12:52:29,450 - Velocimacro : allowInline = true : VMs can be defined inline in templates
2011-08-21 12:52:29,450 - Velocimacro : allowInlineToOverride = false : VMs defined inline may NOT replace previous VM definitions
2011-08-21 12:52:29,450 - Velocimacro : allowInlineLocal = false : VMs defined inline will be  global in scope if allowed.
2011-08-21 12:52:29,450 - Velocimacro : messages on  : VM system will output logging messages
2011-08-21 12:52:29,450 - Velocimacro : autoload off  : VM system will not automatically reload global library macros
2011-08-21 12:52:29,451 - Velocimacro : initialization complete.
2011-08-21 12:52:29,451 - Velocity successfully started.
2011-10-14 17:01:46,987 - SimpleLog4JLogSystem initialized using logfile 'velocity.log'
2011-10-14 17:01:46,996 - ************************************************************** 
2011-10-14 17:01:46,996 - Starting Jakarta Velocity v1.4
2011-10-14 17:01:46,996 - RuntimeInstance initializing.
2011-10-14 17:01:46,996 - Default Properties File: org/apache/velocity/runtime/defaults/velocity.properties
2011-10-14 17:01:46,996 - Trying to use logger class org.apache.velocity.runtime.log.SimpleLog4JLogSystem
2011-10-14 17:01:46,996 - Using logger class org.apache.velocity.runtime.log.SimpleLog4JLogSystem
2011-10-14 17:01:46,999 - Default ResourceManager initializing. (class org.apache.velocity.runtime.resource.ResourceManagerImpl)
2011-10-14 17:01:47,004 - Resource Loader Instantiated: org.apache.velocity.runtime.resource.loader.ClasspathResourceLoader
2011-10-14 17:01:47,005 - ClasspathResourceLoader : initialization starting.
2011-10-14 17:01:47,005 - ClasspathResourceLoader : initialization complete.
2011-10-14 17:01:47,006 - ResourceCache : initialized. (class org.apache.velocity.runtime.resource.ResourceCacheImpl)
2011-10-14 17:01:47,006 - Default ResourceManager initialization complete.
2011-10-14 17:01:47,008 - Loaded System Directive: org.apache.velocity.runtime.directive.Literal
2011-10-14 17:01:47,009 - Loaded System Directive: org.apache.velocity.runtime.directive.Macro
2011-10-14 17:01:47,012 - Loaded System Directive: org.apache.velocity.runtime.directive.Parse
2011-10-14 17:01:47,014 - Loaded System Directive: org.apache.velocity.runtime.directive.Include
2011-10-14 17:01:47,015 - Loaded System Directive: org.apache.velocity.runtime.directive.Foreach
2011-10-14 17:01:47,043 - Created: 20 parsers.
2011-10-14 17:01:47,050 - Velocimacro : initialization starting.
2011-10-14 17:01:47,050 - Velocimacro : adding VMs from VM library template : VM_global_library.vm
2011-10-14 17:01:47,055 - ResourceManager : unable to find resource 'VM_global_library.vm' in any resource loader.
2011-10-14 17:01:47,055 - Velocimacro : error using  VM library template VM_global_library.vm : org.apache.velocity.exception.ResourceNotFoundException: Unable to find resource 'VM_global_library.vm'
2011-10-14 17:01:47,055 - Velocimacro :  VM library template macro registration complete.
2011-10-14 17:01:47,055 - Velocimacro : allowInline = true : VMs can be defined inline in templates
2011-10-14 17:01:47,055 - Velocimacro : allowInlineToOverride = false : VMs defined inline may NOT replace previous VM definitions
2011-10-14 17:01:47,055 - Velocimacro : allowInlineLocal = false : VMs defined inline will be  global in scope if allowed.
2011-10-14 17:01:47,055 - Velocimacro : messages on  : VM system will output logging messages
2011-10-14 17:01:47,055 - Velocimacro : autoload off  : VM system will not automatically reload global library macros
2011-10-14 17:01:47,055 - Velocimacro : initialization complete.
2011-10-14 17:01:47,055 - Velocity successfully started.
