#
# A fatal error has been detected by the Java Runtime Environment:
#
#  EXCEPTION_ACCESS_VIOLATION (0xc0000005) at pc=0x29284960, pid=1324, tid=5672
#
# JRE version: 6.0_22-b04
# Java VM: Java HotSpot(TM) Client VM (17.1-b03 mixed mode windows-x86 )
# Problematic frame:
# C  [ig4icd32.dll+0x44960]
#
# If you would like to submit a bug report, please visit:
#   http://java.sun.com/webapps/bugreport/crash.jsp
# The crash happened outside the Java Virtual Machine in native code.
# See problematic frame for where to report the bug.
#

---------------  T H R E A D  ---------------

Current thread (0x24c07800):  JavaThread "AWT-EventQueue-0" [_thread_in_native, id=5672, stack(0x2a620000,0x2b020000)]

siginfo: ExceptionCode=0xc0000005, reading address 0xe8f18b5a

Registers:
EAX=0xe8f18b56, EBX=0x00000000, ECX=0x278fe890, EDX=0x00000003
ESP=0x2b01f4ec, EBP=0x2b01f528, ESI=0x00000003, EDI=0x000003fd
EIP=0x29284960, EFLAGS=0x00010286

Top of Stack: (sp=0x2b01f4ec)
0x2b01f4ec:   00000003 2786007c 29284b23 00000003
0x2b01f4fc:   00000000 2786007c 1f22fa60 29284c31
0x2b01f50c:   00000003 24c07800 1f22fa60 275db075
0x2b01f51c:   00008892 00000003 29263150 2b01f570
0x2b01f52c:   026c9f47 24c07918 2b01f590 00008892
0x2b01f53c:   00000003 29263150 00000000 1d723790
0x2b01f54c:   00000000 2b01f550 00000000 2b01f590
0x2b01f55c:   1f2e3730 00000000 1f22fa60 00000000 

Instructions: (pc=0x29284960)
0x29284950:   f7 8b 41 14 8b 04 90 85 c0 74 10 eb 03 8d 49 00
0x29284960:   39 70 04 74 0d 8b 00 85 c0 75 f5 5f 33 c0 5e c2 


Stack: [0x2a620000,0x2b020000],  sp=0x2b01f4ec,  free space=27fd2b01f008k
Native frames: (J=compiled Java code, j=interpreted, Vv=VM code, C=native code)
C  [ig4icd32.dll+0x44960]
j  com.sun.opengl.impl.GLImpl.dispatch_glBindBuffer0(IIJ)V+0
j  com.sun.opengl.impl.GLImpl.glBindBuffer(II)V+31
j  saf.v3d.scene.VEdgeLayer.doDraw(Ljavax/media/opengl/GL;Lsaf/v3d/render/RenderState;)V+208
J  saf.v3d.scene.VSpatial.draw(Ljavax/media/opengl/GL;Lsaf/v3d/render/RenderState;)V
J  saf.v3d.scene.VComposite.doDraw(Ljavax/media/opengl/GL;Lsaf/v3d/render/RenderState;)V
J  saf.v3d.scene.VSpatial.draw(Ljavax/media/opengl/GL;Lsaf/v3d/render/RenderState;)V
J  saf.v3d.scene.VComposite.doDraw(Ljavax/media/opengl/GL;Lsaf/v3d/render/RenderState;)V
J  saf.v3d.scene.VSpatial.draw(Ljavax/media/opengl/GL;Lsaf/v3d/render/RenderState;)V
j  saf.v3d.Canvas2D.display(Ljavax/media/opengl/GLAutoDrawable;)V+123
j  com.sun.opengl.impl.GLDrawableHelper.display(Ljavax/media/opengl/GLAutoDrawable;)V+29
j  javax.media.opengl.GLCanvas$DisplayAction.run()V+80
j  com.sun.opengl.impl.GLDrawableHelper.invokeGL(Ljavax/media/opengl/GLDrawable;Ljavax/media/opengl/GLContext;Ljava/lang/Runnable;Ljava/lang/Runnable;)V+418
j  javax.media.opengl.GLCanvas$DisplayOnEventDispatchThreadAction.run()V+35
j  java.awt.event.InvocationEvent.dispatch()V+11
j  java.awt.EventQueue.dispatchEvent(Ljava/awt/AWTEvent;)V+26
j  java.awt.EventDispatchThread.pumpOneEventForFilters(I)Z+204
j  java.awt.EventDispatchThread.pumpEventsForFilter(ILjava/awt/Conditional;Ljava/awt/EventFilter;)V+30
j  java.awt.EventDispatchThread.pumpEventsForHierarchy(ILjava/awt/Conditional;Ljava/awt/Component;)V+11
j  java.awt.EventDispatchThread.pumpEvents(ILjava/awt/Conditional;)V+4
j  java.awt.EventDispatchThread.pumpEvents(Ljava/awt/Conditional;)V+3
j  java.awt.EventDispatchThread.run()V+9
v  ~StubRoutines::call_stub
V  [jvm.dll+0xf3a9c]
V  [jvm.dll+0x186591]
V  [jvm.dll+0xf3c67]
V  [jvm.dll+0xf3cdd]
V  [jvm.dll+0x11da00]
V  [jvm.dll+0x1e7004]
V  [jvm.dll+0x185f3c]
C  [msvcr71.dll+0x9565]
C  [kernel32.dll+0x51114]
C  [ntdll.dll+0x5b429]
C  [ntdll.dll+0x5b3fc]

Java frames: (J=compiled Java code, j=interpreted, Vv=VM code)
j  com.sun.opengl.impl.GLImpl.dispatch_glBindBuffer0(IIJ)V+0
j  com.sun.opengl.impl.GLImpl.glBindBuffer(II)V+31
j  saf.v3d.scene.VEdgeLayer.doDraw(Ljavax/media/opengl/GL;Lsaf/v3d/render/RenderState;)V+208
J  saf.v3d.scene.VSpatial.draw(Ljavax/media/opengl/GL;Lsaf/v3d/render/RenderState;)V
J  saf.v3d.scene.VComposite.doDraw(Ljavax/media/opengl/GL;Lsaf/v3d/render/RenderState;)V
J  saf.v3d.scene.VSpatial.draw(Ljavax/media/opengl/GL;Lsaf/v3d/render/RenderState;)V
J  saf.v3d.scene.VComposite.doDraw(Ljavax/media/opengl/GL;Lsaf/v3d/render/RenderState;)V
J  saf.v3d.scene.VSpatial.draw(Ljavax/media/opengl/GL;Lsaf/v3d/render/RenderState;)V
j  saf.v3d.Canvas2D.display(Ljavax/media/opengl/GLAutoDrawable;)V+123
j  com.sun.opengl.impl.GLDrawableHelper.display(Ljavax/media/opengl/GLAutoDrawable;)V+29
j  javax.media.opengl.GLCanvas$DisplayAction.run()V+80
j  com.sun.opengl.impl.GLDrawableHelper.invokeGL(Ljavax/media/opengl/GLDrawable;Ljavax/media/opengl/GLContext;Ljava/lang/Runnable;Ljava/lang/Runnable;)V+418
j  javax.media.opengl.GLCanvas$DisplayOnEventDispatchThreadAction.run()V+35
j  java.awt.event.InvocationEvent.dispatch()V+11
j  java.awt.EventQueue.dispatchEvent(Ljava/awt/AWTEvent;)V+26
j  java.awt.EventDispatchThread.pumpOneEventForFilters(I)Z+204
j  java.awt.EventDispatchThread.pumpEventsForFilter(ILjava/awt/Conditional;Ljava/awt/EventFilter;)V+30
j  java.awt.EventDispatchThread.pumpEventsForHierarchy(ILjava/awt/Conditional;Ljava/awt/Component;)V+11
j  java.awt.EventDispatchThread.pumpEvents(ILjava/awt/Conditional;)V+4
j  java.awt.EventDispatchThread.pumpEvents(Ljava/awt/Conditional;)V+3
j  java.awt.EventDispatchThread.run()V+9
v  ~StubRoutines::call_stub

---------------  P R O C E S S  ---------------

Java Threads: ( => current thread )
  0x24f20c00 JavaThread "SwingWorker-pool-1-thread-2" daemon [_thread_blocked, id=4708, stack(0x2f760000,0x30160000)]
  0x24df5c00 JavaThread "SwingWorker-pool-1-thread-1" daemon [_thread_blocked, id=5616, stack(0x2ed60000,0x2f760000)]
  0x24df4000 JavaThread "Thread-4" [_thread_blocked, id=5380, stack(0x2e360000,0x2ed60000)]
  0x27f03800 JavaThread "Image Fetcher 0" daemon [_thread_blocked, id=3936, stack(0x2b950000,0x2c350000)]
  0x280a3800 JavaThread "Batik CleanerThread" daemon [_thread_blocked, id=4904, stack(0x285c0000,0x28fc0000)]
  0x003d9800 JavaThread "DestroyJavaVM" [_thread_blocked, id=5828, stack(0x01bc0000,0x025c0000)]
=>0x24c07800 JavaThread "AWT-EventQueue-0" [_thread_in_native, id=5672, stack(0x2a620000,0x2b020000)]
  0x24c07400 JavaThread "AWT-Shutdown" [_thread_blocked, id=5768, stack(0x25bd0000,0x265d0000)]
  0x24f08c00 JavaThread "TimerQueue" daemon [_thread_blocked, id=5700, stack(0x299c0000,0x2a3c0000)]
  0x24d8c800 JavaThread "AWT-Windows" daemon [_thread_in_native, id=3012, stack(0x265d0000,0x26fd0000)]
  0x24d80400 JavaThread "Java2D Disposer" daemon [_thread_blocked, id=4440, stack(0x251d0000,0x25bd0000)]
  0x02683400 JavaThread "Low Memory Detector" daemon [_thread_blocked, id=3196, stack(0x23fb0000,0x249b0000)]
  0x0267e400 JavaThread "CompilerThread0" daemon [_thread_blocked, id=4856, stack(0x00940000,0x00990000)]
  0x0267d400 JavaThread "Attach Listener" daemon [_thread_blocked, id=5288, stack(0x235b0000,0x23fb0000)]
  0x0267a400 JavaThread "Signal Dispatcher" daemon [_thread_blocked, id=1612, stack(0x22bb0000,0x235b0000)]
  0x0264ec00 JavaThread "Finalizer" daemon [_thread_blocked, id=5308, stack(0x221b0000,0x22bb0000)]
  0x0264a000 JavaThread "Reference Handler" daemon [_thread_blocked, id=5568, stack(0x217b0000,0x221b0000)]

Other Threads:
  0x02647400 VMThread [stack: 0x008f0000,0x00940000] [id=4340]
  0x02694c00 WatcherThread [stack: 0x249b0000,0x24a00000] [id=4388]

VM state:not at safepoint (normal execution)

VM Mutex/Monitor currently owned by a thread: None

Heap
 def new generation   total 26880K, used 21025K [0x046c0000, 0x063e0000, 0x0cc10000)
  eden space 23936K,  81% used [0x046c0000, 0x059dcd78, 0x05e20000)
  from space 2944K,  49% used [0x06100000, 0x0626ba80, 0x063e0000)
  to   space 2944K,   0% used [0x05e20000, 0x05e20000, 0x06100000)
 tenured generation   total 59588K, used 37182K [0x0cc10000, 0x10641000, 0x1d6c0000)
   the space 59588K,  62% used [0x0cc10000, 0x0f05f8e0, 0x0f05fa00, 0x10641000)
 compacting perm gen  total 34304K, used 34223K [0x1d6c0000, 0x1f840000, 0x216c0000)
   the space 34304K,  99% used [0x1d6c0000, 0x1f82bc48, 0x1f82be00, 0x1f840000)
No shared spaces configured.

Dynamic libraries:
0x00400000 - 0x00424000 	C:\RepastSimphony-2.0-beta\eclipse\jre\bin\javaw.exe
0x779e0000 - 0x77b1d000 	C:\Windows\SYSTEM32\ntdll.dll
0x772f0000 - 0x773c4000 	C:\Windows\system32\kernel32.dll
0x75ca0000 - 0x75cea000 	C:\Windows\system32\KERNELBASE.dll
0x77430000 - 0x774d0000 	C:\Windows\system32\ADVAPI32.dll
0x77b20000 - 0x77bcc000 	C:\Windows\system32\msvcrt.dll
0x772d0000 - 0x772e9000 	C:\Windows\SYSTEM32\sechost.dll
0x76d50000 - 0x76df1000 	C:\Windows\system32\RPCRT4.dll
0x76c30000 - 0x76cf9000 	C:\Windows\system32\USER32.dll
0x770e0000 - 0x7712e000 	C:\Windows\system32\GDI32.dll
0x76c20000 - 0x76c2a000 	C:\Windows\system32\LPK.dll
0x76b20000 - 0x76bbd000 	C:\Windows\system32\USP10.dll
0x75a40000 - 0x75a8b000 	C:\Windows\system32\apphelp.dll
0x64cc0000 - 0x64ed8000 	C:\Windows\AppPatch\AcGenral.DLL
0x759f0000 - 0x75a0a000 	C:\Windows\system32\SspiCli.dll
0x773d0000 - 0x77427000 	C:\Windows\system32\SHLWAPI.dll
0x74a30000 - 0x74a70000 	C:\Windows\system32\UxTheme.dll
0x74090000 - 0x740c2000 	C:\Windows\system32\WINMM.dll
0x742a0000 - 0x742af000 	C:\Windows\system32\samcli.dll
0x774e0000 - 0x7763c000 	C:\Windows\system32\ole32.dll
0x75e40000 - 0x75ecf000 	C:\Windows\system32\OLEAUT32.dll
0x73b70000 - 0x73b84000 	C:\Windows\system32\MSACM32.dll
0x75010000 - 0x75019000 	C:\Windows\system32\VERSION.dll
0x75ed0000 - 0x76b19000 	C:\Windows\system32\SHELL32.dll
0x6ef80000 - 0x6ef83000 	C:\Windows\system32\sfc.dll
0x6ef70000 - 0x6ef7d000 	C:\Windows\system32\sfc_os.DLL
0x75170000 - 0x75187000 	C:\Windows\system32\USERENV.dll
0x75b10000 - 0x75b1b000 	C:\Windows\system32\profapi.dll
0x74700000 - 0x74713000 	C:\Windows\system32\dwmapi.dll
0x77840000 - 0x779dd000 	C:\Windows\system32\SETUPAPI.dll
0x75cf0000 - 0x75d17000 	C:\Windows\system32\CFGMGR32.dll
0x75b90000 - 0x75ba2000 	C:\Windows\system32\DEVOBJ.dll
0x771c0000 - 0x772d0000 	C:\Windows\system32\urlmon.dll
0x75bb0000 - 0x75bdf000 	C:\Windows\system32\XmlLite.dll
0x77640000 - 0x77839000 	C:\Windows\system32\iertutil.dll
0x76f80000 - 0x77098000 	C:\Windows\system32\WININET.dll
0x77130000 - 0x77133000 	C:\Windows\system32\Normaliz.dll
0x6e460000 - 0x6e472000 	C:\Windows\system32\MPR.dll
0x76e90000 - 0x76eaf000 	C:\Windows\system32\IMM32.DLL
0x76eb0000 - 0x76f7c000 	C:\Windows\system32\MSCTF.dll
0x7c340000 - 0x7c396000 	C:\RepastSimphony-2.0-beta\eclipse\jre\bin\msvcr71.dll
0x6d7f0000 - 0x6da97000 	C:\RepastSimphony-2.0-beta\eclipse\jre\bin\client\jvm.dll
0x6d7a0000 - 0x6d7ac000 	C:\RepastSimphony-2.0-beta\eclipse\jre\bin\verify.dll
0x6d320000 - 0x6d33f000 	C:\RepastSimphony-2.0-beta\eclipse\jre\bin\java.dll
0x6d280000 - 0x6d288000 	C:\RepastSimphony-2.0-beta\eclipse\jre\bin\hpi.dll
0x774d0000 - 0x774d5000 	C:\Windows\system32\PSAPI.DLL
0x6d7e0000 - 0x6d7ef000 	C:\RepastSimphony-2.0-beta\eclipse\jre\bin\zip.dll
0x6d000000 - 0x6d14a000 	C:\RepastSimphony-2.0-beta\eclipse\jre\bin\awt.dll
0x70670000 - 0x706c1000 	C:\Windows\system32\WINSPOOL.DRV
0x74bb0000 - 0x74d4e000 	C:\Windows\WinSxS\x86_microsoft.windows.common-controls_6595b64144ccf1df_6.0.7600.16661_none_420fe3fa2b8113bd\COMCTL32.dll
0x75a90000 - 0x75a9c000 	C:\Windows\system32\CRYPTBASE.dll
0x6d230000 - 0x6d27f000 	C:\RepastSimphony-2.0-beta\eclipse\jre\bin\fontmanager.dll
0x6d600000 - 0x6d613000 	C:\RepastSimphony-2.0-beta\eclipse\jre\bin\net.dll
0x770a0000 - 0x770d5000 	C:\Windows\system32\WS2_32.dll
0x77c00000 - 0x77c06000 	C:\Windows\system32\NSI.dll
0x75550000 - 0x7558c000 	C:\Windows\system32\mswsock.dll
0x75540000 - 0x75546000 	C:\Windows\System32\wship6.dll
0x6d620000 - 0x6d629000 	C:\RepastSimphony-2.0-beta\eclipse\jre\bin\nio.dll
0x76e00000 - 0x76e83000 	C:\Windows\system32\CLBCatQ.DLL
0x75590000 - 0x755a6000 	C:\Windows\system32\CRYPTSP.dll
0x75330000 - 0x7536b000 	C:\Windows\system32\rsaenh.dll
0x73d40000 - 0x73d50000 	C:\Windows\system32\NLAapi.dll
0x75410000 - 0x75454000 	C:\Windows\system32\DNSAPI.dll
0x703a0000 - 0x703a8000 	C:\Windows\System32\winrnr.dll
0x70390000 - 0x703a0000 	C:\Windows\system32\napinsp.dll
0x70370000 - 0x70382000 	C:\Windows\system32\pnrpnsp.dll
0x70340000 - 0x70361000 	C:\Program Files\Bonjour\mdnsNSP.dll
0x738c0000 - 0x738dc000 	C:\Windows\system32\Iphlpapi.DLL
0x73a10000 - 0x73a17000 	C:\Windows\system32\WINNSI.DLL
0x750a0000 - 0x750a5000 	C:\Windows\System32\wshtcpip.dll
0x70330000 - 0x70336000 	C:\Windows\system32\rasadhlp.dll
0x721b0000 - 0x721e8000 	C:\Windows\System32\fwpuclnt.dll
0x275d0000 - 0x2761d000 	C:\RepastSimphony-2.0-beta\eclipse\jre\bin\jogl.dll
0x63b60000 - 0x63c28000 	C:\Windows\system32\OPENGL32.dll
0x6f0c0000 - 0x6f0e2000 	C:\Windows\system32\GLU32.dll
0x673a0000 - 0x67487000 	C:\Windows\system32\DDRAW.dll
0x6bec0000 - 0x6bec6000 	C:\Windows\system32\DCIMAN32.dll
0x6d350000 - 0x6d356000 	C:\RepastSimphony-2.0-beta\eclipse\jre\bin\jawt.dll
0x007d0000 - 0x007d5000 	C:\RepastSimphony-2.0-beta\eclipse\jre\bin\jogl_awt.dll
0x29240000 - 0x29632000 	C:\Windows\system32\ig4icd32.dll
0x2c350000 - 0x2c5ea000 	C:\Windows\system32\ig4dev32.dll

VM Arguments:
jvm_args: -Xss10M -Xmx400M -Dfile.encoding=Cp1252 
java_command: repast.simphony.runtime.RepastMain C:\RepastSimphony-2.0-beta\workspace\followTheLeader/followTheLeader.rs
Launcher Type: SUN_STANDARD

Environment Variables:
CLASSPATH=.;C:\Program Files\Java\jre1.6.0\lib\ext\QTJava.zip
PATH=C:/RepastSimphony-2.0-beta/eclipse/jre/bin/client;C:/RepastSimphony-2.0-beta/eclipse/jre/bin;C:/RepastSimphony-2.0-beta/eclipse/jre/lib/i386;C:\WinAVR-20090313\bin;C:\WinAVR-20090313\utils\bin;C:\Windows\system32;C:\Windows;C:\Windows\System32\Wbem;C:\Windows\System32\WindowsPowerShell\v1.0\;C:\Program Files\MATLAB\R2010a\runtime\win32;C:\Program Files\MATLAB\R2010a\bin;C:\wamp\bin\php\php5.2.6;C:\wamp\www\framework;C:\Program Files\TortoiseSVN\bin;C:\Program Files\QuickTime\QTSystem\
USERNAME=RAAJ
OS=Windows_NT
PROCESSOR_IDENTIFIER=x86 Family 6 Model 15 Stepping 13, GenuineIntel



---------------  S Y S T E M  ---------------

OS: Windows 7 Build 7600 

CPU:total 2 (2 cores per cpu, 1 threads per core) family 6 model 15 stepping 13, cmov, cx8, fxsr, mmx, sse, sse2, sse3, ssse3

Memory: 4k page, physical 3135464k(1663576k free), swap 6269164k(4687468k free)

vm_info: Java HotSpot(TM) Client VM (17.1-b03) for windows-x86 JRE (1.6.0_22-b04), built on Sep 15 2010 00:56:36 by "java_re" with MS VC++ 7.1 (VS2003)

time: Fri Aug 12 12:28:38 2011
elapsed time: 65 seconds

