#
# A fatal error has been detected by the Java Runtime Environment:
#
#  EXCEPTION_ACCESS_VIOLATION (0xc0000005) at pc=0x27524960, pid=4992, tid=5048
#
# JRE version: 6.0_22-b04
# Java VM: Java HotSpot(TM) Client VM (17.1-b03 mixed mode windows-x86 )
# Problematic frame:
# C  [ig4icd32.dll+0x44960]
#
# If you would like to submit a bug report, please visit:
#   http://java.sun.com/webapps/bugreport/crash.jsp
# The crash happened outside the Java Virtual Machine in native code.
# See problematic frame for where to report the bug.
#

---------------  T H R E A D  ---------------

Current thread (0x27e7a400):  JavaThread "AWT-EventQueue-0" [_thread_in_native, id=5048, stack(0x2a630000,0x2b030000)]

siginfo: ExceptionCode=0xc0000005, reading address 0xe8f18b5a

Registers:
EAX=0xe8f18b56, EBX=0x00000000, ECX=0x273eccd8, EDX=0x00000003
ESP=0x2b02f75c, EBP=0x2b02f798, ESI=0x00000003, EDI=0x000003fd
EIP=0x27524960, EFLAGS=0x00010286

Top of Stack: (sp=0x2b02f75c)
0x2b02f75c:   00000003 2735007c 27524b23 00000003
0x2b02f76c:   00000000 2735007c 1f0ad9a8 27524c31
0x2b02f77c:   00000003 27e7a400 1f0ad9a8 2709b075
0x2b02f78c:   00008892 00000003 27503150 2b02f7e0
0x2b02f79c:   024c9f47 27e7a518 2b02f800 00008892
0x2b02f7ac:   00000003 27503150 00000000 1d5a3790
0x2b02f7bc:   00000000 2b02f7c0 00000000 2b02f800
0x2b02f7cc:   1f161678 00000000 1f0ad9a8 00000000 

Instructions: (pc=0x27524960)
0x27524950:   f7 8b 41 14 8b 04 90 85 c0 74 10 eb 03 8d 49 00
0x27524960:   39 70 04 74 0d 8b 00 85 c0 75 f5 5f 33 c0 5e c2 


Stack: [0x2a630000,0x2b030000],  sp=0x2b02f75c,  free space=27fd2b02f278k
Native frames: (J=compiled Java code, j=interpreted, Vv=VM code, C=native code)
C  [ig4icd32.dll+0x44960]
j  com.sun.opengl.impl.GLImpl.dispatch_glBindBuffer0(IIJ)V+0
j  com.sun.opengl.impl.GLImpl.glBindBuffer(II)V+31
j  saf.v3d.scene.VEdgeLayer.doDraw(Ljavax/media/opengl/GL;Lsaf/v3d/render/RenderState;)V+208
J  saf.v3d.scene.VSpatial.draw(Ljavax/media/opengl/GL;Lsaf/v3d/render/RenderState;)V
J  saf.v3d.scene.VComposite.doDraw(Ljavax/media/opengl/GL;Lsaf/v3d/render/RenderState;)V
J  saf.v3d.scene.VSpatial.draw(Ljavax/media/opengl/GL;Lsaf/v3d/render/RenderState;)V
J  saf.v3d.scene.VComposite.doDraw(Ljavax/media/opengl/GL;Lsaf/v3d/render/RenderState;)V
J  saf.v3d.scene.VSpatial.draw(Ljavax/media/opengl/GL;Lsaf/v3d/render/RenderState;)V
j  saf.v3d.Canvas2D.display(Ljavax/media/opengl/GLAutoDrawable;)V+123
j  com.sun.opengl.impl.GLDrawableHelper.display(Ljavax/media/opengl/GLAutoDrawable;)V+29
j  javax.media.opengl.GLCanvas$DisplayAction.run()V+80
j  com.sun.opengl.impl.GLDrawableHelper.invokeGL(Ljavax/media/opengl/GLDrawable;Ljavax/media/opengl/GLContext;Ljava/lang/Runnable;Ljava/lang/Runnable;)V+418
j  javax.media.opengl.GLCanvas$DisplayOnEventDispatchThreadAction.run()V+35
j  java.awt.event.InvocationEvent.dispatch()V+11
j  java.awt.EventQueue.dispatchEvent(Ljava/awt/AWTEvent;)V+26
J  java.awt.EventDispatchThread.pumpOneEventForFilters(I)Z
j  java.awt.EventDispatchThread.pumpEventsForFilter(ILjava/awt/Conditional;Ljava/awt/EventFilter;)V+30
j  java.awt.EventDispatchThread.pumpEventsForHierarchy(ILjava/awt/Conditional;Ljava/awt/Component;)V+11
j  java.awt.EventDispatchThread.pumpEvents(ILjava/awt/Conditional;)V+4
j  java.awt.EventDispatchThread.pumpEvents(Ljava/awt/Conditional;)V+3
j  java.awt.EventDispatchThread.run()V+9
v  ~StubRoutines::call_stub
V  [jvm.dll+0xf3a9c]
V  [jvm.dll+0x186591]
V  [jvm.dll+0xf3c67]
V  [jvm.dll+0xf3cdd]
V  [jvm.dll+0x11da00]
V  [jvm.dll+0x1e7004]
V  [jvm.dll+0x185f3c]
C  [msvcr71.dll+0x9565]
C  [kernel32.dll+0x51114]
C  [ntdll.dll+0x5b429]
C  [ntdll.dll+0x5b3fc]

Java frames: (J=compiled Java code, j=interpreted, Vv=VM code)
j  com.sun.opengl.impl.GLImpl.dispatch_glBindBuffer0(IIJ)V+0
j  com.sun.opengl.impl.GLImpl.glBindBuffer(II)V+31
j  saf.v3d.scene.VEdgeLayer.doDraw(Ljavax/media/opengl/GL;Lsaf/v3d/render/RenderState;)V+208
J  saf.v3d.scene.VSpatial.draw(Ljavax/media/opengl/GL;Lsaf/v3d/render/RenderState;)V
J  saf.v3d.scene.VComposite.doDraw(Ljavax/media/opengl/GL;Lsaf/v3d/render/RenderState;)V
J  saf.v3d.scene.VSpatial.draw(Ljavax/media/opengl/GL;Lsaf/v3d/render/RenderState;)V
J  saf.v3d.scene.VComposite.doDraw(Ljavax/media/opengl/GL;Lsaf/v3d/render/RenderState;)V
J  saf.v3d.scene.VSpatial.draw(Ljavax/media/opengl/GL;Lsaf/v3d/render/RenderState;)V
j  saf.v3d.Canvas2D.display(Ljavax/media/opengl/GLAutoDrawable;)V+123
j  com.sun.opengl.impl.GLDrawableHelper.display(Ljavax/media/opengl/GLAutoDrawable;)V+29
j  javax.media.opengl.GLCanvas$DisplayAction.run()V+80
j  com.sun.opengl.impl.GLDrawableHelper.invokeGL(Ljavax/media/opengl/GLDrawable;Ljavax/media/opengl/GLContext;Ljava/lang/Runnable;Ljava/lang/Runnable;)V+418
j  javax.media.opengl.GLCanvas$DisplayOnEventDispatchThreadAction.run()V+35
j  java.awt.event.InvocationEvent.dispatch()V+11
j  java.awt.EventQueue.dispatchEvent(Ljava/awt/AWTEvent;)V+26
J  java.awt.EventDispatchThread.pumpOneEventForFilters(I)Z
j  java.awt.EventDispatchThread.pumpEventsForFilter(ILjava/awt/Conditional;Ljava/awt/EventFilter;)V+30
j  java.awt.EventDispatchThread.pumpEventsForHierarchy(ILjava/awt/Conditional;Ljava/awt/Component;)V+11
j  java.awt.EventDispatchThread.pumpEvents(ILjava/awt/Conditional;)V+4
j  java.awt.EventDispatchThread.pumpEvents(Ljava/awt/Conditional;)V+3
j  java.awt.EventDispatchThread.run()V+9
v  ~StubRoutines::call_stub

---------------  P R O C E S S  ---------------

Java Threads: ( => current thread )
  0x24ed7c00 JavaThread "SwingWorker-pool-1-thread-2" daemon [_thread_blocked, id=5116, stack(0x2f4d0000,0x2fed0000)]
  0x2804cc00 JavaThread "SwingWorker-pool-1-thread-1" daemon [_thread_blocked, id=5128, stack(0x2ead0000,0x2f4d0000)]
  0x24c2b800 JavaThread "Thread-4" [_thread_blocked, id=5004, stack(0x2e0d0000,0x2ead0000)]
  0x2813b800 JavaThread "Image Fetcher 3" daemon [_thread_blocked, id=5008, stack(0x2b960000,0x2c360000)]
  0x284b2400 JavaThread "Batik CleanerThread" daemon [_thread_blocked, id=5020, stack(0x299a0000,0x2a3a0000)]
  0x01689800 JavaThread "DestroyJavaVM" [_thread_blocked, id=5080, stack(0x019c0000,0x023c0000)]
=>0x27e7a400 JavaThread "AWT-EventQueue-0" [_thread_in_native, id=5048, stack(0x2a630000,0x2b030000)]
  0x24dfac00 JavaThread "AWT-Shutdown" [_thread_blocked, id=5052, stack(0x25bb0000,0x265b0000)]
  0x24c4c800 JavaThread "TimerQueue" daemon [_thread_blocked, id=4988, stack(0x28fa0000,0x299a0000)]
  0x24ce5000 JavaThread "AWT-Windows" daemon [_thread_in_native, id=5120, stack(0x265b0000,0x26fb0000)]
  0x24ce4400 JavaThread "Java2D Disposer" daemon [_thread_blocked, id=5108, stack(0x251b0000,0x25bb0000)]
  0x02488000 JavaThread "Low Memory Detector" daemon [_thread_blocked, id=5100, stack(0x23f60000,0x24960000)]
  0x0247e400 JavaThread "CompilerThread0" daemon [_thread_blocked, id=1576, stack(0x23f10000,0x23f60000)]
  0x0247d400 JavaThread "Attach Listener" daemon [_thread_blocked, id=5084, stack(0x23510000,0x23f10000)]
  0x0247a400 JavaThread "Signal Dispatcher" daemon [_thread_blocked, id=5076, stack(0x22b10000,0x23510000)]
  0x0244ec00 JavaThread "Finalizer" daemon [_thread_blocked, id=5072, stack(0x22110000,0x22b10000)]
  0x0244a000 JavaThread "Reference Handler" daemon [_thread_blocked, id=5068, stack(0x21710000,0x22110000)]

Other Threads:
  0x02447400 VMThread [stack: 0x216c0000,0x21710000] [id=5056]
  0x024a0c00 WatcherThread [stack: 0x24960000,0x249b0000] [id=5104]

VM state:not at safepoint (normal execution)

VM Mutex/Monitor currently owned by a thread: None

Heap
 def new generation   total 26304K, used 6747K [0x04540000, 0x061c0000, 0x0ca90000)
  eden space 23424K,  21% used [0x04540000, 0x04a28c28, 0x05c20000)
  from space 2880K,  59% used [0x05ef0000, 0x0609e300, 0x061c0000)
  to   space 2880K,   0% used [0x05c20000, 0x05c20000, 0x05ef0000)
 tenured generation   total 58344K, used 37457K [0x0ca90000, 0x1038a000, 0x1d540000)
   the space 58344K,  64% used [0x0ca90000, 0x0ef24700, 0x0ef24800, 0x1038a000)
 compacting perm gen  total 34560K, used 34308K [0x1d540000, 0x1f700000, 0x21540000)
   the space 34560K,  99% used [0x1d540000, 0x1f6c1100, 0x1f6c1200, 0x1f700000)
No shared spaces configured.

Dynamic libraries:
0x00400000 - 0x00424000 	C:\RepastSimphony-2.0-beta\eclipse\jre\bin\javaw.exe
0x77ba0000 - 0x77cdd000 	C:\Windows\SYSTEM32\ntdll.dll
0x76850000 - 0x76924000 	C:\Windows\system32\kernel32.dll
0x75fb0000 - 0x75ffa000 	C:\Windows\system32\KERNELBASE.dll
0x764c0000 - 0x76560000 	C:\Windows\system32\ADVAPI32.dll
0x76be0000 - 0x76c8c000 	C:\Windows\system32\msvcrt.dll
0x76000000 - 0x76019000 	C:\Windows\SYSTEM32\sechost.dll
0x76b30000 - 0x76bd1000 	C:\Windows\system32\RPCRT4.dll
0x76160000 - 0x76229000 	C:\Windows\system32\USER32.dll
0x77d80000 - 0x77dce000 	C:\Windows\system32\GDI32.dll
0x760f0000 - 0x760fa000 	C:\Windows\system32\LPK.dll
0x76420000 - 0x764bd000 	C:\Windows\system32\USP10.dll
0x75c00000 - 0x75c4b000 	C:\Windows\system32\apphelp.dll
0x64e10000 - 0x65028000 	C:\Windows\AppPatch\AcGenral.DLL
0x75bb0000 - 0x75bca000 	C:\Windows\system32\SspiCli.dll
0x76100000 - 0x76157000 	C:\Windows\system32\SHLWAPI.dll
0x74bf0000 - 0x74c30000 	C:\Windows\system32\UxTheme.dll
0x74240000 - 0x74272000 	C:\Windows\system32\WINMM.dll
0x74460000 - 0x7446f000 	C:\Windows\system32\samcli.dll
0x766f0000 - 0x7684c000 	C:\Windows\system32\ole32.dll
0x77cf0000 - 0x77d7f000 	C:\Windows\system32\OLEAUT32.dll
0x73da0000 - 0x73db4000 	C:\Windows\system32\MSACM32.dll
0x751d0000 - 0x751d9000 	C:\Windows\system32\VERSION.dll
0x76c90000 - 0x778d9000 	C:\Windows\system32\SHELL32.dll
0x6f350000 - 0x6f353000 	C:\Windows\system32\sfc.dll
0x6f340000 - 0x6f34d000 	C:\Windows\system32\sfc_os.DLL
0x75330000 - 0x75347000 	C:\Windows\system32\USERENV.dll
0x75cd0000 - 0x75cdb000 	C:\Windows\system32\profapi.dll
0x748c0000 - 0x748d3000 	C:\Windows\system32\dwmapi.dll
0x77a00000 - 0x77b9d000 	C:\Windows\system32\SETUPAPI.dll
0x75f80000 - 0x75fa7000 	C:\Windows\system32\CFGMGR32.dll
0x75f30000 - 0x75f42000 	C:\Windows\system32\DEVOBJ.dll
0x76560000 - 0x76670000 	C:\Windows\system32\urlmon.dll
0x75d50000 - 0x75d7f000 	C:\Windows\system32\XmlLite.dll
0x76930000 - 0x76b29000 	C:\Windows\system32\iertutil.dll
0x778e0000 - 0x779f8000 	C:\Windows\system32\WININET.dll
0x762d0000 - 0x762d3000 	C:\Windows\system32\Normaliz.dll
0x6e620000 - 0x6e632000 	C:\Windows\system32\MPR.dll
0x76360000 - 0x7637f000 	C:\Windows\system32\IMM32.DLL
0x76020000 - 0x760ec000 	C:\Windows\system32\MSCTF.dll
0x7c340000 - 0x7c396000 	C:\RepastSimphony-2.0-beta\eclipse\jre\bin\msvcr71.dll
0x6d7f0000 - 0x6da97000 	C:\RepastSimphony-2.0-beta\eclipse\jre\bin\client\jvm.dll
0x6d7a0000 - 0x6d7ac000 	C:\RepastSimphony-2.0-beta\eclipse\jre\bin\verify.dll
0x6d320000 - 0x6d33f000 	C:\RepastSimphony-2.0-beta\eclipse\jre\bin\java.dll
0x6d280000 - 0x6d288000 	C:\RepastSimphony-2.0-beta\eclipse\jre\bin\hpi.dll
0x762c0000 - 0x762c5000 	C:\Windows\system32\PSAPI.DLL
0x6d7e0000 - 0x6d7ef000 	C:\RepastSimphony-2.0-beta\eclipse\jre\bin\zip.dll
0x6d000000 - 0x6d14a000 	C:\RepastSimphony-2.0-beta\eclipse\jre\bin\awt.dll
0x70830000 - 0x70881000 	C:\Windows\system32\WINSPOOL.DRV
0x74d70000 - 0x74f0e000 	C:\Windows\WinSxS\x86_microsoft.windows.common-controls_6595b64144ccf1df_6.0.7600.16661_none_420fe3fa2b8113bd\COMCTL32.dll
0x75c50000 - 0x75c5c000 	C:\Windows\system32\CRYPTBASE.dll
0x6d230000 - 0x6d27f000 	C:\RepastSimphony-2.0-beta\eclipse\jre\bin\fontmanager.dll
0x6d600000 - 0x6d613000 	C:\RepastSimphony-2.0-beta\eclipse\jre\bin\net.dll
0x76380000 - 0x763b5000 	C:\Windows\system32\WS2_32.dll
0x77ce0000 - 0x77ce6000 	C:\Windows\system32\NSI.dll
0x75710000 - 0x7574c000 	C:\Windows\system32\mswsock.dll
0x75700000 - 0x75706000 	C:\Windows\System32\wship6.dll
0x6d620000 - 0x6d629000 	C:\RepastSimphony-2.0-beta\eclipse\jre\bin\nio.dll
0x76230000 - 0x762b3000 	C:\Windows\system32\CLBCatQ.DLL
0x75750000 - 0x75766000 	C:\Windows\system32\CRYPTSP.dll
0x754f0000 - 0x7552b000 	C:\Windows\system32\rsaenh.dll
0x73ef0000 - 0x73f00000 	C:\Windows\system32\NLAapi.dll
0x755d0000 - 0x75614000 	C:\Windows\system32\DNSAPI.dll
0x70560000 - 0x70568000 	C:\Windows\System32\winrnr.dll
0x70550000 - 0x70560000 	C:\Windows\system32\napinsp.dll
0x70530000 - 0x70542000 	C:\Windows\system32\pnrpnsp.dll
0x70500000 - 0x70521000 	C:\Program Files\Bonjour\mdnsNSP.dll
0x73830000 - 0x7384c000 	C:\Windows\system32\Iphlpapi.DLL
0x73b70000 - 0x73b77000 	C:\Windows\system32\WINNSI.DLL
0x75260000 - 0x75265000 	C:\Windows\System32\wshtcpip.dll
0x704f0000 - 0x704f6000 	C:\Windows\system32\rasadhlp.dll
0x73720000 - 0x73758000 	C:\Windows\System32\fwpuclnt.dll
0x27090000 - 0x270dd000 	C:\RepastSimphony-2.0-beta\eclipse\jre\bin\jogl.dll
0x63c70000 - 0x63d38000 	C:\Windows\system32\OPENGL32.dll
0x6c0c0000 - 0x6c0e2000 	C:\Windows\system32\GLU32.dll
0x72760000 - 0x72847000 	C:\Windows\system32\DDRAW.dll
0x744f0000 - 0x744f6000 	C:\Windows\system32\DCIMAN32.dll
0x6d350000 - 0x6d356000 	C:\RepastSimphony-2.0-beta\eclipse\jre\bin\jawt.dll
0x270f0000 - 0x270f5000 	C:\RepastSimphony-2.0-beta\eclipse\jre\bin\jogl_awt.dll
0x274e0000 - 0x278d2000 	C:\Windows\system32\ig4icd32.dll
0x28c70000 - 0x28f0a000 	C:\Windows\system32\ig4dev32.dll

VM Arguments:
jvm_args: -Xss10M -Xmx400M -Dfile.encoding=Cp1252 
java_command: repast.simphony.runtime.RepastMain C:\RepastSimphony-2.0-beta\workspace\followTheLeader/followTheLeader.rs
Launcher Type: SUN_STANDARD

Environment Variables:
CLASSPATH=.;C:\Program Files\Java\jre1.6.0\lib\ext\QTJava.zip
PATH=C:/RepastSimphony-2.0-beta/eclipse/jre/bin/client;C:/RepastSimphony-2.0-beta/eclipse/jre/bin;C:/RepastSimphony-2.0-beta/eclipse/jre/lib/i386;C:\WinAVR-20090313\bin;C:\WinAVR-20090313\utils\bin;C:\Windows\system32;C:\Windows;C:\Windows\System32\Wbem;C:\Windows\System32\WindowsPowerShell\v1.0\;C:\Program Files\MATLAB\R2010a\runtime\win32;C:\Program Files\MATLAB\R2010a\bin;C:\wamp\bin\php\php5.2.6;C:\wamp\www\framework;C:\Program Files\TortoiseSVN\bin;C:\Program Files\QuickTime\QTSystem\
USERNAME=RAAJ
OS=Windows_NT
PROCESSOR_IDENTIFIER=x86 Family 6 Model 15 Stepping 13, GenuineIntel



---------------  S Y S T E M  ---------------

OS: Windows 7 Build 7600 

CPU:total 2 (2 cores per cpu, 1 threads per core) family 6 model 15 stepping 13, cmov, cx8, fxsr, mmx, sse, sse2, sse3, ssse3

Memory: 4k page, physical 3135464k(1819184k free), swap 6269164k(4881892k free)

vm_info: Java HotSpot(TM) Client VM (17.1-b03) for windows-x86 JRE (1.6.0_22-b04), built on Sep 15 2010 00:56:36 by "java_re" with MS VC++ 7.1 (VS2003)

time: Fri Aug 12 15:16:32 2011
elapsed time: 38 seconds

