#
# A fatal error has been detected by the Java Runtime Environment:
#
#  EXCEPTION_ACCESS_VIOLATION (0xc0000005) at pc=0x29294960, pid=2236, tid=3416
#
# JRE version: 6.0_22-b04
# Java VM: Java HotSpot(TM) Client VM (17.1-b03 mixed mode windows-x86 )
# Problematic frame:
# C  [ig4icd32.dll+0x44960]
#
# If you would like to submit a bug report, please visit:
#   http://java.sun.com/webapps/bugreport/crash.jsp
# The crash happened outside the Java Virtual Machine in native code.
# See problematic frame for where to report the bug.
#

---------------  T H R E A D  ---------------

Current thread (0x24f4d800):  JavaThread "AWT-EventQueue-0" [_thread_in_native, id=3416, stack(0x2a550000,0x2af50000)]

siginfo: ExceptionCode=0xc0000005, reading address 0xe8f18b5a

Registers:
EAX=0xe8f18b56, EBX=0x00000000, ECX=0x2780f428, EDX=0x00000003
ESP=0x2af4f45c, EBP=0x2af4f498, ESI=0x00000003, EDI=0x000003fd
EIP=0x29294960, EFLAGS=0x00010286

Top of Stack: (sp=0x2af4f45c)
0x2af4f45c:   00000003 2778007c 29294b23 00000003
0x2af4f46c:   00000000 2778007c 1f0b52b0 29294c31
0x2af4f47c:   00000003 24f4d800 1f0b52b0 2751b075
0x2af4f48c:   00008892 00000003 29273150 2af4f4e0
0x2af4f49c:   02559f47 24f4d918 2af4f500 00008892
0x2af4f4ac:   00000003 29273150 00000000 1d5b3790
0x2af4f4bc:   00000000 2af4f4c0 00000000 2af4f500
0x2af4f4cc:   1f168f80 00000000 1f0b52b0 00000000 

Instructions: (pc=0x29294960)
0x29294950:   f7 8b 41 14 8b 04 90 85 c0 74 10 eb 03 8d 49 00
0x29294960:   39 70 04 74 0d 8b 00 85 c0 75 f5 5f 33 c0 5e c2 


Stack: [0x2a550000,0x2af50000],  sp=0x2af4f45c,  free space=27fd2af4ef78k
Native frames: (J=compiled Java code, j=interpreted, Vv=VM code, C=native code)
C  [ig4icd32.dll+0x44960]
j  com.sun.opengl.impl.GLImpl.dispatch_glBindBuffer0(IIJ)V+0
j  com.sun.opengl.impl.GLImpl.glBindBuffer(II)V+31
j  saf.v3d.scene.VEdgeLayer.doDraw(Ljavax/media/opengl/GL;Lsaf/v3d/render/RenderState;)V+208
J  saf.v3d.scene.VSpatial.draw(Ljavax/media/opengl/GL;Lsaf/v3d/render/RenderState;)V
J  saf.v3d.scene.VComposite.doDraw(Ljavax/media/opengl/GL;Lsaf/v3d/render/RenderState;)V
J  saf.v3d.scene.VSpatial.draw(Ljavax/media/opengl/GL;Lsaf/v3d/render/RenderState;)V
J  saf.v3d.scene.VComposite.doDraw(Ljavax/media/opengl/GL;Lsaf/v3d/render/RenderState;)V
J  saf.v3d.scene.VSpatial.draw(Ljavax/media/opengl/GL;Lsaf/v3d/render/RenderState;)V
j  saf.v3d.Canvas2D.display(Ljavax/media/opengl/GLAutoDrawable;)V+123
j  com.sun.opengl.impl.GLDrawableHelper.display(Ljavax/media/opengl/GLAutoDrawable;)V+29
j  javax.media.opengl.GLCanvas$DisplayAction.run()V+80
j  com.sun.opengl.impl.GLDrawableHelper.invokeGL(Ljavax/media/opengl/GLDrawable;Ljavax/media/opengl/GLContext;Ljava/lang/Runnable;Ljava/lang/Runnable;)V+418
j  javax.media.opengl.GLCanvas$DisplayOnEventDispatchThreadAction.run()V+35
j  java.awt.event.InvocationEvent.dispatch()V+11
j  java.awt.EventQueue.dispatchEvent(Ljava/awt/AWTEvent;)V+26
J  java.awt.EventDispatchThread.pumpOneEventForFilters(I)Z
j  java.awt.EventDispatchThread.pumpEventsForFilter(ILjava/awt/Conditional;Ljava/awt/EventFilter;)V+30
j  java.awt.EventDispatchThread.pumpEventsForHierarchy(ILjava/awt/Conditional;Ljava/awt/Component;)V+11
j  java.awt.EventDispatchThread.pumpEvents(ILjava/awt/Conditional;)V+4
j  java.awt.EventDispatchThread.pumpEvents(Ljava/awt/Conditional;)V+3
j  java.awt.EventDispatchThread.run()V+9
v  ~StubRoutines::call_stub
V  [jvm.dll+0xf3a9c]
V  [jvm.dll+0x186591]
V  [jvm.dll+0xf3c67]
V  [jvm.dll+0xf3cdd]
V  [jvm.dll+0x11da00]
V  [jvm.dll+0x1e7004]
V  [jvm.dll+0x185f3c]
C  [msvcr71.dll+0x9565]
C  [kernel32.dll+0x51114]
C  [ntdll.dll+0x5b429]
C  [ntdll.dll+0x5b3fc]

Java frames: (J=compiled Java code, j=interpreted, Vv=VM code)
j  com.sun.opengl.impl.GLImpl.dispatch_glBindBuffer0(IIJ)V+0
j  com.sun.opengl.impl.GLImpl.glBindBuffer(II)V+31
j  saf.v3d.scene.VEdgeLayer.doDraw(Ljavax/media/opengl/GL;Lsaf/v3d/render/RenderState;)V+208
J  saf.v3d.scene.VSpatial.draw(Ljavax/media/opengl/GL;Lsaf/v3d/render/RenderState;)V
J  saf.v3d.scene.VComposite.doDraw(Ljavax/media/opengl/GL;Lsaf/v3d/render/RenderState;)V
J  saf.v3d.scene.VSpatial.draw(Ljavax/media/opengl/GL;Lsaf/v3d/render/RenderState;)V
J  saf.v3d.scene.VComposite.doDraw(Ljavax/media/opengl/GL;Lsaf/v3d/render/RenderState;)V
J  saf.v3d.scene.VSpatial.draw(Ljavax/media/opengl/GL;Lsaf/v3d/render/RenderState;)V
j  saf.v3d.Canvas2D.display(Ljavax/media/opengl/GLAutoDrawable;)V+123
j  com.sun.opengl.impl.GLDrawableHelper.display(Ljavax/media/opengl/GLAutoDrawable;)V+29
j  javax.media.opengl.GLCanvas$DisplayAction.run()V+80
j  com.sun.opengl.impl.GLDrawableHelper.invokeGL(Ljavax/media/opengl/GLDrawable;Ljavax/media/opengl/GLContext;Ljava/lang/Runnable;Ljava/lang/Runnable;)V+418
j  javax.media.opengl.GLCanvas$DisplayOnEventDispatchThreadAction.run()V+35
j  java.awt.event.InvocationEvent.dispatch()V+11
j  java.awt.EventQueue.dispatchEvent(Ljava/awt/AWTEvent;)V+26
J  java.awt.EventDispatchThread.pumpOneEventForFilters(I)Z
j  java.awt.EventDispatchThread.pumpEventsForFilter(ILjava/awt/Conditional;Ljava/awt/EventFilter;)V+30
j  java.awt.EventDispatchThread.pumpEventsForHierarchy(ILjava/awt/Conditional;Ljava/awt/Component;)V+11
j  java.awt.EventDispatchThread.pumpEvents(ILjava/awt/Conditional;)V+4
j  java.awt.EventDispatchThread.pumpEvents(Ljava/awt/Conditional;)V+3
j  java.awt.EventDispatchThread.run()V+9
v  ~StubRoutines::call_stub

---------------  P R O C E S S  ---------------

Java Threads: ( => current thread )
  0x284cf400 JavaThread "SwingWorker-pool-1-thread-2" daemon [_thread_blocked, id=3852, stack(0x2f3f0000,0x2fdf0000)]
  0x27f33400 JavaThread "SwingWorker-pool-1-thread-1" daemon [_thread_blocked, id=5844, stack(0x2e9f0000,0x2f3f0000)]
  0x27d74000 JavaThread "Image Fetcher 0" daemon [_thread_blocked, id=3640, stack(0x2dff0000,0x2e9f0000)]
  0x27d73800 JavaThread "Thread-4" [_thread_blocked, id=5940, stack(0x2b880000,0x2c280000)]
  0x24ad3400 JavaThread "Batik CleanerThread" daemon [_thread_blocked, id=4468, stack(0x28550000,0x28f50000)]
  0x004d9800 JavaThread "DestroyJavaVM" [_thread_blocked, id=5376, stack(0x01a50000,0x02450000)]
=>0x24f4d800 JavaThread "AWT-EventQueue-0" [_thread_in_native, id=3416, stack(0x2a550000,0x2af50000)]
  0x24dbb400 JavaThread "AWT-Shutdown" [_thread_blocked, id=5824, stack(0x25b60000,0x26560000)]
  0x24de4c00 JavaThread "TimerQueue" daemon [_thread_blocked, id=5848, stack(0x29950000,0x2a350000)]
  0x24c6f400 JavaThread "AWT-Windows" daemon [_thread_in_native, id=4352, stack(0x26560000,0x26f60000)]
  0x24c6e800 JavaThread "Java2D Disposer" daemon [_thread_blocked, id=5920, stack(0x25160000,0x25b60000)]
  0x02519c00 JavaThread "Low Memory Detector" daemon [_thread_blocked, id=4784, stack(0x23f70000,0x24970000)]
  0x02510400 JavaThread "CompilerThread0" daemon [_thread_blocked, id=5696, stack(0x23f20000,0x23f70000)]
  0x0250f400 JavaThread "Attach Listener" daemon [_thread_blocked, id=2920, stack(0x23520000,0x23f20000)]
  0x0250c400 JavaThread "Signal Dispatcher" daemon [_thread_blocked, id=5248, stack(0x22b20000,0x23520000)]
  0x024db800 JavaThread "Finalizer" daemon [_thread_blocked, id=5608, stack(0x22120000,0x22b20000)]
  0x024da000 JavaThread "Reference Handler" daemon [_thread_blocked, id=5396, stack(0x21720000,0x22120000)]

Other Threads:
  0x024d7400 VMThread [stack: 0x216d0000,0x21720000] [id=4876]
  0x0254ec00 WatcherThread [stack: 0x24970000,0x249c0000] [id=5932]

VM state:not at safepoint (normal execution)

VM Mutex/Monitor currently owned by a thread: None

Heap
 def new generation   total 26240K, used 20269K [0x04550000, 0x061c0000, 0x0caa0000)
  eden space 23360K,  80% used [0x04550000, 0x057b7c68, 0x05c20000)
  from space 2880K,  49% used [0x05ef0000, 0x06053a08, 0x061c0000)
  to   space 2880K,   0% used [0x05c20000, 0x05c20000, 0x05ef0000)
 tenured generation   total 58160K, used 36728K [0x0caa0000, 0x1036c000, 0x1d550000)
   the space 58160K,  63% used [0x0caa0000, 0x0ee7e010, 0x0ee7e200, 0x1036c000)
 compacting perm gen  total 34304K, used 34168K [0x1d550000, 0x1f6d0000, 0x21550000)
   the space 34304K,  99% used [0x1d550000, 0x1f6ae280, 0x1f6ae400, 0x1f6d0000)
No shared spaces configured.

Dynamic libraries:
0x00400000 - 0x00424000 	C:\RepastSimphony-2.0-beta\eclipse\jre\bin\javaw.exe
0x779e0000 - 0x77b1d000 	C:\Windows\SYSTEM32\ntdll.dll
0x772f0000 - 0x773c4000 	C:\Windows\system32\kernel32.dll
0x75ca0000 - 0x75cea000 	C:\Windows\system32\KERNELBASE.dll
0x77430000 - 0x774d0000 	C:\Windows\system32\ADVAPI32.dll
0x77b20000 - 0x77bcc000 	C:\Windows\system32\msvcrt.dll
0x772d0000 - 0x772e9000 	C:\Windows\SYSTEM32\sechost.dll
0x76d50000 - 0x76df1000 	C:\Windows\system32\RPCRT4.dll
0x76c30000 - 0x76cf9000 	C:\Windows\system32\USER32.dll
0x770e0000 - 0x7712e000 	C:\Windows\system32\GDI32.dll
0x76c20000 - 0x76c2a000 	C:\Windows\system32\LPK.dll
0x76b20000 - 0x76bbd000 	C:\Windows\system32\USP10.dll
0x75a40000 - 0x75a8b000 	C:\Windows\system32\apphelp.dll
0x64cc0000 - 0x64ed8000 	C:\Windows\AppPatch\AcGenral.DLL
0x759f0000 - 0x75a0a000 	C:\Windows\system32\SspiCli.dll
0x773d0000 - 0x77427000 	C:\Windows\system32\SHLWAPI.dll
0x74a30000 - 0x74a70000 	C:\Windows\system32\UxTheme.dll
0x74090000 - 0x740c2000 	C:\Windows\system32\WINMM.dll
0x742a0000 - 0x742af000 	C:\Windows\system32\samcli.dll
0x774e0000 - 0x7763c000 	C:\Windows\system32\ole32.dll
0x75e40000 - 0x75ecf000 	C:\Windows\system32\OLEAUT32.dll
0x73b70000 - 0x73b84000 	C:\Windows\system32\MSACM32.dll
0x75010000 - 0x75019000 	C:\Windows\system32\VERSION.dll
0x75ed0000 - 0x76b19000 	C:\Windows\system32\SHELL32.dll
0x6ef80000 - 0x6ef83000 	C:\Windows\system32\sfc.dll
0x6ef70000 - 0x6ef7d000 	C:\Windows\system32\sfc_os.DLL
0x75170000 - 0x75187000 	C:\Windows\system32\USERENV.dll
0x75b10000 - 0x75b1b000 	C:\Windows\system32\profapi.dll
0x74700000 - 0x74713000 	C:\Windows\system32\dwmapi.dll
0x77840000 - 0x779dd000 	C:\Windows\system32\SETUPAPI.dll
0x75cf0000 - 0x75d17000 	C:\Windows\system32\CFGMGR32.dll
0x75b90000 - 0x75ba2000 	C:\Windows\system32\DEVOBJ.dll
0x771c0000 - 0x772d0000 	C:\Windows\system32\urlmon.dll
0x75bb0000 - 0x75bdf000 	C:\Windows\system32\XmlLite.dll
0x77640000 - 0x77839000 	C:\Windows\system32\iertutil.dll
0x76f80000 - 0x77098000 	C:\Windows\system32\WININET.dll
0x77130000 - 0x77133000 	C:\Windows\system32\Normaliz.dll
0x6e460000 - 0x6e472000 	C:\Windows\system32\MPR.dll
0x76e90000 - 0x76eaf000 	C:\Windows\system32\IMM32.DLL
0x76eb0000 - 0x76f7c000 	C:\Windows\system32\MSCTF.dll
0x7c340000 - 0x7c396000 	C:\RepastSimphony-2.0-beta\eclipse\jre\bin\msvcr71.dll
0x6d7f0000 - 0x6da97000 	C:\RepastSimphony-2.0-beta\eclipse\jre\bin\client\jvm.dll
0x6d7a0000 - 0x6d7ac000 	C:\RepastSimphony-2.0-beta\eclipse\jre\bin\verify.dll
0x6d320000 - 0x6d33f000 	C:\RepastSimphony-2.0-beta\eclipse\jre\bin\java.dll
0x6d280000 - 0x6d288000 	C:\RepastSimphony-2.0-beta\eclipse\jre\bin\hpi.dll
0x774d0000 - 0x774d5000 	C:\Windows\system32\PSAPI.DLL
0x6d7e0000 - 0x6d7ef000 	C:\RepastSimphony-2.0-beta\eclipse\jre\bin\zip.dll
0x6d000000 - 0x6d14a000 	C:\RepastSimphony-2.0-beta\eclipse\jre\bin\awt.dll
0x70670000 - 0x706c1000 	C:\Windows\system32\WINSPOOL.DRV
0x74bb0000 - 0x74d4e000 	C:\Windows\WinSxS\x86_microsoft.windows.common-controls_6595b64144ccf1df_6.0.7600.16661_none_420fe3fa2b8113bd\COMCTL32.dll
0x75a90000 - 0x75a9c000 	C:\Windows\system32\CRYPTBASE.dll
0x6d230000 - 0x6d27f000 	C:\RepastSimphony-2.0-beta\eclipse\jre\bin\fontmanager.dll
0x6d600000 - 0x6d613000 	C:\RepastSimphony-2.0-beta\eclipse\jre\bin\net.dll
0x770a0000 - 0x770d5000 	C:\Windows\system32\WS2_32.dll
0x77c00000 - 0x77c06000 	C:\Windows\system32\NSI.dll
0x75550000 - 0x7558c000 	C:\Windows\system32\mswsock.dll
0x75540000 - 0x75546000 	C:\Windows\System32\wship6.dll
0x6d620000 - 0x6d629000 	C:\RepastSimphony-2.0-beta\eclipse\jre\bin\nio.dll
0x76e00000 - 0x76e83000 	C:\Windows\system32\CLBCatQ.DLL
0x75590000 - 0x755a6000 	C:\Windows\system32\CRYPTSP.dll
0x75330000 - 0x7536b000 	C:\Windows\system32\rsaenh.dll
0x73d40000 - 0x73d50000 	C:\Windows\system32\NLAapi.dll
0x75410000 - 0x75454000 	C:\Windows\system32\DNSAPI.dll
0x703a0000 - 0x703a8000 	C:\Windows\System32\winrnr.dll
0x70390000 - 0x703a0000 	C:\Windows\system32\napinsp.dll
0x70370000 - 0x70382000 	C:\Windows\system32\pnrpnsp.dll
0x70340000 - 0x70361000 	C:\Program Files\Bonjour\mdnsNSP.dll
0x738c0000 - 0x738dc000 	C:\Windows\system32\Iphlpapi.DLL
0x73a10000 - 0x73a17000 	C:\Windows\system32\WINNSI.DLL
0x750a0000 - 0x750a5000 	C:\Windows\System32\wshtcpip.dll
0x70330000 - 0x70336000 	C:\Windows\system32\rasadhlp.dll
0x721b0000 - 0x721e8000 	C:\Windows\System32\fwpuclnt.dll
0x27510000 - 0x2755d000 	C:\RepastSimphony-2.0-beta\eclipse\jre\bin\jogl.dll
0x64830000 - 0x648f8000 	C:\Windows\system32\OPENGL32.dll
0x68560000 - 0x68582000 	C:\Windows\system32\GLU32.dll
0x673a0000 - 0x67487000 	C:\Windows\system32\DDRAW.dll
0x6bec0000 - 0x6bec6000 	C:\Windows\system32\DCIMAN32.dll
0x6d350000 - 0x6d356000 	C:\RepastSimphony-2.0-beta\eclipse\jre\bin\jawt.dll
0x274a0000 - 0x274a5000 	C:\RepastSimphony-2.0-beta\eclipse\jre\bin\jogl_awt.dll
0x29250000 - 0x29642000 	C:\Windows\system32\ig4icd32.dll
0x29650000 - 0x298ea000 	C:\Windows\system32\ig4dev32.dll

VM Arguments:
jvm_args: -Xss10M -Xmx400M -Dfile.encoding=Cp1252 
java_command: repast.simphony.runtime.RepastMain C:\RepastSimphony-2.0-beta\workspace\followTheLeader/followTheLeader.rs
Launcher Type: SUN_STANDARD

Environment Variables:
CLASSPATH=.;C:\Program Files\Java\jre1.6.0\lib\ext\QTJava.zip
PATH=C:/RepastSimphony-2.0-beta/eclipse/jre/bin/client;C:/RepastSimphony-2.0-beta/eclipse/jre/bin;C:/RepastSimphony-2.0-beta/eclipse/jre/lib/i386;C:\WinAVR-20090313\bin;C:\WinAVR-20090313\utils\bin;C:\Windows\system32;C:\Windows;C:\Windows\System32\Wbem;C:\Windows\System32\WindowsPowerShell\v1.0\;C:\Program Files\MATLAB\R2010a\runtime\win32;C:\Program Files\MATLAB\R2010a\bin;C:\wamp\bin\php\php5.2.6;C:\wamp\www\framework;C:\Program Files\TortoiseSVN\bin;C:\Program Files\QuickTime\QTSystem\
USERNAME=RAAJ
OS=Windows_NT
PROCESSOR_IDENTIFIER=x86 Family 6 Model 15 Stepping 13, GenuineIntel



---------------  S Y S T E M  ---------------

OS: Windows 7 Build 7600 

CPU:total 2 (2 cores per cpu, 1 threads per core) family 6 model 15 stepping 13, cmov, cx8, fxsr, mmx, sse, sse2, sse3, ssse3

Memory: 4k page, physical 3135464k(1605704k free), swap 6269164k(4591796k free)

vm_info: Java HotSpot(TM) Client VM (17.1-b03) for windows-x86 JRE (1.6.0_22-b04), built on Sep 15 2010 00:56:36 by "java_re" with MS VC++ 7.1 (VS2003)

time: Fri Aug 12 12:55:44 2011
elapsed time: 172 seconds

