2011-08-18 00:52:40,143 - Velocimacro : messages on  : VM system will output logging messages
2011-08-18 00:52:40,143 - Velocimacro : autoload off  : VM system will not automatically reload global library macros
2011-08-18 00:52:40,143 - Velocimacro : initialization complete.
2011-08-18 00:52:40,143 - Velocity successfully started.
2011-08-18 00:56:36,919 - SimpleLog4JLogSystem initialized using logfile 'velocity.log'
2011-08-18 00:56:36,919 - ************************************************************** 
2011-08-18 00:56:36,919 - Starting Jakarta Velocity v1.4
2011-08-18 00:56:36,919 - RuntimeInstance initializing.
2011-08-18 00:56:36,919 - Default Properties File: org\apache\velocity\runtime\defaults\velocity.properties
2011-08-18 00:56:36,919 - Trying to use logger class org.apache.velocity.runtime.log.SimpleLog4JLogSystem
2011-08-18 00:56:36,919 - Using logger class org.apache.velocity.runtime.log.SimpleLog4JLogSystem
2011-08-18 00:56:36,929 - Default ResourceManager initializing. (class org.apache.velocity.runtime.resource.ResourceManagerImpl)
2011-08-18 00:56:36,939 - Resource Loader Instantiated: org.apache.velocity.runtime.resource.loader.ClasspathResourceLoader
2011-08-18 00:56:36,939 - ClasspathResourceLoader : initialization starting.
2011-08-18 00:56:36,939 - ClasspathResourceLoader : initialization complete.
2011-08-18 00:56:36,939 - ResourceCache : initialized. (class org.apache.velocity.runtime.resource.ResourceCacheImpl)
2011-08-18 00:56:36,939 - Default ResourceManager initialization complete.
2011-08-18 00:56:36,949 - Loaded System Directive: org.apache.velocity.runtime.directive.Literal
2011-08-18 00:56:36,949 - Loaded System Directive: org.apache.velocity.runtime.directive.Macro
2011-08-18 00:56:36,969 - Loaded System Directive: org.apache.velocity.runtime.directive.Parse
2011-08-18 00:56:36,969 - Loaded System Directive: org.apache.velocity.runtime.directive.Include
2011-08-18 00:56:36,969 - Loaded System Directive: org.apache.velocity.runtime.directive.Foreach
2011-08-18 00:56:37,049 - Created: 20 parsers.
2011-08-18 00:56:37,079 - Velocimacro : initialization starting.
2011-08-18 00:56:37,079 - Velocimacro : adding VMs from VM library template : VM_global_library.vm
2011-08-18 00:56:37,089 - ResourceManager : unable to find resource 'VM_global_library.vm' in any resource loader.
2011-08-18 00:56:37,089 - Velocimacro : error using  VM library template VM_global_library.vm : org.apache.velocity.exception.ResourceNotFoundException: Unable to find resource 'VM_global_library.vm'
2011-08-18 00:56:37,089 - Velocimacro :  VM library template macro registration complete.
2011-08-18 00:56:37,089 - Velocimacro : allowInline = true : VMs can be defined inline in templates
2011-08-18 00:56:37,089 - Velocimacro : allowInlineToOverride = false : VMs defined inline may NOT replace previous VM definitions
2011-08-18 00:56:37,089 - Velocimacro : allowInlineLocal = false : VMs defined inline will be  global in scope if allowed.
2011-08-18 00:56:37,089 - Velocimacro : messages on  : VM system will output logging messages
2011-08-18 00:56:37,089 - Velocimacro : autoload off  : VM system will not automatically reload global library macros
2011-08-18 00:56:37,089 - Velocimacro : initialization complete.
2011-08-18 00:56:37,089 - Velocity successfully started.
2011-08-18 00:59:09,916 - SimpleLog4JLogSystem initialized using logfile 'velocity.log'
2011-08-18 00:59:09,926 - ************************************************************** 
2011-08-18 00:59:09,926 - Starting Jakarta Velocity v1.4
2011-08-18 00:59:09,926 - RuntimeInstance initializing.
2011-08-18 00:59:09,926 - Default Properties File: org\apache\velocity\runtime\defaults\velocity.properties
2011-08-18 00:59:09,926 - Trying to use logger class org.apache.velocity.runtime.log.SimpleLog4JLogSystem
2011-08-18 00:59:09,926 - Using logger class org.apache.velocity.runtime.log.SimpleLog4JLogSystem
2011-08-18 00:59:09,926 - Default ResourceManager initializing. (class org.apache.velocity.runtime.resource.ResourceManagerImpl)
2011-08-18 00:59:09,946 - Resource Loader Instantiated: org.apache.velocity.runtime.resource.loader.ClasspathResourceLoader
2011-08-18 00:59:09,946 - ClasspathResourceLoader : initialization starting.
2011-08-18 00:59:09,946 - ClasspathResourceLoader : initialization complete.
2011-08-18 00:59:09,946 - ResourceCache : initialized. (class org.apache.velocity.runtime.resource.ResourceCacheImpl)
2011-08-18 00:59:09,946 - Default ResourceManager initialization complete.
2011-08-18 00:59:09,956 - Loaded System Directive: org.apache.velocity.runtime.directive.Literal
2011-08-18 00:59:09,956 - Loaded System Directive: org.apache.velocity.runtime.directive.Macro
2011-08-18 00:59:09,966 - Loaded System Directive: org.apache.velocity.runtime.directive.Parse
2011-08-18 00:59:09,976 - Loaded System Directive: org.apache.velocity.runtime.directive.Include
2011-08-18 00:59:09,976 - Loaded System Directive: org.apache.velocity.runtime.directive.Foreach
2011-08-18 00:59:10,056 - Created: 20 parsers.
2011-08-18 00:59:10,086 - Velocimacro : initialization starting.
2011-08-18 00:59:10,086 - Velocimacro : adding VMs from VM library template : VM_global_library.vm
2011-08-18 00:59:10,096 - ResourceManager : unable to find resource 'VM_global_library.vm' in any resource loader.
2011-08-18 00:59:10,096 - Velocimacro : error using  VM library template VM_global_library.vm : org.apache.velocity.exception.ResourceNotFoundException: Unable to find resource 'VM_global_library.vm'
2011-08-18 00:59:10,096 - Velocimacro :  VM library template macro registration complete.
2011-08-18 00:59:10,096 - Velocimacro : allowInline = true : VMs can be defined inline in templates
2011-08-18 00:59:10,096 - Velocimacro : allowInlineToOverride = false : VMs defined inline may NOT replace previous VM definitions
2011-08-18 00:59:10,096 - Velocimacro : allowInlineLocal = false : VMs defined inline will be  global in scope if allowed.
2011-08-18 00:59:10,096 - Velocimacro : messages on  : VM system will output logging messages
2011-08-18 00:59:10,096 - Velocimacro : autoload off  : VM system will not automatically reload global library macros
2011-08-18 00:59:10,096 - Velocimacro : initialization complete.
2011-08-18 00:59:10,096 - Velocity successfully started.
2011-08-18 02:41:28,356 - SimpleLog4JLogSystem initialized using logfile 'velocity.log'
2011-08-18 02:41:28,356 - ************************************************************** 
2011-08-18 02:41:28,356 - Starting Jakarta Velocity v1.4
2011-08-18 02:41:28,356 - RuntimeInstance initializing.
2011-08-18 02:41:28,356 - Default Properties File: org\apache\velocity\runtime\defaults\velocity.properties
2011-08-18 02:41:28,356 - Trying to use logger class org.apache.velocity.runtime.log.SimpleLog4JLogSystem
2011-08-18 02:41:28,356 - Using logger class org.apache.velocity.runtime.log.SimpleLog4JLogSystem
2011-08-18 02:41:28,366 - Default ResourceManager initializing. (class org.apache.velocity.runtime.resource.ResourceManagerImpl)
2011-08-18 02:41:28,376 - Resource Loader Instantiated: org.apache.velocity.runtime.resource.loader.ClasspathResourceLoader
2011-08-18 02:41:28,376 - ClasspathResourceLoader : initialization starting.
2011-08-18 02:41:28,376 - ClasspathResourceLoader : initialization complete.
2011-08-18 02:41:28,386 - ResourceCache : initialized. (class org.apache.velocity.runtime.resource.ResourceCacheImpl)
2011-08-18 02:41:28,386 - Default ResourceManager initialization complete.
2011-08-18 02:41:28,386 - Loaded System Directive: org.apache.velocity.runtime.directive.Literal
2011-08-18 02:41:28,396 - Loaded System Directive: org.apache.velocity.runtime.directive.Macro
2011-08-18 02:41:28,406 - Loaded System Directive: org.apache.velocity.runtime.directive.Parse
2011-08-18 02:41:28,416 - Loaded System Directive: org.apache.velocity.runtime.directive.Include
2011-08-18 02:41:28,416 - Loaded System Directive: org.apache.velocity.runtime.directive.Foreach
2011-08-18 02:41:28,486 - Created: 20 parsers.
2011-08-18 02:41:28,516 - Velocimacro : initialization starting.
2011-08-18 02:41:28,516 - Velocimacro : adding VMs from VM library template : VM_global_library.vm
2011-08-18 02:41:28,536 - ResourceManager : unable to find resource 'VM_global_library.vm' in any resource loader.
2011-08-18 02:41:28,536 - Velocimacro : error using  VM library template VM_global_library.vm : org.apache.velocity.exception.ResourceNotFoundException: Unable to find resource 'VM_global_library.vm'
2011-08-18 02:41:28,536 - Velocimacro :  VM library template macro registration complete.
2011-08-18 02:41:28,536 - Velocimacro : allowInline = true : VMs can be defined inline in templates
2011-08-18 02:41:28,536 - Velocimacro : allowInlineToOverride = false : VMs defined inline may NOT replace previous VM definitions
2011-08-18 02:41:28,536 - Velocimacro : allowInlineLocal = false : VMs defined inline will be  global in scope if allowed.
2011-08-18 02:41:28,536 - Velocimacro : messages on  : VM system will output logging messages
2011-08-18 02:41:28,536 - Velocimacro : autoload off  : VM system will not automatically reload global library macros
2011-08-18 02:41:28,536 - Velocimacro : initialization complete.
2011-08-18 02:41:28,536 - Velocity successfully started.
2011-08-18 02:44:36,236 - ResourceManager : found repast/simphony/scenario/Scenario.vt with loader org.apache.velocity.runtime.resource.loader.ClasspathResourceLoader
2011-08-18 02:44:36,296 - ResourceManager : found repast/simphony/parameter/parameters.vt with loader org.apache.velocity.runtime.resource.loader.ClasspathResourceLoader
2011-08-18 02:48:42,789 - SimpleLog4JLogSystem initialized using logfile 'velocity.log'
2011-08-18 02:48:42,789 - ************************************************************** 
2011-08-18 02:48:42,789 - Starting Jakarta Velocity v1.4
2011-08-18 02:48:42,789 - RuntimeInstance initializing.
2011-08-18 02:48:42,789 - Default Properties File: org\apache\velocity\runtime\defaults\velocity.properties
2011-08-18 02:48:42,789 - Trying to use logger class org.apache.velocity.runtime.log.SimpleLog4JLogSystem
2011-08-18 02:48:42,789 - Using logger class org.apache.velocity.runtime.log.SimpleLog4JLogSystem
2011-08-18 02:48:42,799 - Default ResourceManager initializing. (class org.apache.velocity.runtime.resource.ResourceManagerImpl)
2011-08-18 02:48:42,809 - Resource Loader Instantiated: org.apache.velocity.runtime.resource.loader.ClasspathResourceLoader
2011-08-18 02:48:42,809 - ClasspathResourceLoader : initialization starting.
2011-08-18 02:48:42,809 - ClasspathResourceLoader : initialization complete.
2011-08-18 02:48:42,819 - ResourceCache : initialized. (class org.apache.velocity.runtime.resource.ResourceCacheImpl)
2011-08-18 02:48:42,819 - Default ResourceManager initialization complete.
2011-08-18 02:48:42,819 - Loaded System Directive: org.apache.velocity.runtime.directive.Literal
2011-08-18 02:48:42,829 - Loaded System Directive: org.apache.velocity.runtime.directive.Macro
2011-08-18 02:48:42,839 - Loaded System Directive: org.apache.velocity.runtime.directive.Parse
2011-08-18 02:48:42,849 - Loaded System Directive: org.apache.velocity.runtime.directive.Include
2011-08-18 02:48:42,849 - Loaded System Directive: org.apache.velocity.runtime.directive.Foreach
2011-08-18 02:48:42,919 - Created: 20 parsers.
2011-08-18 02:48:42,949 - Velocimacro : initialization starting.
2011-08-18 02:48:42,949 - Velocimacro : adding VMs from VM library template : VM_global_library.vm
2011-08-18 02:48:42,959 - ResourceManager : unable to find resource 'VM_global_library.vm' in any resource loader.
2011-08-18 02:48:42,959 - Velocimacro : error using  VM library template VM_global_library.vm : org.apache.velocity.exception.ResourceNotFoundException: Unable to find resource 'VM_global_library.vm'
2011-08-18 02:48:42,959 - Velocimacro :  VM library template macro registration complete.
2011-08-18 02:48:42,959 - Velocimacro : allowInline = true : VMs can be defined inline in templates
2011-08-18 02:48:42,959 - Velocimacro : allowInlineToOverride = false : VMs defined inline may NOT replace previous VM definitions
2011-08-18 02:48:42,959 - Velocimacro : allowInlineLocal = false : VMs defined inline will be  global in scope if allowed.
2011-08-18 02:48:42,959 - Velocimacro : messages on  : VM system will output logging messages
2011-08-18 02:48:42,959 - Velocimacro : autoload off  : VM system will not automatically reload global library macros
2011-08-18 02:48:42,959 - Velocimacro : initialization complete.
2011-08-18 02:48:42,959 - Velocity successfully started.
2011-08-18 02:49:00,121 - SimpleLog4JLogSystem initialized using logfile 'velocity.log'
2011-08-18 02:49:00,121 - ************************************************************** 
2011-08-18 02:49:00,121 - Starting Jakarta Velocity v1.4
2011-08-18 02:49:00,121 - RuntimeInstance initializing.
2011-08-18 02:49:00,121 - Default Properties File: org\apache\velocity\runtime\defaults\velocity.properties
2011-08-18 02:49:00,121 - Trying to use logger class org.apache.velocity.runtime.log.SimpleLog4JLogSystem
2011-08-18 02:49:00,121 - Using logger class org.apache.velocity.runtime.log.SimpleLog4JLogSystem
2011-08-18 02:49:00,131 - Default ResourceManager initializing. (class org.apache.velocity.runtime.resource.ResourceManagerImpl)
2011-08-18 02:49:00,141 - Resource Loader Instantiated: org.apache.velocity.runtime.resource.loader.ClasspathResourceLoader
2011-08-18 02:49:00,141 - ClasspathResourceLoader : initialization starting.
2011-08-18 02:49:00,141 - ClasspathResourceLoader : initialization complete.
2011-08-18 02:49:00,151 - ResourceCache : initialized. (class org.apache.velocity.runtime.resource.ResourceCacheImpl)
2011-08-18 02:49:00,151 - Default ResourceManager initialization complete.
2011-08-18 02:49:00,151 - Loaded System Directive: org.apache.velocity.runtime.directive.Literal
2011-08-18 02:49:00,161 - Loaded System Directive: org.apache.velocity.runtime.directive.Macro
2011-08-18 02:49:00,171 - Loaded System Directive: org.apache.velocity.runtime.directive.Parse
2011-08-18 02:49:00,171 - Loaded System Directive: org.apache.velocity.runtime.directive.Include
2011-08-18 02:49:00,181 - Loaded System Directive: org.apache.velocity.runtime.directive.Foreach
2011-08-18 02:49:00,251 - Created: 20 parsers.
2011-08-18 02:49:00,281 - Velocimacro : initialization starting.
2011-08-18 02:49:00,281 - Velocimacro : adding VMs from VM library template : VM_global_library.vm
2011-08-18 02:49:00,301 - ResourceManager : unable to find resource 'VM_global_library.vm' in any resource loader.
2011-08-18 02:49:00,301 - Velocimacro : error using  VM library template VM_global_library.vm : org.apache.velocity.exception.ResourceNotFoundException: Unable to find resource 'VM_global_library.vm'
2011-08-18 02:49:00,301 - Velocimacro :  VM library template macro registration complete.
2011-08-18 02:49:00,301 - Velocimacro : allowInline = true : VMs can be defined inline in templates
2011-08-18 02:49:00,301 - Velocimacro : allowInlineToOverride = false : VMs defined inline may NOT replace previous VM definitions
2011-08-18 02:49:00,301 - Velocimacro : allowInlineLocal = false : VMs defined inline will be  global in scope if allowed.
2011-08-18 02:49:00,301 - Velocimacro : messages on  : VM system will output logging messages
2011-08-18 02:49:00,301 - Velocimacro : autoload off  : VM system will not automatically reload global library macros
2011-08-18 02:49:00,301 - Velocimacro : initialization complete.
2011-08-18 02:49:00,301 - Velocity successfully started.
2011-08-18 02:50:15,964 - SimpleLog4JLogSystem initialized using logfile 'velocity.log'
2011-08-18 02:50:15,964 - ************************************************************** 
2011-08-18 02:50:15,964 - Starting Jakarta Velocity v1.4
2011-08-18 02:50:15,964 - RuntimeInstance initializing.
2011-08-18 02:50:15,964 - Default Properties File: org\apache\velocity\runtime\defaults\velocity.properties
2011-08-18 02:50:15,964 - Trying to use logger class org.apache.velocity.runtime.log.SimpleLog4JLogSystem
2011-08-18 02:50:15,964 - Using logger class org.apache.velocity.runtime.log.SimpleLog4JLogSystem
2011-08-18 02:50:15,974 - Default ResourceManager initializing. (class org.apache.velocity.runtime.resource.ResourceManagerImpl)
2011-08-18 02:50:15,994 - Resource Loader Instantiated: org.apache.velocity.runtime.resource.loader.ClasspathResourceLoader
2011-08-18 02:50:15,994 - ClasspathResourceLoader : initialization starting.
2011-08-18 02:50:15,994 - ClasspathResourceLoader : initialization complete.
2011-08-18 02:50:15,994 - ResourceCache : initialized. (class org.apache.velocity.runtime.resource.ResourceCacheImpl)
2011-08-18 02:50:15,994 - Default ResourceManager initialization complete.
2011-08-18 02:50:16,004 - Loaded System Directive: org.apache.velocity.runtime.directive.Literal
2011-08-18 02:50:16,004 - Loaded System Directive: org.apache.velocity.runtime.directive.Macro
2011-08-18 02:50:16,014 - Loaded System Directive: org.apache.velocity.runtime.directive.Parse
2011-08-18 02:50:16,024 - Loaded System Directive: org.apache.velocity.runtime.directive.Include
2011-08-18 02:50:16,024 - Loaded System Directive: org.apache.velocity.runtime.directive.Foreach
2011-08-18 02:50:16,104 - Created: 20 parsers.
2011-08-18 02:50:16,134 - Velocimacro : initialization starting.
2011-08-18 02:50:16,134 - Velocimacro : adding VMs from VM library template : VM_global_library.vm
2011-08-18 02:50:16,144 - ResourceManager : unable to find resource 'VM_global_library.vm' in any resource loader.
2011-08-18 02:50:16,144 - Velocimacro : error using  VM library template VM_global_library.vm : org.apache.velocity.exception.ResourceNotFoundException: Unable to find resource 'VM_global_library.vm'
2011-08-18 02:50:16,144 - Velocimacro :  VM library template macro registration complete.
2011-08-18 02:50:16,144 - Velocimacro : allowInline = true : VMs can be defined inline in templates
2011-08-18 02:50:16,144 - Velocimacro : allowInlineToOverride = false : VMs defined inline may NOT replace previous VM definitions
2011-08-18 02:50:16,144 - Velocimacro : allowInlineLocal = false : VMs defined inline will be  global in scope if allowed.
2011-08-18 02:50:16,144 - Velocimacro : messages on  : VM system will output logging messages
2011-08-18 02:50:16,144 - Velocimacro : autoload off  : VM system will not automatically reload global library macros
2011-08-18 02:50:16,144 - Velocimacro : initialization complete.
2011-08-18 02:50:16,144 - Velocity successfully started.
2011-08-18 02:50:37,706 - SimpleLog4JLogSystem initialized using logfile 'velocity.log'
2011-08-18 02:50:37,706 - ************************************************************** 
2011-08-18 02:50:37,706 - Starting Jakarta Velocity v1.4
2011-08-18 02:50:37,706 - RuntimeInstance initializing.
2011-08-18 02:50:37,706 - Default Properties File: org\apache\velocity\runtime\defaults\velocity.properties
2011-08-18 02:50:37,706 - Trying to use logger class org.apache.velocity.runtime.log.SimpleLog4JLogSystem
2011-08-18 02:50:37,706 - Using logger class org.apache.velocity.runtime.log.SimpleLog4JLogSystem
2011-08-18 02:50:37,716 - Default ResourceManager initializing. (class org.apache.velocity.runtime.resource.ResourceManagerImpl)
2011-08-18 02:50:37,726 - Resource Loader Instantiated: org.apache.velocity.runtime.resource.loader.ClasspathResourceLoader
2011-08-18 02:50:37,726 - ClasspathResourceLoader : initialization starting.
2011-08-18 02:50:37,726 - ClasspathResourceLoader : initialization complete.
2011-08-18 02:50:37,726 - ResourceCache : initialized. (class org.apache.velocity.runtime.resource.ResourceCacheImpl)
2011-08-18 02:50:37,726 - Default ResourceManager initialization complete.
2011-08-18 02:50:37,736 - Loaded System Directive: org.apache.velocity.runtime.directive.Literal
2011-08-18 02:50:37,746 - Loaded System Directive: org.apache.velocity.runtime.directive.Macro
2011-08-18 02:50:37,756 - Loaded System Directive: org.apache.velocity.runtime.directive.Parse
2011-08-18 02:50:37,756 - Loaded System Directive: org.apache.velocity.runtime.directive.Include
2011-08-18 02:50:37,766 - Loaded System Directive: org.apache.velocity.runtime.directive.Foreach
2011-08-18 02:50:37,836 - Created: 20 parsers.
2011-08-18 02:50:37,866 - Velocimacro : initialization starting.
2011-08-18 02:50:37,866 - Velocimacro : adding VMs from VM library template : VM_global_library.vm
2011-08-18 02:50:37,876 - ResourceManager : unable to find resource 'VM_global_library.vm' in any resource loader.
2011-08-18 02:50:37,876 - Velocimacro : error using  VM library template VM_global_library.vm : org.apache.velocity.exception.ResourceNotFoundException: Unable to find resource 'VM_global_library.vm'
2011-08-18 02:50:37,876 - Velocimacro :  VM library template macro registration complete.
2011-08-18 02:50:37,876 - Velocimacro : allowInline = true : VMs can be defined inline in templates
2011-08-18 02:50:37,876 - Velocimacro : allowInlineToOverride = false : VMs defined inline may NOT replace previous VM definitions
2011-08-18 02:50:37,876 - Velocimacro : allowInlineLocal = false : VMs defined inline will be  global in scope if allowed.
2011-08-18 02:50:37,876 - Velocimacro : messages on  : VM system will output logging messages
2011-08-18 02:50:37,876 - Velocimacro : autoload off  : VM system will not automatically reload global library macros
2011-08-18 02:50:37,876 - Velocimacro : initialization complete.
2011-08-18 02:50:37,876 - Velocity successfully started.
2011-08-18 03:07:41,541 - SimpleLog4JLogSystem initialized using logfile 'velocity.log'
2011-08-18 03:07:41,541 - ************************************************************** 
2011-08-18 03:07:41,541 - Starting Jakarta Velocity v1.4
2011-08-18 03:07:41,541 - RuntimeInstance initializing.
2011-08-18 03:07:41,541 - Default Properties File: org\apache\velocity\runtime\defaults\velocity.properties
2011-08-18 03:07:41,541 - Trying to use logger class org.apache.velocity.runtime.log.SimpleLog4JLogSystem
2011-08-18 03:07:41,541 - Using logger class org.apache.velocity.runtime.log.SimpleLog4JLogSystem
2011-08-18 03:07:41,551 - Default ResourceManager initializing. (class org.apache.velocity.runtime.resource.ResourceManagerImpl)
2011-08-18 03:07:41,561 - Resource Loader Instantiated: org.apache.velocity.runtime.resource.loader.ClasspathResourceLoader
2011-08-18 03:07:41,561 - ClasspathResourceLoader : initialization starting.
2011-08-18 03:07:41,561 - ClasspathResourceLoader : initialization complete.
2011-08-18 03:07:41,561 - ResourceCache : initialized. (class org.apache.velocity.runtime.resource.ResourceCacheImpl)
2011-08-18 03:07:41,561 - Default ResourceManager initialization complete.
2011-08-18 03:07:41,571 - Loaded System Directive: org.apache.velocity.runtime.directive.Literal
2011-08-18 03:07:41,581 - Loaded System Directive: org.apache.velocity.runtime.directive.Macro
2011-08-18 03:07:41,591 - Loaded System Directive: org.apache.velocity.runtime.directive.Parse
2011-08-18 03:07:41,591 - Loaded System Directive: org.apache.velocity.runtime.directive.Include
2011-08-18 03:07:41,601 - Loaded System Directive: org.apache.velocity.runtime.directive.Foreach
2011-08-18 03:07:41,671 - Created: 20 parsers.
2011-08-18 03:07:41,701 - Velocimacro : initialization starting.
2011-08-18 03:07:41,701 - Velocimacro : adding VMs from VM library template : VM_global_library.vm
2011-08-18 03:07:41,711 - ResourceManager : unable to find resource 'VM_global_library.vm' in any resource loader.
2011-08-18 03:07:41,711 - Velocimacro : error using  VM library template VM_global_library.vm : org.apache.velocity.exception.ResourceNotFoundException: Unable to find resource 'VM_global_library.vm'
2011-08-18 03:07:41,711 - Velocimacro :  VM library template macro registration complete.
2011-08-18 03:07:41,711 - Velocimacro : allowInline = true : VMs can be defined inline in templates
2011-08-18 03:07:41,711 - Velocimacro : allowInlineToOverride = false : VMs defined inline may NOT replace previous VM definitions
2011-08-18 03:07:41,711 - Velocimacro : allowInlineLocal = false : VMs defined inline will be  global in scope if allowed.
2011-08-18 03:07:41,711 - Velocimacro : messages on  : VM system will output logging messages
2011-08-18 03:07:41,711 - Velocimacro : autoload off  : VM system will not automatically reload global library macros
2011-08-18 03:07:41,711 - Velocimacro : initialization complete.
2011-08-18 03:07:41,711 - Velocity successfully started.
2011-08-18 03:08:13,072 - SimpleLog4JLogSystem initialized using logfile 'velocity.log'
2011-08-18 03:08:13,072 - ************************************************************** 
2011-08-18 03:08:13,072 - Starting Jakarta Velocity v1.4
2011-08-18 03:08:13,072 - RuntimeInstance initializing.
2011-08-18 03:08:13,072 - Default Properties File: org\apache\velocity\runtime\defaults\velocity.properties
2011-08-18 03:08:13,072 - Trying to use logger class org.apache.velocity.runtime.log.SimpleLog4JLogSystem
2011-08-18 03:08:13,072 - Using logger class org.apache.velocity.runtime.log.SimpleLog4JLogSystem
2011-08-18 03:08:13,082 - Default ResourceManager initializing. (class org.apache.velocity.runtime.resource.ResourceManagerImpl)
2011-08-18 03:08:13,092 - Resource Loader Instantiated: org.apache.velocity.runtime.resource.loader.ClasspathResourceLoader
2011-08-18 03:08:13,092 - ClasspathResourceLoader : initialization starting.
2011-08-18 03:08:13,092 - ClasspathResourceLoader : initialization complete.
2011-08-18 03:08:13,102 - ResourceCache : initialized. (class org.apache.velocity.runtime.resource.ResourceCacheImpl)
2011-08-18 03:08:13,102 - Default ResourceManager initialization complete.
2011-08-18 03:08:13,102 - Loaded System Directive: org.apache.velocity.runtime.directive.Literal
2011-08-18 03:08:13,112 - Loaded System Directive: org.apache.velocity.runtime.directive.Macro
2011-08-18 03:08:13,122 - Loaded System Directive: org.apache.velocity.runtime.directive.Parse
2011-08-18 03:08:13,122 - Loaded System Directive: org.apache.velocity.runtime.directive.Include
2011-08-18 03:08:13,132 - Loaded System Directive: org.apache.velocity.runtime.directive.Foreach
2011-08-18 03:08:13,202 - Created: 20 parsers.
2011-08-18 03:08:13,232 - Velocimacro : initialization starting.
2011-08-18 03:08:13,232 - Velocimacro : adding VMs from VM library template : VM_global_library.vm
2011-08-18 03:08:13,242 - ResourceManager : unable to find resource 'VM_global_library.vm' in any resource loader.
2011-08-18 03:08:13,242 - Velocimacro : error using  VM library template VM_global_library.vm : org.apache.velocity.exception.ResourceNotFoundException: Unable to find resource 'VM_global_library.vm'
2011-08-18 03:08:13,242 - Velocimacro :  VM library template macro registration complete.
2011-08-18 03:08:13,242 - Velocimacro : allowInline = true : VMs can be defined inline in templates
2011-08-18 03:08:13,242 - Velocimacro : allowInlineToOverride = false : VMs defined inline may NOT replace previous VM definitions
2011-08-18 03:08:13,242 - Velocimacro : allowInlineLocal = false : VMs defined inline will be  global in scope if allowed.
2011-08-18 03:08:13,242 - Velocimacro : messages on  : VM system will output logging messages
2011-08-18 03:08:13,242 - Velocimacro : autoload off  : VM system will not automatically reload global library macros
2011-08-18 03:08:13,242 - Velocimacro : initialization complete.
2011-08-18 03:08:13,242 - Velocity successfully started.
2011-08-18 11:30:18,525 - SimpleLog4JLogSystem initialized using logfile 'velocity.log'
2011-08-18 11:30:18,545 - ************************************************************** 
2011-08-18 11:30:18,545 - Starting Jakarta Velocity v1.4
2011-08-18 11:30:18,545 - RuntimeInstance initializing.
2011-08-18 11:30:18,545 - Default Properties File: org\apache\velocity\runtime\defaults\velocity.properties
2011-08-18 11:30:18,545 - Trying to use logger class org.apache.velocity.runtime.log.SimpleLog4JLogSystem
2011-08-18 11:30:18,545 - Using logger class org.apache.velocity.runtime.log.SimpleLog4JLogSystem
2011-08-18 11:30:18,555 - Default ResourceManager initializing. (class org.apache.velocity.runtime.resource.ResourceManagerImpl)
2011-08-18 11:30:18,565 - Resource Loader Instantiated: org.apache.velocity.runtime.resource.loader.ClasspathResourceLoader
2011-08-18 11:30:18,565 - ClasspathResourceLoader : initialization starting.
2011-08-18 11:30:18,565 - ClasspathResourceLoader : initialization complete.
2011-08-18 11:30:18,565 - ResourceCache : initialized. (class org.apache.velocity.runtime.resource.ResourceCacheImpl)
2011-08-18 11:30:18,565 - Default ResourceManager initialization complete.
2011-08-18 11:30:18,575 - Loaded System Directive: org.apache.velocity.runtime.directive.Literal
2011-08-18 11:30:18,585 - Loaded System Directive: org.apache.velocity.runtime.directive.Macro
2011-08-18 11:30:18,595 - Loaded System Directive: org.apache.velocity.runtime.directive.Parse
2011-08-18 11:30:18,605 - Loaded System Directive: org.apache.velocity.runtime.directive.Include
2011-08-18 11:30:18,605 - Loaded System Directive: org.apache.velocity.runtime.directive.Foreach
2011-08-18 11:30:18,685 - Created: 20 parsers.
2011-08-18 11:30:18,715 - Velocimacro : initialization starting.
2011-08-18 11:30:18,715 - Velocimacro : adding VMs from VM library template : VM_global_library.vm
2011-08-18 11:30:18,725 - ResourceManager : unable to find resource 'VM_global_library.vm' in any resource loader.
2011-08-18 11:30:18,725 - Velocimacro : error using  VM library template VM_global_library.vm : org.apache.velocity.exception.ResourceNotFoundException: Unable to find resource 'VM_global_library.vm'
2011-08-18 11:30:18,725 - Velocimacro :  VM library template macro registration complete.
2011-08-18 11:30:18,725 - Velocimacro : allowInline = true : VMs can be defined inline in templates
2011-08-18 11:30:18,725 - Velocimacro : allowInlineToOverride = false : VMs defined inline may NOT replace previous VM definitions
2011-08-18 11:30:18,725 - Velocimacro : allowInlineLocal = false : VMs defined inline will be  global in scope if allowed.
2011-08-18 11:30:18,725 - Velocimacro : messages on  : VM system will output logging messages
2011-08-18 11:30:18,725 - Velocimacro : autoload off  : VM system will not automatically reload global library macros
2011-08-18 11:30:18,725 - Velocimacro : initialization complete.
2011-08-18 11:30:18,725 - Velocity successfully started.
2011-08-18 11:33:28,786 - SimpleLog4JLogSystem initialized using logfile 'velocity.log'
2011-08-18 11:33:28,786 - ************************************************************** 
2011-08-18 11:33:28,786 - Starting Jakarta Velocity v1.4
2011-08-18 11:33:28,786 - RuntimeInstance initializing.
2011-08-18 11:33:28,786 - Default Properties File: org\apache\velocity\runtime\defaults\velocity.properties
2011-08-18 11:33:28,786 - Trying to use logger class org.apache.velocity.runtime.log.SimpleLog4JLogSystem
2011-08-18 11:33:28,786 - Using logger class org.apache.velocity.runtime.log.SimpleLog4JLogSystem
2011-08-18 11:33:28,796 - Default ResourceManager initializing. (class org.apache.velocity.runtime.resource.ResourceManagerImpl)
2011-08-18 11:33:28,806 - Resource Loader Instantiated: org.apache.velocity.runtime.resource.loader.ClasspathResourceLoader
2011-08-18 11:33:28,806 - ClasspathResourceLoader : initialization starting.
2011-08-18 11:33:28,806 - ClasspathResourceLoader : initialization complete.
2011-08-18 11:33:28,816 - ResourceCache : initialized. (class org.apache.velocity.runtime.resource.ResourceCacheImpl)
2011-08-18 11:33:28,816 - Default ResourceManager initialization complete.
2011-08-18 11:33:28,816 - Loaded System Directive: org.apache.velocity.runtime.directive.Literal
2011-08-18 11:33:28,826 - Loaded System Directive: org.apache.velocity.runtime.directive.Macro
2011-08-18 11:33:28,836 - Loaded System Directive: org.apache.velocity.runtime.directive.Parse
2011-08-18 11:33:28,846 - Loaded System Directive: org.apache.velocity.runtime.directive.Include
2011-08-18 11:33:28,846 - Loaded System Directive: org.apache.velocity.runtime.directive.Foreach
2011-08-18 11:33:28,916 - Created: 20 parsers.
2011-08-18 11:33:28,946 - Velocimacro : initialization starting.
2011-08-18 11:33:28,946 - Velocimacro : adding VMs from VM library template : VM_global_library.vm
2011-08-18 11:33:28,956 - ResourceManager : unable to find resource 'VM_global_library.vm' in any resource loader.
2011-08-18 11:33:28,966 - Velocimacro : error using  VM library template VM_global_library.vm : org.apache.velocity.exception.ResourceNotFoundException: Unable to find resource 'VM_global_library.vm'
2011-08-18 11:33:28,966 - Velocimacro :  VM library template macro registration complete.
2011-08-18 11:33:28,966 - Velocimacro : allowInline = true : VMs can be defined inline in templates
2011-08-18 11:33:28,966 - Velocimacro : allowInlineToOverride = false : VMs defined inline may NOT replace previous VM definitions
2011-08-18 11:33:28,966 - Velocimacro : allowInlineLocal = false : VMs defined inline will be  global in scope if allowed.
2011-08-18 11:33:28,966 - Velocimacro : messages on  : VM system will output logging messages
2011-08-18 11:33:28,966 - Velocimacro : autoload off  : VM system will not automatically reload global library macros
2011-08-18 11:33:28,966 - Velocimacro : initialization complete.
2011-08-18 11:33:28,966 - Velocity successfully started.
2011-08-18 11:33:55,667 - SimpleLog4JLogSystem initialized using logfile 'velocity.log'
2011-08-18 11:33:55,667 - ************************************************************** 
2011-08-18 11:33:55,667 - Starting Jakarta Velocity v1.4
2011-08-18 11:33:55,667 - RuntimeInstance initializing.
2011-08-18 11:33:55,667 - Default Properties File: org\apache\velocity\runtime\defaults\velocity.properties
2011-08-18 11:33:55,667 - Trying to use logger class org.apache.velocity.runtime.log.SimpleLog4JLogSystem
2011-08-18 11:33:55,667 - Using logger class org.apache.velocity.runtime.log.SimpleLog4JLogSystem
2011-08-18 11:33:55,677 - Default ResourceManager initializing. (class org.apache.velocity.runtime.resource.ResourceManagerImpl)
2011-08-18 11:33:55,687 - Resource Loader Instantiated: org.apache.velocity.runtime.resource.loader.ClasspathResourceLoader
2011-08-18 11:33:55,687 - ClasspathResourceLoader : initialization starting.
2011-08-18 11:33:55,687 - ClasspathResourceLoader : initialization complete.
2011-08-18 11:33:55,697 - ResourceCache : initialized. (class org.apache.velocity.runtime.resource.ResourceCacheImpl)
2011-08-18 11:33:55,697 - Default ResourceManager initialization complete.
2011-08-18 11:33:55,697 - Loaded System Directive: org.apache.velocity.runtime.directive.Literal
2011-08-18 11:33:55,707 - Loaded System Directive: org.apache.velocity.runtime.directive.Macro
2011-08-18 11:33:55,717 - Loaded System Directive: org.apache.velocity.runtime.directive.Parse
2011-08-18 11:33:55,727 - Loaded System Directive: org.apache.velocity.runtime.directive.Include
2011-08-18 11:33:55,727 - Loaded System Directive: org.apache.velocity.runtime.directive.Foreach
2011-08-18 11:33:55,807 - Created: 20 parsers.
2011-08-18 11:33:55,837 - Velocimacro : initialization starting.
2011-08-18 11:33:55,837 - Velocimacro : adding VMs from VM library template : VM_global_library.vm
2011-08-18 11:33:55,847 - ResourceManager : unable to find resource 'VM_global_library.vm' in any resource loader.
2011-08-18 11:33:55,847 - Velocimacro : error using  VM library template VM_global_library.vm : org.apache.velocity.exception.ResourceNotFoundException: Unable to find resource 'VM_global_library.vm'
2011-08-18 11:33:55,847 - Velocimacro :  VM library template macro registration complete.
2011-08-18 11:33:55,847 - Velocimacro : allowInline = true : VMs can be defined inline in templates
2011-08-18 11:33:55,847 - Velocimacro : allowInlineToOverride = false : VMs defined inline may NOT replace previous VM definitions
2011-08-18 11:33:55,847 - Velocimacro : allowInlineLocal = false : VMs defined inline will be  global in scope if allowed.
2011-08-18 11:33:55,847 - Velocimacro : messages on  : VM system will output logging messages
2011-08-18 11:33:55,847 - Velocimacro : autoload off  : VM system will not automatically reload global library macros
2011-08-18 11:33:55,847 - Velocimacro : initialization complete.
2011-08-18 11:33:55,847 - Velocity successfully started.
2011-08-18 11:36:01,218 - ResourceManager : found repast/simphony/scenario/Scenario.vt with loader org.apache.velocity.runtime.resource.loader.ClasspathResourceLoader
2011-08-18 11:36:01,278 - ResourceManager : found repast/simphony/parameter/parameters.vt with loader org.apache.velocity.runtime.resource.loader.ClasspathResourceLoader
2011-08-18 11:48:12,264 - SimpleLog4JLogSystem initialized using logfile 'velocity.log'
2011-08-18 11:48:12,264 - ************************************************************** 
2011-08-18 11:48:12,264 - Starting Jakarta Velocity v1.4
2011-08-18 11:48:12,264 - RuntimeInstance initializing.
2011-08-18 11:48:12,264 - Default Properties File: org\apache\velocity\runtime\defaults\velocity.properties
2011-08-18 11:48:12,264 - Trying to use logger class org.apache.velocity.runtime.log.SimpleLog4JLogSystem
2011-08-18 11:48:12,264 - Using logger class org.apache.velocity.runtime.log.SimpleLog4JLogSystem
2011-08-18 11:48:12,274 - Default ResourceManager initializing. (class org.apache.velocity.runtime.resource.ResourceManagerImpl)
2011-08-18 11:48:12,284 - Resource Loader Instantiated: org.apache.velocity.runtime.resource.loader.ClasspathResourceLoader
2011-08-18 11:48:12,284 - ClasspathResourceLoader : initialization starting.
2011-08-18 11:48:12,284 - ClasspathResourceLoader : initialization complete.
2011-08-18 11:48:12,294 - ResourceCache : initialized. (class org.apache.velocity.runtime.resource.ResourceCacheImpl)
2011-08-18 11:48:12,294 - Default ResourceManager initialization complete.
2011-08-18 11:48:12,294 - Loaded System Directive: org.apache.velocity.runtime.directive.Literal
2011-08-18 11:48:12,304 - Loaded System Directive: org.apache.velocity.runtime.directive.Macro
2011-08-18 11:48:12,314 - Loaded System Directive: org.apache.velocity.runtime.directive.Parse
2011-08-18 11:48:12,324 - Loaded System Directive: org.apache.velocity.runtime.directive.Include
2011-08-18 11:48:12,324 - Loaded System Directive: org.apache.velocity.runtime.directive.Foreach
2011-08-18 11:48:12,394 - Created: 20 parsers.
2011-08-18 11:48:12,424 - Velocimacro : initialization starting.
2011-08-18 11:48:12,424 - Velocimacro : adding VMs from VM library template : VM_global_library.vm
2011-08-18 11:48:12,434 - ResourceManager : unable to find resource 'VM_global_library.vm' in any resource loader.
2011-08-18 11:48:12,434 - Velocimacro : error using  VM library template VM_global_library.vm : org.apache.velocity.exception.ResourceNotFoundException: Unable to find resource 'VM_global_library.vm'
2011-08-18 11:48:12,434 - Velocimacro :  VM library template macro registration complete.
2011-08-18 11:48:12,434 - Velocimacro : allowInline = true : VMs can be defined inline in templates
2011-08-18 11:48:12,434 - Velocimacro : allowInlineToOverride = false : VMs defined inline may NOT replace previous VM definitions
2011-08-18 11:48:12,434 - Velocimacro : allowInlineLocal = false : VMs defined inline will be  global in scope if allowed.
2011-08-18 11:48:12,434 - Velocimacro : messages on  : VM system will output logging messages
2011-08-18 11:48:12,434 - Velocimacro : autoload off  : VM system will not automatically reload global library macros
2011-08-18 11:48:12,434 - Velocimacro : initialization complete.
2011-08-18 11:48:12,434 - Velocity successfully started.
2011-08-18 11:50:40,211 - SimpleLog4JLogSystem initialized using logfile 'velocity.log'
2011-08-18 11:50:40,221 - ************************************************************** 
2011-08-18 11:50:40,221 - Starting Jakarta Velocity v1.4
2011-08-18 11:50:40,221 - RuntimeInstance initializing.
2011-08-18 11:50:40,221 - Default Properties File: org\apache\velocity\runtime\defaults\velocity.properties
2011-08-18 11:50:40,221 - Trying to use logger class org.apache.velocity.runtime.log.SimpleLog4JLogSystem
2011-08-18 11:50:40,221 - Using logger class org.apache.velocity.runtime.log.SimpleLog4JLogSystem
2011-08-18 11:50:40,221 - Default ResourceManager initializing. (class org.apache.velocity.runtime.resource.ResourceManagerImpl)
2011-08-18 11:50:40,241 - Resource Loader Instantiated: org.apache.velocity.runtime.resource.loader.ClasspathResourceLoader
2011-08-18 11:50:40,241 - ClasspathResourceLoader : initialization starting.
2011-08-18 11:50:40,241 - ClasspathResourceLoader : initialization complete.
2011-08-18 11:50:40,241 - ResourceCache : initialized. (class org.apache.velocity.runtime.resource.ResourceCacheImpl)
2011-08-18 11:50:40,241 - Default ResourceManager initialization complete.
2011-08-18 11:50:40,251 - Loaded System Directive: org.apache.velocity.runtime.directive.Literal
2011-08-18 11:50:40,251 - Loaded System Directive: org.apache.velocity.runtime.directive.Macro
2011-08-18 11:50:40,261 - Loaded System Directive: org.apache.velocity.runtime.directive.Parse
2011-08-18 11:50:40,271 - Loaded System Directive: org.apache.velocity.runtime.directive.Include
2011-08-18 11:50:40,271 - Loaded System Directive: org.apache.velocity.runtime.directive.Foreach
2011-08-18 11:50:40,351 - Created: 20 parsers.
2011-08-18 11:50:40,381 - Velocimacro : initialization starting.
2011-08-18 11:50:40,381 - Velocimacro : adding VMs from VM library template : VM_global_library.vm
2011-08-18 11:50:40,391 - ResourceManager : unable to find resource 'VM_global_library.vm' in any resource loader.
2011-08-18 11:50:40,391 - Velocimacro : error using  VM library template VM_global_library.vm : org.apache.velocity.exception.ResourceNotFoundException: Unable to find resource 'VM_global_library.vm'
2011-08-18 11:50:40,391 - Velocimacro :  VM library template macro registration complete.
2011-08-18 11:50:40,391 - Velocimacro : allowInline = true : VMs can be defined inline in templates
2011-08-18 11:50:40,391 - Velocimacro : allowInlineToOverride = false : VMs defined inline may NOT replace previous VM definitions
2011-08-18 11:50:40,391 - Velocimacro : allowInlineLocal = false : VMs defined inline will be  global in scope if allowed.
2011-08-18 11:50:40,391 - Velocimacro : messages on  : VM system will output logging messages
2011-08-18 11:50:40,391 - Velocimacro : autoload off  : VM system will not automatically reload global library macros
2011-08-18 11:50:40,391 - Velocimacro : initialization complete.
2011-08-18 11:50:40,391 - Velocity successfully started.
2011-08-18 11:53:12,621 - ResourceManager : found repast/simphony/scenario/Scenario.vt with loader org.apache.velocity.runtime.resource.loader.ClasspathResourceLoader
2011-08-18 11:53:12,681 - ResourceManager : found repast/simphony/parameter/parameters.vt with loader org.apache.velocity.runtime.resource.loader.ClasspathResourceLoader
2011-08-18 11:53:53,821 - SimpleLog4JLogSystem initialized using logfile 'velocity.log'
2011-08-18 11:53:53,821 - ************************************************************** 
2011-08-18 11:53:53,821 - Starting Jakarta Velocity v1.4
2011-08-18 11:53:53,821 - RuntimeInstance initializing.
2011-08-18 11:53:53,821 - Default Properties File: org\apache\velocity\runtime\defaults\velocity.properties
2011-08-18 11:53:53,821 - Trying to use logger class org.apache.velocity.runtime.log.SimpleLog4JLogSystem
2011-08-18 11:53:53,821 - Using logger class org.apache.velocity.runtime.log.SimpleLog4JLogSystem
2011-08-18 11:53:53,831 - Default ResourceManager initializing. (class org.apache.velocity.runtime.resource.ResourceManagerImpl)
2011-08-18 11:53:53,841 - Resource Loader Instantiated: org.apache.velocity.runtime.resource.loader.ClasspathResourceLoader
2011-08-18 11:53:53,841 - ClasspathResourceLoader : initialization starting.
2011-08-18 11:53:53,841 - ClasspathResourceLoader : initialization complete.
2011-08-18 11:53:53,851 - ResourceCache : initialized. (class org.apache.velocity.runtime.resource.ResourceCacheImpl)
2011-08-18 11:53:53,851 - Default ResourceManager initialization complete.
2011-08-18 11:53:53,851 - Loaded System Directive: org.apache.velocity.runtime.directive.Literal
2011-08-18 11:53:53,861 - Loaded System Directive: org.apache.velocity.runtime.directive.Macro
2011-08-18 11:53:53,871 - Loaded System Directive: org.apache.velocity.runtime.directive.Parse
2011-08-18 11:53:53,881 - Loaded System Directive: org.apache.velocity.runtime.directive.Include
2011-08-18 11:53:53,881 - Loaded System Directive: org.apache.velocity.runtime.directive.Foreach
2011-08-18 11:53:53,951 - Created: 20 parsers.
2011-08-18 11:53:53,981 - Velocimacro : initialization starting.
2011-08-18 11:53:53,981 - Velocimacro : adding VMs from VM library template : VM_global_library.vm
2011-08-18 11:53:53,991 - ResourceManager : unable to find resource 'VM_global_library.vm' in any resource loader.
2011-08-18 11:53:53,991 - Velocimacro : error using  VM library template VM_global_library.vm : org.apache.velocity.exception.ResourceNotFoundException: Unable to find resource 'VM_global_library.vm'
2011-08-18 11:53:53,991 - Velocimacro :  VM library template macro registration complete.
2011-08-18 11:53:53,991 - Velocimacro : allowInline = true : VMs can be defined inline in templates
2011-08-18 11:53:53,991 - Velocimacro : allowInlineToOverride = false : VMs defined inline may NOT replace previous VM definitions
2011-08-18 11:53:53,991 - Velocimacro : allowInlineLocal = false : VMs defined inline will be  global in scope if allowed.
2011-08-18 11:53:53,991 - Velocimacro : messages on  : VM system will output logging messages
2011-08-18 11:53:53,991 - Velocimacro : autoload off  : VM system will not automatically reload global library macros
2011-08-18 11:53:53,991 - Velocimacro : initialization complete.
2011-08-18 11:53:53,991 - Velocity successfully started.
2011-08-18 11:54:27,234 - ResourceManager : found repast/simphony/scenario/Scenario.vt with loader org.apache.velocity.runtime.resource.loader.ClasspathResourceLoader
2011-08-18 11:54:27,254 - ResourceManager : found repast/simphony/parameter/parameters.vt with loader org.apache.velocity.runtime.resource.loader.ClasspathResourceLoader
2011-08-18 11:55:40,664 - ResourceManager : found repast/simphony/scenario/Scenario.vt with loader org.apache.velocity.runtime.resource.loader.ClasspathResourceLoader
2011-08-18 11:55:40,674 - ResourceManager : found repast/simphony/parameter/parameters.vt with loader org.apache.velocity.runtime.resource.loader.ClasspathResourceLoader
2011-08-18 11:58:37,824 - ResourceManager : found repast/simphony/scenario/Scenario.vt with loader org.apache.velocity.runtime.resource.loader.ClasspathResourceLoader
2011-08-18 11:58:37,834 - ResourceManager : found repast/simphony/parameter/parameters.vt with loader org.apache.velocity.runtime.resource.loader.ClasspathResourceLoader
2011-08-18 12:04:48,540 - SimpleLog4JLogSystem initialized using logfile 'velocity.log'
2011-08-18 12:04:48,540 - ************************************************************** 
2011-08-18 12:04:48,540 - Starting Jakarta Velocity v1.4
2011-08-18 12:04:48,540 - RuntimeInstance initializing.
2011-08-18 12:04:48,540 - Default Properties File: org\apache\velocity\runtime\defaults\velocity.properties
2011-08-18 12:04:48,540 - Trying to use logger class org.apache.velocity.runtime.log.SimpleLog4JLogSystem
2011-08-18 12:04:48,540 - Using logger class org.apache.velocity.runtime.log.SimpleLog4JLogSystem
2011-08-18 12:04:48,550 - Default ResourceManager initializing. (class org.apache.velocity.runtime.resource.ResourceManagerImpl)
2011-08-18 12:04:48,560 - Resource Loader Instantiated: org.apache.velocity.runtime.resource.loader.ClasspathResourceLoader
2011-08-18 12:04:48,560 - ClasspathResourceLoader : initialization starting.
2011-08-18 12:04:48,560 - ClasspathResourceLoader : initialization complete.
2011-08-18 12:04:48,570 - ResourceCache : initialized. (class org.apache.velocity.runtime.resource.ResourceCacheImpl)
2011-08-18 12:04:48,570 - Default ResourceManager initialization complete.
2011-08-18 12:04:48,570 - Loaded System Directive: org.apache.velocity.runtime.directive.Literal
2011-08-18 12:04:48,580 - Loaded System Directive: org.apache.velocity.runtime.directive.Macro
2011-08-18 12:04:48,590 - Loaded System Directive: org.apache.velocity.runtime.directive.Parse
2011-08-18 12:04:48,600 - Loaded System Directive: org.apache.velocity.runtime.directive.Include
2011-08-18 12:04:48,600 - Loaded System Directive: org.apache.velocity.runtime.directive.Foreach
2011-08-18 12:04:48,670 - Created: 20 parsers.
2011-08-18 12:04:48,700 - Velocimacro : initialization starting.
2011-08-18 12:04:48,700 - Velocimacro : adding VMs from VM library template : VM_global_library.vm
2011-08-18 12:04:48,710 - ResourceManager : unable to find resource 'VM_global_library.vm' in any resource loader.
2011-08-18 12:04:48,710 - Velocimacro : error using  VM library template VM_global_library.vm : org.apache.velocity.exception.ResourceNotFoundException: Unable to find resource 'VM_global_library.vm'
2011-08-18 12:04:48,710 - Velocimacro :  VM library template macro registration complete.
2011-08-18 12:04:48,710 - Velocimacro : allowInline = true : VMs can be defined inline in templates
2011-08-18 12:04:48,710 - Velocimacro : allowInlineToOverride = false : VMs defined inline may NOT replace previous VM definitions
2011-08-18 12:04:48,710 - Velocimacro : allowInlineLocal = false : VMs defined inline will be  global in scope if allowed.
2011-08-18 12:04:48,710 - Velocimacro : messages on  : VM system will output logging messages
2011-08-18 12:04:48,710 - Velocimacro : autoload off  : VM system will not automatically reload global library macros
2011-08-18 12:04:48,710 - Velocimacro : initialization complete.
2011-08-18 12:04:48,710 - Velocity successfully started.
2011-08-18 12:05:43,760 - ResourceManager : found repast/simphony/scenario/Scenario.vt with loader org.apache.velocity.runtime.resource.loader.ClasspathResourceLoader
2011-08-18 12:05:43,820 - ResourceManager : found repast/simphony/parameter/parameters.vt with loader org.apache.velocity.runtime.resource.loader.ClasspathResourceLoader
2011-08-18 12:12:45,671 - SimpleLog4JLogSystem initialized using logfile 'velocity.log'
2011-08-18 12:12:45,681 - ************************************************************** 
2011-08-18 12:12:45,681 - Starting Jakarta Velocity v1.4
2011-08-18 12:12:45,681 - RuntimeInstance initializing.
2011-08-18 12:12:45,681 - Default Properties File: org\apache\velocity\runtime\defaults\velocity.properties
2011-08-18 12:12:45,681 - Trying to use logger class org.apache.velocity.runtime.log.SimpleLog4JLogSystem
2011-08-18 12:12:45,681 - Using logger class org.apache.velocity.runtime.log.SimpleLog4JLogSystem
2011-08-18 12:12:45,681 - Default ResourceManager initializing. (class org.apache.velocity.runtime.resource.ResourceManagerImpl)
2011-08-18 12:12:45,701 - Resource Loader Instantiated: org.apache.velocity.runtime.resource.loader.ClasspathResourceLoader
2011-08-18 12:12:45,701 - ClasspathResourceLoader : initialization starting.
2011-08-18 12:12:45,701 - ClasspathResourceLoader : initialization complete.
2011-08-18 12:12:45,701 - ResourceCache : initialized. (class org.apache.velocity.runtime.resource.ResourceCacheImpl)
2011-08-18 12:12:45,701 - Default ResourceManager initialization complete.
2011-08-18 12:12:45,711 - Loaded System Directive: org.apache.velocity.runtime.directive.Literal
2011-08-18 12:12:45,711 - Loaded System Directive: org.apache.velocity.runtime.directive.Macro
2011-08-18 12:12:45,721 - Loaded System Directive: org.apache.velocity.runtime.directive.Parse
2011-08-18 12:12:45,731 - Loaded System Directive: org.apache.velocity.runtime.directive.Include
2011-08-18 12:12:45,731 - Loaded System Directive: org.apache.velocity.runtime.directive.Foreach
2011-08-18 12:12:45,811 - Created: 20 parsers.
2011-08-18 12:12:45,841 - Velocimacro : initialization starting.
2011-08-18 12:12:45,841 - Velocimacro : adding VMs from VM library template : VM_global_library.vm
2011-08-18 12:12:45,851 - ResourceManager : unable to find resource 'VM_global_library.vm' in any resource loader.
2011-08-18 12:12:45,851 - Velocimacro : error using  VM library template VM_global_library.vm : org.apache.velocity.exception.ResourceNotFoundException: Unable to find resource 'VM_global_library.vm'
2011-08-18 12:12:45,851 - Velocimacro :  VM library template macro registration complete.
2011-08-18 12:12:45,851 - Velocimacro : allowInline = true : VMs can be defined inline in templates
2011-08-18 12:12:45,851 - Velocimacro : allowInlineToOverride = false : VMs defined inline may NOT replace previous VM definitions
2011-08-18 12:12:45,851 - Velocimacro : allowInlineLocal = false : VMs defined inline will be  global in scope if allowed.
2011-08-18 12:12:45,851 - Velocimacro : messages on  : VM system will output logging messages
2011-08-18 12:12:45,851 - Velocimacro : autoload off  : VM system will not automatically reload global library macros
2011-08-18 12:12:45,851 - Velocimacro : initialization complete.
2011-08-18 12:12:45,851 - Velocity successfully started.
2011-08-18 12:13:17,510 - ResourceManager : found repast/simphony/scenario/Scenario.vt with loader org.apache.velocity.runtime.resource.loader.ClasspathResourceLoader
2011-08-18 12:13:17,560 - ResourceManager : found repast/simphony/parameter/parameters.vt with loader org.apache.velocity.runtime.resource.loader.ClasspathResourceLoader
2011-08-18 12:17:59,140 - ResourceManager : found repast/simphony/scenario/Scenario.vt with loader org.apache.velocity.runtime.resource.loader.ClasspathResourceLoader
2011-08-18 12:17:59,150 - ResourceManager : found repast/simphony/parameter/parameters.vt with loader org.apache.velocity.runtime.resource.loader.ClasspathResourceLoader
2011-08-18 17:37:32,164 - SimpleLog4JLogSystem initialized using logfile 'velocity.log'
2011-08-18 17:37:32,274 - ************************************************************** 
2011-08-18 17:37:32,274 - Starting Jakarta Velocity v1.4
2011-08-18 17:37:32,274 - RuntimeInstance initializing.
2011-08-18 17:37:32,274 - Default Properties File: org\apache\velocity\runtime\defaults\velocity.properties
2011-08-18 17:37:32,274 - Trying to use logger class org.apache.velocity.runtime.log.SimpleLog4JLogSystem
2011-08-18 17:37:32,274 - Using logger class org.apache.velocity.runtime.log.SimpleLog4JLogSystem
2011-08-18 17:37:32,294 - Default ResourceManager initializing. (class org.apache.velocity.runtime.resource.ResourceManagerImpl)
2011-08-18 17:37:32,314 - Resource Loader Instantiated: org.apache.velocity.runtime.resource.loader.ClasspathResourceLoader
2011-08-18 17:37:32,314 - ClasspathResourceLoader : initialization starting.
2011-08-18 17:37:32,314 - ClasspathResourceLoader : initialization complete.
2011-08-18 17:37:32,334 - ResourceCache : initialized. (class org.apache.velocity.runtime.resource.ResourceCacheImpl)
2011-08-18 17:37:32,334 - Default ResourceManager initialization complete.
2011-08-18 17:37:32,344 - Loaded System Directive: org.apache.velocity.runtime.directive.Literal
2011-08-18 17:37:32,354 - Loaded System Directive: org.apache.velocity.runtime.directive.Macro
2011-08-18 17:37:32,364 - Loaded System Directive: org.apache.velocity.runtime.directive.Parse
2011-08-18 17:37:32,374 - Loaded System Directive: org.apache.velocity.runtime.directive.Include
2011-08-18 17:37:32,374 - Loaded System Directive: org.apache.velocity.runtime.directive.Foreach
2011-08-18 17:37:32,444 - Created: 20 parsers.
2011-08-18 17:37:32,484 - Velocimacro : initialization starting.
2011-08-18 17:37:32,484 - Velocimacro : adding VMs from VM library template : VM_global_library.vm
2011-08-18 17:37:32,494 - ResourceManager : unable to find resource 'VM_global_library.vm' in any resource loader.
2011-08-18 17:37:32,494 - Velocimacro : error using  VM library template VM_global_library.vm : org.apache.velocity.exception.ResourceNotFoundException: Unable to find resource 'VM_global_library.vm'
2011-08-18 17:37:32,494 - Velocimacro :  VM library template macro registration complete.
2011-08-18 17:37:32,494 - Velocimacro : allowInline = true : VMs can be defined inline in templates
2011-08-18 17:37:32,494 - Velocimacro : allowInlineToOverride = false : VMs defined inline may NOT replace previous VM definitions
2011-08-18 17:37:32,494 - Velocimacro : allowInlineLocal = false : VMs defined inline will be  global in scope if allowed.
2011-08-18 17:37:32,494 - Velocimacro : messages on  : VM system will output logging messages
2011-08-18 17:37:32,494 - Velocimacro : autoload off  : VM system will not automatically reload global library macros
2011-08-18 17:37:32,494 - Velocimacro : initialization complete.
2011-08-18 17:37:32,494 - Velocity successfully started.
2011-08-18 17:51:47,108 - ResourceManager : found repast/simphony/scenario/Scenario.vt with loader org.apache.velocity.runtime.resource.loader.ClasspathResourceLoader
2011-08-18 17:51:47,158 - ResourceManager : found repast/simphony/parameter/parameters.vt with loader org.apache.velocity.runtime.resource.loader.ClasspathResourceLoader
2011-08-18 18:08:48,182 - ResourceManager : found repast/simphony/scenario/Scenario.vt with loader org.apache.velocity.runtime.resource.loader.ClasspathResourceLoader
2011-08-18 18:08:48,192 - ResourceManager : found repast/simphony/parameter/parameters.vt with loader org.apache.velocity.runtime.resource.loader.ClasspathResourceLoader
2011-08-18 18:13:40,832 - ResourceManager : found repast/simphony/scenario/Scenario.vt with loader org.apache.velocity.runtime.resource.loader.ClasspathResourceLoader
2011-08-18 18:13:40,852 - ResourceManager : found repast/simphony/parameter/parameters.vt with loader org.apache.velocity.runtime.resource.loader.ClasspathResourceLoader
2011-08-18 18:28:36,043 - SimpleLog4JLogSystem initialized using logfile 'velocity.log'
2011-08-18 18:28:36,043 - ************************************************************** 
2011-08-18 18:28:36,043 - Starting Jakarta Velocity v1.4
2011-08-18 18:28:36,043 - RuntimeInstance initializing.
2011-08-18 18:28:36,043 - Default Properties File: org\apache\velocity\runtime\defaults\velocity.properties
2011-08-18 18:28:36,043 - Trying to use logger class org.apache.velocity.runtime.log.SimpleLog4JLogSystem
2011-08-18 18:28:36,043 - Using logger class org.apache.velocity.runtime.log.SimpleLog4JLogSystem
2011-08-18 18:28:36,053 - Default ResourceManager initializing. (class org.apache.velocity.runtime.resource.ResourceManagerImpl)
2011-08-18 18:28:36,063 - Resource Loader Instantiated: org.apache.velocity.runtime.resource.loader.ClasspathResourceLoader
2011-08-18 18:28:36,063 - ClasspathResourceLoader : initialization starting.
2011-08-18 18:28:36,063 - ClasspathResourceLoader : initialization complete.
2011-08-18 18:28:36,063 - ResourceCache : initialized. (class org.apache.velocity.runtime.resource.ResourceCacheImpl)
2011-08-18 18:28:36,073 - Default ResourceManager initialization complete.
2011-08-18 18:28:36,073 - Loaded System Directive: org.apache.velocity.runtime.directive.Literal
2011-08-18 18:28:36,083 - Loaded System Directive: org.apache.velocity.runtime.directive.Macro
2011-08-18 18:28:36,093 - Loaded System Directive: org.apache.velocity.runtime.directive.Parse
2011-08-18 18:28:36,103 - Loaded System Directive: org.apache.velocity.runtime.directive.Include
2011-08-18 18:28:36,103 - Loaded System Directive: org.apache.velocity.runtime.directive.Foreach
2011-08-18 18:28:36,173 - Created: 20 parsers.
2011-08-18 18:28:36,213 - Velocimacro : initialization starting.
2011-08-18 18:28:36,213 - Velocimacro : adding VMs from VM library template : VM_global_library.vm
2011-08-18 18:28:36,223 - ResourceManager : unable to find resource 'VM_global_library.vm' in any resource loader.
2011-08-18 18:28:36,223 - Velocimacro : error using  VM library template VM_global_library.vm : org.apache.velocity.exception.ResourceNotFoundException: Unable to find resource 'VM_global_library.vm'
2011-08-18 18:28:36,223 - Velocimacro :  VM library template macro registration complete.
2011-08-18 18:28:36,223 - Velocimacro : allowInline = true : VMs can be defined inline in templates
2011-08-18 18:28:36,223 - Velocimacro : allowInlineToOverride = false : VMs defined inline may NOT replace previous VM definitions
2011-08-18 18:28:36,223 - Velocimacro : allowInlineLocal = false : VMs defined inline will be  global in scope if allowed.
2011-08-18 18:28:36,223 - Velocimacro : messages on  : VM system will output logging messages
2011-08-18 18:28:36,223 - Velocimacro : autoload off  : VM system will not automatically reload global library macros
2011-08-18 18:28:36,223 - Velocimacro : initialization complete.
2011-08-18 18:28:36,223 - Velocity successfully started.
2011-08-18 19:12:04,569 - ResourceManager : found repast/simphony/scenario/Scenario.vt with loader org.apache.velocity.runtime.resource.loader.ClasspathResourceLoader
2011-08-18 19:12:04,619 - ResourceManager : found repast/simphony/parameter/parameters.vt with loader org.apache.velocity.runtime.resource.loader.ClasspathResourceLoader
2011-08-18 19:24:11,280 - ResourceManager : found repast/simphony/scenario/Scenario.vt with loader org.apache.velocity.runtime.resource.loader.ClasspathResourceLoader
2011-08-18 19:24:11,290 - ResourceManager : found repast/simphony/parameter/parameters.vt with loader org.apache.velocity.runtime.resource.loader.ClasspathResourceLoader
2011-08-18 19:24:12,190 - ResourceManager : found repast/simphony/scenario/Scenario.vt with loader org.apache.velocity.runtime.resource.loader.ClasspathResourceLoader
2011-08-18 19:24:12,200 - ResourceManager : found repast/simphony/parameter/parameters.vt with loader org.apache.velocity.runtime.resource.loader.ClasspathResourceLoader
2011-08-18 19:46:38,310 - ResourceManager : found repast/simphony/scenario/Scenario.vt with loader org.apache.velocity.runtime.resource.loader.ClasspathResourceLoader
2011-08-18 19:46:38,320 - ResourceManager : found repast/simphony/parameter/parameters.vt with loader org.apache.velocity.runtime.resource.loader.ClasspathResourceLoader
2011-08-18 19:46:38,460 - ResourceManager : found repast/simphony/scenario/Scenario.vt with loader org.apache.velocity.runtime.resource.loader.ClasspathResourceLoader
2011-08-18 19:46:38,470 - ResourceManager : found repast/simphony/parameter/parameters.vt with loader org.apache.velocity.runtime.resource.loader.ClasspathResourceLoader
2011-08-18 19:46:40,520 - ResourceManager : found repast/simphony/scenario/Scenario.vt with loader org.apache.velocity.runtime.resource.loader.ClasspathResourceLoader
2011-08-18 19:46:40,530 - ResourceManager : found repast/simphony/parameter/parameters.vt with loader org.apache.velocity.runtime.resource.loader.ClasspathResourceLoader
2011-08-18 19:46:40,700 - ResourceManager : found repast/simphony/scenario/Scenario.vt with loader org.apache.velocity.runtime.resource.loader.ClasspathResourceLoader
2011-08-18 19:46:40,710 - ResourceManager : found repast/simphony/parameter/parameters.vt with loader org.apache.velocity.runtime.resource.loader.ClasspathResourceLoader
2011-08-19 02:55:07,531 - SimpleLog4JLogSystem initialized using logfile 'velocity.log'
2011-08-19 02:55:07,671 - ************************************************************** 
2011-08-19 02:55:07,671 - Starting Jakarta Velocity v1.4
2011-08-19 02:55:07,671 - RuntimeInstance initializing.
2011-08-19 02:55:07,671 - Default Properties File: org\apache\velocity\runtime\defaults\velocity.properties
2011-08-19 02:55:07,671 - Trying to use logger class org.apache.velocity.runtime.log.SimpleLog4JLogSystem
2011-08-19 02:55:07,671 - Using logger class org.apache.velocity.runtime.log.SimpleLog4JLogSystem
2011-08-19 02:55:07,691 - Default ResourceManager initializing. (class org.apache.velocity.runtime.resource.ResourceManagerImpl)
2011-08-19 02:55:07,703 - Resource Loader Instantiated: org.apache.velocity.runtime.resource.loader.ClasspathResourceLoader
2011-08-19 02:55:07,703 - ClasspathResourceLoader : initialization starting.
2011-08-19 02:55:07,703 - ClasspathResourceLoader : initialization complete.
2011-08-19 02:55:07,709 - ResourceCache : initialized. (class org.apache.velocity.runtime.resource.ResourceCacheImpl)
2011-08-19 02:55:07,709 - Default ResourceManager initialization complete.
2011-08-19 02:55:07,716 - Loaded System Directive: org.apache.velocity.runtime.directive.Literal
2011-08-19 02:55:07,722 - Loaded System Directive: org.apache.velocity.runtime.directive.Macro
2011-08-19 02:55:07,734 - Loaded System Directive: org.apache.velocity.runtime.directive.Parse
2011-08-19 02:55:07,740 - Loaded System Directive: org.apache.velocity.runtime.directive.Include
2011-08-19 02:55:07,744 - Loaded System Directive: org.apache.velocity.runtime.directive.Foreach
2011-08-19 02:55:07,824 - Created: 20 parsers.
2011-08-19 02:55:07,866 - Velocimacro : initialization starting.
2011-08-19 02:55:07,867 - Velocimacro : adding VMs from VM library template : VM_global_library.vm
2011-08-19 02:55:07,882 - ResourceManager : unable to find resource 'VM_global_library.vm' in any resource loader.
2011-08-19 02:55:07,882 - Velocimacro : error using  VM library template VM_global_library.vm : org.apache.velocity.exception.ResourceNotFoundException: Unable to find resource 'VM_global_library.vm'
2011-08-19 02:55:07,882 - Velocimacro :  VM library template macro registration complete.
2011-08-19 02:55:07,882 - Velocimacro : allowInline = true : VMs can be defined inline in templates
2011-08-19 02:55:07,882 - Velocimacro : allowInlineToOverride = false : VMs defined inline may NOT replace previous VM definitions
2011-08-19 02:55:07,882 - Velocimacro : allowInlineLocal = false : VMs defined inline will be  global in scope if allowed.
2011-08-19 02:55:07,882 - Velocimacro : messages on  : VM system will output logging messages
2011-08-19 02:55:07,882 - Velocimacro : autoload off  : VM system will not automatically reload global library macros
2011-08-19 02:55:07,883 - Velocimacro : initialization complete.
2011-08-19 02:55:07,883 - Velocity successfully started.
2011-08-19 20:32:41,371 - SimpleLog4JLogSystem initialized using logfile 'velocity.log'
2011-08-19 20:32:41,371 - ************************************************************** 
2011-08-19 20:32:41,371 - Starting Jakarta Velocity v1.4
2011-08-19 20:32:41,371 - RuntimeInstance initializing.
2011-08-19 20:32:41,371 - Default Properties File: org\apache\velocity\runtime\defaults\velocity.properties
2011-08-19 20:32:41,371 - Trying to use logger class org.apache.velocity.runtime.log.SimpleLog4JLogSystem
2011-08-19 20:32:41,371 - Using logger class org.apache.velocity.runtime.log.SimpleLog4JLogSystem
2011-08-19 20:32:41,391 - Default ResourceManager initializing. (class org.apache.velocity.runtime.resource.ResourceManagerImpl)
2011-08-19 20:32:41,411 - Resource Loader Instantiated: org.apache.velocity.runtime.resource.loader.ClasspathResourceLoader
2011-08-19 20:32:41,411 - ClasspathResourceLoader : initialization starting.
2011-08-19 20:32:41,411 - ClasspathResourceLoader : initialization complete.
2011-08-19 20:32:41,411 - ResourceCache : initialized. (class org.apache.velocity.runtime.resource.ResourceCacheImpl)
2011-08-19 20:32:41,411 - Default ResourceManager initialization complete.
2011-08-19 20:32:41,421 - Loaded System Directive: org.apache.velocity.runtime.directive.Literal
2011-08-19 20:32:41,421 - Loaded System Directive: org.apache.velocity.runtime.directive.Macro
2011-08-19 20:32:41,431 - Loaded System Directive: org.apache.velocity.runtime.directive.Parse
2011-08-19 20:32:41,441 - Loaded System Directive: org.apache.velocity.runtime.directive.Include
2011-08-19 20:32:41,441 - Loaded System Directive: org.apache.velocity.runtime.directive.Foreach
2011-08-19 20:32:41,521 - Created: 20 parsers.
2011-08-19 20:32:41,551 - Velocimacro : initialization starting.
2011-08-19 20:32:41,551 - Velocimacro : adding VMs from VM library template : VM_global_library.vm
2011-08-19 20:32:41,561 - ResourceManager : unable to find resource 'VM_global_library.vm' in any resource loader.
2011-08-19 20:32:41,561 - Velocimacro : error using  VM library template VM_global_library.vm : org.apache.velocity.exception.ResourceNotFoundException: Unable to find resource 'VM_global_library.vm'
2011-08-19 20:32:41,561 - Velocimacro :  VM library template macro registration complete.
2011-08-19 20:32:41,561 - Velocimacro : allowInline = true : VMs can be defined inline in templates
2011-08-19 20:32:41,561 - Velocimacro : allowInlineToOverride = false : VMs defined inline may NOT replace previous VM definitions
2011-08-19 20:32:41,561 - Velocimacro : allowInlineLocal = false : VMs defined inline will be  global in scope if allowed.
2011-08-19 20:32:41,561 - Velocimacro : messages on  : VM system will output logging messages
2011-08-19 20:32:41,561 - Velocimacro : autoload off  : VM system will not automatically reload global library macros
2011-08-19 20:32:41,561 - Velocimacro : initialization complete.
2011-08-19 20:32:41,561 - Velocity successfully started.
2011-08-19 20:45:21,193 - SimpleLog4JLogSystem initialized using logfile 'velocity.log'
2011-08-19 20:45:21,193 - ************************************************************** 
2011-08-19 20:45:21,193 - Starting Jakarta Velocity v1.4
2011-08-19 20:45:21,193 - RuntimeInstance initializing.
2011-08-19 20:45:21,193 - Default Properties File: org\apache\velocity\runtime\defaults\velocity.properties
2011-08-19 20:45:21,193 - Trying to use logger class org.apache.velocity.runtime.log.SimpleLog4JLogSystem
2011-08-19 20:45:21,193 - Using logger class org.apache.velocity.runtime.log.SimpleLog4JLogSystem
2011-08-19 20:45:21,203 - Default ResourceManager initializing. (class org.apache.velocity.runtime.resource.ResourceManagerImpl)
2011-08-19 20:45:21,213 - Resource Loader Instantiated: org.apache.velocity.runtime.resource.loader.ClasspathResourceLoader
2011-08-19 20:45:21,213 - ClasspathResourceLoader : initialization starting.
2011-08-19 20:45:21,213 - ClasspathResourceLoader : initialization complete.
2011-08-19 20:45:21,223 - ResourceCache : initialized. (class org.apache.velocity.runtime.resource.ResourceCacheImpl)
2011-08-19 20:45:21,223 - Default ResourceManager initialization complete.
2011-08-19 20:45:21,233 - Loaded System Directive: org.apache.velocity.runtime.directive.Literal
2011-08-19 20:45:21,233 - Loaded System Directive: org.apache.velocity.runtime.directive.Macro
2011-08-19 20:45:21,243 - Loaded System Directive: org.apache.velocity.runtime.directive.Parse
2011-08-19 20:45:21,253 - Loaded System Directive: org.apache.velocity.runtime.directive.Include
2011-08-19 20:45:21,253 - Loaded System Directive: org.apache.velocity.runtime.directive.Foreach
2011-08-19 20:45:21,323 - Created: 20 parsers.
2011-08-19 20:45:21,353 - Velocimacro : initialization starting.
2011-08-19 20:45:21,353 - Velocimacro : adding VMs from VM library template : VM_global_library.vm
2011-08-19 20:45:21,373 - ResourceManager : unable to find resource 'VM_global_library.vm' in any resource loader.
2011-08-19 20:45:21,373 - Velocimacro : error using  VM library template VM_global_library.vm : org.apache.velocity.exception.ResourceNotFoundException: Unable to find resource 'VM_global_library.vm'
2011-08-19 20:45:21,373 - Velocimacro :  VM library template macro registration complete.
2011-08-19 20:45:21,373 - Velocimacro : allowInline = true : VMs can be defined inline in templates
2011-08-19 20:45:21,373 - Velocimacro : allowInlineToOverride = false : VMs defined inline may NOT replace previous VM definitions
2011-08-19 20:45:21,373 - Velocimacro : allowInlineLocal = false : VMs defined inline will be  global in scope if allowed.
2011-08-19 20:45:21,373 - Velocimacro : messages on  : VM system will output logging messages
2011-08-19 20:45:21,373 - Velocimacro : autoload off  : VM system will not automatically reload global library macros
2011-08-19 20:45:21,373 - Velocimacro : initialization complete.
2011-08-19 20:45:21,373 - Velocity successfully started.
2011-08-20 14:25:28,523 - SimpleLog4JLogSystem initialized using logfile 'velocity.log'
2011-08-20 14:25:28,523 - ************************************************************** 
2011-08-20 14:25:28,523 - Starting Jakarta Velocity v1.4
2011-08-20 14:25:28,523 - RuntimeInstance initializing.
2011-08-20 14:25:28,523 - Default Properties File: org\apache\velocity\runtime\defaults\velocity.properties
2011-08-20 14:25:28,523 - Trying to use logger class org.apache.velocity.runtime.log.SimpleLog4JLogSystem
2011-08-20 14:25:28,523 - Using logger class org.apache.velocity.runtime.log.SimpleLog4JLogSystem
2011-08-20 14:25:28,533 - Default ResourceManager initializing. (class org.apache.velocity.runtime.resource.ResourceManagerImpl)
2011-08-20 14:25:28,543 - Resource Loader Instantiated: org.apache.velocity.runtime.resource.loader.ClasspathResourceLoader
2011-08-20 14:25:28,543 - ClasspathResourceLoader : initialization starting.
2011-08-20 14:25:28,543 - ClasspathResourceLoader : initialization complete.
2011-08-20 14:25:28,553 - ResourceCache : initialized. (class org.apache.velocity.runtime.resource.ResourceCacheImpl)
2011-08-20 14:25:28,553 - Default ResourceManager initialization complete.
2011-08-20 14:25:28,563 - Loaded System Directive: org.apache.velocity.runtime.directive.Literal
2011-08-20 14:25:28,563 - Loaded System Directive: org.apache.velocity.runtime.directive.Macro
2011-08-20 14:25:28,573 - Loaded System Directive: org.apache.velocity.runtime.directive.Parse
2011-08-20 14:25:28,583 - Loaded System Directive: org.apache.velocity.runtime.directive.Include
2011-08-20 14:25:28,583 - Loaded System Directive: org.apache.velocity.runtime.directive.Foreach
2011-08-20 14:25:28,653 - Created: 20 parsers.
2011-08-20 14:25:28,693 - Velocimacro : initialization starting.
2011-08-20 14:25:28,693 - Velocimacro : adding VMs from VM library template : VM_global_library.vm
2011-08-20 14:25:28,703 - ResourceManager : unable to find resource 'VM_global_library.vm' in any resource loader.
2011-08-20 14:25:28,703 - Velocimacro : error using  VM library template VM_global_library.vm : org.apache.velocity.exception.ResourceNotFoundException: Unable to find resource 'VM_global_library.vm'
2011-08-20 14:25:28,703 - Velocimacro :  VM library template macro registration complete.
2011-08-20 14:25:28,703 - Velocimacro : allowInline = true : VMs can be defined inline in templates
2011-08-20 14:25:28,703 - Velocimacro : allowInlineToOverride = false : VMs defined inline may NOT replace previous VM definitions
2011-08-20 14:25:28,703 - Velocimacro : allowInlineLocal = false : VMs defined inline will be  global in scope if allowed.
2011-08-20 14:25:28,703 - Velocimacro : messages on  : VM system will output logging messages
2011-08-20 14:25:28,703 - Velocimacro : autoload off  : VM system will not automatically reload global library macros
2011-08-20 14:25:28,703 - Velocimacro : initialization complete.
2011-08-20 14:25:28,703 - Velocity successfully started.
2011-08-20 14:29:06,853 - SimpleLog4JLogSystem initialized using logfile 'velocity.log'
2011-08-20 14:29:06,853 - ************************************************************** 
2011-08-20 14:29:06,863 - Starting Jakarta Velocity v1.4
2011-08-20 14:29:06,863 - RuntimeInstance initializing.
2011-08-20 14:29:06,863 - Default Properties File: org\apache\velocity\runtime\defaults\velocity.properties
2011-08-20 14:29:06,863 - Trying to use logger class org.apache.velocity.runtime.log.SimpleLog4JLogSystem
2011-08-20 14:29:06,863 - Using logger class org.apache.velocity.runtime.log.SimpleLog4JLogSystem
2011-08-20 14:29:06,863 - Default ResourceManager initializing. (class org.apache.velocity.runtime.resource.ResourceManagerImpl)
2011-08-20 14:29:06,883 - Resource Loader Instantiated: org.apache.velocity.runtime.resource.loader.ClasspathResourceLoader
2011-08-20 14:29:06,883 - ClasspathResourceLoader : initialization starting.
2011-08-20 14:29:06,883 - ClasspathResourceLoader : initialization complete.
2011-08-20 14:29:06,883 - ResourceCache : initialized. (class org.apache.velocity.runtime.resource.ResourceCacheImpl)
2011-08-20 14:29:06,883 - Default ResourceManager initialization complete.
2011-08-20 14:29:06,893 - Loaded System Directive: org.apache.velocity.runtime.directive.Literal
2011-08-20 14:29:06,893 - Loaded System Directive: org.apache.velocity.runtime.directive.Macro
2011-08-20 14:29:06,903 - Loaded System Directive: org.apache.velocity.runtime.directive.Parse
2011-08-20 14:29:06,913 - Loaded System Directive: org.apache.velocity.runtime.directive.Include
2011-08-20 14:29:06,913 - Loaded System Directive: org.apache.velocity.runtime.directive.Foreach
2011-08-20 14:29:06,993 - Created: 20 parsers.
2011-08-20 14:29:07,023 - Velocimacro : initialization starting.
2011-08-20 14:29:07,023 - Velocimacro : adding VMs from VM library template : VM_global_library.vm
2011-08-20 14:29:07,033 - ResourceManager : unable to find resource 'VM_global_library.vm' in any resource loader.
2011-08-20 14:29:07,033 - Velocimacro : error using  VM library template VM_global_library.vm : org.apache.velocity.exception.ResourceNotFoundException: Unable to find resource 'VM_global_library.vm'
2011-08-20 14:29:07,033 - Velocimacro :  VM library template macro registration complete.
2011-08-20 14:29:07,033 - Velocimacro : allowInline = true : VMs can be defined inline in templates
2011-08-20 14:29:07,033 - Velocimacro : allowInlineToOverride = false : VMs defined inline may NOT replace previous VM definitions
2011-08-20 14:29:07,033 - Velocimacro : allowInlineLocal = false : VMs defined inline will be  global in scope if allowed.
2011-08-20 14:29:07,033 - Velocimacro : messages on  : VM system will output logging messages
2011-08-20 14:29:07,033 - Velocimacro : autoload off  : VM system will not automatically reload global library macros
2011-08-20 14:29:07,033 - Velocimacro : initialization complete.
2011-08-20 14:29:07,033 - Velocity successfully started.
2011-08-20 14:54:34,322 - SimpleLog4JLogSystem initialized using logfile 'velocity.log'
2011-08-20 14:54:34,322 - ************************************************************** 
2011-08-20 14:54:34,322 - Starting Jakarta Velocity v1.4
2011-08-20 14:54:34,322 - RuntimeInstance initializing.
2011-08-20 14:54:34,322 - Default Properties File: org\apache\velocity\runtime\defaults\velocity.properties
2011-08-20 14:54:34,322 - Trying to use logger class org.apache.velocity.runtime.log.SimpleLog4JLogSystem
2011-08-20 14:54:34,322 - Using logger class org.apache.velocity.runtime.log.SimpleLog4JLogSystem
2011-08-20 14:54:34,332 - Default ResourceManager initializing. (class org.apache.velocity.runtime.resource.ResourceManagerImpl)
2011-08-20 14:54:34,342 - Resource Loader Instantiated: org.apache.velocity.runtime.resource.loader.ClasspathResourceLoader
2011-08-20 14:54:34,342 - ClasspathResourceLoader : initialization starting.
2011-08-20 14:54:34,342 - ClasspathResourceLoader : initialization complete.
2011-08-20 14:54:34,342 - ResourceCache : initialized. (class org.apache.velocity.runtime.resource.ResourceCacheImpl)
2011-08-20 14:54:34,342 - Default ResourceManager initialization complete.
2011-08-20 14:54:34,352 - Loaded System Directive: org.apache.velocity.runtime.directive.Literal
2011-08-20 14:54:34,352 - Loaded System Directive: org.apache.velocity.runtime.directive.Macro
2011-08-20 14:54:34,362 - Loaded System Directive: org.apache.velocity.runtime.directive.Parse
2011-08-20 14:54:34,372 - Loaded System Directive: org.apache.velocity.runtime.directive.Include
2011-08-20 14:54:34,372 - Loaded System Directive: org.apache.velocity.runtime.directive.Foreach
2011-08-20 14:54:34,452 - Created: 20 parsers.
2011-08-20 14:54:34,482 - Velocimacro : initialization starting.
2011-08-20 14:54:34,482 - Velocimacro : adding VMs from VM library template : VM_global_library.vm
2011-08-20 14:54:34,492 - ResourceManager : unable to find resource 'VM_global_library.vm' in any resource loader.
2011-08-20 14:54:34,492 - Velocimacro : error using  VM library template VM_global_library.vm : org.apache.velocity.exception.ResourceNotFoundException: Unable to find resource 'VM_global_library.vm'
2011-08-20 14:54:34,492 - Velocimacro :  VM library template macro registration complete.
2011-08-20 14:54:34,492 - Velocimacro : allowInline = true : VMs can be defined inline in templates
2011-08-20 14:54:34,492 - Velocimacro : allowInlineToOverride = false : VMs defined inline may NOT replace previous VM definitions
2011-08-20 14:54:34,492 - Velocimacro : allowInlineLocal = false : VMs defined inline will be  global in scope if allowed.
2011-08-20 14:54:34,492 - Velocimacro : messages on  : VM system will output logging messages
2011-08-20 14:54:34,492 - Velocimacro : autoload off  : VM system will not automatically reload global library macros
2011-08-20 14:54:34,492 - Velocimacro : initialization complete.
2011-08-20 14:54:34,492 - Velocity successfully started.
2011-08-20 15:02:50,882 - ResourceManager : found repast/simphony/scenario/Scenario.vt with loader org.apache.velocity.runtime.resource.loader.ClasspathResourceLoader
2011-08-20 15:02:50,932 - ResourceManager : found repast/simphony/parameter/parameters.vt with loader org.apache.velocity.runtime.resource.loader.ClasspathResourceLoader
2011-08-20 15:02:51,042 - ResourceManager : found repast/simphony/scenario/Scenario.vt with loader org.apache.velocity.runtime.resource.loader.ClasspathResourceLoader
2011-08-20 15:02:51,052 - ResourceManager : found repast/simphony/parameter/parameters.vt with loader org.apache.velocity.runtime.resource.loader.ClasspathResourceLoader
2011-08-20 15:02:51,152 - ResourceManager : found repast/simphony/scenario/Scenario.vt with loader org.apache.velocity.runtime.resource.loader.ClasspathResourceLoader
2011-08-20 15:02:51,162 - ResourceManager : found repast/simphony/parameter/parameters.vt with loader org.apache.velocity.runtime.resource.loader.ClasspathResourceLoader
2011-08-20 17:25:08,694 - SimpleLog4JLogSystem initialized using logfile 'velocity.log'
2011-08-20 17:25:08,694 - ************************************************************** 
2011-08-20 17:25:08,694 - Starting Jakarta Velocity v1.4
2011-08-20 17:25:08,694 - RuntimeInstance initializing.
2011-08-20 17:25:08,694 - Default Properties File: org\apache\velocity\runtime\defaults\velocity.properties
2011-08-20 17:25:08,694 - Trying to use logger class org.apache.velocity.runtime.log.SimpleLog4JLogSystem
2011-08-20 17:25:08,694 - Using logger class org.apache.velocity.runtime.log.SimpleLog4JLogSystem
2011-08-20 17:25:08,704 - Default ResourceManager initializing. (class org.apache.velocity.runtime.resource.ResourceManagerImpl)
2011-08-20 17:25:08,714 - Resource Loader Instantiated: org.apache.velocity.runtime.resource.loader.ClasspathResourceLoader
2011-08-20 17:25:08,714 - ClasspathResourceLoader : initialization starting.
2011-08-20 17:25:08,714 - ClasspathResourceLoader : initialization complete.
2011-08-20 17:25:08,724 - ResourceCache : initialized. (class org.apache.velocity.runtime.resource.ResourceCacheImpl)
2011-08-20 17:25:08,724 - Default ResourceManager initialization complete.
2011-08-20 17:25:08,734 - Loaded System Directive: org.apache.velocity.runtime.directive.Literal
2011-08-20 17:25:08,734 - Loaded System Directive: org.apache.velocity.runtime.directive.Macro
2011-08-20 17:25:08,744 - Loaded System Directive: org.apache.velocity.runtime.directive.Parse
2011-08-20 17:25:08,754 - Loaded System Directive: org.apache.velocity.runtime.directive.Include
2011-08-20 17:25:08,754 - Loaded System Directive: org.apache.velocity.runtime.directive.Foreach
2011-08-20 17:25:08,834 - Created: 20 parsers.
2011-08-20 17:25:08,864 - Velocimacro : initialization starting.
2011-08-20 17:25:08,864 - Velocimacro : adding VMs from VM library template : VM_global_library.vm
2011-08-20 17:25:08,874 - ResourceManager : unable to find resource 'VM_global_library.vm' in any resource loader.
2011-08-20 17:25:08,874 - Velocimacro : error using  VM library template VM_global_library.vm : org.apache.velocity.exception.ResourceNotFoundException: Unable to find resource 'VM_global_library.vm'
2011-08-20 17:25:08,874 - Velocimacro :  VM library template macro registration complete.
2011-08-20 17:25:08,874 - Velocimacro : allowInline = true : VMs can be defined inline in templates
2011-08-20 17:25:08,874 - Velocimacro : allowInlineToOverride = false : VMs defined inline may NOT replace previous VM definitions
2011-08-20 17:25:08,874 - Velocimacro : allowInlineLocal = false : VMs defined inline will be  global in scope if allowed.
2011-08-20 17:25:08,874 - Velocimacro : messages on  : VM system will output logging messages
2011-08-20 17:25:08,874 - Velocimacro : autoload off  : VM system will not automatically reload global library macros
2011-08-20 17:25:08,874 - Velocimacro : initialization complete.
2011-08-20 17:25:08,874 - Velocity successfully started.
2011-08-20 17:53:10,940 - SimpleLog4JLogSystem initialized using logfile 'velocity.log'
2011-08-20 17:53:10,940 - ************************************************************** 
2011-08-20 17:53:10,940 - Starting Jakarta Velocity v1.4
2011-08-20 17:53:10,940 - RuntimeInstance initializing.
2011-08-20 17:53:10,940 - Default Properties File: org\apache\velocity\runtime\defaults\velocity.properties
2011-08-20 17:53:10,940 - Trying to use logger class org.apache.velocity.runtime.log.SimpleLog4JLogSystem
2011-08-20 17:53:10,940 - Using logger class org.apache.velocity.runtime.log.SimpleLog4JLogSystem
2011-08-20 17:53:10,960 - Default ResourceManager initializing. (class org.apache.velocity.runtime.resource.ResourceManagerImpl)
2011-08-20 17:53:10,990 - Resource Loader Instantiated: org.apache.velocity.runtime.resource.loader.ClasspathResourceLoader
2011-08-20 17:53:11,000 - ClasspathResourceLoader : initialization starting.
2011-08-20 17:53:11,000 - ClasspathResourceLoader : initialization complete.
2011-08-20 17:53:11,010 - ResourceCache : initialized. (class org.apache.velocity.runtime.resource.ResourceCacheImpl)
2011-08-20 17:53:11,010 - Default ResourceManager initialization complete.
2011-08-20 17:53:11,030 - Loaded System Directive: org.apache.velocity.runtime.directive.Literal
2011-08-20 17:53:11,040 - Loaded System Directive: org.apache.velocity.runtime.directive.Macro
2011-08-20 17:53:11,070 - Loaded System Directive: org.apache.velocity.runtime.directive.Parse
2011-08-20 17:53:11,100 - Loaded System Directive: org.apache.velocity.runtime.directive.Include
2011-08-20 17:53:11,110 - Loaded System Directive: org.apache.velocity.runtime.directive.Foreach
2011-08-20 17:53:11,310 - Created: 20 parsers.
2011-08-20 17:53:11,400 - Velocimacro : initialization starting.
2011-08-20 17:53:11,400 - Velocimacro : adding VMs from VM library template : VM_global_library.vm
2011-08-20 17:53:11,430 - ResourceManager : unable to find resource 'VM_global_library.vm' in any resource loader.
2011-08-20 17:53:11,430 - Velocimacro : error using  VM library template VM_global_library.vm : org.apache.velocity.exception.ResourceNotFoundException: Unable to find resource 'VM_global_library.vm'
2011-08-20 17:53:11,440 - Velocimacro :  VM library template macro registration complete.
2011-08-20 17:53:11,440 - Velocimacro : allowInline = true : VMs can be defined inline in templates
2011-08-20 17:53:11,440 - Velocimacro : allowInlineToOverride = false : VMs defined inline may NOT replace previous VM definitions
2011-08-20 17:53:11,440 - Velocimacro : allowInlineLocal = false : VMs defined inline will be  global in scope if allowed.
2011-08-20 17:53:11,440 - Velocimacro : messages on  : VM system will output logging messages
2011-08-20 17:53:11,440 - Velocimacro : autoload off  : VM system will not automatically reload global library macros
2011-08-20 17:53:11,440 - Velocimacro : initialization complete.
2011-08-20 17:53:11,440 - Velocity successfully started.
2011-08-22 16:46:22,814 - SimpleLog4JLogSystem initialized using logfile 'velocity.log'
2011-08-22 16:46:22,814 - ************************************************************** 
2011-08-22 16:46:22,824 - Starting Jakarta Velocity v1.4
2011-08-22 16:46:22,824 - RuntimeInstance initializing.
2011-08-22 16:46:22,824 - Default Properties File: org\apache\velocity\runtime\defaults\velocity.properties
2011-08-22 16:46:22,824 - Trying to use logger class org.apache.velocity.runtime.log.SimpleLog4JLogSystem
2011-08-22 16:46:22,824 - Using logger class org.apache.velocity.runtime.log.SimpleLog4JLogSystem
2011-08-22 16:46:22,834 - Default ResourceManager initializing. (class org.apache.velocity.runtime.resource.ResourceManagerImpl)
2011-08-22 16:46:22,844 - Resource Loader Instantiated: org.apache.velocity.runtime.resource.loader.ClasspathResourceLoader
2011-08-22 16:46:22,844 - ClasspathResourceLoader : initialization starting.
2011-08-22 16:46:22,844 - ClasspathResourceLoader : initialization complete.
2011-08-22 16:46:22,854 - ResourceCache : initialized. (class org.apache.velocity.runtime.resource.ResourceCacheImpl)
2011-08-22 16:46:22,854 - Default ResourceManager initialization complete.
2011-08-22 16:46:22,864 - Loaded System Directive: org.apache.velocity.runtime.directive.Literal
2011-08-22 16:46:22,864 - Loaded System Directive: org.apache.velocity.runtime.directive.Macro
2011-08-22 16:46:22,884 - Loaded System Directive: org.apache.velocity.runtime.directive.Parse
2011-08-22 16:46:22,894 - Loaded System Directive: org.apache.velocity.runtime.directive.Include
2011-08-22 16:46:22,904 - Loaded System Directive: org.apache.velocity.runtime.directive.Foreach
2011-08-22 16:46:22,994 - Created: 20 parsers.
2011-08-22 16:46:23,024 - Velocimacro : initialization starting.
2011-08-22 16:46:23,024 - Velocimacro : adding VMs from VM library template : VM_global_library.vm
2011-08-22 16:46:23,034 - ResourceManager : unable to find resource 'VM_global_library.vm' in any resource loader.
2011-08-22 16:46:23,034 - Velocimacro : error using  VM library template VM_global_library.vm : org.apache.velocity.exception.ResourceNotFoundException: Unable to find resource 'VM_global_library.vm'
2011-08-22 16:46:23,034 - Velocimacro :  VM library template macro registration complete.
2011-08-22 16:46:23,034 - Velocimacro : allowInline = true : VMs can be defined inline in templates
2011-08-22 16:46:23,034 - Velocimacro : allowInlineToOverride = false : VMs defined inline may NOT replace previous VM definitions
2011-08-22 16:46:23,034 - Velocimacro : allowInlineLocal = false : VMs defined inline will be  global in scope if allowed.
2011-08-22 16:46:23,034 - Velocimacro : messages on  : VM system will output logging messages
2011-08-22 16:46:23,034 - Velocimacro : autoload off  : VM system will not automatically reload global library macros
2011-08-22 16:46:23,034 - Velocimacro : initialization complete.
2011-08-22 16:46:23,034 - Velocity successfully started.
2011-08-22 18:59:53,315 - SimpleLog4JLogSystem initialized using logfile 'velocity.log'
2011-08-22 18:59:53,325 - ************************************************************** 
2011-08-22 18:59:53,325 - Starting Jakarta Velocity v1.4
2011-08-22 18:59:53,325 - RuntimeInstance initializing.
2011-08-22 18:59:53,325 - Starting Jakarta Velocity v1.4
2011-08-22 18:59:53,325 - Default Properties File: org\apache\velocity\runtime\defaults\velocity.properties
2011-08-22 18:59:53,325 - Trying to use logger class org.apache.velocity.runtime.log.SimpleLog4JLogSystem

2011-08-22 18:59:53,325 - Using logger class org.apache.velocity.runtime.log.SimpleLog4JLogSystem
System
2011-08-22 18:59:53,325 - Using logger class org.apache.velocity.runtime.log.SimpleLog4JLogSystem
2011-08-22 18:59:53,335 - Default ResourceManager initializing. (class org.apache.velocity.runtime.resource.ResourceManagerImpl)
2011-08-22 18:59:53,345 - Resource Loader Instantiated: org.apache.velocity.runtime.resource.loader.ClasspathResourceLoader
2011-08-22 18:59:53,345 - ClasspathResourceLoader : initialization starting.
2011-08-22 18:59:53,345 - ClasspathResourceLoader : initialization complete.
2011-08-22 18:59:53,355 - ResourceCache : initialized. (class org.apache.velocity.runtime.resource.ResourceCacheImpl)
2011-08-22 18:59:53,355 - Default ResourceManager initialization complete.
2011-08-22 18:59:53,355 - Loaded System Directive: org.apache.velocity.runtime.directive.Literal
2011-08-22 18:59:53,365 - Loaded System Directive: org.apache.velocity.runtime.directive.Macro
2011-08-22 18:59:53,375 - Loaded System Directive: org.apache.velocity.runtime.directive.Parse
2011-08-22 18:59:53,385 - Loaded System Directive: org.apache.velocity.runtime.directive.Include
2011-08-22 18:59:53,395 - Loaded System Directive: org.apache.velocity.runtime.directive.Foreach
2011-08-22 18:59:53,475 - Created: 20 parsers.
2011-08-22 18:59:53,475 - Created: 20 parsers.
2011-08-22 18:59:53,515 - Velocimacro : initialization starting.
2011-08-22 18:59:53,515 - Velocimacro : adding VMs from VM library template : VM_global_library.vm
2011-08-22 18:59:53,525 - ResourceManager : unable to find resource 'VM_global_library.vm' in any resource loader.
2011-08-22 18:59:53,525 - Velocimacro : error using  VM library template VM_global_library.vm : org.apache.velocity.exception.ResourceNotFoundException: Unable to find resource 'VM_global_library.vm'
2011-08-22 18:59:53,525 - Velocimacro :  VM library template macro registration complete.
2011-08-22 18:59:53,525 - Velocimacro : allowInline = true : VMs can be defined inline in templates
2011-08-22 18:59:53,525 - Velocimacro : allowInlineToOverride = false : VMs defined inline may NOT replace previous VM definitions
2011-08-22 18:59:53,525 - Velocimacro : allowInlineLocal = false : VMs defined inline will be  global in scope if allowed.
2011-08-22 18:59:53,525 - Velocimacro : messages on  : VM system will output logging messages
2011-08-22 18:59:53,525 - ResourceManager : unable to find resource 'VM_global_library.vm' in any resource loader.
2011-08-22 18:59:53,525 - Velocimacro : autoload off  : VM system will not automatically reload global library macros
2011-08-22 18:59:53,525 - Velocimacro : initialization complete.
2011-08-22 18:59:53,525 - Velocity successfully started.
brary template VM_global_library.vm : org.apache.velocity.exception.ResourceNotFoundException: Unable to find resource 'VM_global_library.vm'
2011-08-22 18:59:53,525 - Velocimacro :  VM library template macro registration complete.
2011-08-22 18:59:53,525 - Velocimacro : allowInline = true : VMs can be defined inline in templates
2011-08-22 18:59:53,525 - Velocimacro : allowInlineToOverride = false : VMs defined inline may NOT replace previous VM definitions
2011-08-22 18:59:53,525 - Velocimacro : allowInlineLocal = false : VMs defined inline will be  global in scope if allowed.
2011-08-22 18:59:53,525 - Velocimacro : messages on  : VM system will output logging messages
2011-08-22 18:59:53,525 - Velocimacro : autoload off  : VM system will not automatically reload global library macros
2011-08-22 18:59:53,525 - Velocimacro : initialization complete.
2011-08-22 18:59:53,525 - Velocity successfully started.
2011-10-14 15:47:29,155 - SimpleLog4JLogSystem initialized using logfile 'velocity.log'
2011-10-14 15:47:29,156 - ************************************************************** 
2011-10-14 15:47:29,156 - Starting Jakarta Velocity v1.4
2011-10-14 15:47:29,156 - RuntimeInstance initializing.
2011-10-14 15:47:29,156 - Default Properties File: org/apache/velocity/runtime/defaults/velocity.properties
2011-10-14 15:47:29,156 - Trying to use logger class org.apache.velocity.runtime.log.SimpleLog4JLogSystem
2011-10-14 15:47:29,156 - Using logger class org.apache.velocity.runtime.log.SimpleLog4JLogSystem
2011-10-14 15:47:29,159 - Default ResourceManager initializing. (class org.apache.velocity.runtime.resource.ResourceManagerImpl)
2011-10-14 15:47:29,161 - Resource Loader Instantiated: org.apache.velocity.runtime.resource.loader.ClasspathResourceLoader
2011-10-14 15:47:29,162 - ClasspathResourceLoader : initialization starting.
2011-10-14 15:47:29,162 - ClasspathResourceLoader : initialization complete.
2011-10-14 15:47:29,163 - ResourceCache : initialized. (class org.apache.velocity.runtime.resource.ResourceCacheImpl)
2011-10-14 15:47:29,163 - Default ResourceManager initialization complete.
2011-10-14 15:47:29,165 - Loaded System Directive: org.apache.velocity.runtime.directive.Literal
2011-10-14 15:47:29,169 - Loaded System Directive: org.apache.velocity.runtime.directive.Macro
2011-10-14 15:47:29,171 - Loaded System Directive: org.apache.velocity.runtime.directive.Parse
2011-10-14 15:47:29,173 - Loaded System Directive: org.apache.velocity.runtime.directive.Include
2011-10-14 15:47:29,174 - Loaded System Directive: org.apache.velocity.runtime.directive.Foreach
2011-10-14 15:47:29,202 - Created: 20 parsers.
2011-10-14 15:47:29,209 - Velocimacro : initialization starting.
2011-10-14 15:47:29,209 - Velocimacro : adding VMs from VM library template : VM_global_library.vm
2011-10-14 15:47:29,214 - ResourceManager : unable to find resource 'VM_global_library.vm' in any resource loader.
2011-10-14 15:47:29,214 - Velocimacro : error using  VM library template VM_global_library.vm : org.apache.velocity.exception.ResourceNotFoundException: Unable to find resource 'VM_global_library.vm'
2011-10-14 15:47:29,214 - Velocimacro :  VM library template macro registration complete.
2011-10-14 15:47:29,214 - Velocimacro : allowInline = true : VMs can be defined inline in templates
2011-10-14 15:47:29,214 - Velocimacro : allowInlineToOverride = false : VMs defined inline may NOT replace previous VM definitions
2011-10-14 15:47:29,214 - Velocimacro : allowInlineLocal = false : VMs defined inline will be  global in scope if allowed.
2011-10-14 15:47:29,214 - Velocimacro : messages on  : VM system will output logging messages
2011-10-14 15:47:29,215 - Velocimacro : autoload off  : VM system will not automatically reload global library macros
2011-10-14 15:47:29,215 - Velocimacro : initialization complete.
2011-10-14 15:47:29,215 - Velocity successfully started.
