2011-08-14 21:13:31,217 - Loaded System Directive: org.apache.velocity.runtime.directive.Include
2011-08-14 21:13:31,218 - Loaded System Directive: org.apache.velocity.runtime.directive.Foreach
2011-08-14 21:13:31,251 - Created: 20 parsers.
2011-08-14 21:13:31,259 - Velocimacro : initialization starting.
2011-08-14 21:13:31,259 - Velocimacro : adding VMs from VM library template : VM_global_library.vm
2011-08-14 21:13:31,269 - ResourceManager : unable to find resource 'VM_global_library.vm' in any resource loader.
2011-08-14 21:13:31,269 - Velocimacro : error using  VM library template VM_global_library.vm : org.apache.velocity.exception.ResourceNotFoundException: Unable to find resource 'VM_global_library.vm'
2011-08-14 21:13:31,269 - Velocimacro :  VM library template macro registration complete.
2011-08-14 21:13:31,269 - Velocimacro : allowInline = true : VMs can be defined inline in templates
2011-08-14 21:13:31,269 - Velocimacro : allowInlineToOverride = false : VMs defined inline may NOT replace previous VM definitions
2011-08-14 21:13:31,269 - Velocimacro : allowInlineLocal = false : VMs defined inline will be  global in scope if allowed.
2011-08-14 21:13:31,269 - Velocimacro : messages on  : VM system will output logging messages
2011-08-14 21:13:31,269 - Velocimacro : autoload off  : VM system will not automatically reload global library macros
2011-08-14 21:13:31,269 - Velocimacro : initialization complete.
2011-08-14 21:13:31,269 - Velocity successfully started.
2011-08-14 21:16:07,114 - SimpleLog4JLogSystem initialized using logfile 'velocity.log'
2011-08-14 21:16:07,115 - ************************************************************** 
2011-08-14 21:16:07,115 - Starting Jakarta Velocity v1.4
2011-08-14 21:16:07,115 - RuntimeInstance initializing.
2011-08-14 21:16:07,115 - Default Properties File: org/apache/velocity/runtime/defaults/velocity.properties
2011-08-14 21:16:07,115 - Trying to use logger class org.apache.velocity.runtime.log.SimpleLog4JLogSystem
2011-08-14 21:16:07,115 - Using logger class org.apache.velocity.runtime.log.SimpleLog4JLogSystem
2011-08-14 21:16:07,119 - Default ResourceManager initializing. (class org.apache.velocity.runtime.resource.ResourceManagerImpl)
2011-08-14 21:16:07,122 - Resource Loader Instantiated: org.apache.velocity.runtime.resource.loader.ClasspathResourceLoader
2011-08-14 21:16:07,122 - ClasspathResourceLoader : initialization starting.
2011-08-14 21:16:07,122 - ClasspathResourceLoader : initialization complete.
2011-08-14 21:16:07,124 - ResourceCache : initialized. (class org.apache.velocity.runtime.resource.ResourceCacheImpl)
2011-08-14 21:16:07,124 - Default ResourceManager initialization complete.
2011-08-14 21:16:07,128 - Loaded System Directive: org.apache.velocity.runtime.directive.Literal
2011-08-14 21:16:07,132 - Loaded System Directive: org.apache.velocity.runtime.directive.Macro
2011-08-14 21:16:07,135 - Loaded System Directive: org.apache.velocity.runtime.directive.Parse
2011-08-14 21:16:07,137 - Loaded System Directive: org.apache.velocity.runtime.directive.Include
2011-08-14 21:16:07,138 - Loaded System Directive: org.apache.velocity.runtime.directive.Foreach
2011-08-14 21:16:07,170 - Created: 20 parsers.
2011-08-14 21:16:07,178 - Velocimacro : initialization starting.
2011-08-14 21:16:07,178 - Velocimacro : adding VMs from VM library template : VM_global_library.vm
2011-08-14 21:16:07,184 - ResourceManager : unable to find resource 'VM_global_library.vm' in any resource loader.
2011-08-14 21:16:07,184 - Velocimacro : error using  VM library template VM_global_library.vm : org.apache.velocity.exception.ResourceNotFoundException: Unable to find resource 'VM_global_library.vm'
2011-08-14 21:16:07,184 - Velocimacro :  VM library template macro registration complete.
2011-08-14 21:16:07,184 - Velocimacro : allowInline = true : VMs can be defined inline in templates
2011-08-14 21:16:07,184 - Velocimacro : allowInlineToOverride = false : VMs defined inline may NOT replace previous VM definitions
2011-08-14 21:16:07,184 - Velocimacro : allowInlineLocal = false : VMs defined inline will be  global in scope if allowed.
2011-08-14 21:16:07,184 - Velocimacro : messages on  : VM system will output logging messages
2011-08-14 21:16:07,184 - Velocimacro : autoload off  : VM system will not automatically reload global library macros
2011-08-14 21:16:07,184 - Velocimacro : initialization complete.
2011-08-14 21:16:07,184 - Velocity successfully started.
2011-08-14 21:19:43,184 - SimpleLog4JLogSystem initialized using logfile 'velocity.log'
2011-08-14 21:19:43,201 - ************************************************************** 
2011-08-14 21:19:43,201 - Starting Jakarta Velocity v1.4
2011-08-14 21:19:43,201 - RuntimeInstance initializing.
2011-08-14 21:19:43,201 - Default Properties File: org/apache/velocity/runtime/defaults/velocity.properties
2011-08-14 21:19:43,201 - Trying to use logger class org.apache.velocity.runtime.log.SimpleLog4JLogSystem
2011-08-14 21:19:43,201 - Using logger class org.apache.velocity.runtime.log.SimpleLog4JLogSystem
2011-08-14 21:19:43,205 - Default ResourceManager initializing. (class org.apache.velocity.runtime.resource.ResourceManagerImpl)
2011-08-14 21:19:43,208 - Resource Loader Instantiated: org.apache.velocity.runtime.resource.loader.ClasspathResourceLoader
2011-08-14 21:19:43,209 - ClasspathResourceLoader : initialization starting.
2011-08-14 21:19:43,209 - ClasspathResourceLoader : initialization complete.
2011-08-14 21:19:43,211 - ResourceCache : initialized. (class org.apache.velocity.runtime.resource.ResourceCacheImpl)
2011-08-14 21:19:43,211 - Default ResourceManager initialization complete.
2011-08-14 21:19:43,215 - Loaded System Directive: org.apache.velocity.runtime.directive.Literal
2011-08-14 21:19:43,217 - Loaded System Directive: org.apache.velocity.runtime.directive.Macro
2011-08-14 21:19:43,220 - Loaded System Directive: org.apache.velocity.runtime.directive.Parse
2011-08-14 21:19:43,222 - Loaded System Directive: org.apache.velocity.runtime.directive.Include
2011-08-14 21:19:43,223 - Loaded System Directive: org.apache.velocity.runtime.directive.Foreach
2011-08-14 21:19:43,255 - Created: 20 parsers.
2011-08-14 21:19:43,263 - Velocimacro : initialization starting.
2011-08-14 21:19:43,263 - Velocimacro : adding VMs from VM library template : VM_global_library.vm
2011-08-14 21:19:43,269 - ResourceManager : unable to find resource 'VM_global_library.vm' in any resource loader.
2011-08-14 21:19:43,269 - Velocimacro : error using  VM library template VM_global_library.vm : org.apache.velocity.exception.ResourceNotFoundException: Unable to find resource 'VM_global_library.vm'
2011-08-14 21:19:43,269 - Velocimacro :  VM library template macro registration complete.
2011-08-14 21:19:43,269 - Velocimacro : allowInline = true : VMs can be defined inline in templates
2011-08-14 21:19:43,269 - Velocimacro : allowInlineToOverride = false : VMs defined inline may NOT replace previous VM definitions
2011-08-14 21:19:43,269 - Velocimacro : allowInlineLocal = false : VMs defined inline will be  global in scope if allowed.
2011-08-14 21:19:43,269 - Velocimacro : messages on  : VM system will output logging messages
2011-08-14 21:19:43,269 - Velocimacro : autoload off  : VM system will not automatically reload global library macros
2011-08-14 21:19:43,269 - Velocimacro : initialization complete.
2011-08-14 21:19:43,269 - Velocity successfully started.
2011-08-14 21:23:07,860 - SimpleLog4JLogSystem initialized using logfile 'velocity.log'
2011-08-14 21:23:07,860 - ************************************************************** 
2011-08-14 21:23:07,860 - Starting Jakarta Velocity v1.4
2011-08-14 21:23:07,860 - RuntimeInstance initializing.
2011-08-14 21:23:07,860 - Default Properties File: org/apache/velocity/runtime/defaults/velocity.properties
2011-08-14 21:23:07,860 - Trying to use logger class org.apache.velocity.runtime.log.SimpleLog4JLogSystem
2011-08-14 21:23:07,860 - Using logger class org.apache.velocity.runtime.log.SimpleLog4JLogSystem
2011-08-14 21:23:07,864 - Default ResourceManager initializing. (class org.apache.velocity.runtime.resource.ResourceManagerImpl)
2011-08-14 21:23:07,868 - Resource Loader Instantiated: org.apache.velocity.runtime.resource.loader.ClasspathResourceLoader
2011-08-14 21:23:07,868 - ClasspathResourceLoader : initialization starting.
2011-08-14 21:23:07,868 - ClasspathResourceLoader : initialization complete.
2011-08-14 21:23:07,870 - ResourceCache : initialized. (class org.apache.velocity.runtime.resource.ResourceCacheImpl)
2011-08-14 21:23:07,870 - Default ResourceManager initialization complete.
2011-08-14 21:23:07,872 - Loaded System Directive: org.apache.velocity.runtime.directive.Literal
2011-08-14 21:23:07,874 - Loaded System Directive: org.apache.velocity.runtime.directive.Macro
2011-08-14 21:23:07,880 - Loaded System Directive: org.apache.velocity.runtime.directive.Parse
2011-08-14 21:23:07,882 - Loaded System Directive: org.apache.velocity.runtime.directive.Include
2011-08-14 21:23:07,883 - Loaded System Directive: org.apache.velocity.runtime.directive.Foreach
2011-08-14 21:23:07,915 - Created: 20 parsers.
2011-08-14 21:23:07,923 - Velocimacro : initialization starting.
2011-08-14 21:23:07,924 - Velocimacro : adding VMs from VM library template : VM_global_library.vm
2011-08-14 21:23:07,929 - ResourceManager : unable to find resource 'VM_global_library.vm' in any resource loader.
2011-08-14 21:23:07,930 - Velocimacro : error using  VM library template VM_global_library.vm : org.apache.velocity.exception.ResourceNotFoundException: Unable to find resource 'VM_global_library.vm'
2011-08-14 21:23:07,930 - Velocimacro :  VM library template macro registration complete.
2011-08-14 21:23:07,930 - Velocimacro : allowInline = true : VMs can be defined inline in templates
2011-08-14 21:23:07,930 - Velocimacro : allowInlineToOverride = false : VMs defined inline may NOT replace previous VM definitions
2011-08-14 21:23:07,930 - Velocimacro : allowInlineLocal = false : VMs defined inline will be  global in scope if allowed.
2011-08-14 21:23:07,930 - Velocimacro : messages on  : VM system will output logging messages
2011-08-14 21:23:07,930 - Velocimacro : autoload off  : VM system will not automatically reload global library macros
2011-08-14 21:23:07,930 - Velocimacro : initialization complete.
2011-08-14 21:23:07,930 - Velocity successfully started.
2011-08-14 21:33:05,646 - SimpleLog4JLogSystem initialized using logfile 'velocity.log'
2011-08-14 21:33:05,646 - ************************************************************** 
2011-08-14 21:33:05,646 - Starting Jakarta Velocity v1.4
2011-08-14 21:33:05,646 - RuntimeInstance initializing.
2011-08-14 21:33:05,646 - Default Properties File: org/apache/velocity/runtime/defaults/velocity.properties
2011-08-14 21:33:05,646 - Trying to use logger class org.apache.velocity.runtime.log.SimpleLog4JLogSystem
2011-08-14 21:33:05,646 - Using logger class org.apache.velocity.runtime.log.SimpleLog4JLogSystem
2011-08-14 21:33:05,650 - Default ResourceManager initializing. (class org.apache.velocity.runtime.resource.ResourceManagerImpl)
2011-08-14 21:33:05,653 - Resource Loader Instantiated: org.apache.velocity.runtime.resource.loader.ClasspathResourceLoader
2011-08-14 21:33:05,653 - ClasspathResourceLoader : initialization starting.
2011-08-14 21:33:05,653 - ClasspathResourceLoader : initialization complete.
2011-08-14 21:33:05,655 - ResourceCache : initialized. (class org.apache.velocity.runtime.resource.ResourceCacheImpl)
2011-08-14 21:33:05,655 - Default ResourceManager initialization complete.
2011-08-14 21:33:05,657 - Loaded System Directive: org.apache.velocity.runtime.directive.Literal
2011-08-14 21:33:05,662 - Loaded System Directive: org.apache.velocity.runtime.directive.Macro
2011-08-14 21:33:05,665 - Loaded System Directive: org.apache.velocity.runtime.directive.Parse
2011-08-14 21:33:05,667 - Loaded System Directive: org.apache.velocity.runtime.directive.Include
2011-08-14 21:33:05,668 - Loaded System Directive: org.apache.velocity.runtime.directive.Foreach
2011-08-14 21:33:05,700 - Created: 20 parsers.
2011-08-14 21:33:05,708 - Velocimacro : initialization starting.
2011-08-14 21:33:05,708 - Velocimacro : adding VMs from VM library template : VM_global_library.vm
2011-08-14 21:33:05,714 - ResourceManager : unable to find resource 'VM_global_library.vm' in any resource loader.
2011-08-14 21:33:05,714 - Velocimacro : error using  VM library template VM_global_library.vm : org.apache.velocity.exception.ResourceNotFoundException: Unable to find resource 'VM_global_library.vm'
2011-08-14 21:33:05,714 - Velocimacro :  VM library template macro registration complete.
2011-08-14 21:33:05,714 - Velocimacro : allowInline = true : VMs can be defined inline in templates
2011-08-14 21:33:05,714 - Velocimacro : allowInlineToOverride = false : VMs defined inline may NOT replace previous VM definitions
2011-08-14 21:33:05,715 - Velocimacro : allowInlineLocal = false : VMs defined inline will be  global in scope if allowed.
2011-08-14 21:33:05,715 - Velocimacro : messages on  : VM system will output logging messages
2011-08-14 21:33:05,715 - Velocimacro : autoload off  : VM system will not automatically reload global library macros
2011-08-14 21:33:05,715 - Velocimacro : initialization complete.
2011-08-14 21:33:05,715 - Velocity successfully started.
2011-08-14 21:35:20,736 - SimpleLog4JLogSystem initialized using logfile 'velocity.log'
2011-08-14 21:35:20,736 - ************************************************************** 
2011-08-14 21:35:20,736 - Starting Jakarta Velocity v1.4
2011-08-14 21:35:20,736 - RuntimeInstance initializing.
2011-08-14 21:35:20,736 - Default Properties File: org/apache/velocity/runtime/defaults/velocity.properties
2011-08-14 21:35:20,736 - Trying to use logger class org.apache.velocity.runtime.log.SimpleLog4JLogSystem
2011-08-14 21:35:20,736 - Using logger class org.apache.velocity.runtime.log.SimpleLog4JLogSystem
2011-08-14 21:35:20,740 - Default ResourceManager initializing. (class org.apache.velocity.runtime.resource.ResourceManagerImpl)
2011-08-14 21:35:20,747 - Resource Loader Instantiated: org.apache.velocity.runtime.resource.loader.ClasspathResourceLoader
2011-08-14 21:35:20,747 - ClasspathResourceLoader : initialization starting.
2011-08-14 21:35:20,747 - ClasspathResourceLoader : initialization complete.
2011-08-14 21:35:20,749 - ResourceCache : initialized. (class org.apache.velocity.runtime.resource.ResourceCacheImpl)
2011-08-14 21:35:20,749 - Default ResourceManager initialization complete.
2011-08-14 21:35:20,751 - Loaded System Directive: org.apache.velocity.runtime.directive.Literal
2011-08-14 21:35:20,756 - Loaded System Directive: org.apache.velocity.runtime.directive.Macro
2011-08-14 21:35:20,759 - Loaded System Directive: org.apache.velocity.runtime.directive.Parse
2011-08-14 21:35:20,761 - Loaded System Directive: org.apache.velocity.runtime.directive.Include
2011-08-14 21:35:20,762 - Loaded System Directive: org.apache.velocity.runtime.directive.Foreach
2011-08-14 21:35:20,794 - Created: 20 parsers.
2011-08-14 21:35:20,803 - Velocimacro : initialization starting.
2011-08-14 21:35:20,803 - Velocimacro : adding VMs from VM library template : VM_global_library.vm
2011-08-14 21:35:20,809 - ResourceManager : unable to find resource 'VM_global_library.vm' in any resource loader.
2011-08-14 21:35:20,809 - Velocimacro : error using  VM library template VM_global_library.vm : org.apache.velocity.exception.ResourceNotFoundException: Unable to find resource 'VM_global_library.vm'
2011-08-14 21:35:20,809 - Velocimacro :  VM library template macro registration complete.
2011-08-14 21:35:20,809 - Velocimacro : allowInline = true : VMs can be defined inline in templates
2011-08-14 21:35:20,809 - Velocimacro : allowInlineToOverride = false : VMs defined inline may NOT replace previous VM definitions
2011-08-14 21:35:20,809 - Velocimacro : allowInlineLocal = false : VMs defined inline will be  global in scope if allowed.
2011-08-14 21:35:20,809 - Velocimacro : messages on  : VM system will output logging messages
2011-08-14 21:35:20,809 - Velocimacro : autoload off  : VM system will not automatically reload global library macros
2011-08-14 21:35:20,809 - Velocimacro : initialization complete.
2011-08-14 21:35:20,809 - Velocity successfully started.
2011-08-14 21:39:42,347 - SimpleLog4JLogSystem initialized using logfile 'velocity.log'
2011-08-14 21:39:42,348 - ************************************************************** 
2011-08-14 21:39:42,348 - Starting Jakarta Velocity v1.4
2011-08-14 21:39:42,348 - RuntimeInstance initializing.
2011-08-14 21:39:42,348 - Default Properties File: org/apache/velocity/runtime/defaults/velocity.properties
2011-08-14 21:39:42,348 - Trying to use logger class org.apache.velocity.runtime.log.SimpleLog4JLogSystem
2011-08-14 21:39:42,348 - Using logger class org.apache.velocity.runtime.log.SimpleLog4JLogSystem
2011-08-14 21:39:42,351 - Default ResourceManager initializing. (class org.apache.velocity.runtime.resource.ResourceManagerImpl)
2011-08-14 21:39:42,355 - Resource Loader Instantiated: org.apache.velocity.runtime.resource.loader.ClasspathResourceLoader
2011-08-14 21:39:42,355 - ClasspathResourceLoader : initialization starting.
2011-08-14 21:39:42,355 - ClasspathResourceLoader : initialization complete.
2011-08-14 21:39:42,357 - ResourceCache : initialized. (class org.apache.velocity.runtime.resource.ResourceCacheImpl)
2011-08-14 21:39:42,357 - Default ResourceManager initialization complete.
2011-08-14 21:39:42,359 - Loaded System Directive: org.apache.velocity.runtime.directive.Literal
2011-08-14 21:39:42,363 - Loaded System Directive: org.apache.velocity.runtime.directive.Macro
2011-08-14 21:39:42,368 - Loaded System Directive: org.apache.velocity.runtime.directive.Parse
2011-08-14 21:39:42,370 - Loaded System Directive: org.apache.velocity.runtime.directive.Include
2011-08-14 21:39:42,371 - Loaded System Directive: org.apache.velocity.runtime.directive.Foreach
2011-08-14 21:39:42,404 - Created: 20 parsers.
2011-08-14 21:39:42,412 - Velocimacro : initialization starting.
2011-08-14 21:39:42,412 - Velocimacro : adding VMs from VM library template : VM_global_library.vm
2011-08-14 21:39:42,418 - ResourceManager : unable to find resource 'VM_global_library.vm' in any resource loader.
2011-08-14 21:39:42,418 - Velocimacro : error using  VM library template VM_global_library.vm : org.apache.velocity.exception.ResourceNotFoundException: Unable to find resource 'VM_global_library.vm'
2011-08-14 21:39:42,418 - Velocimacro :  VM library template macro registration complete.
2011-08-14 21:39:42,418 - Velocimacro : allowInline = true : VMs can be defined inline in templates
2011-08-14 21:39:42,418 - Velocimacro : allowInlineToOverride = false : VMs defined inline may NOT replace previous VM definitions
2011-08-14 21:39:42,418 - Velocimacro : allowInlineLocal = false : VMs defined inline will be  global in scope if allowed.
2011-08-14 21:39:42,419 - Velocimacro : messages on  : VM system will output logging messages
2011-08-14 21:39:42,419 - Velocimacro : autoload off  : VM system will not automatically reload global library macros
2011-08-14 21:39:42,419 - Velocimacro : initialization complete.
2011-08-14 21:39:42,419 - Velocity successfully started.
2011-08-14 21:40:36,862 - SimpleLog4JLogSystem initialized using logfile 'velocity.log'
2011-08-14 21:40:36,886 - ************************************************************** 
2011-08-14 21:40:36,886 - Starting Jakarta Velocity v1.4
2011-08-14 21:40:36,886 - RuntimeInstance initializing.
2011-08-14 21:40:36,886 - Default Properties File: org/apache/velocity/runtime/defaults/velocity.properties
2011-08-14 21:40:36,886 - Trying to use logger class org.apache.velocity.runtime.log.SimpleLog4JLogSystem
2011-08-14 21:40:36,887 - Using logger class org.apache.velocity.runtime.log.SimpleLog4JLogSystem
2011-08-14 21:40:36,893 - Default ResourceManager initializing. (class org.apache.velocity.runtime.resource.ResourceManagerImpl)
2011-08-14 21:40:36,897 - Resource Loader Instantiated: org.apache.velocity.runtime.resource.loader.ClasspathResourceLoader
2011-08-14 21:40:36,898 - ClasspathResourceLoader : initialization starting.
2011-08-14 21:40:36,898 - ClasspathResourceLoader : initialization complete.
2011-08-14 21:40:36,900 - ResourceCache : initialized. (class org.apache.velocity.runtime.resource.ResourceCacheImpl)
2011-08-14 21:40:36,900 - Default ResourceManager initialization complete.
2011-08-14 21:40:36,905 - Loaded System Directive: org.apache.velocity.runtime.directive.Literal
2011-08-14 21:40:36,907 - Loaded System Directive: org.apache.velocity.runtime.directive.Macro
2011-08-14 21:40:36,910 - Loaded System Directive: org.apache.velocity.runtime.directive.Parse
2011-08-14 21:40:36,912 - Loaded System Directive: org.apache.velocity.runtime.directive.Include
2011-08-14 21:40:36,913 - Loaded System Directive: org.apache.velocity.runtime.directive.Foreach
2011-08-14 21:40:36,945 - Created: 20 parsers.
2011-08-14 21:40:36,953 - Velocimacro : initialization starting.
2011-08-14 21:40:36,954 - Velocimacro : adding VMs from VM library template : VM_global_library.vm
2011-08-14 21:40:36,959 - ResourceManager : unable to find resource 'VM_global_library.vm' in any resource loader.
2011-08-14 21:40:36,959 - Velocimacro : error using  VM library template VM_global_library.vm : org.apache.velocity.exception.ResourceNotFoundException: Unable to find resource 'VM_global_library.vm'
2011-08-14 21:40:36,960 - Velocimacro :  VM library template macro registration complete.
2011-08-14 21:40:36,960 - Velocimacro : allowInline = true : VMs can be defined inline in templates
2011-08-14 21:40:36,960 - Velocimacro : allowInlineToOverride = false : VMs defined inline may NOT replace previous VM definitions
2011-08-14 21:40:36,960 - Velocimacro : allowInlineLocal = false : VMs defined inline will be  global in scope if allowed.
2011-08-14 21:40:36,960 - Velocimacro : messages on  : VM system will output logging messages
2011-08-14 21:40:36,960 - Velocimacro : autoload off  : VM system will not automatically reload global library macros
2011-08-14 21:40:36,960 - Velocimacro : initialization complete.
2011-08-14 21:40:36,960 - Velocity successfully started.
2011-08-14 21:42:03,480 - SimpleLog4JLogSystem initialized using logfile 'velocity.log'
2011-08-14 21:42:03,481 - ************************************************************** 
2011-08-14 21:42:03,481 - Starting Jakarta Velocity v1.4
2011-08-14 21:42:03,481 - RuntimeInstance initializing.
2011-08-14 21:42:03,481 - Default Properties File: org/apache/velocity/runtime/defaults/velocity.properties
2011-08-14 21:42:03,481 - Trying to use logger class org.apache.velocity.runtime.log.SimpleLog4JLogSystem
2011-08-14 21:42:03,481 - Using logger class org.apache.velocity.runtime.log.SimpleLog4JLogSystem
2011-08-14 21:42:03,485 - Default ResourceManager initializing. (class org.apache.velocity.runtime.resource.ResourceManagerImpl)
2011-08-14 21:42:03,491 - Resource Loader Instantiated: org.apache.velocity.runtime.resource.loader.ClasspathResourceLoader
2011-08-14 21:42:03,492 - ClasspathResourceLoader : initialization starting.
2011-08-14 21:42:03,492 - ClasspathResourceLoader : initialization complete.
2011-08-14 21:42:03,494 - ResourceCache : initialized. (class org.apache.velocity.runtime.resource.ResourceCacheImpl)
2011-08-14 21:42:03,494 - Default ResourceManager initialization complete.
2011-08-14 21:42:03,495 - Loaded System Directive: org.apache.velocity.runtime.directive.Literal
2011-08-14 21:42:03,501 - Loaded System Directive: org.apache.velocity.runtime.directive.Macro
2011-08-14 21:42:03,504 - Loaded System Directive: org.apache.velocity.runtime.directive.Parse
2011-08-14 21:42:03,506 - Loaded System Directive: org.apache.velocity.runtime.directive.Include
2011-08-14 21:42:03,507 - Loaded System Directive: org.apache.velocity.runtime.directive.Foreach
2011-08-14 21:42:03,539 - Created: 20 parsers.
2011-08-14 21:42:03,548 - Velocimacro : initialization starting.
2011-08-14 21:42:03,548 - Velocimacro : adding VMs from VM library template : VM_global_library.vm
2011-08-14 21:42:03,554 - ResourceManager : unable to find resource 'VM_global_library.vm' in any resource loader.
2011-08-14 21:42:03,554 - Velocimacro : error using  VM library template VM_global_library.vm : org.apache.velocity.exception.ResourceNotFoundException: Unable to find resource 'VM_global_library.vm'
2011-08-14 21:42:03,554 - Velocimacro :  VM library template macro registration complete.
2011-08-14 21:42:03,554 - Velocimacro : allowInline = true : VMs can be defined inline in templates
2011-08-14 21:42:03,554 - Velocimacro : allowInlineToOverride = false : VMs defined inline may NOT replace previous VM definitions
2011-08-14 21:42:03,554 - Velocimacro : allowInlineLocal = false : VMs defined inline will be  global in scope if allowed.
2011-08-14 21:42:03,554 - Velocimacro : messages on  : VM system will output logging messages
2011-08-14 21:42:03,554 - Velocimacro : autoload off  : VM system will not automatically reload global library macros
2011-08-14 21:42:03,554 - Velocimacro : initialization complete.
2011-08-14 21:42:03,554 - Velocity successfully started.
2011-08-14 21:46:43,431 - SimpleLog4JLogSystem initialized using logfile 'velocity.log'
2011-08-14 21:46:43,432 - ************************************************************** 
2011-08-14 21:46:43,432 - Starting Jakarta Velocity v1.4
2011-08-14 21:46:43,432 - RuntimeInstance initializing.
2011-08-14 21:46:43,432 - Default Properties File: org/apache/velocity/runtime/defaults/velocity.properties
2011-08-14 21:46:43,432 - Trying to use logger class org.apache.velocity.runtime.log.SimpleLog4JLogSystem
2011-08-14 21:46:43,432 - Using logger class org.apache.velocity.runtime.log.SimpleLog4JLogSystem
2011-08-14 21:46:43,436 - Default ResourceManager initializing. (class org.apache.velocity.runtime.resource.ResourceManagerImpl)
2011-08-14 21:46:43,440 - Resource Loader Instantiated: org.apache.velocity.runtime.resource.loader.ClasspathResourceLoader
2011-08-14 21:46:43,440 - ClasspathResourceLoader : initialization starting.
2011-08-14 21:46:43,440 - ClasspathResourceLoader : initialization complete.
2011-08-14 21:46:43,442 - ResourceCache : initialized. (class org.apache.velocity.runtime.resource.ResourceCacheImpl)
2011-08-14 21:46:43,442 - Default ResourceManager initialization complete.
2011-08-14 21:46:43,448 - Loaded System Directive: org.apache.velocity.runtime.directive.Literal
2011-08-14 21:46:43,450 - Loaded System Directive: org.apache.velocity.runtime.directive.Macro
2011-08-14 21:46:43,453 - Loaded System Directive: org.apache.velocity.runtime.directive.Parse
2011-08-14 21:46:43,455 - Loaded System Directive: org.apache.velocity.runtime.directive.Include
2011-08-14 21:46:43,456 - Loaded System Directive: org.apache.velocity.runtime.directive.Foreach
2011-08-14 21:46:43,488 - Created: 20 parsers.
2011-08-14 21:46:43,496 - Velocimacro : initialization starting.
2011-08-14 21:46:43,497 - Velocimacro : adding VMs from VM library template : VM_global_library.vm
2011-08-14 21:46:43,502 - ResourceManager : unable to find resource 'VM_global_library.vm' in any resource loader.
2011-08-14 21:46:43,503 - Velocimacro : error using  VM library template VM_global_library.vm : org.apache.velocity.exception.ResourceNotFoundException: Unable to find resource 'VM_global_library.vm'
2011-08-14 21:46:43,503 - Velocimacro :  VM library template macro registration complete.
2011-08-14 21:46:43,503 - Velocimacro : allowInline = true : VMs can be defined inline in templates
2011-08-14 21:46:43,503 - Velocimacro : allowInlineToOverride = false : VMs defined inline may NOT replace previous VM definitions
2011-08-14 21:46:43,503 - Velocimacro : allowInlineLocal = false : VMs defined inline will be  global in scope if allowed.
2011-08-14 21:46:43,503 - Velocimacro : messages on  : VM system will output logging messages
2011-08-14 21:46:43,503 - Velocimacro : autoload off  : VM system will not automatically reload global library macros
2011-08-14 21:46:43,503 - Velocimacro : initialization complete.
2011-08-14 21:46:43,503 - Velocity successfully started.
2011-08-14 23:26:47,707 - SimpleLog4JLogSystem initialized using logfile 'velocity.log'
2011-08-14 23:26:47,708 - ************************************************************** 
2011-08-14 23:26:47,708 - Starting Jakarta Velocity v1.4
2011-08-14 23:26:47,708 - RuntimeInstance initializing.
2011-08-14 23:26:47,708 - Default Properties File: org/apache/velocity/runtime/defaults/velocity.properties
2011-08-14 23:26:47,708 - Trying to use logger class org.apache.velocity.runtime.log.SimpleLog4JLogSystem
2011-08-14 23:26:47,708 - Using logger class org.apache.velocity.runtime.log.SimpleLog4JLogSystem
2011-08-14 23:26:47,712 - Default ResourceManager initializing. (class org.apache.velocity.runtime.resource.ResourceManagerImpl)
2011-08-14 23:26:47,715 - Resource Loader Instantiated: org.apache.velocity.runtime.resource.loader.ClasspathResourceLoader
2011-08-14 23:26:47,715 - ClasspathResourceLoader : initialization starting.
2011-08-14 23:26:47,715 - ClasspathResourceLoader : initialization complete.
2011-08-14 23:26:47,717 - ResourceCache : initialized. (class org.apache.velocity.runtime.resource.ResourceCacheImpl)
2011-08-14 23:26:47,717 - Default ResourceManager initialization complete.
2011-08-14 23:26:47,723 - Loaded System Directive: org.apache.velocity.runtime.directive.Literal
2011-08-14 23:26:47,725 - Loaded System Directive: org.apache.velocity.runtime.directive.Macro
2011-08-14 23:26:47,728 - Loaded System Directive: org.apache.velocity.runtime.directive.Parse
2011-08-14 23:26:47,730 - Loaded System Directive: org.apache.velocity.runtime.directive.Include
2011-08-14 23:26:47,731 - Loaded System Directive: org.apache.velocity.runtime.directive.Foreach
2011-08-14 23:26:47,764 - Created: 20 parsers.
2011-08-14 23:26:47,772 - Velocimacro : initialization starting.
2011-08-14 23:26:47,772 - Velocimacro : adding VMs from VM library template : VM_global_library.vm
2011-08-14 23:26:47,778 - ResourceManager : unable to find resource 'VM_global_library.vm' in any resource loader.
2011-08-14 23:26:47,778 - Velocimacro : error using  VM library template VM_global_library.vm : org.apache.velocity.exception.ResourceNotFoundException: Unable to find resource 'VM_global_library.vm'
2011-08-14 23:26:47,778 - Velocimacro :  VM library template macro registration complete.
2011-08-14 23:26:47,778 - Velocimacro : allowInline = true : VMs can be defined inline in templates
2011-08-14 23:26:47,778 - Velocimacro : allowInlineToOverride = false : VMs defined inline may NOT replace previous VM definitions
2011-08-14 23:26:47,779 - Velocimacro : allowInlineLocal = false : VMs defined inline will be  global in scope if allowed.
2011-08-14 23:26:47,779 - Velocimacro : messages on  : VM system will output logging messages
2011-08-14 23:26:47,779 - Velocimacro : autoload off  : VM system will not automatically reload global library macros
2011-08-14 23:26:47,779 - Velocimacro : initialization complete.
2011-08-14 23:26:47,779 - Velocity successfully started.
2011-08-14 23:28:10,413 - SimpleLog4JLogSystem initialized using logfile 'velocity.log'
2011-08-14 23:28:10,414 - ************************************************************** 
2011-08-14 23:28:10,414 - Starting Jakarta Velocity v1.4
2011-08-14 23:28:10,414 - RuntimeInstance initializing.
2011-08-14 23:28:10,414 - Default Properties File: org/apache/velocity/runtime/defaults/velocity.properties
2011-08-14 23:28:10,414 - Trying to use logger class org.apache.velocity.runtime.log.SimpleLog4JLogSystem
2011-08-14 23:28:10,414 - Using logger class org.apache.velocity.runtime.log.SimpleLog4JLogSystem
2011-08-14 23:28:10,417 - Default ResourceManager initializing. (class org.apache.velocity.runtime.resource.ResourceManagerImpl)
2011-08-14 23:28:10,420 - Resource Loader Instantiated: org.apache.velocity.runtime.resource.loader.ClasspathResourceLoader
2011-08-14 23:28:10,421 - ClasspathResourceLoader : initialization starting.
2011-08-14 23:28:10,421 - ClasspathResourceLoader : initialization complete.
2011-08-14 23:28:10,423 - ResourceCache : initialized. (class org.apache.velocity.runtime.resource.ResourceCacheImpl)
2011-08-14 23:28:10,423 - Default ResourceManager initialization complete.
2011-08-14 23:28:10,427 - Loaded System Directive: org.apache.velocity.runtime.directive.Literal
2011-08-14 23:28:10,429 - Loaded System Directive: org.apache.velocity.runtime.directive.Macro
2011-08-14 23:28:10,432 - Loaded System Directive: org.apache.velocity.runtime.directive.Parse
2011-08-14 23:28:10,434 - Loaded System Directive: org.apache.velocity.runtime.directive.Include
2011-08-14 23:28:10,435 - Loaded System Directive: org.apache.velocity.runtime.directive.Foreach
2011-08-14 23:28:10,467 - Created: 20 parsers.
2011-08-14 23:28:10,475 - Velocimacro : initialization starting.
2011-08-14 23:28:10,476 - Velocimacro : adding VMs from VM library template : VM_global_library.vm
2011-08-14 23:28:10,482 - ResourceManager : unable to find resource 'VM_global_library.vm' in any resource loader.
2011-08-14 23:28:10,482 - Velocimacro : error using  VM library template VM_global_library.vm : org.apache.velocity.exception.ResourceNotFoundException: Unable to find resource 'VM_global_library.vm'
2011-08-14 23:28:10,482 - Velocimacro :  VM library template macro registration complete.
2011-08-14 23:28:10,482 - Velocimacro : allowInline = true : VMs can be defined inline in templates
2011-08-14 23:28:10,482 - Velocimacro : allowInlineToOverride = false : VMs defined inline may NOT replace previous VM definitions
2011-08-14 23:28:10,482 - Velocimacro : allowInlineLocal = false : VMs defined inline will be  global in scope if allowed.
2011-08-14 23:28:10,482 - Velocimacro : messages on  : VM system will output logging messages
2011-08-14 23:28:10,482 - Velocimacro : autoload off  : VM system will not automatically reload global library macros
2011-08-14 23:28:10,482 - Velocimacro : initialization complete.
2011-08-14 23:28:10,482 - Velocity successfully started.
2011-08-14 23:29:06,400 - SimpleLog4JLogSystem initialized using logfile 'velocity.log'
2011-08-14 23:29:06,401 - ************************************************************** 
2011-08-14 23:29:06,401 - Starting Jakarta Velocity v1.4
2011-08-14 23:29:06,401 - RuntimeInstance initializing.
2011-08-14 23:29:06,401 - Default Properties File: org/apache/velocity/runtime/defaults/velocity.properties
2011-08-14 23:29:06,401 - Trying to use logger class org.apache.velocity.runtime.log.SimpleLog4JLogSystem
2011-08-14 23:29:06,401 - Using logger class org.apache.velocity.runtime.log.SimpleLog4JLogSystem
2011-08-14 23:29:06,405 - Default ResourceManager initializing. (class org.apache.velocity.runtime.resource.ResourceManagerImpl)
2011-08-14 23:29:06,409 - Resource Loader Instantiated: org.apache.velocity.runtime.resource.loader.ClasspathResourceLoader
2011-08-14 23:29:06,410 - ClasspathResourceLoader : initialization starting.
2011-08-14 23:29:06,410 - ClasspathResourceLoader : initialization complete.
2011-08-14 23:29:06,411 - ResourceCache : initialized. (class org.apache.velocity.runtime.resource.ResourceCacheImpl)
2011-08-14 23:29:06,411 - Default ResourceManager initialization complete.
2011-08-14 23:29:06,416 - Loaded System Directive: org.apache.velocity.runtime.directive.Literal
2011-08-14 23:29:06,419 - Loaded System Directive: org.apache.velocity.runtime.directive.Macro
2011-08-14 23:29:06,422 - Loaded System Directive: org.apache.velocity.runtime.directive.Parse
2011-08-14 23:29:06,424 - Loaded System Directive: org.apache.velocity.runtime.directive.Include
2011-08-14 23:29:06,425 - Loaded System Directive: org.apache.velocity.runtime.directive.Foreach
2011-08-14 23:29:06,458 - Created: 20 parsers.
2011-08-14 23:29:06,466 - Velocimacro : initialization starting.
2011-08-14 23:29:06,467 - Velocimacro : adding VMs from VM library template : VM_global_library.vm
2011-08-14 23:29:06,472 - ResourceManager : unable to find resource 'VM_global_library.vm' in any resource loader.
2011-08-14 23:29:06,473 - Velocimacro : error using  VM library template VM_global_library.vm : org.apache.velocity.exception.ResourceNotFoundException: Unable to find resource 'VM_global_library.vm'
2011-08-14 23:29:06,473 - Velocimacro :  VM library template macro registration complete.
2011-08-14 23:29:06,473 - Velocimacro : allowInline = true : VMs can be defined inline in templates
2011-08-14 23:29:06,473 - Velocimacro : allowInlineToOverride = false : VMs defined inline may NOT replace previous VM definitions
2011-08-14 23:29:06,473 - Velocimacro : allowInlineLocal = false : VMs defined inline will be  global in scope if allowed.
2011-08-14 23:29:06,473 - Velocimacro : messages on  : VM system will output logging messages
2011-08-14 23:29:06,473 - Velocimacro : autoload off  : VM system will not automatically reload global library macros
2011-08-14 23:29:06,473 - Velocimacro : initialization complete.
2011-08-14 23:29:06,473 - Velocity successfully started.
2011-08-20 23:25:17,166 - SimpleLog4JLogSystem initialized using logfile 'velocity.log'
2011-08-20 23:25:17,187 - ************************************************************** 
2011-08-20 23:25:17,187 - Starting Jakarta Velocity v1.4
2011-08-20 23:25:17,188 - RuntimeInstance initializing.
2011-08-20 23:25:17,188 - Default Properties File: org/apache/velocity/runtime/defaults/velocity.properties
2011-08-20 23:25:17,188 - Trying to use logger class org.apache.velocity.runtime.log.SimpleLog4JLogSystem
2011-08-20 23:25:17,188 - Using logger class org.apache.velocity.runtime.log.SimpleLog4JLogSystem
2011-08-20 23:25:17,194 - Default ResourceManager initializing. (class org.apache.velocity.runtime.resource.ResourceManagerImpl)
2011-08-20 23:25:17,199 - Resource Loader Instantiated: org.apache.velocity.runtime.resource.loader.ClasspathResourceLoader
2011-08-20 23:25:17,199 - ClasspathResourceLoader : initialization starting.
2011-08-20 23:25:17,199 - ClasspathResourceLoader : initialization complete.
2011-08-20 23:25:17,202 - ResourceCache : initialized. (class org.apache.velocity.runtime.resource.ResourceCacheImpl)
2011-08-20 23:25:17,202 - Default ResourceManager initialization complete.
2011-08-20 23:25:17,204 - Loaded System Directive: org.apache.velocity.runtime.directive.Literal
2011-08-20 23:25:17,207 - Loaded System Directive: org.apache.velocity.runtime.directive.Macro
2011-08-20 23:25:17,212 - Loaded System Directive: org.apache.velocity.runtime.directive.Parse
2011-08-20 23:25:17,214 - Loaded System Directive: org.apache.velocity.runtime.directive.Include
2011-08-20 23:25:17,216 - Loaded System Directive: org.apache.velocity.runtime.directive.Foreach
2011-08-20 23:25:17,248 - Created: 20 parsers.
2011-08-20 23:25:17,256 - Velocimacro : initialization starting.
2011-08-20 23:25:17,256 - Velocimacro : adding VMs from VM library template : VM_global_library.vm
2011-08-20 23:25:17,262 - ResourceManager : unable to find resource 'VM_global_library.vm' in any resource loader.
2011-08-20 23:25:17,262 - Velocimacro : error using  VM library template VM_global_library.vm : org.apache.velocity.exception.ResourceNotFoundException: Unable to find resource 'VM_global_library.vm'
2011-08-20 23:25:17,262 - Velocimacro :  VM library template macro registration complete.
2011-08-20 23:25:17,262 - Velocimacro : allowInline = true : VMs can be defined inline in templates
2011-08-20 23:25:17,262 - Velocimacro : allowInlineToOverride = false : VMs defined inline may NOT replace previous VM definitions
2011-08-20 23:25:17,262 - Velocimacro : allowInlineLocal = false : VMs defined inline will be  global in scope if allowed.
2011-08-20 23:25:17,263 - Velocimacro : messages on  : VM system will output logging messages
2011-08-20 23:25:17,263 - Velocimacro : autoload off  : VM system will not automatically reload global library macros
2011-08-20 23:25:17,263 - Velocimacro : initialization complete.
2011-08-20 23:25:17,263 - Velocity successfully started.
2011-08-20 23:30:29,023 - SimpleLog4JLogSystem initialized using logfile 'velocity.log'
2011-08-20 23:30:29,024 - ************************************************************** 
2011-08-20 23:30:29,024 - Starting Jakarta Velocity v1.4
2011-08-20 23:30:29,024 - RuntimeInstance initializing.
2011-08-20 23:30:29,024 - Default Properties File: org/apache/velocity/runtime/defaults/velocity.properties
2011-08-20 23:30:29,024 - Trying to use logger class org.apache.velocity.runtime.log.SimpleLog4JLogSystem
2011-08-20 23:30:29,024 - Using logger class org.apache.velocity.runtime.log.SimpleLog4JLogSystem
2011-08-20 23:30:29,028 - Default ResourceManager initializing. (class org.apache.velocity.runtime.resource.ResourceManagerImpl)
2011-08-20 23:30:29,031 - Resource Loader Instantiated: org.apache.velocity.runtime.resource.loader.ClasspathResourceLoader
2011-08-20 23:30:29,031 - ClasspathResourceLoader : initialization starting.
2011-08-20 23:30:29,031 - ClasspathResourceLoader : initialization complete.
2011-08-20 23:30:29,033 - ResourceCache : initialized. (class org.apache.velocity.runtime.resource.ResourceCacheImpl)
2011-08-20 23:30:29,033 - Default ResourceManager initialization complete.
2011-08-20 23:30:29,035 - Loaded System Directive: org.apache.velocity.runtime.directive.Literal
2011-08-20 23:30:29,037 - Loaded System Directive: org.apache.velocity.runtime.directive.Macro
2011-08-20 23:30:29,043 - Loaded System Directive: org.apache.velocity.runtime.directive.Parse
2011-08-20 23:30:29,045 - Loaded System Directive: org.apache.velocity.runtime.directive.Include
2011-08-20 23:30:29,046 - Loaded System Directive: org.apache.velocity.runtime.directive.Foreach
2011-08-20 23:30:29,078 - Created: 20 parsers.
2011-08-20 23:30:29,086 - Velocimacro : initialization starting.
2011-08-20 23:30:29,086 - Velocimacro : adding VMs from VM library template : VM_global_library.vm
2011-08-20 23:30:29,092 - ResourceManager : unable to find resource 'VM_global_library.vm' in any resource loader.
2011-08-20 23:30:29,092 - Velocimacro : error using  VM library template VM_global_library.vm : org.apache.velocity.exception.ResourceNotFoundException: Unable to find resource 'VM_global_library.vm'
2011-08-20 23:30:29,092 - Velocimacro :  VM library template macro registration complete.
2011-08-20 23:30:29,092 - Velocimacro : allowInline = true : VMs can be defined inline in templates
2011-08-20 23:30:29,093 - Velocimacro : allowInlineToOverride = false : VMs defined inline may NOT replace previous VM definitions
2011-08-20 23:30:29,093 - Velocimacro : allowInlineLocal = false : VMs defined inline will be  global in scope if allowed.
2011-08-20 23:30:29,093 - Velocimacro : messages on  : VM system will output logging messages
2011-08-20 23:30:29,093 - Velocimacro : autoload off  : VM system will not automatically reload global library macros
2011-08-20 23:30:29,093 - Velocimacro : initialization complete.
2011-08-20 23:30:29,093 - Velocity successfully started.
2011-08-20 23:52:24,026 - SimpleLog4JLogSystem initialized using logfile 'velocity.log'
2011-08-20 23:52:24,039 - ************************************************************** 
2011-08-20 23:52:24,039 - Starting Jakarta Velocity v1.4
2011-08-20 23:52:24,039 - RuntimeInstance initializing.
2011-08-20 23:52:24,039 - Default Properties File: org/apache/velocity/runtime/defaults/velocity.properties
2011-08-20 23:52:24,039 - Trying to use logger class org.apache.velocity.runtime.log.SimpleLog4JLogSystem
2011-08-20 23:52:24,039 - Using logger class org.apache.velocity.runtime.log.SimpleLog4JLogSystem
2011-08-20 23:52:24,043 - Default ResourceManager initializing. (class org.apache.velocity.runtime.resource.ResourceManagerImpl)
2011-08-20 23:52:24,046 - Resource Loader Instantiated: org.apache.velocity.runtime.resource.loader.ClasspathResourceLoader
2011-08-20 23:52:24,047 - ClasspathResourceLoader : initialization starting.
2011-08-20 23:52:24,047 - ClasspathResourceLoader : initialization complete.
2011-08-20 23:52:24,048 - ResourceCache : initialized. (class org.apache.velocity.runtime.resource.ResourceCacheImpl)
2011-08-20 23:52:24,049 - Default ResourceManager initialization complete.
2011-08-20 23:52:24,050 - Loaded System Directive: org.apache.velocity.runtime.directive.Literal
2011-08-20 23:52:24,052 - Loaded System Directive: org.apache.velocity.runtime.directive.Macro
2011-08-20 23:52:24,058 - Loaded System Directive: org.apache.velocity.runtime.directive.Parse
2011-08-20 23:52:24,060 - Loaded System Directive: org.apache.velocity.runtime.directive.Include
2011-08-20 23:52:24,061 - Loaded System Directive: org.apache.velocity.runtime.directive.Foreach
2011-08-20 23:52:24,094 - Created: 20 parsers.
2011-08-20 23:52:24,103 - Velocimacro : initialization starting.
2011-08-20 23:52:24,103 - Velocimacro : adding VMs from VM library template : VM_global_library.vm
2011-08-20 23:52:24,110 - ResourceManager : unable to find resource 'VM_global_library.vm' in any resource loader.
2011-08-20 23:52:24,110 - Velocimacro : error using  VM library template VM_global_library.vm : org.apache.velocity.exception.ResourceNotFoundException: Unable to find resource 'VM_global_library.vm'
2011-08-20 23:52:24,110 - Velocimacro :  VM library template macro registration complete.
2011-08-20 23:52:24,110 - Velocimacro : allowInline = true : VMs can be defined inline in templates
2011-08-20 23:52:24,110 - Velocimacro : allowInlineToOverride = false : VMs defined inline may NOT replace previous VM definitions
2011-08-20 23:52:24,110 - Velocimacro : allowInlineLocal = false : VMs defined inline will be  global in scope if allowed.
2011-08-20 23:52:24,110 - Velocimacro : messages on  : VM system will output logging messages
2011-08-20 23:52:24,110 - Velocimacro : autoload off  : VM system will not automatically reload global library macros
2011-08-20 23:52:24,111 - Velocimacro : initialization complete.
2011-08-20 23:52:24,111 - Velocity successfully started.
2011-08-21 01:43:36,148 - SimpleLog4JLogSystem initialized using logfile 'velocity.log'
2011-08-21 01:43:36,165 - ************************************************************** 
2011-08-21 01:43:36,165 - Starting Jakarta Velocity v1.4
2011-08-21 01:43:36,165 - RuntimeInstance initializing.
2011-08-21 01:43:36,165 - Default Properties File: org/apache/velocity/runtime/defaults/velocity.properties
2011-08-21 01:43:36,165 - Trying to use logger class org.apache.velocity.runtime.log.SimpleLog4JLogSystem
2011-08-21 01:43:36,165 - Using logger class org.apache.velocity.runtime.log.SimpleLog4JLogSystem
2011-08-21 01:43:36,171 - Default ResourceManager initializing. (class org.apache.velocity.runtime.resource.ResourceManagerImpl)
2011-08-21 01:43:36,176 - Resource Loader Instantiated: org.apache.velocity.runtime.resource.loader.ClasspathResourceLoader
2011-08-21 01:43:36,176 - ClasspathResourceLoader : initialization starting.
2011-08-21 01:43:36,176 - ClasspathResourceLoader : initialization complete.
2011-08-21 01:43:36,178 - ResourceCache : initialized. (class org.apache.velocity.runtime.resource.ResourceCacheImpl)
2011-08-21 01:43:36,178 - Default ResourceManager initialization complete.
2011-08-21 01:43:36,180 - Loaded System Directive: org.apache.velocity.runtime.directive.Literal
2011-08-21 01:43:36,182 - Loaded System Directive: org.apache.velocity.runtime.directive.Macro
2011-08-21 01:43:36,185 - Loaded System Directive: org.apache.velocity.runtime.directive.Parse
2011-08-21 01:43:36,187 - Loaded System Directive: org.apache.velocity.runtime.directive.Include
2011-08-21 01:43:36,188 - Loaded System Directive: org.apache.velocity.runtime.directive.Foreach
2011-08-21 01:43:36,222 - Created: 20 parsers.
2011-08-21 01:43:36,230 - Velocimacro : initialization starting.
2011-08-21 01:43:36,231 - Velocimacro : adding VMs from VM library template : VM_global_library.vm
2011-08-21 01:43:36,237 - ResourceManager : unable to find resource 'VM_global_library.vm' in any resource loader.
2011-08-21 01:43:36,237 - Velocimacro : error using  VM library template VM_global_library.vm : org.apache.velocity.exception.ResourceNotFoundException: Unable to find resource 'VM_global_library.vm'
2011-08-21 01:43:36,237 - Velocimacro :  VM library template macro registration complete.
2011-08-21 01:43:36,237 - Velocimacro : allowInline = true : VMs can be defined inline in templates
2011-08-21 01:43:36,237 - Velocimacro : allowInlineToOverride = false : VMs defined inline may NOT replace previous VM definitions
2011-08-21 01:43:36,237 - Velocimacro : allowInlineLocal = false : VMs defined inline will be  global in scope if allowed.
2011-08-21 01:43:36,237 - Velocimacro : messages on  : VM system will output logging messages
2011-08-21 01:43:36,237 - Velocimacro : autoload off  : VM system will not automatically reload global library macros
2011-08-21 01:43:36,237 - Velocimacro : initialization complete.
2011-08-21 01:43:36,237 - Velocity successfully started.
2011-08-21 12:57:05,728 - SimpleLog4JLogSystem initialized using logfile 'velocity.log'
2011-08-21 12:57:05,742 - ************************************************************** 
2011-08-21 12:57:05,742 - Starting Jakarta Velocity v1.4
2011-08-21 12:57:05,742 - RuntimeInstance initializing.
2011-08-21 12:57:05,742 - Default Properties File: org/apache/velocity/runtime/defaults/velocity.properties
2011-08-21 12:57:05,742 - Trying to use logger class org.apache.velocity.runtime.log.SimpleLog4JLogSystem
2011-08-21 12:57:05,743 - Using logger class org.apache.velocity.runtime.log.SimpleLog4JLogSystem
2011-08-21 12:57:05,748 - Default ResourceManager initializing. (class org.apache.velocity.runtime.resource.ResourceManagerImpl)
2011-08-21 12:57:05,753 - Resource Loader Instantiated: org.apache.velocity.runtime.resource.loader.ClasspathResourceLoader
2011-08-21 12:57:05,753 - ClasspathResourceLoader : initialization starting.
2011-08-21 12:57:05,753 - ClasspathResourceLoader : initialization complete.
2011-08-21 12:57:05,755 - ResourceCache : initialized. (class org.apache.velocity.runtime.resource.ResourceCacheImpl)
2011-08-21 12:57:05,755 - Default ResourceManager initialization complete.
2011-08-21 12:57:05,757 - Loaded System Directive: org.apache.velocity.runtime.directive.Literal
2011-08-21 12:57:05,762 - Loaded System Directive: org.apache.velocity.runtime.directive.Macro
2011-08-21 12:57:05,766 - Loaded System Directive: org.apache.velocity.runtime.directive.Parse
2011-08-21 12:57:05,768 - Loaded System Directive: org.apache.velocity.runtime.directive.Include
2011-08-21 12:57:05,769 - Loaded System Directive: org.apache.velocity.runtime.directive.Foreach
2011-08-21 12:57:05,802 - Created: 20 parsers.
2011-08-21 12:57:05,810 - Velocimacro : initialization starting.
2011-08-21 12:57:05,810 - Velocimacro : adding VMs from VM library template : VM_global_library.vm
2011-08-21 12:57:05,816 - ResourceManager : unable to find resource 'VM_global_library.vm' in any resource loader.
2011-08-21 12:57:05,816 - Velocimacro : error using  VM library template VM_global_library.vm : org.apache.velocity.exception.ResourceNotFoundException: Unable to find resource 'VM_global_library.vm'
2011-08-21 12:57:05,816 - Velocimacro :  VM library template macro registration complete.
2011-08-21 12:57:05,816 - Velocimacro : allowInline = true : VMs can be defined inline in templates
2011-08-21 12:57:05,816 - Velocimacro : allowInlineToOverride = false : VMs defined inline may NOT replace previous VM definitions
2011-08-21 12:57:05,816 - Velocimacro : allowInlineLocal = false : VMs defined inline will be  global in scope if allowed.
2011-08-21 12:57:05,816 - Velocimacro : messages on  : VM system will output logging messages
2011-08-21 12:57:05,816 - Velocimacro : autoload off  : VM system will not automatically reload global library macros
2011-08-21 12:57:05,816 - Velocimacro : initialization complete.
2011-08-21 12:57:05,816 - Velocity successfully started.
2011-10-14 17:03:31,682 - SimpleLog4JLogSystem initialized using logfile 'velocity.log'
2011-10-14 17:03:31,693 - ************************************************************** 
2011-10-14 17:03:31,693 - Starting Jakarta Velocity v1.4
2011-10-14 17:03:31,693 - RuntimeInstance initializing.
2011-10-14 17:03:31,693 - Default Properties File: org/apache/velocity/runtime/defaults/velocity.properties
2011-10-14 17:03:31,693 - Trying to use logger class org.apache.velocity.runtime.log.SimpleLog4JLogSystem
2011-10-14 17:03:31,693 - Using logger class org.apache.velocity.runtime.log.SimpleLog4JLogSystem
2011-10-14 17:03:31,699 - Default ResourceManager initializing. (class org.apache.velocity.runtime.resource.ResourceManagerImpl)
2011-10-14 17:03:31,702 - Resource Loader Instantiated: org.apache.velocity.runtime.resource.loader.ClasspathResourceLoader
2011-10-14 17:03:31,702 - ClasspathResourceLoader : initialization starting.
2011-10-14 17:03:31,703 - ClasspathResourceLoader : initialization complete.
2011-10-14 17:03:31,704 - ResourceCache : initialized. (class org.apache.velocity.runtime.resource.ResourceCacheImpl)
2011-10-14 17:03:31,704 - Default ResourceManager initialization complete.
2011-10-14 17:03:31,706 - Loaded System Directive: org.apache.velocity.runtime.directive.Literal
2011-10-14 17:03:31,708 - Loaded System Directive: org.apache.velocity.runtime.directive.Macro
2011-10-14 17:03:31,710 - Loaded System Directive: org.apache.velocity.runtime.directive.Parse
2011-10-14 17:03:31,712 - Loaded System Directive: org.apache.velocity.runtime.directive.Include
2011-10-14 17:03:31,713 - Loaded System Directive: org.apache.velocity.runtime.directive.Foreach
2011-10-14 17:03:31,742 - Created: 20 parsers.
2011-10-14 17:03:31,749 - Velocimacro : initialization starting.
2011-10-14 17:03:31,749 - Velocimacro : adding VMs from VM library template : VM_global_library.vm
2011-10-14 17:03:31,754 - ResourceManager : unable to find resource 'VM_global_library.vm' in any resource loader.
2011-10-14 17:03:31,754 - Velocimacro : error using  VM library template VM_global_library.vm : org.apache.velocity.exception.ResourceNotFoundException: Unable to find resource 'VM_global_library.vm'
2011-10-14 17:03:31,754 - Velocimacro :  VM library template macro registration complete.
2011-10-14 17:03:31,754 - Velocimacro : allowInline = true : VMs can be defined inline in templates
2011-10-14 17:03:31,754 - Velocimacro : allowInlineToOverride = false : VMs defined inline may NOT replace previous VM definitions
2011-10-14 17:03:31,755 - Velocimacro : allowInlineLocal = false : VMs defined inline will be  global in scope if allowed.
2011-10-14 17:03:31,755 - Velocimacro : messages on  : VM system will output logging messages
2011-10-14 17:03:31,755 - Velocimacro : autoload off  : VM system will not automatically reload global library macros
2011-10-14 17:03:31,755 - Velocimacro : initialization complete.
2011-10-14 17:03:31,755 - Velocity successfully started.
