2011-07-10 14:39:53,998 - Loaded System Directive: org.apache.velocity.runtime.directive.Parse
2011-07-10 14:39:54,002 - Loaded System Directive: org.apache.velocity.runtime.directive.Include
2011-07-10 14:39:54,003 - Loaded System Directive: org.apache.velocity.runtime.directive.Foreach
2011-07-10 14:39:54,037 - Created: 20 parsers.
2011-07-10 14:39:54,045 - Velocimacro : initialization starting.
2011-07-10 14:39:54,045 - Velocimacro : adding VMs from VM library template : VM_global_library.vm
2011-07-10 14:39:54,055 - ResourceManager : unable to find resource 'VM_global_library.vm' in any resource loader.
2011-07-10 14:39:54,055 - Velocimacro : error using  VM library template VM_global_library.vm : org.apache.velocity.exception.ResourceNotFoundException: Unable to find resource 'VM_global_library.vm'
2011-07-10 14:39:54,055 - Velocimacro :  VM library template macro registration complete.
2011-07-10 14:39:54,055 - Velocimacro : allowInline = true : VMs can be defined inline in templates
2011-07-10 14:39:54,055 - Velocimacro : allowInlineToOverride = false : VMs defined inline may NOT replace previous VM definitions
2011-07-10 14:39:54,055 - Velocimacro : allowInlineLocal = false : VMs defined inline will be  global in scope if allowed.
2011-07-10 14:39:54,055 - Velocimacro : messages on  : VM system will output logging messages
2011-07-10 14:39:54,055 - Velocimacro : autoload off  : VM system will not automatically reload global library macros
2011-07-10 14:39:54,055 - Velocimacro : initialization complete.
2011-07-10 14:39:54,055 - Velocity successfully started.
2011-07-10 14:42:17,566 - SimpleLog4JLogSystem initialized using logfile 'velocity.log'
2011-07-10 14:42:17,566 - ************************************************************** 
2011-07-10 14:42:17,566 - Starting Jakarta Velocity v1.4
2011-07-10 14:42:17,566 - RuntimeInstance initializing.
2011-07-10 14:42:17,566 - Default Properties File: org/apache/velocity/runtime/defaults/velocity.properties
2011-07-10 14:42:17,566 - Trying to use logger class org.apache.velocity.runtime.log.SimpleLog4JLogSystem
2011-07-10 14:42:17,566 - Using logger class org.apache.velocity.runtime.log.SimpleLog4JLogSystem
2011-07-10 14:42:17,570 - Default ResourceManager initializing. (class org.apache.velocity.runtime.resource.ResourceManagerImpl)
2011-07-10 14:42:17,577 - Resource Loader Instantiated: org.apache.velocity.runtime.resource.loader.ClasspathResourceLoader
2011-07-10 14:42:17,577 - ClasspathResourceLoader : initialization starting.
2011-07-10 14:42:17,577 - ClasspathResourceLoader : initialization complete.
2011-07-10 14:42:17,581 - ResourceCache : initialized. (class org.apache.velocity.runtime.resource.ResourceCacheImpl)
2011-07-10 14:42:17,581 - Default ResourceManager initialization complete.
2011-07-10 14:42:17,583 - Loaded System Directive: org.apache.velocity.runtime.directive.Literal
2011-07-10 14:42:17,587 - Loaded System Directive: org.apache.velocity.runtime.directive.Macro
2011-07-10 14:42:17,590 - Loaded System Directive: org.apache.velocity.runtime.directive.Parse
2011-07-10 14:42:17,592 - Loaded System Directive: org.apache.velocity.runtime.directive.Include
2011-07-10 14:42:17,593 - Loaded System Directive: org.apache.velocity.runtime.directive.Foreach
2011-07-10 14:42:17,626 - Created: 20 parsers.
2011-07-10 14:42:17,634 - Velocimacro : initialization starting.
2011-07-10 14:42:17,634 - Velocimacro : adding VMs from VM library template : VM_global_library.vm
2011-07-10 14:42:17,640 - ResourceManager : unable to find resource 'VM_global_library.vm' in any resource loader.
2011-07-10 14:42:17,641 - Velocimacro : error using  VM library template VM_global_library.vm : org.apache.velocity.exception.ResourceNotFoundException: Unable to find resource 'VM_global_library.vm'
2011-07-10 14:42:17,641 - Velocimacro :  VM library template macro registration complete.
2011-07-10 14:42:17,641 - Velocimacro : allowInline = true : VMs can be defined inline in templates
2011-07-10 14:42:17,641 - Velocimacro : allowInlineToOverride = false : VMs defined inline may NOT replace previous VM definitions
2011-07-10 14:42:17,641 - Velocimacro : allowInlineLocal = false : VMs defined inline will be  global in scope if allowed.
2011-07-10 14:42:17,641 - Velocimacro : messages on  : VM system will output logging messages
2011-07-10 14:42:17,641 - Velocimacro : autoload off  : VM system will not automatically reload global library macros
2011-07-10 14:42:17,641 - Velocimacro : initialization complete.
2011-07-10 14:42:17,641 - Velocity successfully started.
2011-07-10 14:54:09,639 - SimpleLog4JLogSystem initialized using logfile 'velocity.log'
2011-07-10 14:54:09,640 - ************************************************************** 
2011-07-10 14:54:09,640 - Starting Jakarta Velocity v1.4
2011-07-10 14:54:09,640 - RuntimeInstance initializing.
2011-07-10 14:54:09,640 - Default Properties File: org/apache/velocity/runtime/defaults/velocity.properties
2011-07-10 14:54:09,640 - Trying to use logger class org.apache.velocity.runtime.log.SimpleLog4JLogSystem
2011-07-10 14:54:09,640 - Using logger class org.apache.velocity.runtime.log.SimpleLog4JLogSystem
2011-07-10 14:54:09,644 - Default ResourceManager initializing. (class org.apache.velocity.runtime.resource.ResourceManagerImpl)
2011-07-10 14:54:09,650 - Resource Loader Instantiated: org.apache.velocity.runtime.resource.loader.ClasspathResourceLoader
2011-07-10 14:54:09,650 - ClasspathResourceLoader : initialization starting.
2011-07-10 14:54:09,651 - ClasspathResourceLoader : initialization complete.
2011-07-10 14:54:09,653 - ResourceCache : initialized. (class org.apache.velocity.runtime.resource.ResourceCacheImpl)
2011-07-10 14:54:09,653 - Default ResourceManager initialization complete.
2011-07-10 14:54:09,657 - Loaded System Directive: org.apache.velocity.runtime.directive.Literal
2011-07-10 14:54:09,659 - Loaded System Directive: org.apache.velocity.runtime.directive.Macro
2011-07-10 14:54:09,662 - Loaded System Directive: org.apache.velocity.runtime.directive.Parse
2011-07-10 14:54:09,664 - Loaded System Directive: org.apache.velocity.runtime.directive.Include
2011-07-10 14:54:09,665 - Loaded System Directive: org.apache.velocity.runtime.directive.Foreach
2011-07-10 14:54:09,697 - Created: 20 parsers.
2011-07-10 14:54:09,705 - Velocimacro : initialization starting.
2011-07-10 14:54:09,705 - Velocimacro : adding VMs from VM library template : VM_global_library.vm
2011-07-10 14:54:09,711 - ResourceManager : unable to find resource 'VM_global_library.vm' in any resource loader.
2011-07-10 14:54:09,711 - Velocimacro : error using  VM library template VM_global_library.vm : org.apache.velocity.exception.ResourceNotFoundException: Unable to find resource 'VM_global_library.vm'
2011-07-10 14:54:09,711 - Velocimacro :  VM library template macro registration complete.
2011-07-10 14:54:09,711 - Velocimacro : allowInline = true : VMs can be defined inline in templates
2011-07-10 14:54:09,711 - Velocimacro : allowInlineToOverride = false : VMs defined inline may NOT replace previous VM definitions
2011-07-10 14:54:09,711 - Velocimacro : allowInlineLocal = false : VMs defined inline will be  global in scope if allowed.
2011-07-10 14:54:09,711 - Velocimacro : messages on  : VM system will output logging messages
2011-07-10 14:54:09,712 - Velocimacro : autoload off  : VM system will not automatically reload global library macros
2011-07-10 14:54:09,712 - Velocimacro : initialization complete.
2011-07-10 14:54:09,712 - Velocity successfully started.
2011-07-10 14:54:38,910 - SimpleLog4JLogSystem initialized using logfile 'velocity.log'
2011-07-10 14:54:38,910 - ************************************************************** 
2011-07-10 14:54:38,910 - Starting Jakarta Velocity v1.4
2011-07-10 14:54:38,910 - RuntimeInstance initializing.
2011-07-10 14:54:38,910 - Default Properties File: org/apache/velocity/runtime/defaults/velocity.properties
2011-07-10 14:54:38,910 - Trying to use logger class org.apache.velocity.runtime.log.SimpleLog4JLogSystem
2011-07-10 14:54:38,910 - Using logger class org.apache.velocity.runtime.log.SimpleLog4JLogSystem
2011-07-10 14:54:38,914 - Default ResourceManager initializing. (class org.apache.velocity.runtime.resource.ResourceManagerImpl)
2011-07-10 14:54:38,922 - Resource Loader Instantiated: org.apache.velocity.runtime.resource.loader.ClasspathResourceLoader
2011-07-10 14:54:38,922 - ClasspathResourceLoader : initialization starting.
2011-07-10 14:54:38,923 - ClasspathResourceLoader : initialization complete.
2011-07-10 14:54:38,924 - ResourceCache : initialized. (class org.apache.velocity.runtime.resource.ResourceCacheImpl)
2011-07-10 14:54:38,924 - Default ResourceManager initialization complete.
2011-07-10 14:54:38,929 - Loaded System Directive: org.apache.velocity.runtime.directive.Literal
2011-07-10 14:54:38,931 - Loaded System Directive: org.apache.velocity.runtime.directive.Macro
2011-07-10 14:54:38,934 - Loaded System Directive: org.apache.velocity.runtime.directive.Parse
2011-07-10 14:54:38,936 - Loaded System Directive: org.apache.velocity.runtime.directive.Include
2011-07-10 14:54:38,937 - Loaded System Directive: org.apache.velocity.runtime.directive.Foreach
2011-07-10 14:54:38,968 - Created: 20 parsers.
2011-07-10 14:54:38,976 - Velocimacro : initialization starting.
2011-07-10 14:54:38,977 - Velocimacro : adding VMs from VM library template : VM_global_library.vm
2011-07-10 14:54:38,983 - ResourceManager : unable to find resource 'VM_global_library.vm' in any resource loader.
2011-07-10 14:54:38,983 - Velocimacro : error using  VM library template VM_global_library.vm : org.apache.velocity.exception.ResourceNotFoundException: Unable to find resource 'VM_global_library.vm'
2011-07-10 14:54:38,983 - Velocimacro :  VM library template macro registration complete.
2011-07-10 14:54:38,983 - Velocimacro : allowInline = true : VMs can be defined inline in templates
2011-07-10 14:54:38,983 - Velocimacro : allowInlineToOverride = false : VMs defined inline may NOT replace previous VM definitions
2011-07-10 14:54:38,983 - Velocimacro : allowInlineLocal = false : VMs defined inline will be  global in scope if allowed.
2011-07-10 14:54:38,983 - Velocimacro : messages on  : VM system will output logging messages
2011-07-10 14:54:38,983 - Velocimacro : autoload off  : VM system will not automatically reload global library macros
2011-07-10 14:54:38,983 - Velocimacro : initialization complete.
2011-07-10 14:54:38,983 - Velocity successfully started.
2011-07-10 15:08:35,972 - SimpleLog4JLogSystem initialized using logfile 'velocity.log'
2011-07-10 15:08:35,972 - ************************************************************** 
2011-07-10 15:08:35,972 - Starting Jakarta Velocity v1.4
2011-07-10 15:08:35,972 - RuntimeInstance initializing.
2011-07-10 15:08:35,972 - Default Properties File: org/apache/velocity/runtime/defaults/velocity.properties
2011-07-10 15:08:35,972 - Trying to use logger class org.apache.velocity.runtime.log.SimpleLog4JLogSystem
2011-07-10 15:08:35,972 - Using logger class org.apache.velocity.runtime.log.SimpleLog4JLogSystem
2011-07-10 15:08:35,976 - Default ResourceManager initializing. (class org.apache.velocity.runtime.resource.ResourceManagerImpl)
2011-07-10 15:08:35,979 - Resource Loader Instantiated: org.apache.velocity.runtime.resource.loader.ClasspathResourceLoader
2011-07-10 15:08:35,979 - ClasspathResourceLoader : initialization starting.
2011-07-10 15:08:35,979 - ClasspathResourceLoader : initialization complete.
2011-07-10 15:08:35,982 - ResourceCache : initialized. (class org.apache.velocity.runtime.resource.ResourceCacheImpl)
2011-07-10 15:08:35,982 - Default ResourceManager initialization complete.
2011-07-10 15:08:35,987 - Loaded System Directive: org.apache.velocity.runtime.directive.Literal
2011-07-10 15:08:35,989 - Loaded System Directive: org.apache.velocity.runtime.directive.Macro
2011-07-10 15:08:35,992 - Loaded System Directive: org.apache.velocity.runtime.directive.Parse
2011-07-10 15:08:35,994 - Loaded System Directive: org.apache.velocity.runtime.directive.Include
2011-07-10 15:08:35,995 - Loaded System Directive: org.apache.velocity.runtime.directive.Foreach
2011-07-10 15:08:36,027 - Created: 20 parsers.
2011-07-10 15:08:36,036 - Velocimacro : initialization starting.
2011-07-10 15:08:36,036 - Velocimacro : adding VMs from VM library template : VM_global_library.vm
2011-07-10 15:08:36,042 - ResourceManager : unable to find resource 'VM_global_library.vm' in any resource loader.
2011-07-10 15:08:36,042 - Velocimacro : error using  VM library template VM_global_library.vm : org.apache.velocity.exception.ResourceNotFoundException: Unable to find resource 'VM_global_library.vm'
2011-07-10 15:08:36,042 - Velocimacro :  VM library template macro registration complete.
2011-07-10 15:08:36,042 - Velocimacro : allowInline = true : VMs can be defined inline in templates
2011-07-10 15:08:36,042 - Velocimacro : allowInlineToOverride = false : VMs defined inline may NOT replace previous VM definitions
2011-07-10 15:08:36,042 - Velocimacro : allowInlineLocal = false : VMs defined inline will be  global in scope if allowed.
2011-07-10 15:08:36,042 - Velocimacro : messages on  : VM system will output logging messages
2011-07-10 15:08:36,042 - Velocimacro : autoload off  : VM system will not automatically reload global library macros
2011-07-10 15:08:36,042 - Velocimacro : initialization complete.
2011-07-10 15:08:36,042 - Velocity successfully started.
2011-07-10 15:11:12,204 - SimpleLog4JLogSystem initialized using logfile 'velocity.log'
2011-07-10 15:11:12,205 - ************************************************************** 
2011-07-10 15:11:12,205 - Starting Jakarta Velocity v1.4
2011-07-10 15:11:12,205 - RuntimeInstance initializing.
2011-07-10 15:11:12,205 - Default Properties File: org/apache/velocity/runtime/defaults/velocity.properties
2011-07-10 15:11:12,205 - Trying to use logger class org.apache.velocity.runtime.log.SimpleLog4JLogSystem
2011-07-10 15:11:12,205 - Using logger class org.apache.velocity.runtime.log.SimpleLog4JLogSystem
2011-07-10 15:11:12,209 - Default ResourceManager initializing. (class org.apache.velocity.runtime.resource.ResourceManagerImpl)
2011-07-10 15:11:12,216 - Resource Loader Instantiated: org.apache.velocity.runtime.resource.loader.ClasspathResourceLoader
2011-07-10 15:11:12,216 - ClasspathResourceLoader : initialization starting.
2011-07-10 15:11:12,216 - ClasspathResourceLoader : initialization complete.
2011-07-10 15:11:12,218 - ResourceCache : initialized. (class org.apache.velocity.runtime.resource.ResourceCacheImpl)
2011-07-10 15:11:12,218 - Default ResourceManager initialization complete.
2011-07-10 15:11:12,222 - Loaded System Directive: org.apache.velocity.runtime.directive.Literal
2011-07-10 15:11:12,226 - Loaded System Directive: org.apache.velocity.runtime.directive.Macro
2011-07-10 15:11:12,228 - Loaded System Directive: org.apache.velocity.runtime.directive.Parse
2011-07-10 15:11:12,230 - Loaded System Directive: org.apache.velocity.runtime.directive.Include
2011-07-10 15:11:12,231 - Loaded System Directive: org.apache.velocity.runtime.directive.Foreach
2011-07-10 15:11:12,264 - Created: 20 parsers.
2011-07-10 15:11:12,272 - Velocimacro : initialization starting.
2011-07-10 15:11:12,272 - Velocimacro : adding VMs from VM library template : VM_global_library.vm
2011-07-10 15:11:12,278 - ResourceManager : unable to find resource 'VM_global_library.vm' in any resource loader.
2011-07-10 15:11:12,278 - Velocimacro : error using  VM library template VM_global_library.vm : org.apache.velocity.exception.ResourceNotFoundException: Unable to find resource 'VM_global_library.vm'
2011-07-10 15:11:12,278 - Velocimacro :  VM library template macro registration complete.
2011-07-10 15:11:12,278 - Velocimacro : allowInline = true : VMs can be defined inline in templates
2011-07-10 15:11:12,279 - Velocimacro : allowInlineToOverride = false : VMs defined inline may NOT replace previous VM definitions
2011-07-10 15:11:12,279 - Velocimacro : allowInlineLocal = false : VMs defined inline will be  global in scope if allowed.
2011-07-10 15:11:12,279 - Velocimacro : messages on  : VM system will output logging messages
2011-07-10 15:11:12,279 - Velocimacro : autoload off  : VM system will not automatically reload global library macros
2011-07-10 15:11:12,279 - Velocimacro : initialization complete.
2011-07-10 15:11:12,279 - Velocity successfully started.
2011-07-10 15:14:12,084 - SimpleLog4JLogSystem initialized using logfile 'velocity.log'
2011-07-10 15:14:12,084 - ************************************************************** 
2011-07-10 15:14:12,084 - Starting Jakarta Velocity v1.4
2011-07-10 15:14:12,084 - RuntimeInstance initializing.
2011-07-10 15:14:12,084 - Default Properties File: org/apache/velocity/runtime/defaults/velocity.properties
2011-07-10 15:14:12,084 - Trying to use logger class org.apache.velocity.runtime.log.SimpleLog4JLogSystem
2011-07-10 15:14:12,084 - Using logger class org.apache.velocity.runtime.log.SimpleLog4JLogSystem
2011-07-10 15:14:12,088 - Default ResourceManager initializing. (class org.apache.velocity.runtime.resource.ResourceManagerImpl)
2011-07-10 15:14:12,094 - Resource Loader Instantiated: org.apache.velocity.runtime.resource.loader.ClasspathResourceLoader
2011-07-10 15:14:12,095 - ClasspathResourceLoader : initialization starting.
2011-07-10 15:14:12,095 - ClasspathResourceLoader : initialization complete.
2011-07-10 15:14:12,096 - ResourceCache : initialized. (class org.apache.velocity.runtime.resource.ResourceCacheImpl)
2011-07-10 15:14:12,097 - Default ResourceManager initialization complete.
2011-07-10 15:14:12,098 - Loaded System Directive: org.apache.velocity.runtime.directive.Literal
2011-07-10 15:14:12,103 - Loaded System Directive: org.apache.velocity.runtime.directive.Macro
2011-07-10 15:14:12,107 - Loaded System Directive: org.apache.velocity.runtime.directive.Parse
2011-07-10 15:14:12,109 - Loaded System Directive: org.apache.velocity.runtime.directive.Include
2011-07-10 15:14:12,110 - Loaded System Directive: org.apache.velocity.runtime.directive.Foreach
2011-07-10 15:14:12,142 - Created: 20 parsers.
2011-07-10 15:14:12,150 - Velocimacro : initialization starting.
2011-07-10 15:14:12,150 - Velocimacro : adding VMs from VM library template : VM_global_library.vm
2011-07-10 15:14:12,156 - ResourceManager : unable to find resource 'VM_global_library.vm' in any resource loader.
2011-07-10 15:14:12,156 - Velocimacro : error using  VM library template VM_global_library.vm : org.apache.velocity.exception.ResourceNotFoundException: Unable to find resource 'VM_global_library.vm'
2011-07-10 15:14:12,156 - Velocimacro :  VM library template macro registration complete.
2011-07-10 15:14:12,157 - Velocimacro : allowInline = true : VMs can be defined inline in templates
2011-07-10 15:14:12,157 - Velocimacro : allowInlineToOverride = false : VMs defined inline may NOT replace previous VM definitions
2011-07-10 15:14:12,157 - Velocimacro : allowInlineLocal = false : VMs defined inline will be  global in scope if allowed.
2011-07-10 15:14:12,157 - Velocimacro : messages on  : VM system will output logging messages
2011-07-10 15:14:12,157 - Velocimacro : autoload off  : VM system will not automatically reload global library macros
2011-07-10 15:14:12,157 - Velocimacro : initialization complete.
2011-07-10 15:14:12,157 - Velocity successfully started.
2011-07-10 17:25:52,612 - SimpleLog4JLogSystem initialized using logfile 'velocity.log'
2011-07-10 17:25:52,613 - ************************************************************** 
2011-07-10 17:25:52,613 - Starting Jakarta Velocity v1.4
2011-07-10 17:25:52,613 - RuntimeInstance initializing.
2011-07-10 17:25:52,613 - Default Properties File: org/apache/velocity/runtime/defaults/velocity.properties
2011-07-10 17:25:52,613 - Trying to use logger class org.apache.velocity.runtime.log.SimpleLog4JLogSystem
2011-07-10 17:25:52,613 - Using logger class org.apache.velocity.runtime.log.SimpleLog4JLogSystem
2011-07-10 17:25:52,617 - Default ResourceManager initializing. (class org.apache.velocity.runtime.resource.ResourceManagerImpl)
2011-07-10 17:25:52,620 - Resource Loader Instantiated: org.apache.velocity.runtime.resource.loader.ClasspathResourceLoader
2011-07-10 17:25:52,620 - ClasspathResourceLoader : initialization starting.
2011-07-10 17:25:52,620 - ClasspathResourceLoader : initialization complete.
2011-07-10 17:25:52,622 - ResourceCache : initialized. (class org.apache.velocity.runtime.resource.ResourceCacheImpl)
2011-07-10 17:25:52,623 - Default ResourceManager initialization complete.
2011-07-10 17:25:52,629 - Loaded System Directive: org.apache.velocity.runtime.directive.Literal
2011-07-10 17:25:52,631 - Loaded System Directive: org.apache.velocity.runtime.directive.Macro
2011-07-10 17:25:52,635 - Loaded System Directive: org.apache.velocity.runtime.directive.Parse
2011-07-10 17:25:52,637 - Loaded System Directive: org.apache.velocity.runtime.directive.Include
2011-07-10 17:25:52,638 - Loaded System Directive: org.apache.velocity.runtime.directive.Foreach
2011-07-10 17:25:52,689 - Created: 20 parsers.
2011-07-10 17:25:52,697 - Velocimacro : initialization starting.
2011-07-10 17:25:52,697 - Velocimacro : adding VMs from VM library template : VM_global_library.vm
2011-07-10 17:25:52,703 - ResourceManager : unable to find resource 'VM_global_library.vm' in any resource loader.
2011-07-10 17:25:52,703 - Velocimacro : error using  VM library template VM_global_library.vm : org.apache.velocity.exception.ResourceNotFoundException: Unable to find resource 'VM_global_library.vm'
2011-07-10 17:25:52,703 - Velocimacro :  VM library template macro registration complete.
2011-07-10 17:25:52,703 - Velocimacro : allowInline = true : VMs can be defined inline in templates
2011-07-10 17:25:52,703 - Velocimacro : allowInlineToOverride = false : VMs defined inline may NOT replace previous VM definitions
2011-07-10 17:25:52,703 - Velocimacro : allowInlineLocal = false : VMs defined inline will be  global in scope if allowed.
2011-07-10 17:25:52,703 - Velocimacro : messages on  : VM system will output logging messages
2011-07-10 17:25:52,703 - Velocimacro : autoload off  : VM system will not automatically reload global library macros
2011-07-10 17:25:52,703 - Velocimacro : initialization complete.
2011-07-10 17:25:52,703 - Velocity successfully started.
2011-07-13 16:38:31,369 - SimpleLog4JLogSystem initialized using logfile 'velocity.log'
2011-07-13 16:38:31,386 - ************************************************************** 
2011-07-13 16:38:31,386 - Starting Jakarta Velocity v1.4
2011-07-13 16:38:31,386 - RuntimeInstance initializing.
2011-07-13 16:38:31,387 - Default Properties File: org/apache/velocity/runtime/defaults/velocity.properties
2011-07-13 16:38:31,387 - Trying to use logger class org.apache.velocity.runtime.log.SimpleLog4JLogSystem
2011-07-13 16:38:31,387 - Using logger class org.apache.velocity.runtime.log.SimpleLog4JLogSystem
2011-07-13 16:38:31,393 - Default ResourceManager initializing. (class org.apache.velocity.runtime.resource.ResourceManagerImpl)
2011-07-13 16:38:31,399 - Resource Loader Instantiated: org.apache.velocity.runtime.resource.loader.ClasspathResourceLoader
2011-07-13 16:38:31,399 - ClasspathResourceLoader : initialization starting.
2011-07-13 16:38:31,399 - ClasspathResourceLoader : initialization complete.
2011-07-13 16:38:31,402 - ResourceCache : initialized. (class org.apache.velocity.runtime.resource.ResourceCacheImpl)
2011-07-13 16:38:31,402 - Default ResourceManager initialization complete.
2011-07-13 16:38:31,404 - Loaded System Directive: org.apache.velocity.runtime.directive.Literal
2011-07-13 16:38:31,406 - Loaded System Directive: org.apache.velocity.runtime.directive.Macro
2011-07-13 16:38:31,409 - Loaded System Directive: org.apache.velocity.runtime.directive.Parse
2011-07-13 16:38:31,414 - Loaded System Directive: org.apache.velocity.runtime.directive.Include
2011-07-13 16:38:31,415 - Loaded System Directive: org.apache.velocity.runtime.directive.Foreach
2011-07-13 16:38:31,449 - Created: 20 parsers.
2011-07-13 16:38:31,458 - Velocimacro : initialization starting.
2011-07-13 16:38:31,458 - Velocimacro : adding VMs from VM library template : VM_global_library.vm
2011-07-13 16:38:31,464 - ResourceManager : unable to find resource 'VM_global_library.vm' in any resource loader.
2011-07-13 16:38:31,464 - Velocimacro : error using  VM library template VM_global_library.vm : org.apache.velocity.exception.ResourceNotFoundException: Unable to find resource 'VM_global_library.vm'
2011-07-13 16:38:31,464 - Velocimacro :  VM library template macro registration complete.
2011-07-13 16:38:31,464 - Velocimacro : allowInline = true : VMs can be defined inline in templates
2011-07-13 16:38:31,464 - Velocimacro : allowInlineToOverride = false : VMs defined inline may NOT replace previous VM definitions
2011-07-13 16:38:31,464 - Velocimacro : allowInlineLocal = false : VMs defined inline will be  global in scope if allowed.
2011-07-13 16:38:31,464 - Velocimacro : messages on  : VM system will output logging messages
2011-07-13 16:38:31,464 - Velocimacro : autoload off  : VM system will not automatically reload global library macros
2011-07-13 16:38:31,464 - Velocimacro : initialization complete.
2011-07-13 16:38:31,464 - Velocity successfully started.
2011-08-18 19:07:42,656 - SimpleLog4JLogSystem initialized using logfile 'velocity.log'
2011-08-18 19:07:42,703 - ************************************************************** 
2011-08-18 19:07:42,703 - Starting Jakarta Velocity v1.4
2011-08-18 19:07:42,703 - RuntimeInstance initializing.
2011-08-18 19:07:42,704 - Default Properties File: org/apache/velocity/runtime/defaults/velocity.properties
2011-08-18 19:07:42,704 - Trying to use logger class org.apache.velocity.runtime.log.SimpleLog4JLogSystem
2011-08-18 19:07:42,704 - Using logger class org.apache.velocity.runtime.log.SimpleLog4JLogSystem
2011-08-18 19:07:42,710 - Default ResourceManager initializing. (class org.apache.velocity.runtime.resource.ResourceManagerImpl)
2011-08-18 19:07:42,715 - Resource Loader Instantiated: org.apache.velocity.runtime.resource.loader.ClasspathResourceLoader
2011-08-18 19:07:42,715 - ClasspathResourceLoader : initialization starting.
2011-08-18 19:07:42,715 - ClasspathResourceLoader : initialization complete.
2011-08-18 19:07:42,718 - ResourceCache : initialized. (class org.apache.velocity.runtime.resource.ResourceCacheImpl)
2011-08-18 19:07:42,718 - Default ResourceManager initialization complete.
2011-08-18 19:07:42,720 - Loaded System Directive: org.apache.velocity.runtime.directive.Literal
2011-08-18 19:07:42,722 - Loaded System Directive: org.apache.velocity.runtime.directive.Macro
2011-08-18 19:07:42,725 - Loaded System Directive: org.apache.velocity.runtime.directive.Parse
2011-08-18 19:07:42,727 - Loaded System Directive: org.apache.velocity.runtime.directive.Include
2011-08-18 19:07:42,729 - Loaded System Directive: org.apache.velocity.runtime.directive.Foreach
2011-08-18 19:07:42,775 - Created: 20 parsers.
2011-08-18 19:07:42,785 - Velocimacro : initialization starting.
2011-08-18 19:07:42,785 - Velocimacro : adding VMs from VM library template : VM_global_library.vm
2011-08-18 19:07:42,791 - ResourceManager : unable to find resource 'VM_global_library.vm' in any resource loader.
2011-08-18 19:07:42,791 - Velocimacro : error using  VM library template VM_global_library.vm : org.apache.velocity.exception.ResourceNotFoundException: Unable to find resource 'VM_global_library.vm'
2011-08-18 19:07:42,791 - Velocimacro :  VM library template macro registration complete.
2011-08-18 19:07:42,791 - Velocimacro : allowInline = true : VMs can be defined inline in templates
2011-08-18 19:07:42,791 - Velocimacro : allowInlineToOverride = false : VMs defined inline may NOT replace previous VM definitions
2011-08-18 19:07:42,791 - Velocimacro : allowInlineLocal = false : VMs defined inline will be  global in scope if allowed.
2011-08-18 19:07:42,791 - Velocimacro : messages on  : VM system will output logging messages
2011-08-18 19:07:42,792 - Velocimacro : autoload off  : VM system will not automatically reload global library macros
2011-08-18 19:07:42,792 - Velocimacro : initialization complete.
2011-08-18 19:07:42,792 - Velocity successfully started.
2011-08-18 19:29:46,963 - SimpleLog4JLogSystem initialized using logfile 'velocity.log'
2011-08-18 19:29:46,989 - ************************************************************** 
2011-08-18 19:29:46,990 - Starting Jakarta Velocity v1.4
2011-08-18 19:29:47,012 - RuntimeInstance initializing.
2011-08-18 19:29:47,012 - Default Properties File: org/apache/velocity/runtime/defaults/velocity.properties
2011-08-18 19:29:47,013 - Trying to use logger class org.apache.velocity.runtime.log.SimpleLog4JLogSystem
2011-08-18 19:29:47,013 - Using logger class org.apache.velocity.runtime.log.SimpleLog4JLogSystem
2011-08-18 19:29:47,019 - Default ResourceManager initializing. (class org.apache.velocity.runtime.resource.ResourceManagerImpl)
2011-08-18 19:29:47,023 - Resource Loader Instantiated: org.apache.velocity.runtime.resource.loader.ClasspathResourceLoader
2011-08-18 19:29:47,024 - ClasspathResourceLoader : initialization starting.
2011-08-18 19:29:47,024 - ClasspathResourceLoader : initialization complete.
2011-08-18 19:29:47,026 - ResourceCache : initialized. (class org.apache.velocity.runtime.resource.ResourceCacheImpl)
2011-08-18 19:29:47,026 - Default ResourceManager initialization complete.
2011-08-18 19:29:47,030 - Loaded System Directive: org.apache.velocity.runtime.directive.Literal
2011-08-18 19:29:47,032 - Loaded System Directive: org.apache.velocity.runtime.directive.Macro
2011-08-18 19:29:47,035 - Loaded System Directive: org.apache.velocity.runtime.directive.Parse
2011-08-18 19:29:47,037 - Loaded System Directive: org.apache.velocity.runtime.directive.Include
2011-08-18 19:29:47,038 - Loaded System Directive: org.apache.velocity.runtime.directive.Foreach
2011-08-18 19:29:47,071 - Created: 20 parsers.
2011-08-18 19:29:47,079 - Velocimacro : initialization starting.
2011-08-18 19:29:47,079 - Velocimacro : adding VMs from VM library template : VM_global_library.vm
2011-08-18 19:29:47,106 - ResourceManager : unable to find resource 'VM_global_library.vm' in any resource loader.
2011-08-18 19:29:47,107 - Velocimacro : error using  VM library template VM_global_library.vm : org.apache.velocity.exception.ResourceNotFoundException: Unable to find resource 'VM_global_library.vm'
2011-08-18 19:29:47,107 - Velocimacro :  VM library template macro registration complete.
2011-08-18 19:29:47,107 - Velocimacro : allowInline = true : VMs can be defined inline in templates
2011-08-18 19:29:47,107 - Velocimacro : allowInlineToOverride = false : VMs defined inline may NOT replace previous VM definitions
2011-08-18 19:29:47,107 - Velocimacro : allowInlineLocal = false : VMs defined inline will be  global in scope if allowed.
2011-08-18 19:29:47,107 - Velocimacro : messages on  : VM system will output logging messages
2011-08-18 19:29:47,107 - Velocimacro : autoload off  : VM system will not automatically reload global library macros
2011-08-18 19:29:47,107 - Velocimacro : initialization complete.
2011-08-18 19:29:47,107 - Velocity successfully started.
2011-08-18 22:07:49,354 - SimpleLog4JLogSystem initialized using logfile 'velocity.log'
2011-08-18 22:07:49,368 - ************************************************************** 
2011-08-18 22:07:49,368 - Starting Jakarta Velocity v1.4
2011-08-18 22:07:49,368 - RuntimeInstance initializing.
2011-08-18 22:07:49,368 - Default Properties File: org/apache/velocity/runtime/defaults/velocity.properties
2011-08-18 22:07:49,368 - Trying to use logger class org.apache.velocity.runtime.log.SimpleLog4JLogSystem
2011-08-18 22:07:49,369 - Using logger class org.apache.velocity.runtime.log.SimpleLog4JLogSystem
2011-08-18 22:07:49,375 - Default ResourceManager initializing. (class org.apache.velocity.runtime.resource.ResourceManagerImpl)
2011-08-18 22:07:49,380 - Resource Loader Instantiated: org.apache.velocity.runtime.resource.loader.ClasspathResourceLoader
2011-08-18 22:07:49,380 - ClasspathResourceLoader : initialization starting.
2011-08-18 22:07:49,380 - ClasspathResourceLoader : initialization complete.
2011-08-18 22:07:49,382 - ResourceCache : initialized. (class org.apache.velocity.runtime.resource.ResourceCacheImpl)
2011-08-18 22:07:49,382 - Default ResourceManager initialization complete.
2011-08-18 22:07:49,385 - Loaded System Directive: org.apache.velocity.runtime.directive.Literal
2011-08-18 22:07:49,387 - Loaded System Directive: org.apache.velocity.runtime.directive.Macro
2011-08-18 22:07:49,390 - Loaded System Directive: org.apache.velocity.runtime.directive.Parse
2011-08-18 22:07:49,392 - Loaded System Directive: org.apache.velocity.runtime.directive.Include
2011-08-18 22:07:49,393 - Loaded System Directive: org.apache.velocity.runtime.directive.Foreach
2011-08-18 22:07:49,438 - Created: 20 parsers.
2011-08-18 22:07:49,448 - Velocimacro : initialization starting.
2011-08-18 22:07:49,448 - Velocimacro : adding VMs from VM library template : VM_global_library.vm
2011-08-18 22:07:49,454 - ResourceManager : unable to find resource 'VM_global_library.vm' in any resource loader.
2011-08-18 22:07:49,454 - Velocimacro : error using  VM library template VM_global_library.vm : org.apache.velocity.exception.ResourceNotFoundException: Unable to find resource 'VM_global_library.vm'
2011-08-18 22:07:49,454 - Velocimacro :  VM library template macro registration complete.
2011-08-18 22:07:49,454 - Velocimacro : allowInline = true : VMs can be defined inline in templates
2011-08-18 22:07:49,455 - Velocimacro : allowInlineToOverride = false : VMs defined inline may NOT replace previous VM definitions
2011-08-18 22:07:49,455 - Velocimacro : allowInlineLocal = false : VMs defined inline will be  global in scope if allowed.
2011-08-18 22:07:49,455 - Velocimacro : messages on  : VM system will output logging messages
2011-08-18 22:07:49,455 - Velocimacro : autoload off  : VM system will not automatically reload global library macros
2011-08-18 22:07:49,455 - Velocimacro : initialization complete.
2011-08-18 22:07:49,455 - Velocity successfully started.
2011-08-18 22:09:59,891 - SimpleLog4JLogSystem initialized using logfile 'velocity.log'
2011-08-18 22:09:59,901 - ************************************************************** 
2011-08-18 22:09:59,901 - Starting Jakarta Velocity v1.4
2011-08-18 22:09:59,901 - RuntimeInstance initializing.
2011-08-18 22:09:59,901 - Default Properties File: org/apache/velocity/runtime/defaults/velocity.properties
2011-08-18 22:09:59,902 - Trying to use logger class org.apache.velocity.runtime.log.SimpleLog4JLogSystem
2011-08-18 22:09:59,902 - Using logger class org.apache.velocity.runtime.log.SimpleLog4JLogSystem
2011-08-18 22:09:59,908 - Default ResourceManager initializing. (class org.apache.velocity.runtime.resource.ResourceManagerImpl)
2011-08-18 22:09:59,923 - Resource Loader Instantiated: org.apache.velocity.runtime.resource.loader.ClasspathResourceLoader
2011-08-18 22:09:59,923 - ClasspathResourceLoader : initialization starting.
2011-08-18 22:09:59,923 - ClasspathResourceLoader : initialization complete.
2011-08-18 22:09:59,926 - ResourceCache : initialized. (class org.apache.velocity.runtime.resource.ResourceCacheImpl)
2011-08-18 22:09:59,926 - Default ResourceManager initialization complete.
2011-08-18 22:09:59,932 - Loaded System Directive: org.apache.velocity.runtime.directive.Literal
2011-08-18 22:09:59,935 - Loaded System Directive: org.apache.velocity.runtime.directive.Macro
2011-08-18 22:09:59,938 - Loaded System Directive: org.apache.velocity.runtime.directive.Parse
2011-08-18 22:09:59,940 - Loaded System Directive: org.apache.velocity.runtime.directive.Include
2011-08-18 22:09:59,941 - Loaded System Directive: org.apache.velocity.runtime.directive.Foreach
2011-08-18 22:09:59,975 - Created: 20 parsers.
2011-08-18 22:09:59,983 - Velocimacro : initialization starting.
2011-08-18 22:09:59,983 - Velocimacro : adding VMs from VM library template : VM_global_library.vm
2011-08-18 22:09:59,988 - ResourceManager : unable to find resource 'VM_global_library.vm' in any resource loader.
2011-08-18 22:09:59,989 - Velocimacro : error using  VM library template VM_global_library.vm : org.apache.velocity.exception.ResourceNotFoundException: Unable to find resource 'VM_global_library.vm'
2011-08-18 22:09:59,989 - Velocimacro :  VM library template macro registration complete.
2011-08-18 22:09:59,989 - Velocimacro : allowInline = true : VMs can be defined inline in templates
2011-08-18 22:09:59,989 - Velocimacro : allowInlineToOverride = false : VMs defined inline may NOT replace previous VM definitions
2011-08-18 22:09:59,989 - Velocimacro : allowInlineLocal = false : VMs defined inline will be  global in scope if allowed.
2011-08-18 22:09:59,989 - Velocimacro : messages on  : VM system will output logging messages
2011-08-18 22:09:59,989 - Velocimacro : autoload off  : VM system will not automatically reload global library macros
2011-08-18 22:09:59,989 - Velocimacro : initialization complete.
2011-08-18 22:09:59,989 - Velocity successfully started.
2011-08-19 11:18:27,669 - SimpleLog4JLogSystem initialized using logfile 'velocity.log'
2011-08-19 11:18:27,689 - ************************************************************** 
2011-08-19 11:18:27,689 - Starting Jakarta Velocity v1.4
2011-08-19 11:18:27,690 - RuntimeInstance initializing.
2011-08-19 11:18:27,690 - Default Properties File: org/apache/velocity/runtime/defaults/velocity.properties
2011-08-19 11:18:27,690 - Trying to use logger class org.apache.velocity.runtime.log.SimpleLog4JLogSystem
2011-08-19 11:18:27,690 - Using logger class org.apache.velocity.runtime.log.SimpleLog4JLogSystem
2011-08-19 11:18:27,696 - Default ResourceManager initializing. (class org.apache.velocity.runtime.resource.ResourceManagerImpl)
2011-08-19 11:18:27,701 - Resource Loader Instantiated: org.apache.velocity.runtime.resource.loader.ClasspathResourceLoader
2011-08-19 11:18:27,702 - ClasspathResourceLoader : initialization starting.
2011-08-19 11:18:27,702 - ClasspathResourceLoader : initialization complete.
2011-08-19 11:18:27,704 - ResourceCache : initialized. (class org.apache.velocity.runtime.resource.ResourceCacheImpl)
2011-08-19 11:18:27,704 - Default ResourceManager initialization complete.
2011-08-19 11:18:27,709 - Loaded System Directive: org.apache.velocity.runtime.directive.Literal
2011-08-19 11:18:27,711 - Loaded System Directive: org.apache.velocity.runtime.directive.Macro
2011-08-19 11:18:27,714 - Loaded System Directive: org.apache.velocity.runtime.directive.Parse
2011-08-19 11:18:27,716 - Loaded System Directive: org.apache.velocity.runtime.directive.Include
2011-08-19 11:18:27,717 - Loaded System Directive: org.apache.velocity.runtime.directive.Foreach
2011-08-19 11:18:27,751 - Created: 20 parsers.
2011-08-19 11:18:27,760 - Velocimacro : initialization starting.
2011-08-19 11:18:27,760 - Velocimacro : adding VMs from VM library template : VM_global_library.vm
2011-08-19 11:18:27,766 - ResourceManager : unable to find resource 'VM_global_library.vm' in any resource loader.
2011-08-19 11:18:27,766 - Velocimacro : error using  VM library template VM_global_library.vm : org.apache.velocity.exception.ResourceNotFoundException: Unable to find resource 'VM_global_library.vm'
2011-08-19 11:18:27,766 - Velocimacro :  VM library template macro registration complete.
2011-08-19 11:18:27,766 - Velocimacro : allowInline = true : VMs can be defined inline in templates
2011-08-19 11:18:27,766 - Velocimacro : allowInlineToOverride = false : VMs defined inline may NOT replace previous VM definitions
2011-08-19 11:18:27,766 - Velocimacro : allowInlineLocal = false : VMs defined inline will be  global in scope if allowed.
2011-08-19 11:18:27,766 - Velocimacro : messages on  : VM system will output logging messages
2011-08-19 11:18:27,766 - Velocimacro : autoload off  : VM system will not automatically reload global library macros
2011-08-19 11:18:27,767 - Velocimacro : initialization complete.
2011-08-19 11:18:27,767 - Velocity successfully started.
2011-08-19 23:10:24,389 - SimpleLog4JLogSystem initialized using logfile 'velocity.log'
2011-08-19 23:10:24,409 - ************************************************************** 
2011-08-19 23:10:24,409 - Starting Jakarta Velocity v1.4
2011-08-19 23:10:24,409 - RuntimeInstance initializing.
2011-08-19 23:10:24,409 - Default Properties File: org/apache/velocity/runtime/defaults/velocity.properties
2011-08-19 23:10:24,409 - Trying to use logger class org.apache.velocity.runtime.log.SimpleLog4JLogSystem
2011-08-19 23:10:24,409 - Using logger class org.apache.velocity.runtime.log.SimpleLog4JLogSystem
2011-08-19 23:10:24,414 - Default ResourceManager initializing. (class org.apache.velocity.runtime.resource.ResourceManagerImpl)
2011-08-19 23:10:24,417 - Resource Loader Instantiated: org.apache.velocity.runtime.resource.loader.ClasspathResourceLoader
2011-08-19 23:10:24,417 - ClasspathResourceLoader : initialization starting.
2011-08-19 23:10:24,417 - ClasspathResourceLoader : initialization complete.
2011-08-19 23:10:24,419 - ResourceCache : initialized. (class org.apache.velocity.runtime.resource.ResourceCacheImpl)
2011-08-19 23:10:24,419 - Default ResourceManager initialization complete.
2011-08-19 23:10:24,425 - Loaded System Directive: org.apache.velocity.runtime.directive.Literal
2011-08-19 23:10:24,428 - Loaded System Directive: org.apache.velocity.runtime.directive.Macro
2011-08-19 23:10:24,430 - Loaded System Directive: org.apache.velocity.runtime.directive.Parse
2011-08-19 23:10:24,433 - Loaded System Directive: org.apache.velocity.runtime.directive.Include
2011-08-19 23:10:24,434 - Loaded System Directive: org.apache.velocity.runtime.directive.Foreach
2011-08-19 23:10:24,469 - Created: 20 parsers.
2011-08-19 23:10:24,477 - Velocimacro : initialization starting.
2011-08-19 23:10:24,477 - Velocimacro : adding VMs from VM library template : VM_global_library.vm
2011-08-19 23:10:24,483 - ResourceManager : unable to find resource 'VM_global_library.vm' in any resource loader.
2011-08-19 23:10:24,483 - Velocimacro : error using  VM library template VM_global_library.vm : org.apache.velocity.exception.ResourceNotFoundException: Unable to find resource 'VM_global_library.vm'
2011-08-19 23:10:24,483 - Velocimacro :  VM library template macro registration complete.
2011-08-19 23:10:24,483 - Velocimacro : allowInline = true : VMs can be defined inline in templates
2011-08-19 23:10:24,483 - Velocimacro : allowInlineToOverride = false : VMs defined inline may NOT replace previous VM definitions
2011-08-19 23:10:24,483 - Velocimacro : allowInlineLocal = false : VMs defined inline will be  global in scope if allowed.
2011-08-19 23:10:24,483 - Velocimacro : messages on  : VM system will output logging messages
2011-08-19 23:10:24,483 - Velocimacro : autoload off  : VM system will not automatically reload global library macros
2011-08-19 23:10:24,484 - Velocimacro : initialization complete.
2011-08-19 23:10:24,484 - Velocity successfully started.
2011-08-21 12:49:13,469 - SimpleLog4JLogSystem initialized using logfile 'velocity.log'
2011-08-21 12:49:13,490 - ************************************************************** 
2011-08-21 12:49:13,490 - Starting Jakarta Velocity v1.4
2011-08-21 12:49:13,490 - RuntimeInstance initializing.
2011-08-21 12:49:13,490 - Default Properties File: org/apache/velocity/runtime/defaults/velocity.properties
2011-08-21 12:49:13,490 - Trying to use logger class org.apache.velocity.runtime.log.SimpleLog4JLogSystem
2011-08-21 12:49:13,490 - Using logger class org.apache.velocity.runtime.log.SimpleLog4JLogSystem
2011-08-21 12:49:13,496 - Default ResourceManager initializing. (class org.apache.velocity.runtime.resource.ResourceManagerImpl)
2011-08-21 12:49:13,501 - Resource Loader Instantiated: org.apache.velocity.runtime.resource.loader.ClasspathResourceLoader
2011-08-21 12:49:13,502 - ClasspathResourceLoader : initialization starting.
2011-08-21 12:49:13,502 - ClasspathResourceLoader : initialization complete.
2011-08-21 12:49:13,504 - ResourceCache : initialized. (class org.apache.velocity.runtime.resource.ResourceCacheImpl)
2011-08-21 12:49:13,504 - Default ResourceManager initialization complete.
2011-08-21 12:49:13,510 - Loaded System Directive: org.apache.velocity.runtime.directive.Literal
2011-08-21 12:49:13,512 - Loaded System Directive: org.apache.velocity.runtime.directive.Macro
2011-08-21 12:49:13,515 - Loaded System Directive: org.apache.velocity.runtime.directive.Parse
2011-08-21 12:49:13,517 - Loaded System Directive: org.apache.velocity.runtime.directive.Include
2011-08-21 12:49:13,518 - Loaded System Directive: org.apache.velocity.runtime.directive.Foreach
2011-08-21 12:49:13,550 - Created: 20 parsers.
2011-08-21 12:49:13,559 - Velocimacro : initialization starting.
2011-08-21 12:49:13,559 - Velocimacro : adding VMs from VM library template : VM_global_library.vm
2011-08-21 12:49:13,565 - ResourceManager : unable to find resource 'VM_global_library.vm' in any resource loader.
2011-08-21 12:49:13,565 - Velocimacro : error using  VM library template VM_global_library.vm : org.apache.velocity.exception.ResourceNotFoundException: Unable to find resource 'VM_global_library.vm'
2011-08-21 12:49:13,565 - Velocimacro :  VM library template macro registration complete.
2011-08-21 12:49:13,565 - Velocimacro : allowInline = true : VMs can be defined inline in templates
2011-08-21 12:49:13,565 - Velocimacro : allowInlineToOverride = false : VMs defined inline may NOT replace previous VM definitions
2011-08-21 12:49:13,565 - Velocimacro : allowInlineLocal = false : VMs defined inline will be  global in scope if allowed.
2011-08-21 12:49:13,565 - Velocimacro : messages on  : VM system will output logging messages
2011-08-21 12:49:13,565 - Velocimacro : autoload off  : VM system will not automatically reload global library macros
2011-08-21 12:49:13,565 - Velocimacro : initialization complete.
2011-08-21 12:49:13,565 - Velocity successfully started.
2011-10-14 17:00:51,693 - SimpleLog4JLogSystem initialized using logfile 'velocity.log'
2011-10-14 17:00:51,698 - ************************************************************** 
2011-10-14 17:00:51,698 - Starting Jakarta Velocity v1.4
2011-10-14 17:00:51,698 - RuntimeInstance initializing.
2011-10-14 17:00:51,698 - Default Properties File: org/apache/velocity/runtime/defaults/velocity.properties
2011-10-14 17:00:51,698 - Trying to use logger class org.apache.velocity.runtime.log.SimpleLog4JLogSystem
2011-10-14 17:00:51,698 - Using logger class org.apache.velocity.runtime.log.SimpleLog4JLogSystem
2011-10-14 17:00:51,702 - Default ResourceManager initializing. (class org.apache.velocity.runtime.resource.ResourceManagerImpl)
2011-10-14 17:00:51,708 - Resource Loader Instantiated: org.apache.velocity.runtime.resource.loader.ClasspathResourceLoader
2011-10-14 17:00:51,708 - ClasspathResourceLoader : initialization starting.
2011-10-14 17:00:51,708 - ClasspathResourceLoader : initialization complete.
2011-10-14 17:00:51,710 - ResourceCache : initialized. (class org.apache.velocity.runtime.resource.ResourceCacheImpl)
2011-10-14 17:00:51,710 - Default ResourceManager initialization complete.
2011-10-14 17:00:51,712 - Loaded System Directive: org.apache.velocity.runtime.directive.Literal
2011-10-14 17:00:51,714 - Loaded System Directive: org.apache.velocity.runtime.directive.Macro
2011-10-14 17:00:51,716 - Loaded System Directive: org.apache.velocity.runtime.directive.Parse
2011-10-14 17:00:51,718 - Loaded System Directive: org.apache.velocity.runtime.directive.Include
2011-10-14 17:00:51,719 - Loaded System Directive: org.apache.velocity.runtime.directive.Foreach
2011-10-14 17:00:51,748 - Created: 20 parsers.
2011-10-14 17:00:51,755 - Velocimacro : initialization starting.
2011-10-14 17:00:51,756 - Velocimacro : adding VMs from VM library template : VM_global_library.vm
2011-10-14 17:00:51,760 - ResourceManager : unable to find resource 'VM_global_library.vm' in any resource loader.
2011-10-14 17:00:51,760 - Velocimacro : error using  VM library template VM_global_library.vm : org.apache.velocity.exception.ResourceNotFoundException: Unable to find resource 'VM_global_library.vm'
2011-10-14 17:00:51,761 - Velocimacro :  VM library template macro registration complete.
2011-10-14 17:00:51,761 - Velocimacro : allowInline = true : VMs can be defined inline in templates
2011-10-14 17:00:51,761 - Velocimacro : allowInlineToOverride = false : VMs defined inline may NOT replace previous VM definitions
2011-10-14 17:00:51,761 - Velocimacro : allowInlineLocal = false : VMs defined inline will be  global in scope if allowed.
2011-10-14 17:00:51,761 - Velocimacro : messages on  : VM system will output logging messages
2011-10-14 17:00:51,761 - Velocimacro : autoload off  : VM system will not automatically reload global library macros
2011-10-14 17:00:51,761 - Velocimacro : initialization complete.
2011-10-14 17:00:51,761 - Velocity successfully started.
