2011-10-17 12:31:25,338 - SimpleLog4JLogSystem initialized using logfile 'velocity.log'
2011-10-17 12:31:25,338 - ************************************************************** 
2011-10-17 12:31:25,338 - Starting Jakarta Velocity v1.4
2011-10-17 12:31:25,338 - RuntimeInstance initializing.
2011-10-17 12:31:25,338 - Default Properties File: org/apache/velocity/runtime/defaults/velocity.properties
2011-10-17 12:31:25,338 - Trying to use logger class org.apache.velocity.runtime.log.SimpleLog4JLogSystem
2011-10-17 12:31:25,338 - Using logger class org.apache.velocity.runtime.log.SimpleLog4JLogSystem
2011-10-17 12:31:25,341 - Default ResourceManager initializing. (class org.apache.velocity.runtime.resource.ResourceManagerImpl)
2011-10-17 12:31:25,344 - Resource Loader Instantiated: org.apache.velocity.runtime.resource.loader.ClasspathResourceLoader
2011-10-17 12:31:25,344 - ClasspathResourceLoader : initialization starting.
2011-10-17 12:31:25,344 - ClasspathResourceLoader : initialization complete.
2011-10-17 12:31:25,348 - ResourceCache : initialized. (class org.apache.velocity.runtime.resource.ResourceCacheImpl)
2011-10-17 12:31:25,349 - Default ResourceManager initialization complete.
2011-10-17 12:31:25,350 - Loaded System Directive: org.apache.velocity.runtime.directive.Literal
2011-10-17 12:31:25,352 - Loaded System Directive: org.apache.velocity.runtime.directive.Macro
2011-10-17 12:31:25,355 - Loaded System Directive: org.apache.velocity.runtime.directive.Parse
2011-10-17 12:31:25,356 - Loaded System Directive: org.apache.velocity.runtime.directive.Include
2011-10-17 12:31:25,357 - Loaded System Directive: org.apache.velocity.runtime.directive.Foreach
2011-10-17 12:31:25,385 - Created: 20 parsers.
2011-10-17 12:31:25,392 - Velocimacro : initialization starting.
2011-10-17 12:31:25,392 - Velocimacro : adding VMs from VM library template : VM_global_library.vm
2011-10-17 12:31:25,397 - ResourceManager : unable to find resource 'VM_global_library.vm' in any resource loader.
2011-10-17 12:31:25,397 - Velocimacro : error using  VM library template VM_global_library.vm : org.apache.velocity.exception.ResourceNotFoundException: Unable to find resource 'VM_global_library.vm'
2011-10-17 12:31:25,397 - Velocimacro :  VM library template macro registration complete.
2011-10-17 12:31:25,397 - Velocimacro : allowInline = true : VMs can be defined inline in templates
2011-10-17 12:31:25,397 - Velocimacro : allowInlineToOverride = false : VMs defined inline may NOT replace previous VM definitions
2011-10-17 12:31:25,397 - Velocimacro : allowInlineLocal = false : VMs defined inline will be  global in scope if allowed.
2011-10-17 12:31:25,397 - Velocimacro : messages on  : VM system will output logging messages
2011-10-17 12:31:25,397 - Velocimacro : autoload off  : VM system will not automatically reload global library macros
2011-10-17 12:31:25,397 - Velocimacro : initialization complete.
2011-10-17 12:31:25,397 - Velocity successfully started.
