2011-08-17 15:00:11,837 - Trying to use logger class org.apache.velocity.runtime.log.SimpleLog4JLogSystem
2011-08-17 15:00:11,837 - Using logger class org.apache.velocity.runtime.log.SimpleLog4JLogSystem
2011-08-17 15:00:11,867 - Default ResourceManager initializing. (class org.apache.velocity.runtime.resource.ResourceManagerImpl)
2011-08-17 15:00:11,877 - Resource Loader Instantiated: org.apache.velocity.runtime.resource.loader.ClasspathResourceLoader
2011-08-17 15:00:11,877 - ClasspathResourceLoader : initialization starting.
2011-08-17 15:00:11,877 - ClasspathResourceLoader : initialization complete.
2011-08-17 15:00:11,887 - ResourceCache : initialized. (class org.apache.velocity.runtime.resource.ResourceCacheImpl)
2011-08-17 15:00:11,887 - Default ResourceManager initialization complete.
2011-08-17 15:00:11,897 - Loaded System Directive: org.apache.velocity.runtime.directive.Literal
2011-08-17 15:00:11,897 - Loaded System Directive: org.apache.velocity.runtime.directive.Macro
2011-08-17 15:00:11,907 - Loaded System Directive: org.apache.velocity.runtime.directive.Parse
2011-08-17 15:00:11,917 - Loaded System Directive: org.apache.velocity.runtime.directive.Include
2011-08-17 15:00:11,917 - Loaded System Directive: org.apache.velocity.runtime.directive.Foreach
2011-08-17 15:00:11,987 - Created: 20 parsers.
2011-08-17 15:00:12,017 - Velocimacro : initialization starting.
2011-08-17 15:00:12,017 - Velocimacro : adding VMs from VM library template : VM_global_library.vm
2011-08-17 15:00:12,047 - ResourceManager : unable to find resource 'VM_global_library.vm' in any resource loader.
2011-08-17 15:00:12,047 - Velocimacro : error using  VM library template VM_global_library.vm : org.apache.velocity.exception.ResourceNotFoundException: Unable to find resource 'VM_global_library.vm'
2011-08-17 15:00:12,047 - Velocimacro :  VM library template macro registration complete.
2011-08-17 15:00:12,047 - Velocimacro : allowInline = true : VMs can be defined inline in templates
2011-08-17 15:00:12,047 - Velocimacro : allowInlineToOverride = false : VMs defined inline may NOT replace previous VM definitions
2011-08-17 15:00:12,047 - Velocimacro : allowInlineLocal = false : VMs defined inline will be  global in scope if allowed.
2011-08-17 15:00:12,047 - Velocimacro : messages on  : VM system will output logging messages
2011-08-17 15:00:12,047 - Velocimacro : autoload off  : VM system will not automatically reload global library macros
2011-08-17 15:00:12,047 - Velocimacro : initialization complete.
2011-08-17 15:00:12,047 - Velocity successfully started.
2011-08-17 15:02:52,217 - SimpleLog4JLogSystem initialized using logfile 'velocity.log'
2011-08-17 15:02:52,217 - ************************************************************** 
2011-08-17 15:02:52,217 - Starting Jakarta Velocity v1.4
2011-08-17 15:02:52,217 - RuntimeInstance initializing.
2011-08-17 15:02:52,217 - Default Properties File: org\apache\velocity\runtime\defaults\velocity.properties
2011-08-17 15:02:52,217 - Trying to use logger class org.apache.velocity.runtime.log.SimpleLog4JLogSystem
2011-08-17 15:02:52,217 - Using logger class org.apache.velocity.runtime.log.SimpleLog4JLogSystem
2011-08-17 15:02:52,227 - Default ResourceManager initializing. (class org.apache.velocity.runtime.resource.ResourceManagerImpl)
2011-08-17 15:02:52,237 - Resource Loader Instantiated: org.apache.velocity.runtime.resource.loader.ClasspathResourceLoader
2011-08-17 15:02:52,237 - ClasspathResourceLoader : initialization starting.
2011-08-17 15:02:52,237 - ClasspathResourceLoader : initialization complete.
2011-08-17 15:02:52,247 - ResourceCache : initialized. (class org.apache.velocity.runtime.resource.ResourceCacheImpl)
2011-08-17 15:02:52,247 - Default ResourceManager initialization complete.
2011-08-17 15:02:52,247 - Loaded System Directive: org.apache.velocity.runtime.directive.Literal
2011-08-17 15:02:52,257 - Loaded System Directive: org.apache.velocity.runtime.directive.Macro
2011-08-17 15:02:52,267 - Loaded System Directive: org.apache.velocity.runtime.directive.Parse
2011-08-17 15:02:52,277 - Loaded System Directive: org.apache.velocity.runtime.directive.Include
2011-08-17 15:02:52,277 - Loaded System Directive: org.apache.velocity.runtime.directive.Foreach
2011-08-17 15:02:52,357 - Created: 20 parsers.
2011-08-17 15:02:52,387 - Velocimacro : initialization starting.
2011-08-17 15:02:52,387 - Velocimacro : adding VMs from VM library template : VM_global_library.vm
2011-08-17 15:02:52,407 - ResourceManager : unable to find resource 'VM_global_library.vm' in any resource loader.
2011-08-17 15:02:52,407 - Velocimacro : error using  VM library template VM_global_library.vm : org.apache.velocity.exception.ResourceNotFoundException: Unable to find resource 'VM_global_library.vm'
2011-08-17 15:02:52,407 - Velocimacro :  VM library template macro registration complete.
2011-08-17 15:02:52,407 - Velocimacro : allowInline = true : VMs can be defined inline in templates
2011-08-17 15:02:52,407 - Velocimacro : allowInlineToOverride = false : VMs defined inline may NOT replace previous VM definitions
2011-08-17 15:02:52,407 - Velocimacro : allowInlineLocal = false : VMs defined inline will be  global in scope if allowed.
2011-08-17 15:02:52,407 - Velocimacro : messages on  : VM system will output logging messages
2011-08-17 15:02:52,407 - Velocimacro : autoload off  : VM system will not automatically reload global library macros
2011-08-17 15:02:52,407 - Velocimacro : initialization complete.
2011-08-17 15:02:52,407 - Velocity successfully started.
2011-08-17 15:03:02,537 - SimpleLog4JLogSystem initialized using logfile 'velocity.log'
2011-08-17 15:03:02,537 - ************************************************************** 
2011-08-17 15:03:02,537 - Starting Jakarta Velocity v1.4
2011-08-17 15:03:02,537 - RuntimeInstance initializing.
2011-08-17 15:03:02,537 - Default Properties File: org\apache\velocity\runtime\defaults\velocity.properties
2011-08-17 15:03:02,537 - Trying to use logger class org.apache.velocity.runtime.log.SimpleLog4JLogSystem
2011-08-17 15:03:02,537 - Using logger class org.apache.velocity.runtime.log.SimpleLog4JLogSystem
2011-08-17 15:03:02,547 - Default ResourceManager initializing. (class org.apache.velocity.runtime.resource.ResourceManagerImpl)
2011-08-17 15:03:02,557 - Resource Loader Instantiated: org.apache.velocity.runtime.resource.loader.ClasspathResourceLoader
2011-08-17 15:03:02,557 - ClasspathResourceLoader : initialization starting.
2011-08-17 15:03:02,557 - ClasspathResourceLoader : initialization complete.
2011-08-17 15:03:02,567 - ResourceCache : initialized. (class org.apache.velocity.runtime.resource.ResourceCacheImpl)
2011-08-17 15:03:02,567 - Default ResourceManager initialization complete.
2011-08-17 15:03:02,567 - Loaded System Directive: org.apache.velocity.runtime.directive.Literal
2011-08-17 15:03:02,577 - Loaded System Directive: org.apache.velocity.runtime.directive.Macro
2011-08-17 15:03:02,587 - Loaded System Directive: org.apache.velocity.runtime.directive.Parse
2011-08-17 15:03:02,597 - Loaded System Directive: org.apache.velocity.runtime.directive.Include
2011-08-17 15:03:02,597 - Loaded System Directive: org.apache.velocity.runtime.directive.Foreach
2011-08-17 15:03:02,667 - Created: 20 parsers.
2011-08-17 15:03:02,707 - Velocimacro : initialization starting.
2011-08-17 15:03:02,707 - Velocimacro : adding VMs from VM library template : VM_global_library.vm
2011-08-17 15:03:02,717 - ResourceManager : unable to find resource 'VM_global_library.vm' in any resource loader.
2011-08-17 15:03:02,717 - Velocimacro : error using  VM library template VM_global_library.vm : org.apache.velocity.exception.ResourceNotFoundException: Unable to find resource 'VM_global_library.vm'
2011-08-17 15:03:02,717 - Velocimacro :  VM library template macro registration complete.
2011-08-17 15:03:02,717 - Velocimacro : allowInline = true : VMs can be defined inline in templates
2011-08-17 15:03:02,717 - Velocimacro : allowInlineToOverride = false : VMs defined inline may NOT replace previous VM definitions
2011-08-17 15:03:02,717 - Velocimacro : allowInlineLocal = false : VMs defined inline will be  global in scope if allowed.
2011-08-17 15:03:02,717 - Velocimacro : messages on  : VM system will output logging messages
2011-08-17 15:03:02,717 - Velocimacro : autoload off  : VM system will not automatically reload global library macros
2011-08-17 15:03:02,717 - Velocimacro : initialization complete.
2011-08-17 15:03:02,717 - Velocity successfully started.
2011-08-17 15:04:09,112 - SimpleLog4JLogSystem initialized using logfile 'velocity.log'
2011-08-17 15:04:09,112 - ************************************************************** 
2011-08-17 15:04:09,112 - Starting Jakarta Velocity v1.4
2011-08-17 15:04:09,112 - RuntimeInstance initializing.
2011-08-17 15:04:09,112 - Default Properties File: org\apache\velocity\runtime\defaults\velocity.properties
2011-08-17 15:04:09,112 - Trying to use logger class org.apache.velocity.runtime.log.SimpleLog4JLogSystem
2011-08-17 15:04:09,112 - Using logger class org.apache.velocity.runtime.log.SimpleLog4JLogSystem
2011-08-17 15:04:09,122 - Default ResourceManager initializing. (class org.apache.velocity.runtime.resource.ResourceManagerImpl)
2011-08-17 15:04:09,132 - Resource Loader Instantiated: org.apache.velocity.runtime.resource.loader.ClasspathResourceLoader
2011-08-17 15:04:09,132 - ClasspathResourceLoader : initialization starting.
2011-08-17 15:04:09,132 - ClasspathResourceLoader : initialization complete.
2011-08-17 15:04:09,132 - ResourceCache : initialized. (class org.apache.velocity.runtime.resource.ResourceCacheImpl)
2011-08-17 15:04:09,132 - Default ResourceManager initialization complete.
2011-08-17 15:04:09,142 - Loaded System Directive: org.apache.velocity.runtime.directive.Literal
2011-08-17 15:04:09,142 - Loaded System Directive: org.apache.velocity.runtime.directive.Macro
2011-08-17 15:04:09,162 - Loaded System Directive: org.apache.velocity.runtime.directive.Parse
2011-08-17 15:04:09,162 - Loaded System Directive: org.apache.velocity.runtime.directive.Include
2011-08-17 15:04:09,162 - Loaded System Directive: org.apache.velocity.runtime.directive.Foreach
2011-08-17 15:04:09,242 - Created: 20 parsers.
2011-08-17 15:04:09,272 - Velocimacro : initialization starting.
2011-08-17 15:04:09,272 - Velocimacro : adding VMs from VM library template : VM_global_library.vm
2011-08-17 15:04:09,282 - ResourceManager : unable to find resource 'VM_global_library.vm' in any resource loader.
2011-08-17 15:04:09,282 - Velocimacro : error using  VM library template VM_global_library.vm : org.apache.velocity.exception.ResourceNotFoundException: Unable to find resource 'VM_global_library.vm'
2011-08-17 15:04:09,282 - Velocimacro :  VM library template macro registration complete.
2011-08-17 15:04:09,282 - Velocimacro : allowInline = true : VMs can be defined inline in templates
2011-08-17 15:04:09,282 - Velocimacro : allowInlineToOverride = false : VMs defined inline may NOT replace previous VM definitions
2011-08-17 15:04:09,282 - Velocimacro : allowInlineLocal = false : VMs defined inline will be  global in scope if allowed.
2011-08-17 15:04:09,282 - Velocimacro : messages on  : VM system will output logging messages
2011-08-17 15:04:09,282 - Velocimacro : autoload off  : VM system will not automatically reload global library macros
2011-08-17 15:04:09,282 - Velocimacro : initialization complete.
2011-08-17 15:04:09,282 - Velocity successfully started.
2011-08-17 15:05:39,535 - SimpleLog4JLogSystem initialized using logfile 'velocity.log'
2011-08-17 15:05:39,535 - ************************************************************** 
2011-08-17 15:05:39,535 - Starting Jakarta Velocity v1.4
2011-08-17 15:05:39,535 - RuntimeInstance initializing.
2011-08-17 15:05:39,535 - Default Properties File: org\apache\velocity\runtime\defaults\velocity.properties
2011-08-17 15:05:39,535 - Trying to use logger class org.apache.velocity.runtime.log.SimpleLog4JLogSystem
2011-08-17 15:05:39,535 - Using logger class org.apache.velocity.runtime.log.SimpleLog4JLogSystem
2011-08-17 15:05:39,545 - Default ResourceManager initializing. (class org.apache.velocity.runtime.resource.ResourceManagerImpl)
2011-08-17 15:05:39,555 - Resource Loader Instantiated: org.apache.velocity.runtime.resource.loader.ClasspathResourceLoader
2011-08-17 15:05:39,565 - ClasspathResourceLoader : initialization starting.
2011-08-17 15:05:39,565 - ClasspathResourceLoader : initialization complete.
2011-08-17 15:05:39,565 - ResourceCache : initialized. (class org.apache.velocity.runtime.resource.ResourceCacheImpl)
2011-08-17 15:05:39,565 - Default ResourceManager initialization complete.
2011-08-17 15:05:39,575 - Loaded System Directive: org.apache.velocity.runtime.directive.Literal
2011-08-17 15:05:39,575 - Loaded System Directive: org.apache.velocity.runtime.directive.Macro
2011-08-17 15:05:39,585 - Loaded System Directive: org.apache.velocity.runtime.directive.Parse
2011-08-17 15:05:39,595 - Loaded System Directive: org.apache.velocity.runtime.directive.Include
2011-08-17 15:05:39,595 - Loaded System Directive: org.apache.velocity.runtime.directive.Foreach
2011-08-17 15:05:39,665 - Created: 20 parsers.
2011-08-17 15:05:39,695 - Velocimacro : initialization starting.
2011-08-17 15:05:39,695 - Velocimacro : adding VMs from VM library template : VM_global_library.vm
2011-08-17 15:05:39,715 - ResourceManager : unable to find resource 'VM_global_library.vm' in any resource loader.
2011-08-17 15:05:39,715 - Velocimacro : error using  VM library template VM_global_library.vm : org.apache.velocity.exception.ResourceNotFoundException: Unable to find resource 'VM_global_library.vm'
2011-08-17 15:05:39,715 - Velocimacro :  VM library template macro registration complete.
2011-08-17 15:05:39,715 - Velocimacro : allowInline = true : VMs can be defined inline in templates
2011-08-17 15:05:39,715 - Velocimacro : allowInlineToOverride = false : VMs defined inline may NOT replace previous VM definitions
2011-08-17 15:05:39,715 - Velocimacro : allowInlineLocal = false : VMs defined inline will be  global in scope if allowed.
2011-08-17 15:05:39,715 - Velocimacro : messages on  : VM system will output logging messages
2011-08-17 15:05:39,715 - Velocimacro : autoload off  : VM system will not automatically reload global library macros
2011-08-17 15:05:39,715 - Velocimacro : initialization complete.
2011-08-17 15:05:39,715 - Velocity successfully started.
2011-08-17 15:07:24,928 - SimpleLog4JLogSystem initialized using logfile 'velocity.log'
2011-08-17 15:07:24,928 - ************************************************************** 
2011-08-17 15:07:24,928 - Starting Jakarta Velocity v1.4
2011-08-17 15:07:24,928 - RuntimeInstance initializing.
2011-08-17 15:07:24,928 - Default Properties File: org\apache\velocity\runtime\defaults\velocity.properties
2011-08-17 15:07:24,928 - Trying to use logger class org.apache.velocity.runtime.log.SimpleLog4JLogSystem
2011-08-17 15:07:24,928 - Using logger class org.apache.velocity.runtime.log.SimpleLog4JLogSystem
2011-08-17 15:07:24,938 - Default ResourceManager initializing. (class org.apache.velocity.runtime.resource.ResourceManagerImpl)
2011-08-17 15:07:24,948 - Resource Loader Instantiated: org.apache.velocity.runtime.resource.loader.ClasspathResourceLoader
2011-08-17 15:07:24,948 - ClasspathResourceLoader : initialization starting.
2011-08-17 15:07:24,948 - ClasspathResourceLoader : initialization complete.
2011-08-17 15:07:24,958 - ResourceCache : initialized. (class org.apache.velocity.runtime.resource.ResourceCacheImpl)
2011-08-17 15:07:24,958 - Default ResourceManager initialization complete.
2011-08-17 15:07:24,958 - Loaded System Directive: org.apache.velocity.runtime.directive.Literal
2011-08-17 15:07:24,968 - Loaded System Directive: org.apache.velocity.runtime.directive.Macro
2011-08-17 15:07:24,978 - Loaded System Directive: org.apache.velocity.runtime.directive.Parse
2011-08-17 15:07:24,988 - Loaded System Directive: org.apache.velocity.runtime.directive.Include
2011-08-17 15:07:24,988 - Loaded System Directive: org.apache.velocity.runtime.directive.Foreach
2011-08-17 15:07:25,058 - Created: 20 parsers.
2011-08-17 15:07:25,088 - Velocimacro : initialization starting.
2011-08-17 15:07:25,088 - Velocimacro : adding VMs from VM library template : VM_global_library.vm
2011-08-17 15:07:25,098 - ResourceManager : unable to find resource 'VM_global_library.vm' in any resource loader.
2011-08-17 15:07:25,098 - Velocimacro : error using  VM library template VM_global_library.vm : org.apache.velocity.exception.ResourceNotFoundException: Unable to find resource 'VM_global_library.vm'
2011-08-17 15:07:25,098 - Velocimacro :  VM library template macro registration complete.
2011-08-17 15:07:25,098 - Velocimacro : allowInline = true : VMs can be defined inline in templates
2011-08-17 15:07:25,098 - Velocimacro : allowInlineToOverride = false : VMs defined inline may NOT replace previous VM definitions
2011-08-17 15:07:25,098 - Velocimacro : allowInlineLocal = false : VMs defined inline will be  global in scope if allowed.
2011-08-17 15:07:25,098 - Velocimacro : messages on  : VM system will output logging messages
2011-08-17 15:07:25,108 - Velocimacro : autoload off  : VM system will not automatically reload global library macros
2011-08-17 15:07:25,108 - Velocimacro : initialization complete.
2011-08-17 15:07:25,108 - Velocity successfully started.
2011-08-17 15:08:38,181 - SimpleLog4JLogSystem initialized using logfile 'velocity.log'
2011-08-17 15:08:38,181 - ************************************************************** 
2011-08-17 15:08:38,181 - Starting Jakarta Velocity v1.4
2011-08-17 15:08:38,181 - RuntimeInstance initializing.
2011-08-17 15:08:38,181 - Default Properties File: org\apache\velocity\runtime\defaults\velocity.properties
2011-08-17 15:08:38,181 - Trying to use logger class org.apache.velocity.runtime.log.SimpleLog4JLogSystem
2011-08-17 15:08:38,181 - Using logger class org.apache.velocity.runtime.log.SimpleLog4JLogSystem
2011-08-17 15:08:38,191 - Default ResourceManager initializing. (class org.apache.velocity.runtime.resource.ResourceManagerImpl)
2011-08-17 15:08:38,201 - Resource Loader Instantiated: org.apache.velocity.runtime.resource.loader.ClasspathResourceLoader
2011-08-17 15:08:38,201 - ClasspathResourceLoader : initialization starting.
2011-08-17 15:08:38,201 - ClasspathResourceLoader : initialization complete.
2011-08-17 15:08:38,211 - ResourceCache : initialized. (class org.apache.velocity.runtime.resource.ResourceCacheImpl)
2011-08-17 15:08:38,211 - Default ResourceManager initialization complete.
2011-08-17 15:08:38,211 - Loaded System Directive: org.apache.velocity.runtime.directive.Literal
2011-08-17 15:08:38,221 - Loaded System Directive: org.apache.velocity.runtime.directive.Macro
2011-08-17 15:08:38,231 - Loaded System Directive: org.apache.velocity.runtime.directive.Parse
2011-08-17 15:08:38,241 - Loaded System Directive: org.apache.velocity.runtime.directive.Include
2011-08-17 15:08:38,241 - Loaded System Directive: org.apache.velocity.runtime.directive.Foreach
2011-08-17 15:08:38,311 - Created: 20 parsers.
2011-08-17 15:08:38,341 - Velocimacro : initialization starting.
2011-08-17 15:08:38,341 - Velocimacro : adding VMs from VM library template : VM_global_library.vm
2011-08-17 15:08:38,361 - ResourceManager : unable to find resource 'VM_global_library.vm' in any resource loader.
2011-08-17 15:08:38,361 - Velocimacro : error using  VM library template VM_global_library.vm : org.apache.velocity.exception.ResourceNotFoundException: Unable to find resource 'VM_global_library.vm'
2011-08-17 15:08:38,361 - Velocimacro :  VM library template macro registration complete.
2011-08-17 15:08:38,361 - Velocimacro : allowInline = true : VMs can be defined inline in templates
2011-08-17 15:08:38,361 - Velocimacro : allowInlineToOverride = false : VMs defined inline may NOT replace previous VM definitions
2011-08-17 15:08:38,361 - Velocimacro : allowInlineLocal = false : VMs defined inline will be  global in scope if allowed.
2011-08-17 15:08:38,361 - Velocimacro : messages on  : VM system will output logging messages
2011-08-17 15:08:38,361 - Velocimacro : autoload off  : VM system will not automatically reload global library macros
2011-08-17 15:08:38,361 - Velocimacro : initialization complete.
2011-08-17 15:08:38,361 - Velocity successfully started.
2011-08-17 15:09:22,003 - SimpleLog4JLogSystem initialized using logfile 'velocity.log'
2011-08-17 15:09:22,003 - ************************************************************** 
2011-08-17 15:09:22,003 - Starting Jakarta Velocity v1.4
2011-08-17 15:09:22,003 - RuntimeInstance initializing.
2011-08-17 15:09:22,003 - Default Properties File: org\apache\velocity\runtime\defaults\velocity.properties
2011-08-17 15:09:22,003 - Trying to use logger class org.apache.velocity.runtime.log.SimpleLog4JLogSystem
2011-08-17 15:09:22,003 - Using logger class org.apache.velocity.runtime.log.SimpleLog4JLogSystem
2011-08-17 15:09:22,013 - Default ResourceManager initializing. (class org.apache.velocity.runtime.resource.ResourceManagerImpl)
2011-08-17 15:09:22,023 - Resource Loader Instantiated: org.apache.velocity.runtime.resource.loader.ClasspathResourceLoader
2011-08-17 15:09:22,023 - ClasspathResourceLoader : initialization starting.
2011-08-17 15:09:22,023 - ClasspathResourceLoader : initialization complete.
2011-08-17 15:09:22,033 - ResourceCache : initialized. (class org.apache.velocity.runtime.resource.ResourceCacheImpl)
2011-08-17 15:09:22,033 - Default ResourceManager initialization complete.
2011-08-17 15:09:22,033 - Loaded System Directive: org.apache.velocity.runtime.directive.Literal
2011-08-17 15:09:22,043 - Loaded System Directive: org.apache.velocity.runtime.directive.Macro
2011-08-17 15:09:22,053 - Loaded System Directive: org.apache.velocity.runtime.directive.Parse
2011-08-17 15:09:22,053 - Loaded System Directive: org.apache.velocity.runtime.directive.Include
2011-08-17 15:09:22,063 - Loaded System Directive: org.apache.velocity.runtime.directive.Foreach
2011-08-17 15:09:22,133 - Created: 20 parsers.
2011-08-17 15:09:22,163 - Velocimacro : initialization starting.
2011-08-17 15:09:22,163 - Velocimacro : adding VMs from VM library template : VM_global_library.vm
2011-08-17 15:09:22,173 - ResourceManager : unable to find resource 'VM_global_library.vm' in any resource loader.
2011-08-17 15:09:22,173 - Velocimacro : error using  VM library template VM_global_library.vm : org.apache.velocity.exception.ResourceNotFoundException: Unable to find resource 'VM_global_library.vm'
2011-08-17 15:09:22,173 - Velocimacro :  VM library template macro registration complete.
2011-08-17 15:09:22,173 - Velocimacro : allowInline = true : VMs can be defined inline in templates
2011-08-17 15:09:22,173 - Velocimacro : allowInlineToOverride = false : VMs defined inline may NOT replace previous VM definitions
2011-08-17 15:09:22,173 - Velocimacro : allowInlineLocal = false : VMs defined inline will be  global in scope if allowed.
2011-08-17 15:09:22,173 - Velocimacro : messages on  : VM system will output logging messages
2011-08-17 15:09:22,173 - Velocimacro : autoload off  : VM system will not automatically reload global library macros
2011-08-17 15:09:22,173 - Velocimacro : initialization complete.
2011-08-17 15:09:22,173 - Velocity successfully started.
2011-08-17 15:15:28,984 - SimpleLog4JLogSystem initialized using logfile 'velocity.log'
2011-08-17 15:15:28,984 - ************************************************************** 
2011-08-17 15:15:28,984 - Starting Jakarta Velocity v1.4
2011-08-17 15:15:28,984 - RuntimeInstance initializing.
2011-08-17 15:15:28,984 - Default Properties File: org\apache\velocity\runtime\defaults\velocity.properties
2011-08-17 15:15:28,984 - Trying to use logger class org.apache.velocity.runtime.log.SimpleLog4JLogSystem
2011-08-17 15:15:28,984 - Using logger class org.apache.velocity.runtime.log.SimpleLog4JLogSystem
2011-08-17 15:15:28,994 - Default ResourceManager initializing. (class org.apache.velocity.runtime.resource.ResourceManagerImpl)
2011-08-17 15:15:29,004 - Resource Loader Instantiated: org.apache.velocity.runtime.resource.loader.ClasspathResourceLoader
2011-08-17 15:15:29,004 - ClasspathResourceLoader : initialization starting.
2011-08-17 15:15:29,004 - ClasspathResourceLoader : initialization complete.
2011-08-17 15:15:29,014 - ResourceCache : initialized. (class org.apache.velocity.runtime.resource.ResourceCacheImpl)
2011-08-17 15:15:29,014 - Default ResourceManager initialization complete.
2011-08-17 15:15:29,014 - Loaded System Directive: org.apache.velocity.runtime.directive.Literal
2011-08-17 15:15:29,024 - Loaded System Directive: org.apache.velocity.runtime.directive.Macro
2011-08-17 15:15:29,034 - Loaded System Directive: org.apache.velocity.runtime.directive.Parse
2011-08-17 15:15:29,044 - Loaded System Directive: org.apache.velocity.runtime.directive.Include
2011-08-17 15:15:29,044 - Loaded System Directive: org.apache.velocity.runtime.directive.Foreach
2011-08-17 15:15:29,124 - Created: 20 parsers.
2011-08-17 15:15:29,154 - Velocimacro : initialization starting.
2011-08-17 15:15:29,154 - Velocimacro : adding VMs from VM library template : VM_global_library.vm
2011-08-17 15:15:29,164 - ResourceManager : unable to find resource 'VM_global_library.vm' in any resource loader.
2011-08-17 15:15:29,164 - Velocimacro : error using  VM library template VM_global_library.vm : org.apache.velocity.exception.ResourceNotFoundException: Unable to find resource 'VM_global_library.vm'
2011-08-17 15:15:29,164 - Velocimacro :  VM library template macro registration complete.
2011-08-17 15:15:29,164 - Velocimacro : allowInline = true : VMs can be defined inline in templates
2011-08-17 15:15:29,164 - Velocimacro : allowInlineToOverride = false : VMs defined inline may NOT replace previous VM definitions
2011-08-17 15:15:29,164 - Velocimacro : allowInlineLocal = false : VMs defined inline will be  global in scope if allowed.
2011-08-17 15:15:29,164 - Velocimacro : messages on  : VM system will output logging messages
2011-08-17 15:15:29,164 - Velocimacro : autoload off  : VM system will not automatically reload global library macros
2011-08-17 15:15:29,164 - Velocimacro : initialization complete.
2011-08-17 15:15:29,164 - Velocity successfully started.
2011-08-18 13:10:03,167 - SimpleLog4JLogSystem initialized using logfile 'velocity.log'
2011-08-18 13:10:03,167 - ************************************************************** 
2011-08-18 13:10:03,167 - Starting Jakarta Velocity v1.4
2011-08-18 13:10:03,167 - RuntimeInstance initializing.
2011-08-18 13:10:03,167 - Default Properties File: org\apache\velocity\runtime\defaults\velocity.properties
2011-08-18 13:10:03,167 - Trying to use logger class org.apache.velocity.runtime.log.SimpleLog4JLogSystem
2011-08-18 13:10:03,167 - Using logger class org.apache.velocity.runtime.log.SimpleLog4JLogSystem
2011-08-18 13:10:03,177 - Default ResourceManager initializing. (class org.apache.velocity.runtime.resource.ResourceManagerImpl)
2011-08-18 13:10:03,187 - Resource Loader Instantiated: org.apache.velocity.runtime.resource.loader.ClasspathResourceLoader
2011-08-18 13:10:03,187 - ClasspathResourceLoader : initialization starting.
2011-08-18 13:10:03,187 - ClasspathResourceLoader : initialization complete.
2011-08-18 13:10:03,187 - ResourceCache : initialized. (class org.apache.velocity.runtime.resource.ResourceCacheImpl)
2011-08-18 13:10:03,187 - Default ResourceManager initialization complete.
2011-08-18 13:10:03,197 - Loaded System Directive: org.apache.velocity.runtime.directive.Literal
2011-08-18 13:10:03,197 - Loaded System Directive: org.apache.velocity.runtime.directive.Macro
2011-08-18 13:10:03,217 - Loaded System Directive: org.apache.velocity.runtime.directive.Parse
2011-08-18 13:10:03,217 - Loaded System Directive: org.apache.velocity.runtime.directive.Include
2011-08-18 13:10:03,217 - Loaded System Directive: org.apache.velocity.runtime.directive.Foreach
2011-08-18 13:10:03,297 - Created: 20 parsers.
2011-08-18 13:10:03,327 - Velocimacro : initialization starting.
2011-08-18 13:10:03,327 - Velocimacro : adding VMs from VM library template : VM_global_library.vm
2011-08-18 13:10:03,337 - ResourceManager : unable to find resource 'VM_global_library.vm' in any resource loader.
2011-08-18 13:10:03,337 - Velocimacro : error using  VM library template VM_global_library.vm : org.apache.velocity.exception.ResourceNotFoundException: Unable to find resource 'VM_global_library.vm'
2011-08-18 13:10:03,337 - Velocimacro :  VM library template macro registration complete.
2011-08-18 13:10:03,337 - Velocimacro : allowInline = true : VMs can be defined inline in templates
2011-08-18 13:10:03,337 - Velocimacro : allowInlineToOverride = false : VMs defined inline may NOT replace previous VM definitions
2011-08-18 13:10:03,337 - Velocimacro : allowInlineLocal = false : VMs defined inline will be  global in scope if allowed.
2011-08-18 13:10:03,337 - Velocimacro : messages on  : VM system will output logging messages
2011-08-18 13:10:03,337 - Velocimacro : autoload off  : VM system will not automatically reload global library macros
2011-08-18 13:10:03,337 - Velocimacro : initialization complete.
2011-08-18 13:10:03,337 - Velocity successfully started.
2011-10-14 15:55:22,228 - SimpleLog4JLogSystem initialized using logfile 'velocity.log'
2011-10-14 15:55:22,238 - ************************************************************** 
2011-10-14 15:55:22,238 - Starting Jakarta Velocity v1.4
2011-10-14 15:55:22,238 - RuntimeInstance initializing.
2011-10-14 15:55:22,238 - Default Properties File: org/apache/velocity/runtime/defaults/velocity.properties
2011-10-14 15:55:22,238 - Trying to use logger class org.apache.velocity.runtime.log.SimpleLog4JLogSystem
2011-10-14 15:55:22,238 - Using logger class org.apache.velocity.runtime.log.SimpleLog4JLogSystem
2011-10-14 15:55:22,241 - Default ResourceManager initializing. (class org.apache.velocity.runtime.resource.ResourceManagerImpl)
2011-10-14 15:55:22,244 - Resource Loader Instantiated: org.apache.velocity.runtime.resource.loader.ClasspathResourceLoader
2011-10-14 15:55:22,244 - ClasspathResourceLoader : initialization starting.
2011-10-14 15:55:22,244 - ClasspathResourceLoader : initialization complete.
2011-10-14 15:55:22,252 - ResourceCache : initialized. (class org.apache.velocity.runtime.resource.ResourceCacheImpl)
2011-10-14 15:55:22,252 - Default ResourceManager initialization complete.
2011-10-14 15:55:22,255 - Loaded System Directive: org.apache.velocity.runtime.directive.Literal
2011-10-14 15:55:22,257 - Loaded System Directive: org.apache.velocity.runtime.directive.Macro
2011-10-14 15:55:22,259 - Loaded System Directive: org.apache.velocity.runtime.directive.Parse
2011-10-14 15:55:22,261 - Loaded System Directive: org.apache.velocity.runtime.directive.Include
2011-10-14 15:55:22,262 - Loaded System Directive: org.apache.velocity.runtime.directive.Foreach
2011-10-14 15:55:22,291 - Created: 20 parsers.
2011-10-14 15:55:22,298 - Velocimacro : initialization starting.
2011-10-14 15:55:22,298 - Velocimacro : adding VMs from VM library template : VM_global_library.vm
2011-10-14 15:55:22,303 - ResourceManager : unable to find resource 'VM_global_library.vm' in any resource loader.
2011-10-14 15:55:22,303 - Velocimacro : error using  VM library template VM_global_library.vm : org.apache.velocity.exception.ResourceNotFoundException: Unable to find resource 'VM_global_library.vm'
2011-10-14 15:55:22,303 - Velocimacro :  VM library template macro registration complete.
2011-10-14 15:55:22,303 - Velocimacro : allowInline = true : VMs can be defined inline in templates
2011-10-14 15:55:22,303 - Velocimacro : allowInlineToOverride = false : VMs defined inline may NOT replace previous VM definitions
2011-10-14 15:55:22,303 - Velocimacro : allowInlineLocal = false : VMs defined inline will be  global in scope if allowed.
2011-10-14 15:55:22,303 - Velocimacro : messages on  : VM system will output logging messages
2011-10-14 15:55:22,303 - Velocimacro : autoload off  : VM system will not automatically reload global library macros
2011-10-14 15:55:22,303 - Velocimacro : initialization complete.
2011-10-14 15:55:22,303 - Velocity successfully started.
