2011-08-21 00:29:36,062 - Loaded System Directive: org.apache.velocity.runtime.directive.Literal
2011-08-21 00:29:36,065 - Loaded System Directive: org.apache.velocity.runtime.directive.Macro
2011-08-21 00:29:36,068 - Loaded System Directive: org.apache.velocity.runtime.directive.Parse
2011-08-21 00:29:36,070 - Loaded System Directive: org.apache.velocity.runtime.directive.Include
2011-08-21 00:29:36,071 - Loaded System Directive: org.apache.velocity.runtime.directive.Foreach
2011-08-21 00:29:36,104 - Created: 20 parsers.
2011-08-21 00:29:36,112 - Velocimacro : initialization starting.
2011-08-21 00:29:36,112 - Velocimacro : adding VMs from VM library template : VM_global_library.vm
2011-08-21 00:29:36,122 - ResourceManager : unable to find resource 'VM_global_library.vm' in any resource loader.
2011-08-21 00:29:36,122 - Velocimacro : error using  VM library template VM_global_library.vm : org.apache.velocity.exception.ResourceNotFoundException: Unable to find resource 'VM_global_library.vm'
2011-08-21 00:29:36,122 - Velocimacro :  VM library template macro registration complete.
2011-08-21 00:29:36,122 - Velocimacro : allowInline = true : VMs can be defined inline in templates
2011-08-21 00:29:36,122 - Velocimacro : allowInlineToOverride = false : VMs defined inline may NOT replace previous VM definitions
2011-08-21 00:29:36,122 - Velocimacro : allowInlineLocal = false : VMs defined inline will be  global in scope if allowed.
2011-08-21 00:29:36,122 - Velocimacro : messages on  : VM system will output logging messages
2011-08-21 00:29:36,122 - Velocimacro : autoload off  : VM system will not automatically reload global library macros
2011-08-21 00:29:36,122 - Velocimacro : initialization complete.
2011-08-21 00:29:36,122 - Velocity successfully started.
2011-08-21 00:45:49,725 - SimpleLog4JLogSystem initialized using logfile 'velocity.log'
2011-08-21 00:45:49,751 - ************************************************************** 
2011-08-21 00:45:49,751 - Starting Jakarta Velocity v1.4
2011-08-21 00:45:49,752 - RuntimeInstance initializing.
2011-08-21 00:45:49,752 - Default Properties File: org/apache/velocity/runtime/defaults/velocity.properties
2011-08-21 00:45:49,752 - Trying to use logger class org.apache.velocity.runtime.log.SimpleLog4JLogSystem
2011-08-21 00:45:49,752 - Using logger class org.apache.velocity.runtime.log.SimpleLog4JLogSystem
2011-08-21 00:45:49,758 - Default ResourceManager initializing. (class org.apache.velocity.runtime.resource.ResourceManagerImpl)
2011-08-21 00:45:49,766 - Resource Loader Instantiated: org.apache.velocity.runtime.resource.loader.ClasspathResourceLoader
2011-08-21 00:45:49,766 - ClasspathResourceLoader : initialization starting.
2011-08-21 00:45:49,766 - ClasspathResourceLoader : initialization complete.
2011-08-21 00:45:49,768 - ResourceCache : initialized. (class org.apache.velocity.runtime.resource.ResourceCacheImpl)
2011-08-21 00:45:49,768 - Default ResourceManager initialization complete.
2011-08-21 00:45:49,769 - Loaded System Directive: org.apache.velocity.runtime.directive.Literal
2011-08-21 00:45:49,771 - Loaded System Directive: org.apache.velocity.runtime.directive.Macro
2011-08-21 00:45:49,774 - Loaded System Directive: org.apache.velocity.runtime.directive.Parse
2011-08-21 00:45:49,776 - Loaded System Directive: org.apache.velocity.runtime.directive.Include
2011-08-21 00:45:49,777 - Loaded System Directive: org.apache.velocity.runtime.directive.Foreach
2011-08-21 00:45:49,809 - Created: 20 parsers.
2011-08-21 00:45:49,817 - Velocimacro : initialization starting.
2011-08-21 00:45:49,817 - Velocimacro : adding VMs from VM library template : VM_global_library.vm
2011-08-21 00:45:49,823 - ResourceManager : unable to find resource 'VM_global_library.vm' in any resource loader.
2011-08-21 00:45:49,823 - Velocimacro : error using  VM library template VM_global_library.vm : org.apache.velocity.exception.ResourceNotFoundException: Unable to find resource 'VM_global_library.vm'
2011-08-21 00:45:49,823 - Velocimacro :  VM library template macro registration complete.
2011-08-21 00:45:49,823 - Velocimacro : allowInline = true : VMs can be defined inline in templates
2011-08-21 00:45:49,823 - Velocimacro : allowInlineToOverride = false : VMs defined inline may NOT replace previous VM definitions
2011-08-21 00:45:49,824 - Velocimacro : allowInlineLocal = false : VMs defined inline will be  global in scope if allowed.
2011-08-21 00:45:49,824 - Velocimacro : messages on  : VM system will output logging messages
2011-08-21 00:45:49,824 - Velocimacro : autoload off  : VM system will not automatically reload global library macros
2011-08-21 00:45:49,824 - Velocimacro : initialization complete.
2011-08-21 00:45:49,824 - Velocity successfully started.
2011-08-21 12:54:01,519 - SimpleLog4JLogSystem initialized using logfile 'velocity.log'
2011-08-21 12:54:01,526 - ************************************************************** 
2011-08-21 12:54:01,526 - Starting Jakarta Velocity v1.4
2011-08-21 12:54:01,526 - RuntimeInstance initializing.
2011-08-21 12:54:01,526 - Default Properties File: org/apache/velocity/runtime/defaults/velocity.properties
2011-08-21 12:54:01,526 - Trying to use logger class org.apache.velocity.runtime.log.SimpleLog4JLogSystem
2011-08-21 12:54:01,526 - Using logger class org.apache.velocity.runtime.log.SimpleLog4JLogSystem
2011-08-21 12:54:01,530 - Default ResourceManager initializing. (class org.apache.velocity.runtime.resource.ResourceManagerImpl)
2011-08-21 12:54:01,533 - Resource Loader Instantiated: org.apache.velocity.runtime.resource.loader.ClasspathResourceLoader
2011-08-21 12:54:01,533 - ClasspathResourceLoader : initialization starting.
2011-08-21 12:54:01,533 - ClasspathResourceLoader : initialization complete.
2011-08-21 12:54:01,535 - ResourceCache : initialized. (class org.apache.velocity.runtime.resource.ResourceCacheImpl)
2011-08-21 12:54:01,535 - Default ResourceManager initialization complete.
2011-08-21 12:54:01,536 - Loaded System Directive: org.apache.velocity.runtime.directive.Literal
2011-08-21 12:54:01,538 - Loaded System Directive: org.apache.velocity.runtime.directive.Macro
2011-08-21 12:54:01,545 - Loaded System Directive: org.apache.velocity.runtime.directive.Parse
2011-08-21 12:54:01,547 - Loaded System Directive: org.apache.velocity.runtime.directive.Include
2011-08-21 12:54:01,548 - Loaded System Directive: org.apache.velocity.runtime.directive.Foreach
2011-08-21 12:54:01,581 - Created: 20 parsers.
2011-08-21 12:54:01,589 - Velocimacro : initialization starting.
2011-08-21 12:54:01,589 - Velocimacro : adding VMs from VM library template : VM_global_library.vm
2011-08-21 12:54:01,595 - ResourceManager : unable to find resource 'VM_global_library.vm' in any resource loader.
2011-08-21 12:54:01,595 - Velocimacro : error using  VM library template VM_global_library.vm : org.apache.velocity.exception.ResourceNotFoundException: Unable to find resource 'VM_global_library.vm'
2011-08-21 12:54:01,595 - Velocimacro :  VM library template macro registration complete.
2011-08-21 12:54:01,595 - Velocimacro : allowInline = true : VMs can be defined inline in templates
2011-08-21 12:54:01,595 - Velocimacro : allowInlineToOverride = false : VMs defined inline may NOT replace previous VM definitions
2011-08-21 12:54:01,595 - Velocimacro : allowInlineLocal = false : VMs defined inline will be  global in scope if allowed.
2011-08-21 12:54:01,595 - Velocimacro : messages on  : VM system will output logging messages
2011-08-21 12:54:01,595 - Velocimacro : autoload off  : VM system will not automatically reload global library macros
2011-08-21 12:54:01,595 - Velocimacro : initialization complete.
2011-08-21 12:54:01,596 - Velocity successfully started.
2011-08-22 15:11:25,031 - SimpleLog4JLogSystem initialized using logfile 'velocity.log'
2011-08-22 15:11:25,101 - ************************************************************** 
2011-08-22 15:11:25,101 - Starting Jakarta Velocity v1.4
2011-08-22 15:11:25,101 - RuntimeInstance initializing.
2011-08-22 15:11:25,101 - Default Properties File: org/apache/velocity/runtime/defaults/velocity.properties
2011-08-22 15:11:25,101 - Trying to use logger class org.apache.velocity.runtime.log.SimpleLog4JLogSystem
2011-08-22 15:11:25,102 - Using logger class org.apache.velocity.runtime.log.SimpleLog4JLogSystem
2011-08-22 15:11:25,108 - Default ResourceManager initializing. (class org.apache.velocity.runtime.resource.ResourceManagerImpl)
2011-08-22 15:11:25,112 - Resource Loader Instantiated: org.apache.velocity.runtime.resource.loader.ClasspathResourceLoader
2011-08-22 15:11:25,113 - ClasspathResourceLoader : initialization starting.
2011-08-22 15:11:25,113 - ClasspathResourceLoader : initialization complete.
2011-08-22 15:11:25,115 - ResourceCache : initialized. (class org.apache.velocity.runtime.resource.ResourceCacheImpl)
2011-08-22 15:11:25,115 - Default ResourceManager initialization complete.
2011-08-22 15:11:25,118 - Loaded System Directive: org.apache.velocity.runtime.directive.Literal
2011-08-22 15:11:25,122 - Loaded System Directive: org.apache.velocity.runtime.directive.Macro
2011-08-22 15:11:25,127 - Loaded System Directive: org.apache.velocity.runtime.directive.Parse
2011-08-22 15:11:25,129 - Loaded System Directive: org.apache.velocity.runtime.directive.Include
2011-08-22 15:11:25,130 - Loaded System Directive: org.apache.velocity.runtime.directive.Foreach
2011-08-22 15:11:25,163 - Created: 20 parsers.
2011-08-22 15:11:25,171 - Velocimacro : initialization starting.
2011-08-22 15:11:25,171 - Velocimacro : adding VMs from VM library template : VM_global_library.vm
2011-08-22 15:11:25,177 - ResourceManager : unable to find resource 'VM_global_library.vm' in any resource loader.
2011-08-22 15:11:25,177 - Velocimacro : error using  VM library template VM_global_library.vm : org.apache.velocity.exception.ResourceNotFoundException: Unable to find resource 'VM_global_library.vm'
2011-08-22 15:11:25,177 - Velocimacro :  VM library template macro registration complete.
2011-08-22 15:11:25,177 - Velocimacro : allowInline = true : VMs can be defined inline in templates
2011-08-22 15:11:25,177 - Velocimacro : allowInlineToOverride = false : VMs defined inline may NOT replace previous VM definitions
2011-08-22 15:11:25,177 - Velocimacro : allowInlineLocal = false : VMs defined inline will be  global in scope if allowed.
2011-08-22 15:11:25,177 - Velocimacro : messages on  : VM system will output logging messages
2011-08-22 15:11:25,177 - Velocimacro : autoload off  : VM system will not automatically reload global library macros
2011-08-22 15:11:25,177 - Velocimacro : initialization complete.
2011-08-22 15:11:25,177 - Velocity successfully started.
2011-08-22 15:12:43,769 - SimpleLog4JLogSystem initialized using logfile 'velocity.log'
2011-08-22 15:12:43,769 - ************************************************************** 
2011-08-22 15:12:43,769 - Starting Jakarta Velocity v1.4
2011-08-22 15:12:43,769 - RuntimeInstance initializing.
2011-08-22 15:12:43,769 - Default Properties File: org/apache/velocity/runtime/defaults/velocity.properties
2011-08-22 15:12:43,769 - Trying to use logger class org.apache.velocity.runtime.log.SimpleLog4JLogSystem
2011-08-22 15:12:43,769 - Using logger class org.apache.velocity.runtime.log.SimpleLog4JLogSystem
2011-08-22 15:12:43,773 - Default ResourceManager initializing. (class org.apache.velocity.runtime.resource.ResourceManagerImpl)
2011-08-22 15:12:43,781 - Resource Loader Instantiated: org.apache.velocity.runtime.resource.loader.ClasspathResourceLoader
2011-08-22 15:12:43,781 - ClasspathResourceLoader : initialization starting.
2011-08-22 15:12:43,781 - ClasspathResourceLoader : initialization complete.
2011-08-22 15:12:43,783 - ResourceCache : initialized. (class org.apache.velocity.runtime.resource.ResourceCacheImpl)
2011-08-22 15:12:43,783 - Default ResourceManager initialization complete.
2011-08-22 15:12:43,789 - Loaded System Directive: org.apache.velocity.runtime.directive.Literal
2011-08-22 15:12:43,791 - Loaded System Directive: org.apache.velocity.runtime.directive.Macro
2011-08-22 15:12:43,794 - Loaded System Directive: org.apache.velocity.runtime.directive.Parse
2011-08-22 15:12:43,796 - Loaded System Directive: org.apache.velocity.runtime.directive.Include
2011-08-22 15:12:43,797 - Loaded System Directive: org.apache.velocity.runtime.directive.Foreach
2011-08-22 15:12:43,829 - Created: 20 parsers.
2011-08-22 15:12:43,837 - Velocimacro : initialization starting.
2011-08-22 15:12:43,837 - Velocimacro : adding VMs from VM library template : VM_global_library.vm
2011-08-22 15:12:43,843 - ResourceManager : unable to find resource 'VM_global_library.vm' in any resource loader.
2011-08-22 15:12:43,843 - Velocimacro : error using  VM library template VM_global_library.vm : org.apache.velocity.exception.ResourceNotFoundException: Unable to find resource 'VM_global_library.vm'
2011-08-22 15:12:43,843 - Velocimacro :  VM library template macro registration complete.
2011-08-22 15:12:43,843 - Velocimacro : allowInline = true : VMs can be defined inline in templates
2011-08-22 15:12:43,843 - Velocimacro : allowInlineToOverride = false : VMs defined inline may NOT replace previous VM definitions
2011-08-22 15:12:43,843 - Velocimacro : allowInlineLocal = false : VMs defined inline will be  global in scope if allowed.
2011-08-22 15:12:43,844 - Velocimacro : messages on  : VM system will output logging messages
2011-08-22 15:12:43,844 - Velocimacro : autoload off  : VM system will not automatically reload global library macros
2011-08-22 15:12:43,844 - Velocimacro : initialization complete.
2011-08-22 15:12:43,844 - Velocity successfully started.
2011-10-14 17:02:39,242 - SimpleLog4JLogSystem initialized using logfile 'velocity.log'
2011-10-14 17:02:39,247 - ************************************************************** 
2011-10-14 17:02:39,247 - Starting Jakarta Velocity v1.4
2011-10-14 17:02:39,247 - RuntimeInstance initializing.
2011-10-14 17:02:39,248 - Default Properties File: org/apache/velocity/runtime/defaults/velocity.properties
2011-10-14 17:02:39,248 - Trying to use logger class org.apache.velocity.runtime.log.SimpleLog4JLogSystem
2011-10-14 17:02:39,248 - Using logger class org.apache.velocity.runtime.log.SimpleLog4JLogSystem
2011-10-14 17:02:39,250 - Default ResourceManager initializing. (class org.apache.velocity.runtime.resource.ResourceManagerImpl)
2011-10-14 17:02:39,253 - Resource Loader Instantiated: org.apache.velocity.runtime.resource.loader.ClasspathResourceLoader
2011-10-14 17:02:39,253 - ClasspathResourceLoader : initialization starting.
2011-10-14 17:02:39,253 - ClasspathResourceLoader : initialization complete.
2011-10-14 17:02:39,254 - ResourceCache : initialized. (class org.apache.velocity.runtime.resource.ResourceCacheImpl)
2011-10-14 17:02:39,254 - Default ResourceManager initialization complete.
2011-10-14 17:02:39,256 - Loaded System Directive: org.apache.velocity.runtime.directive.Literal
2011-10-14 17:02:39,257 - Loaded System Directive: org.apache.velocity.runtime.directive.Macro
2011-10-14 17:02:39,260 - Loaded System Directive: org.apache.velocity.runtime.directive.Parse
2011-10-14 17:02:39,261 - Loaded System Directive: org.apache.velocity.runtime.directive.Include
2011-10-14 17:02:39,262 - Loaded System Directive: org.apache.velocity.runtime.directive.Foreach
2011-10-14 17:02:39,290 - Created: 20 parsers.
2011-10-14 17:02:39,297 - Velocimacro : initialization starting.
2011-10-14 17:02:39,298 - Velocimacro : adding VMs from VM library template : VM_global_library.vm
2011-10-14 17:02:39,302 - ResourceManager : unable to find resource 'VM_global_library.vm' in any resource loader.
2011-10-14 17:02:39,302 - Velocimacro : error using  VM library template VM_global_library.vm : org.apache.velocity.exception.ResourceNotFoundException: Unable to find resource 'VM_global_library.vm'
2011-10-14 17:02:39,302 - Velocimacro :  VM library template macro registration complete.
2011-10-14 17:02:39,302 - Velocimacro : allowInline = true : VMs can be defined inline in templates
2011-10-14 17:02:39,302 - Velocimacro : allowInlineToOverride = false : VMs defined inline may NOT replace previous VM definitions
2011-10-14 17:02:39,302 - Velocimacro : allowInlineLocal = false : VMs defined inline will be  global in scope if allowed.
2011-10-14 17:02:39,302 - Velocimacro : messages on  : VM system will output logging messages
2011-10-14 17:02:39,303 - Velocimacro : autoload off  : VM system will not automatically reload global library macros
2011-10-14 17:02:39,303 - Velocimacro : initialization complete.
2011-10-14 17:02:39,303 - Velocity successfully started.
