2011-10-14 15:04:26,037 - SimpleLog4JLogSystem initialized using logfile 'velocity.log'
2011-10-14 15:04:26,037 - ************************************************************** 
2011-10-14 15:04:26,037 - Starting Jakarta Velocity v1.4
2011-10-14 15:04:26,037 - RuntimeInstance initializing.
2011-10-14 15:04:26,037 - Default Properties File: org/apache/velocity/runtime/defaults/velocity.properties
2011-10-14 15:04:26,037 - Trying to use logger class org.apache.velocity.runtime.log.SimpleLog4JLogSystem
2011-10-14 15:04:26,037 - Using logger class org.apache.velocity.runtime.log.SimpleLog4JLogSystem
2011-10-14 15:04:26,043 - Default ResourceManager initializing. (class org.apache.velocity.runtime.resource.ResourceManagerImpl)
2011-10-14 15:04:26,046 - Resource Loader Instantiated: org.apache.velocity.runtime.resource.loader.ClasspathResourceLoader
2011-10-14 15:04:26,046 - ClasspathResourceLoader : initialization starting.
2011-10-14 15:04:26,046 - ClasspathResourceLoader : initialization complete.
2011-10-14 15:04:26,047 - ResourceCache : initialized. (class org.apache.velocity.runtime.resource.ResourceCacheImpl)
2011-10-14 15:04:26,047 - Default ResourceManager initialization complete.
2011-10-14 15:04:26,049 - Loaded System Directive: org.apache.velocity.runtime.directive.Literal
2011-10-14 15:04:26,051 - Loaded System Directive: org.apache.velocity.runtime.directive.Macro
2011-10-14 15:04:26,053 - Loaded System Directive: org.apache.velocity.runtime.directive.Parse
2011-10-14 15:04:26,055 - Loaded System Directive: org.apache.velocity.runtime.directive.Include
2011-10-14 15:04:26,056 - Loaded System Directive: org.apache.velocity.runtime.directive.Foreach
2011-10-14 15:04:26,084 - Created: 20 parsers.
2011-10-14 15:04:26,092 - Velocimacro : initialization starting.
2011-10-14 15:04:26,092 - Velocimacro : adding VMs from VM library template : VM_global_library.vm
2011-10-14 15:04:26,097 - ResourceManager : unable to find resource 'VM_global_library.vm' in any resource loader.
2011-10-14 15:04:26,097 - Velocimacro : error using  VM library template VM_global_library.vm : org.apache.velocity.exception.ResourceNotFoundException: Unable to find resource 'VM_global_library.vm'
2011-10-14 15:04:26,097 - Velocimacro :  VM library template macro registration complete.
2011-10-14 15:04:26,097 - Velocimacro : allowInline = true : VMs can be defined inline in templates
2011-10-14 15:04:26,097 - Velocimacro : allowInlineToOverride = false : VMs defined inline may NOT replace previous VM definitions
2011-10-14 15:04:26,097 - Velocimacro : allowInlineLocal = false : VMs defined inline will be  global in scope if allowed.
2011-10-14 15:04:26,097 - Velocimacro : messages on  : VM system will output logging messages
2011-10-14 15:04:26,097 - Velocimacro : autoload off  : VM system will not automatically reload global library macros
2011-10-14 15:04:26,097 - Velocimacro : initialization complete.
2011-10-14 15:04:26,097 - Velocity successfully started.
2011-10-14 15:07:39,138 - SimpleLog4JLogSystem initialized using logfile 'velocity.log'
2011-10-14 15:07:39,139 - ************************************************************** 
2011-10-14 15:07:39,139 - Starting Jakarta Velocity v1.4
2011-10-14 15:07:39,139 - RuntimeInstance initializing.
2011-10-14 15:07:39,139 - Default Properties File: org/apache/velocity/runtime/defaults/velocity.properties
2011-10-14 15:07:39,139 - Trying to use logger class org.apache.velocity.runtime.log.SimpleLog4JLogSystem
2011-10-14 15:07:39,139 - Using logger class org.apache.velocity.runtime.log.SimpleLog4JLogSystem
2011-10-14 15:07:39,145 - Default ResourceManager initializing. (class org.apache.velocity.runtime.resource.ResourceManagerImpl)
2011-10-14 15:07:39,148 - Resource Loader Instantiated: org.apache.velocity.runtime.resource.loader.ClasspathResourceLoader
2011-10-14 15:07:39,148 - ClasspathResourceLoader : initialization starting.
2011-10-14 15:07:39,148 - ClasspathResourceLoader : initialization complete.
2011-10-14 15:07:39,149 - ResourceCache : initialized. (class org.apache.velocity.runtime.resource.ResourceCacheImpl)
2011-10-14 15:07:39,271 - Default ResourceManager initialization complete.
2011-10-14 15:07:39,274 - Loaded System Directive: org.apache.velocity.runtime.directive.Literal
2011-10-14 15:07:39,275 - Loaded System Directive: org.apache.velocity.runtime.directive.Macro
2011-10-14 15:07:39,278 - Loaded System Directive: org.apache.velocity.runtime.directive.Parse
2011-10-14 15:07:39,280 - Loaded System Directive: org.apache.velocity.runtime.directive.Include
2011-10-14 15:07:39,281 - Loaded System Directive: org.apache.velocity.runtime.directive.Foreach
2011-10-14 15:07:39,309 - Created: 20 parsers.
2011-10-14 15:07:39,316 - Velocimacro : initialization starting.
2011-10-14 15:07:39,316 - Velocimacro : adding VMs from VM library template : VM_global_library.vm
2011-10-14 15:07:39,494 - ResourceManager : unable to find resource 'VM_global_library.vm' in any resource loader.
2011-10-14 15:07:39,495 - Velocimacro : error using  VM library template VM_global_library.vm : org.apache.velocity.exception.ResourceNotFoundException: Unable to find resource 'VM_global_library.vm'
2011-10-14 15:07:39,495 - Velocimacro :  VM library template macro registration complete.
2011-10-14 15:07:39,495 - Velocimacro : allowInline = true : VMs can be defined inline in templates
2011-10-14 15:07:39,495 - Velocimacro : allowInlineToOverride = false : VMs defined inline may NOT replace previous VM definitions
2011-10-14 15:07:39,495 - Velocimacro : allowInlineLocal = false : VMs defined inline will be  global in scope if allowed.
2011-10-14 15:07:39,495 - Velocimacro : messages on  : VM system will output logging messages
2011-10-14 15:07:39,495 - Velocimacro : autoload off  : VM system will not automatically reload global library macros
2011-10-14 15:07:39,495 - Velocimacro : initialization complete.
2011-10-14 15:07:39,495 - Velocity successfully started.
