2011-08-05 13:10:48,575 - Default ResourceManager initialization complete.
2011-08-05 13:10:48,578 - Loaded System Directive: org.apache.velocity.runtime.directive.Literal
2011-08-05 13:10:48,580 - Loaded System Directive: org.apache.velocity.runtime.directive.Macro
2011-08-05 13:10:48,583 - Loaded System Directive: org.apache.velocity.runtime.directive.Parse
2011-08-05 13:10:48,585 - Loaded System Directive: org.apache.velocity.runtime.directive.Include
2011-08-05 13:10:48,586 - Loaded System Directive: org.apache.velocity.runtime.directive.Foreach
2011-08-05 13:10:48,620 - Created: 20 parsers.
2011-08-05 13:10:48,628 - Velocimacro : initialization starting.
2011-08-05 13:10:48,628 - Velocimacro : adding VMs from VM library template : VM_global_library.vm
2011-08-05 13:10:48,638 - ResourceManager : unable to find resource 'VM_global_library.vm' in any resource loader.
2011-08-05 13:10:48,638 - Velocimacro : error using  VM library template VM_global_library.vm : org.apache.velocity.exception.ResourceNotFoundException: Unable to find resource 'VM_global_library.vm'
2011-08-05 13:10:48,638 - Velocimacro :  VM library template macro registration complete.
2011-08-05 13:10:48,638 - Velocimacro : allowInline = true : VMs can be defined inline in templates
2011-08-05 13:10:48,638 - Velocimacro : allowInlineToOverride = false : VMs defined inline may NOT replace previous VM definitions
2011-08-05 13:10:48,638 - Velocimacro : allowInlineLocal = false : VMs defined inline will be  global in scope if allowed.
2011-08-05 13:10:48,638 - Velocimacro : messages on  : VM system will output logging messages
2011-08-05 13:10:48,639 - Velocimacro : autoload off  : VM system will not automatically reload global library macros
2011-08-05 13:10:48,639 - Velocimacro : initialization complete.
2011-08-05 13:10:48,639 - Velocity successfully started.
2011-08-05 13:12:08,611 - SimpleLog4JLogSystem initialized using logfile 'velocity.log'
2011-08-05 13:12:08,671 - ************************************************************** 
2011-08-05 13:12:08,671 - Starting Jakarta Velocity v1.4
2011-08-05 13:12:08,671 - RuntimeInstance initializing.
2011-08-05 13:12:08,671 - Default Properties File: org/apache/velocity/runtime/defaults/velocity.properties
2011-08-05 13:12:08,671 - Trying to use logger class org.apache.velocity.runtime.log.SimpleLog4JLogSystem
2011-08-05 13:12:08,671 - Using logger class org.apache.velocity.runtime.log.SimpleLog4JLogSystem
2011-08-05 13:12:08,677 - Default ResourceManager initializing. (class org.apache.velocity.runtime.resource.ResourceManagerImpl)
2011-08-05 13:12:08,707 - Resource Loader Instantiated: org.apache.velocity.runtime.resource.loader.ClasspathResourceLoader
2011-08-05 13:12:08,707 - ClasspathResourceLoader : initialization starting.
2011-08-05 13:12:08,707 - ClasspathResourceLoader : initialization complete.
2011-08-05 13:12:08,710 - ResourceCache : initialized. (class org.apache.velocity.runtime.resource.ResourceCacheImpl)
2011-08-05 13:12:08,710 - Default ResourceManager initialization complete.
2011-08-05 13:12:08,713 - Loaded System Directive: org.apache.velocity.runtime.directive.Literal
2011-08-05 13:12:08,716 - Loaded System Directive: org.apache.velocity.runtime.directive.Macro
2011-08-05 13:12:08,720 - Loaded System Directive: org.apache.velocity.runtime.directive.Parse
2011-08-05 13:12:08,722 - Loaded System Directive: org.apache.velocity.runtime.directive.Include
2011-08-05 13:12:08,727 - Loaded System Directive: org.apache.velocity.runtime.directive.Foreach
2011-08-05 13:12:08,760 - Created: 20 parsers.
2011-08-05 13:12:08,768 - Velocimacro : initialization starting.
2011-08-05 13:12:08,768 - Velocimacro : adding VMs from VM library template : VM_global_library.vm
2011-08-05 13:12:08,774 - ResourceManager : unable to find resource 'VM_global_library.vm' in any resource loader.
2011-08-05 13:12:08,774 - Velocimacro : error using  VM library template VM_global_library.vm : org.apache.velocity.exception.ResourceNotFoundException: Unable to find resource 'VM_global_library.vm'
2011-08-05 13:12:08,774 - Velocimacro :  VM library template macro registration complete.
2011-08-05 13:12:08,774 - Velocimacro : allowInline = true : VMs can be defined inline in templates
2011-08-05 13:12:08,774 - Velocimacro : allowInlineToOverride = false : VMs defined inline may NOT replace previous VM definitions
2011-08-05 13:12:08,774 - Velocimacro : allowInlineLocal = false : VMs defined inline will be  global in scope if allowed.
2011-08-05 13:12:08,774 - Velocimacro : messages on  : VM system will output logging messages
2011-08-05 13:12:08,774 - Velocimacro : autoload off  : VM system will not automatically reload global library macros
2011-08-05 13:12:08,774 - Velocimacro : initialization complete.
2011-08-05 13:12:08,775 - Velocity successfully started.
2011-08-05 13:15:17,578 - SimpleLog4JLogSystem initialized using logfile 'velocity.log'
2011-08-05 13:15:17,578 - ************************************************************** 
2011-08-05 13:15:17,578 - Starting Jakarta Velocity v1.4
2011-08-05 13:15:17,578 - RuntimeInstance initializing.
2011-08-05 13:15:17,578 - Default Properties File: org/apache/velocity/runtime/defaults/velocity.properties
2011-08-05 13:15:17,578 - Trying to use logger class org.apache.velocity.runtime.log.SimpleLog4JLogSystem
2011-08-05 13:15:17,578 - Using logger class org.apache.velocity.runtime.log.SimpleLog4JLogSystem
2011-08-05 13:15:17,582 - Default ResourceManager initializing. (class org.apache.velocity.runtime.resource.ResourceManagerImpl)
2011-08-05 13:15:17,589 - Resource Loader Instantiated: org.apache.velocity.runtime.resource.loader.ClasspathResourceLoader
2011-08-05 13:15:17,589 - ClasspathResourceLoader : initialization starting.
2011-08-05 13:15:17,589 - ClasspathResourceLoader : initialization complete.
2011-08-05 13:15:17,591 - ResourceCache : initialized. (class org.apache.velocity.runtime.resource.ResourceCacheImpl)
2011-08-05 13:15:17,591 - Default ResourceManager initialization complete.
2011-08-05 13:15:17,593 - Loaded System Directive: org.apache.velocity.runtime.directive.Literal
2011-08-05 13:15:17,595 - Loaded System Directive: org.apache.velocity.runtime.directive.Macro
2011-08-05 13:15:17,602 - Loaded System Directive: org.apache.velocity.runtime.directive.Parse
2011-08-05 13:15:17,604 - Loaded System Directive: org.apache.velocity.runtime.directive.Include
2011-08-05 13:15:17,605 - Loaded System Directive: org.apache.velocity.runtime.directive.Foreach
2011-08-05 13:15:17,636 - Created: 20 parsers.
2011-08-05 13:15:17,644 - Velocimacro : initialization starting.
2011-08-05 13:15:17,645 - Velocimacro : adding VMs from VM library template : VM_global_library.vm
2011-08-05 13:15:17,650 - ResourceManager : unable to find resource 'VM_global_library.vm' in any resource loader.
2011-08-05 13:15:17,651 - Velocimacro : error using  VM library template VM_global_library.vm : org.apache.velocity.exception.ResourceNotFoundException: Unable to find resource 'VM_global_library.vm'
2011-08-05 13:15:17,651 - Velocimacro :  VM library template macro registration complete.
2011-08-05 13:15:17,651 - Velocimacro : allowInline = true : VMs can be defined inline in templates
2011-08-05 13:15:17,651 - Velocimacro : allowInlineToOverride = false : VMs defined inline may NOT replace previous VM definitions
2011-08-05 13:15:17,651 - Velocimacro : allowInlineLocal = false : VMs defined inline will be  global in scope if allowed.
2011-08-05 13:15:17,651 - Velocimacro : messages on  : VM system will output logging messages
2011-08-05 13:15:17,651 - Velocimacro : autoload off  : VM system will not automatically reload global library macros
2011-08-05 13:15:17,651 - Velocimacro : initialization complete.
2011-08-05 13:15:17,651 - Velocity successfully started.
2011-08-05 13:16:03,102 - SimpleLog4JLogSystem initialized using logfile 'velocity.log'
2011-08-05 13:16:03,103 - ************************************************************** 
2011-08-05 13:16:03,103 - Starting Jakarta Velocity v1.4
2011-08-05 13:16:03,103 - RuntimeInstance initializing.
2011-08-05 13:16:03,103 - Default Properties File: org/apache/velocity/runtime/defaults/velocity.properties
2011-08-05 13:16:03,103 - Trying to use logger class org.apache.velocity.runtime.log.SimpleLog4JLogSystem
2011-08-05 13:16:03,103 - Using logger class org.apache.velocity.runtime.log.SimpleLog4JLogSystem
2011-08-05 13:16:03,106 - Default ResourceManager initializing. (class org.apache.velocity.runtime.resource.ResourceManagerImpl)
2011-08-05 13:16:03,109 - Resource Loader Instantiated: org.apache.velocity.runtime.resource.loader.ClasspathResourceLoader
2011-08-05 13:16:03,109 - ClasspathResourceLoader : initialization starting.
2011-08-05 13:16:03,110 - ClasspathResourceLoader : initialization complete.
2011-08-05 13:16:03,111 - ResourceCache : initialized. (class org.apache.velocity.runtime.resource.ResourceCacheImpl)
2011-08-05 13:16:03,111 - Default ResourceManager initialization complete.
2011-08-05 13:16:03,113 - Loaded System Directive: org.apache.velocity.runtime.directive.Literal
2011-08-05 13:16:03,115 - Loaded System Directive: org.apache.velocity.runtime.directive.Macro
2011-08-05 13:16:03,120 - Loaded System Directive: org.apache.velocity.runtime.directive.Parse
2011-08-05 13:16:03,122 - Loaded System Directive: org.apache.velocity.runtime.directive.Include
2011-08-05 13:16:03,124 - Loaded System Directive: org.apache.velocity.runtime.directive.Foreach
2011-08-05 13:16:03,156 - Created: 20 parsers.
2011-08-05 13:16:03,164 - Velocimacro : initialization starting.
2011-08-05 13:16:03,164 - Velocimacro : adding VMs from VM library template : VM_global_library.vm
2011-08-05 13:16:03,170 - ResourceManager : unable to find resource 'VM_global_library.vm' in any resource loader.
2011-08-05 13:16:03,170 - Velocimacro : error using  VM library template VM_global_library.vm : org.apache.velocity.exception.ResourceNotFoundException: Unable to find resource 'VM_global_library.vm'
2011-08-05 13:16:03,170 - Velocimacro :  VM library template macro registration complete.
2011-08-05 13:16:03,170 - Velocimacro : allowInline = true : VMs can be defined inline in templates
2011-08-05 13:16:03,170 - Velocimacro : allowInlineToOverride = false : VMs defined inline may NOT replace previous VM definitions
2011-08-05 13:16:03,170 - Velocimacro : allowInlineLocal = false : VMs defined inline will be  global in scope if allowed.
2011-08-05 13:16:03,170 - Velocimacro : messages on  : VM system will output logging messages
2011-08-05 13:16:03,170 - Velocimacro : autoload off  : VM system will not automatically reload global library macros
2011-08-05 13:16:03,170 - Velocimacro : initialization complete.
2011-08-05 13:16:03,170 - Velocity successfully started.
2011-08-05 13:17:27,110 - SimpleLog4JLogSystem initialized using logfile 'velocity.log'
2011-08-05 13:17:27,110 - ************************************************************** 
2011-08-05 13:17:27,110 - Starting Jakarta Velocity v1.4
2011-08-05 13:17:27,110 - RuntimeInstance initializing.
2011-08-05 13:17:27,110 - Default Properties File: org/apache/velocity/runtime/defaults/velocity.properties
2011-08-05 13:17:27,110 - Trying to use logger class org.apache.velocity.runtime.log.SimpleLog4JLogSystem
2011-08-05 13:17:27,110 - Using logger class org.apache.velocity.runtime.log.SimpleLog4JLogSystem
2011-08-05 13:17:27,114 - Default ResourceManager initializing. (class org.apache.velocity.runtime.resource.ResourceManagerImpl)
2011-08-05 13:17:27,121 - Resource Loader Instantiated: org.apache.velocity.runtime.resource.loader.ClasspathResourceLoader
2011-08-05 13:17:27,121 - ClasspathResourceLoader : initialization starting.
2011-08-05 13:17:27,121 - ClasspathResourceLoader : initialization complete.
2011-08-05 13:17:27,123 - ResourceCache : initialized. (class org.apache.velocity.runtime.resource.ResourceCacheImpl)
2011-08-05 13:17:27,123 - Default ResourceManager initialization complete.
2011-08-05 13:17:27,125 - Loaded System Directive: org.apache.velocity.runtime.directive.Literal
2011-08-05 13:17:27,129 - Loaded System Directive: org.apache.velocity.runtime.directive.Macro
2011-08-05 13:17:27,132 - Loaded System Directive: org.apache.velocity.runtime.directive.Parse
2011-08-05 13:17:27,134 - Loaded System Directive: org.apache.velocity.runtime.directive.Include
2011-08-05 13:17:27,135 - Loaded System Directive: org.apache.velocity.runtime.directive.Foreach
2011-08-05 13:17:27,168 - Created: 20 parsers.
2011-08-05 13:17:27,176 - Velocimacro : initialization starting.
2011-08-05 13:17:27,176 - Velocimacro : adding VMs from VM library template : VM_global_library.vm
2011-08-05 13:17:27,182 - ResourceManager : unable to find resource 'VM_global_library.vm' in any resource loader.
2011-08-05 13:17:27,182 - Velocimacro : error using  VM library template VM_global_library.vm : org.apache.velocity.exception.ResourceNotFoundException: Unable to find resource 'VM_global_library.vm'
2011-08-05 13:17:27,182 - Velocimacro :  VM library template macro registration complete.
2011-08-05 13:17:27,182 - Velocimacro : allowInline = true : VMs can be defined inline in templates
2011-08-05 13:17:27,182 - Velocimacro : allowInlineToOverride = false : VMs defined inline may NOT replace previous VM definitions
2011-08-05 13:17:27,182 - Velocimacro : allowInlineLocal = false : VMs defined inline will be  global in scope if allowed.
2011-08-05 13:17:27,182 - Velocimacro : messages on  : VM system will output logging messages
2011-08-05 13:17:27,182 - Velocimacro : autoload off  : VM system will not automatically reload global library macros
2011-08-05 13:17:27,182 - Velocimacro : initialization complete.
2011-08-05 13:17:27,182 - Velocity successfully started.
2011-08-05 13:21:21,928 - SimpleLog4JLogSystem initialized using logfile 'velocity.log'
2011-08-05 13:21:21,959 - ************************************************************** 
2011-08-05 13:21:21,959 - Starting Jakarta Velocity v1.4
2011-08-05 13:21:21,959 - RuntimeInstance initializing.
2011-08-05 13:21:21,959 - Default Properties File: org/apache/velocity/runtime/defaults/velocity.properties
2011-08-05 13:21:21,959 - Trying to use logger class org.apache.velocity.runtime.log.SimpleLog4JLogSystem
2011-08-05 13:21:21,959 - Using logger class org.apache.velocity.runtime.log.SimpleLog4JLogSystem
2011-08-05 13:21:21,965 - Default ResourceManager initializing. (class org.apache.velocity.runtime.resource.ResourceManagerImpl)
2011-08-05 13:21:21,973 - Resource Loader Instantiated: org.apache.velocity.runtime.resource.loader.ClasspathResourceLoader
2011-08-05 13:21:21,973 - ClasspathResourceLoader : initialization starting.
2011-08-05 13:21:21,973 - ClasspathResourceLoader : initialization complete.
2011-08-05 13:21:21,975 - ResourceCache : initialized. (class org.apache.velocity.runtime.resource.ResourceCacheImpl)
2011-08-05 13:21:21,975 - Default ResourceManager initialization complete.
2011-08-05 13:21:21,977 - Loaded System Directive: org.apache.velocity.runtime.directive.Literal
2011-08-05 13:21:21,979 - Loaded System Directive: org.apache.velocity.runtime.directive.Macro
2011-08-05 13:21:21,982 - Loaded System Directive: org.apache.velocity.runtime.directive.Parse
2011-08-05 13:21:21,983 - Loaded System Directive: org.apache.velocity.runtime.directive.Include
2011-08-05 13:21:21,984 - Loaded System Directive: org.apache.velocity.runtime.directive.Foreach
2011-08-05 13:21:22,016 - Created: 20 parsers.
2011-08-05 13:21:22,024 - Velocimacro : initialization starting.
2011-08-05 13:21:22,024 - Velocimacro : adding VMs from VM library template : VM_global_library.vm
2011-08-05 13:21:22,030 - ResourceManager : unable to find resource 'VM_global_library.vm' in any resource loader.
2011-08-05 13:21:22,030 - Velocimacro : error using  VM library template VM_global_library.vm : org.apache.velocity.exception.ResourceNotFoundException: Unable to find resource 'VM_global_library.vm'
2011-08-05 13:21:22,031 - Velocimacro :  VM library template macro registration complete.
2011-08-05 13:21:22,031 - Velocimacro : allowInline = true : VMs can be defined inline in templates
2011-08-05 13:21:22,031 - Velocimacro : allowInlineToOverride = false : VMs defined inline may NOT replace previous VM definitions
2011-08-05 13:21:22,031 - Velocimacro : allowInlineLocal = false : VMs defined inline will be  global in scope if allowed.
2011-08-05 13:21:22,031 - Velocimacro : messages on  : VM system will output logging messages
2011-08-05 13:21:22,031 - Velocimacro : autoload off  : VM system will not automatically reload global library macros
2011-08-05 13:21:22,031 - Velocimacro : initialization complete.
2011-08-05 13:21:22,031 - Velocity successfully started.
2011-08-05 13:23:19,630 - SimpleLog4JLogSystem initialized using logfile 'velocity.log'
2011-08-05 13:23:19,646 - ************************************************************** 
2011-08-05 13:23:19,646 - Starting Jakarta Velocity v1.4
2011-08-05 13:23:19,646 - RuntimeInstance initializing.
2011-08-05 13:23:19,646 - Default Properties File: org/apache/velocity/runtime/defaults/velocity.properties
2011-08-05 13:23:19,646 - Trying to use logger class org.apache.velocity.runtime.log.SimpleLog4JLogSystem
2011-08-05 13:23:19,646 - Using logger class org.apache.velocity.runtime.log.SimpleLog4JLogSystem
2011-08-05 13:23:19,650 - Default ResourceManager initializing. (class org.apache.velocity.runtime.resource.ResourceManagerImpl)
2011-08-05 13:23:19,652 - Resource Loader Instantiated: org.apache.velocity.runtime.resource.loader.ClasspathResourceLoader
2011-08-05 13:23:19,652 - ClasspathResourceLoader : initialization starting.
2011-08-05 13:23:19,652 - ClasspathResourceLoader : initialization complete.
2011-08-05 13:23:19,654 - ResourceCache : initialized. (class org.apache.velocity.runtime.resource.ResourceCacheImpl)
2011-08-05 13:23:19,654 - Default ResourceManager initialization complete.
2011-08-05 13:23:19,656 - Loaded System Directive: org.apache.velocity.runtime.directive.Literal
2011-08-05 13:23:19,658 - Loaded System Directive: org.apache.velocity.runtime.directive.Macro
2011-08-05 13:23:19,661 - Loaded System Directive: org.apache.velocity.runtime.directive.Parse
2011-08-05 13:23:19,663 - Loaded System Directive: org.apache.velocity.runtime.directive.Include
2011-08-05 13:23:19,664 - Loaded System Directive: org.apache.velocity.runtime.directive.Foreach
2011-08-05 13:23:19,704 - Created: 20 parsers.
2011-08-05 13:23:19,714 - Velocimacro : initialization starting.
2011-08-05 13:23:19,714 - Velocimacro : adding VMs from VM library template : VM_global_library.vm
2011-08-05 13:23:19,719 - ResourceManager : unable to find resource 'VM_global_library.vm' in any resource loader.
2011-08-05 13:23:19,719 - Velocimacro : error using  VM library template VM_global_library.vm : org.apache.velocity.exception.ResourceNotFoundException: Unable to find resource 'VM_global_library.vm'
2011-08-05 13:23:19,720 - Velocimacro :  VM library template macro registration complete.
2011-08-05 13:23:19,720 - Velocimacro : allowInline = true : VMs can be defined inline in templates
2011-08-05 13:23:19,720 - Velocimacro : allowInlineToOverride = false : VMs defined inline may NOT replace previous VM definitions
2011-08-05 13:23:19,720 - Velocimacro : allowInlineLocal = false : VMs defined inline will be  global in scope if allowed.
2011-08-05 13:23:19,720 - Velocimacro : messages on  : VM system will output logging messages
2011-08-05 13:23:19,720 - Velocimacro : autoload off  : VM system will not automatically reload global library macros
2011-08-05 13:23:19,720 - Velocimacro : initialization complete.
2011-08-05 13:23:19,720 - Velocity successfully started.
2011-08-05 13:24:50,435 - SimpleLog4JLogSystem initialized using logfile 'velocity.log'
2011-08-05 13:24:50,464 - ************************************************************** 
2011-08-05 13:24:50,464 - Starting Jakarta Velocity v1.4
2011-08-05 13:24:50,464 - RuntimeInstance initializing.
2011-08-05 13:24:50,465 - Default Properties File: org/apache/velocity/runtime/defaults/velocity.properties
2011-08-05 13:24:50,465 - Trying to use logger class org.apache.velocity.runtime.log.SimpleLog4JLogSystem
2011-08-05 13:24:50,465 - Using logger class org.apache.velocity.runtime.log.SimpleLog4JLogSystem
2011-08-05 13:24:50,471 - Default ResourceManager initializing. (class org.apache.velocity.runtime.resource.ResourceManagerImpl)
2011-08-05 13:24:50,476 - Resource Loader Instantiated: org.apache.velocity.runtime.resource.loader.ClasspathResourceLoader
2011-08-05 13:24:50,476 - ClasspathResourceLoader : initialization starting.
2011-08-05 13:24:50,476 - ClasspathResourceLoader : initialization complete.
2011-08-05 13:24:50,479 - ResourceCache : initialized. (class org.apache.velocity.runtime.resource.ResourceCacheImpl)
2011-08-05 13:24:50,479 - Default ResourceManager initialization complete.
2011-08-05 13:24:50,481 - Loaded System Directive: org.apache.velocity.runtime.directive.Literal
2011-08-05 13:24:50,485 - Loaded System Directive: org.apache.velocity.runtime.directive.Macro
2011-08-05 13:24:50,488 - Loaded System Directive: org.apache.velocity.runtime.directive.Parse
2011-08-05 13:24:50,490 - Loaded System Directive: org.apache.velocity.runtime.directive.Include
2011-08-05 13:24:50,491 - Loaded System Directive: org.apache.velocity.runtime.directive.Foreach
2011-08-05 13:24:50,523 - Created: 20 parsers.
2011-08-05 13:24:50,531 - Velocimacro : initialization starting.
2011-08-05 13:24:50,531 - Velocimacro : adding VMs from VM library template : VM_global_library.vm
2011-08-05 13:24:50,537 - ResourceManager : unable to find resource 'VM_global_library.vm' in any resource loader.
2011-08-05 13:24:50,537 - Velocimacro : error using  VM library template VM_global_library.vm : org.apache.velocity.exception.ResourceNotFoundException: Unable to find resource 'VM_global_library.vm'
2011-08-05 13:24:50,537 - Velocimacro :  VM library template macro registration complete.
2011-08-05 13:24:50,537 - Velocimacro : allowInline = true : VMs can be defined inline in templates
2011-08-05 13:24:50,537 - Velocimacro : allowInlineToOverride = false : VMs defined inline may NOT replace previous VM definitions
2011-08-05 13:24:50,537 - Velocimacro : allowInlineLocal = false : VMs defined inline will be  global in scope if allowed.
2011-08-05 13:24:50,537 - Velocimacro : messages on  : VM system will output logging messages
2011-08-05 13:24:50,537 - Velocimacro : autoload off  : VM system will not automatically reload global library macros
2011-08-05 13:24:50,537 - Velocimacro : initialization complete.
2011-08-05 13:24:50,537 - Velocity successfully started.
2011-08-05 13:25:07,113 - SimpleLog4JLogSystem initialized using logfile 'velocity.log'
2011-08-05 13:25:07,113 - ************************************************************** 
2011-08-05 13:25:07,113 - Starting Jakarta Velocity v1.4
2011-08-05 13:25:07,113 - RuntimeInstance initializing.
2011-08-05 13:25:07,113 - Default Properties File: org/apache/velocity/runtime/defaults/velocity.properties
2011-08-05 13:25:07,113 - Trying to use logger class org.apache.velocity.runtime.log.SimpleLog4JLogSystem
2011-08-05 13:25:07,113 - Using logger class org.apache.velocity.runtime.log.SimpleLog4JLogSystem
2011-08-05 13:25:07,119 - Default ResourceManager initializing. (class org.apache.velocity.runtime.resource.ResourceManagerImpl)
2011-08-05 13:25:07,122 - Resource Loader Instantiated: org.apache.velocity.runtime.resource.loader.ClasspathResourceLoader
2011-08-05 13:25:07,122 - ClasspathResourceLoader : initialization starting.
2011-08-05 13:25:07,122 - ClasspathResourceLoader : initialization complete.
2011-08-05 13:25:07,124 - ResourceCache : initialized. (class org.apache.velocity.runtime.resource.ResourceCacheImpl)
2011-08-05 13:25:07,124 - Default ResourceManager initialization complete.
2011-08-05 13:25:07,128 - Loaded System Directive: org.apache.velocity.runtime.directive.Literal
2011-08-05 13:25:07,130 - Loaded System Directive: org.apache.velocity.runtime.directive.Macro
2011-08-05 13:25:07,133 - Loaded System Directive: org.apache.velocity.runtime.directive.Parse
2011-08-05 13:25:07,135 - Loaded System Directive: org.apache.velocity.runtime.directive.Include
2011-08-05 13:25:07,136 - Loaded System Directive: org.apache.velocity.runtime.directive.Foreach
2011-08-05 13:25:07,168 - Created: 20 parsers.
2011-08-05 13:25:07,176 - Velocimacro : initialization starting.
2011-08-05 13:25:07,176 - Velocimacro : adding VMs from VM library template : VM_global_library.vm
2011-08-05 13:25:07,182 - ResourceManager : unable to find resource 'VM_global_library.vm' in any resource loader.
2011-08-05 13:25:07,182 - Velocimacro : error using  VM library template VM_global_library.vm : org.apache.velocity.exception.ResourceNotFoundException: Unable to find resource 'VM_global_library.vm'
2011-08-05 13:25:07,182 - Velocimacro :  VM library template macro registration complete.
2011-08-05 13:25:07,182 - Velocimacro : allowInline = true : VMs can be defined inline in templates
2011-08-05 13:25:07,183 - Velocimacro : allowInlineToOverride = false : VMs defined inline may NOT replace previous VM definitions
2011-08-05 13:25:07,183 - Velocimacro : allowInlineLocal = false : VMs defined inline will be  global in scope if allowed.
2011-08-05 13:25:07,183 - Velocimacro : messages on  : VM system will output logging messages
2011-08-05 13:25:07,183 - Velocimacro : autoload off  : VM system will not automatically reload global library macros
2011-08-05 13:25:07,183 - Velocimacro : initialization complete.
2011-08-05 13:25:07,183 - Velocity successfully started.
2011-08-05 13:27:10,494 - SimpleLog4JLogSystem initialized using logfile 'velocity.log'
2011-08-05 13:27:10,494 - ************************************************************** 
2011-08-05 13:27:10,494 - Starting Jakarta Velocity v1.4
2011-08-05 13:27:10,494 - RuntimeInstance initializing.
2011-08-05 13:27:10,494 - Default Properties File: org/apache/velocity/runtime/defaults/velocity.properties
2011-08-05 13:27:10,494 - Trying to use logger class org.apache.velocity.runtime.log.SimpleLog4JLogSystem
2011-08-05 13:27:10,494 - Using logger class org.apache.velocity.runtime.log.SimpleLog4JLogSystem
2011-08-05 13:27:10,498 - Default ResourceManager initializing. (class org.apache.velocity.runtime.resource.ResourceManagerImpl)
2011-08-05 13:27:10,501 - Resource Loader Instantiated: org.apache.velocity.runtime.resource.loader.ClasspathResourceLoader
2011-08-05 13:27:10,501 - ClasspathResourceLoader : initialization starting.
2011-08-05 13:27:10,501 - ClasspathResourceLoader : initialization complete.
2011-08-05 13:27:10,503 - ResourceCache : initialized. (class org.apache.velocity.runtime.resource.ResourceCacheImpl)
2011-08-05 13:27:10,503 - Default ResourceManager initialization complete.
2011-08-05 13:27:10,505 - Loaded System Directive: org.apache.velocity.runtime.directive.Literal
2011-08-05 13:27:10,510 - Loaded System Directive: org.apache.velocity.runtime.directive.Macro
2011-08-05 13:27:10,512 - Loaded System Directive: org.apache.velocity.runtime.directive.Parse
2011-08-05 13:27:10,514 - Loaded System Directive: org.apache.velocity.runtime.directive.Include
2011-08-05 13:27:10,515 - Loaded System Directive: org.apache.velocity.runtime.directive.Foreach
2011-08-05 13:27:10,548 - Created: 20 parsers.
2011-08-05 13:27:10,556 - Velocimacro : initialization starting.
2011-08-05 13:27:10,557 - Velocimacro : adding VMs from VM library template : VM_global_library.vm
2011-08-05 13:27:10,562 - ResourceManager : unable to find resource 'VM_global_library.vm' in any resource loader.
2011-08-05 13:27:10,563 - Velocimacro : error using  VM library template VM_global_library.vm : org.apache.velocity.exception.ResourceNotFoundException: Unable to find resource 'VM_global_library.vm'
2011-08-05 13:27:10,563 - Velocimacro :  VM library template macro registration complete.
2011-08-05 13:27:10,563 - Velocimacro : allowInline = true : VMs can be defined inline in templates
2011-08-05 13:27:10,563 - Velocimacro : allowInlineToOverride = false : VMs defined inline may NOT replace previous VM definitions
2011-08-05 13:27:10,563 - Velocimacro : allowInlineLocal = false : VMs defined inline will be  global in scope if allowed.
2011-08-05 13:27:10,563 - Velocimacro : messages on  : VM system will output logging messages
2011-08-05 13:27:10,563 - Velocimacro : autoload off  : VM system will not automatically reload global library macros
2011-08-05 13:27:10,563 - Velocimacro : initialization complete.
2011-08-05 13:27:10,563 - Velocity successfully started.
2011-08-05 13:38:28,187 - SimpleLog4JLogSystem initialized using logfile 'velocity.log'
2011-08-05 13:38:28,188 - ************************************************************** 
2011-08-05 13:38:28,188 - Starting Jakarta Velocity v1.4
2011-08-05 13:38:28,188 - RuntimeInstance initializing.
2011-08-05 13:38:28,188 - Default Properties File: org/apache/velocity/runtime/defaults/velocity.properties
2011-08-05 13:38:28,188 - Trying to use logger class org.apache.velocity.runtime.log.SimpleLog4JLogSystem
2011-08-05 13:38:28,188 - Using logger class org.apache.velocity.runtime.log.SimpleLog4JLogSystem
2011-08-05 13:38:28,192 - Default ResourceManager initializing. (class org.apache.velocity.runtime.resource.ResourceManagerImpl)
2011-08-05 13:38:28,195 - Resource Loader Instantiated: org.apache.velocity.runtime.resource.loader.ClasspathResourceLoader
2011-08-05 13:38:28,195 - ClasspathResourceLoader : initialization starting.
2011-08-05 13:38:28,195 - ClasspathResourceLoader : initialization complete.
2011-08-05 13:38:28,197 - ResourceCache : initialized. (class org.apache.velocity.runtime.resource.ResourceCacheImpl)
2011-08-05 13:38:28,197 - Default ResourceManager initialization complete.
2011-08-05 13:38:28,201 - Loaded System Directive: org.apache.velocity.runtime.directive.Literal
2011-08-05 13:38:28,203 - Loaded System Directive: org.apache.velocity.runtime.directive.Macro
2011-08-05 13:38:28,206 - Loaded System Directive: org.apache.velocity.runtime.directive.Parse
2011-08-05 13:38:28,208 - Loaded System Directive: org.apache.velocity.runtime.directive.Include
2011-08-05 13:38:28,209 - Loaded System Directive: org.apache.velocity.runtime.directive.Foreach
2011-08-05 13:38:28,241 - Created: 20 parsers.
2011-08-05 13:38:28,249 - Velocimacro : initialization starting.
2011-08-05 13:38:28,249 - Velocimacro : adding VMs from VM library template : VM_global_library.vm
2011-08-05 13:38:28,255 - ResourceManager : unable to find resource 'VM_global_library.vm' in any resource loader.
2011-08-05 13:38:28,255 - Velocimacro : error using  VM library template VM_global_library.vm : org.apache.velocity.exception.ResourceNotFoundException: Unable to find resource 'VM_global_library.vm'
2011-08-05 13:38:28,255 - Velocimacro :  VM library template macro registration complete.
2011-08-05 13:38:28,256 - Velocimacro : allowInline = true : VMs can be defined inline in templates
2011-08-05 13:38:28,256 - Velocimacro : allowInlineToOverride = false : VMs defined inline may NOT replace previous VM definitions
2011-08-05 13:38:28,256 - Velocimacro : allowInlineLocal = false : VMs defined inline will be  global in scope if allowed.
2011-08-05 13:38:28,256 - Velocimacro : messages on  : VM system will output logging messages
2011-08-05 13:38:28,256 - Velocimacro : autoload off  : VM system will not automatically reload global library macros
2011-08-05 13:38:28,256 - Velocimacro : initialization complete.
2011-08-05 13:38:28,256 - Velocity successfully started.
2011-08-05 13:41:06,710 - SimpleLog4JLogSystem initialized using logfile 'velocity.log'
2011-08-05 13:41:06,710 - ************************************************************** 
2011-08-05 13:41:06,710 - Starting Jakarta Velocity v1.4
2011-08-05 13:41:06,710 - RuntimeInstance initializing.
2011-08-05 13:41:06,710 - Default Properties File: org/apache/velocity/runtime/defaults/velocity.properties
2011-08-05 13:41:06,710 - Trying to use logger class org.apache.velocity.runtime.log.SimpleLog4JLogSystem
2011-08-05 13:41:06,710 - Using logger class org.apache.velocity.runtime.log.SimpleLog4JLogSystem
2011-08-05 13:41:06,714 - Default ResourceManager initializing. (class org.apache.velocity.runtime.resource.ResourceManagerImpl)
2011-08-05 13:41:06,718 - Resource Loader Instantiated: org.apache.velocity.runtime.resource.loader.ClasspathResourceLoader
2011-08-05 13:41:06,718 - ClasspathResourceLoader : initialization starting.
2011-08-05 13:41:06,718 - ClasspathResourceLoader : initialization complete.
2011-08-05 13:41:06,720 - ResourceCache : initialized. (class org.apache.velocity.runtime.resource.ResourceCacheImpl)
2011-08-05 13:41:06,720 - Default ResourceManager initialization complete.
2011-08-05 13:41:06,759 - Loaded System Directive: org.apache.velocity.runtime.directive.Literal
2011-08-05 13:41:06,762 - Loaded System Directive: org.apache.velocity.runtime.directive.Macro
2011-08-05 13:41:06,765 - Loaded System Directive: org.apache.velocity.runtime.directive.Parse
2011-08-05 13:41:06,767 - Loaded System Directive: org.apache.velocity.runtime.directive.Include
2011-08-05 13:41:06,768 - Loaded System Directive: org.apache.velocity.runtime.directive.Foreach
2011-08-05 13:41:06,800 - Created: 20 parsers.
2011-08-05 13:41:06,808 - Velocimacro : initialization starting.
2011-08-05 13:41:06,809 - Velocimacro : adding VMs from VM library template : VM_global_library.vm
2011-08-05 13:41:06,814 - ResourceManager : unable to find resource 'VM_global_library.vm' in any resource loader.
2011-08-05 13:41:06,815 - Velocimacro : error using  VM library template VM_global_library.vm : org.apache.velocity.exception.ResourceNotFoundException: Unable to find resource 'VM_global_library.vm'
2011-08-05 13:41:06,815 - Velocimacro :  VM library template macro registration complete.
2011-08-05 13:41:06,815 - Velocimacro : allowInline = true : VMs can be defined inline in templates
2011-08-05 13:41:06,815 - Velocimacro : allowInlineToOverride = false : VMs defined inline may NOT replace previous VM definitions
2011-08-05 13:41:06,815 - Velocimacro : allowInlineLocal = false : VMs defined inline will be  global in scope if allowed.
2011-08-05 13:41:06,815 - Velocimacro : messages on  : VM system will output logging messages
2011-08-05 13:41:06,815 - Velocimacro : autoload off  : VM system will not automatically reload global library macros
2011-08-05 13:41:06,815 - Velocimacro : initialization complete.
2011-08-05 13:41:06,815 - Velocity successfully started.
2011-08-05 13:42:00,771 - SimpleLog4JLogSystem initialized using logfile 'velocity.log'
2011-08-05 13:42:00,772 - ************************************************************** 
2011-08-05 13:42:00,772 - Starting Jakarta Velocity v1.4
2011-08-05 13:42:00,772 - RuntimeInstance initializing.
2011-08-05 13:42:00,772 - Default Properties File: org/apache/velocity/runtime/defaults/velocity.properties
2011-08-05 13:42:00,772 - Trying to use logger class org.apache.velocity.runtime.log.SimpleLog4JLogSystem
2011-08-05 13:42:00,772 - Using logger class org.apache.velocity.runtime.log.SimpleLog4JLogSystem
2011-08-05 13:42:00,775 - Default ResourceManager initializing. (class org.apache.velocity.runtime.resource.ResourceManagerImpl)
2011-08-05 13:42:00,778 - Resource Loader Instantiated: org.apache.velocity.runtime.resource.loader.ClasspathResourceLoader
2011-08-05 13:42:00,778 - ClasspathResourceLoader : initialization starting.
2011-08-05 13:42:00,779 - ClasspathResourceLoader : initialization complete.
2011-08-05 13:42:00,780 - ResourceCache : initialized. (class org.apache.velocity.runtime.resource.ResourceCacheImpl)
2011-08-05 13:42:00,780 - Default ResourceManager initialization complete.
2011-08-05 13:42:00,782 - Loaded System Directive: org.apache.velocity.runtime.directive.Literal
2011-08-05 13:42:00,788 - Loaded System Directive: org.apache.velocity.runtime.directive.Macro
2011-08-05 13:42:00,791 - Loaded System Directive: org.apache.velocity.runtime.directive.Parse
2011-08-05 13:42:00,793 - Loaded System Directive: org.apache.velocity.runtime.directive.Include
2011-08-05 13:42:00,794 - Loaded System Directive: org.apache.velocity.runtime.directive.Foreach
2011-08-05 13:42:00,826 - Created: 20 parsers.
2011-08-05 13:42:00,834 - Velocimacro : initialization starting.
2011-08-05 13:42:00,834 - Velocimacro : adding VMs from VM library template : VM_global_library.vm
2011-08-05 13:42:00,840 - ResourceManager : unable to find resource 'VM_global_library.vm' in any resource loader.
2011-08-05 13:42:00,840 - Velocimacro : error using  VM library template VM_global_library.vm : org.apache.velocity.exception.ResourceNotFoundException: Unable to find resource 'VM_global_library.vm'
2011-08-05 13:42:00,840 - Velocimacro :  VM library template macro registration complete.
2011-08-05 13:42:00,840 - Velocimacro : allowInline = true : VMs can be defined inline in templates
2011-08-05 13:42:00,840 - Velocimacro : allowInlineToOverride = false : VMs defined inline may NOT replace previous VM definitions
2011-08-05 13:42:00,840 - Velocimacro : allowInlineLocal = false : VMs defined inline will be  global in scope if allowed.
2011-08-05 13:42:00,840 - Velocimacro : messages on  : VM system will output logging messages
2011-08-05 13:42:00,840 - Velocimacro : autoload off  : VM system will not automatically reload global library macros
2011-08-05 13:42:00,840 - Velocimacro : initialization complete.
2011-08-05 13:42:00,840 - Velocity successfully started.
2011-08-05 13:42:25,368 - SimpleLog4JLogSystem initialized using logfile 'velocity.log'
2011-08-05 13:42:25,369 - ************************************************************** 
2011-08-05 13:42:25,369 - Starting Jakarta Velocity v1.4
2011-08-05 13:42:25,369 - RuntimeInstance initializing.
2011-08-05 13:42:25,369 - Default Properties File: org/apache/velocity/runtime/defaults/velocity.properties
2011-08-05 13:42:25,369 - Trying to use logger class org.apache.velocity.runtime.log.SimpleLog4JLogSystem
2011-08-05 13:42:25,369 - Using logger class org.apache.velocity.runtime.log.SimpleLog4JLogSystem
2011-08-05 13:42:25,373 - Default ResourceManager initializing. (class org.apache.velocity.runtime.resource.ResourceManagerImpl)
2011-08-05 13:42:25,379 - Resource Loader Instantiated: org.apache.velocity.runtime.resource.loader.ClasspathResourceLoader
2011-08-05 13:42:25,379 - ClasspathResourceLoader : initialization starting.
2011-08-05 13:42:25,379 - ClasspathResourceLoader : initialization complete.
2011-08-05 13:42:25,381 - ResourceCache : initialized. (class org.apache.velocity.runtime.resource.ResourceCacheImpl)
2011-08-05 13:42:25,381 - Default ResourceManager initialization complete.
2011-08-05 13:42:25,385 - Loaded System Directive: org.apache.velocity.runtime.directive.Literal
2011-08-05 13:42:25,388 - Loaded System Directive: org.apache.velocity.runtime.directive.Macro
2011-08-05 13:42:25,391 - Loaded System Directive: org.apache.velocity.runtime.directive.Parse
2011-08-05 13:42:25,393 - Loaded System Directive: org.apache.velocity.runtime.directive.Include
2011-08-05 13:42:25,394 - Loaded System Directive: org.apache.velocity.runtime.directive.Foreach
2011-08-05 13:42:25,427 - Created: 20 parsers.
2011-08-05 13:42:25,435 - Velocimacro : initialization starting.
2011-08-05 13:42:25,435 - Velocimacro : adding VMs from VM library template : VM_global_library.vm
2011-08-05 13:42:25,441 - ResourceManager : unable to find resource 'VM_global_library.vm' in any resource loader.
2011-08-05 13:42:25,441 - Velocimacro : error using  VM library template VM_global_library.vm : org.apache.velocity.exception.ResourceNotFoundException: Unable to find resource 'VM_global_library.vm'
2011-08-05 13:42:25,441 - Velocimacro :  VM library template macro registration complete.
2011-08-05 13:42:25,441 - Velocimacro : allowInline = true : VMs can be defined inline in templates
2011-08-05 13:42:25,441 - Velocimacro : allowInlineToOverride = false : VMs defined inline may NOT replace previous VM definitions
2011-08-05 13:42:25,441 - Velocimacro : allowInlineLocal = false : VMs defined inline will be  global in scope if allowed.
2011-08-05 13:42:25,442 - Velocimacro : messages on  : VM system will output logging messages
2011-08-05 13:42:25,442 - Velocimacro : autoload off  : VM system will not automatically reload global library macros
2011-08-05 13:42:25,442 - Velocimacro : initialization complete.
2011-08-05 13:42:25,442 - Velocity successfully started.
2011-08-05 13:44:09,052 - SimpleLog4JLogSystem initialized using logfile 'velocity.log'
2011-08-05 13:44:09,052 - ************************************************************** 
2011-08-05 13:44:09,052 - Starting Jakarta Velocity v1.4
2011-08-05 13:44:09,052 - RuntimeInstance initializing.
2011-08-05 13:44:09,052 - Default Properties File: org/apache/velocity/runtime/defaults/velocity.properties
2011-08-05 13:44:09,052 - Trying to use logger class org.apache.velocity.runtime.log.SimpleLog4JLogSystem
2011-08-05 13:44:09,052 - Using logger class org.apache.velocity.runtime.log.SimpleLog4JLogSystem
2011-08-05 13:44:09,056 - Default ResourceManager initializing. (class org.apache.velocity.runtime.resource.ResourceManagerImpl)
2011-08-05 13:44:09,059 - Resource Loader Instantiated: org.apache.velocity.runtime.resource.loader.ClasspathResourceLoader
2011-08-05 13:44:09,059 - ClasspathResourceLoader : initialization starting.
2011-08-05 13:44:09,059 - ClasspathResourceLoader : initialization complete.
2011-08-05 13:44:09,061 - ResourceCache : initialized. (class org.apache.velocity.runtime.resource.ResourceCacheImpl)
2011-08-05 13:44:09,062 - Default ResourceManager initialization complete.
2011-08-05 13:44:09,066 - Loaded System Directive: org.apache.velocity.runtime.directive.Literal
2011-08-05 13:44:09,069 - Loaded System Directive: org.apache.velocity.runtime.directive.Macro
2011-08-05 13:44:09,072 - Loaded System Directive: org.apache.velocity.runtime.directive.Parse
2011-08-05 13:44:09,074 - Loaded System Directive: org.apache.velocity.runtime.directive.Include
2011-08-05 13:44:09,075 - Loaded System Directive: org.apache.velocity.runtime.directive.Foreach
2011-08-05 13:44:09,107 - Created: 20 parsers.
2011-08-05 13:44:09,116 - Velocimacro : initialization starting.
2011-08-05 13:44:09,116 - Velocimacro : adding VMs from VM library template : VM_global_library.vm
2011-08-05 13:44:09,122 - ResourceManager : unable to find resource 'VM_global_library.vm' in any resource loader.
2011-08-05 13:44:09,122 - Velocimacro : error using  VM library template VM_global_library.vm : org.apache.velocity.exception.ResourceNotFoundException: Unable to find resource 'VM_global_library.vm'
2011-08-05 13:44:09,122 - Velocimacro :  VM library template macro registration complete.
2011-08-05 13:44:09,122 - Velocimacro : allowInline = true : VMs can be defined inline in templates
2011-08-05 13:44:09,122 - Velocimacro : allowInlineToOverride = false : VMs defined inline may NOT replace previous VM definitions
2011-08-05 13:44:09,122 - Velocimacro : allowInlineLocal = false : VMs defined inline will be  global in scope if allowed.
2011-08-05 13:44:09,122 - Velocimacro : messages on  : VM system will output logging messages
2011-08-05 13:44:09,122 - Velocimacro : autoload off  : VM system will not automatically reload global library macros
2011-08-05 13:44:09,122 - Velocimacro : initialization complete.
2011-08-05 13:44:09,122 - Velocity successfully started.
2011-08-10 14:55:26,657 - SimpleLog4JLogSystem initialized using logfile 'velocity.log'
2011-08-10 14:55:26,683 - ************************************************************** 
2011-08-10 14:55:26,684 - Starting Jakarta Velocity v1.4
2011-08-10 14:55:26,684 - RuntimeInstance initializing.
2011-08-10 14:55:26,684 - Default Properties File: org/apache/velocity/runtime/defaults/velocity.properties
2011-08-10 14:55:26,684 - Trying to use logger class org.apache.velocity.runtime.log.SimpleLog4JLogSystem
2011-08-10 14:55:26,684 - Using logger class org.apache.velocity.runtime.log.SimpleLog4JLogSystem
2011-08-10 14:55:26,690 - Default ResourceManager initializing. (class org.apache.velocity.runtime.resource.ResourceManagerImpl)
2011-08-10 14:55:26,695 - Resource Loader Instantiated: org.apache.velocity.runtime.resource.loader.ClasspathResourceLoader
2011-08-10 14:55:26,696 - ClasspathResourceLoader : initialization starting.
2011-08-10 14:55:26,696 - ClasspathResourceLoader : initialization complete.
2011-08-10 14:55:26,702 - ResourceCache : initialized. (class org.apache.velocity.runtime.resource.ResourceCacheImpl)
2011-08-10 14:55:26,702 - Default ResourceManager initialization complete.
2011-08-10 14:55:26,706 - Loaded System Directive: org.apache.velocity.runtime.directive.Literal
2011-08-10 14:55:26,709 - Loaded System Directive: org.apache.velocity.runtime.directive.Macro
2011-08-10 14:55:26,711 - Loaded System Directive: org.apache.velocity.runtime.directive.Parse
2011-08-10 14:55:26,714 - Loaded System Directive: org.apache.velocity.runtime.directive.Include
2011-08-10 14:55:26,715 - Loaded System Directive: org.apache.velocity.runtime.directive.Foreach
2011-08-10 14:55:26,749 - Created: 20 parsers.
2011-08-10 14:55:26,757 - Velocimacro : initialization starting.
2011-08-10 14:55:26,758 - Velocimacro : adding VMs from VM library template : VM_global_library.vm
2011-08-10 14:55:26,763 - ResourceManager : unable to find resource 'VM_global_library.vm' in any resource loader.
2011-08-10 14:55:26,763 - Velocimacro : error using  VM library template VM_global_library.vm : org.apache.velocity.exception.ResourceNotFoundException: Unable to find resource 'VM_global_library.vm'
2011-08-10 14:55:26,764 - Velocimacro :  VM library template macro registration complete.
2011-08-10 14:55:26,764 - Velocimacro : allowInline = true : VMs can be defined inline in templates
2011-08-10 14:55:26,764 - Velocimacro : allowInlineToOverride = false : VMs defined inline may NOT replace previous VM definitions
2011-08-10 14:55:26,764 - Velocimacro : allowInlineLocal = false : VMs defined inline will be  global in scope if allowed.
2011-08-10 14:55:26,764 - Velocimacro : messages on  : VM system will output logging messages
2011-08-10 14:55:26,764 - Velocimacro : autoload off  : VM system will not automatically reload global library macros
2011-08-10 14:55:26,764 - Velocimacro : initialization complete.
2011-08-10 14:55:26,764 - Velocity successfully started.
2011-08-10 14:57:21,510 - SimpleLog4JLogSystem initialized using logfile 'velocity.log'
2011-08-10 14:57:21,539 - ************************************************************** 
2011-08-10 14:57:21,539 - Starting Jakarta Velocity v1.4
2011-08-10 14:57:21,539 - RuntimeInstance initializing.
2011-08-10 14:57:21,539 - Default Properties File: org/apache/velocity/runtime/defaults/velocity.properties
2011-08-10 14:57:21,539 - Trying to use logger class org.apache.velocity.runtime.log.SimpleLog4JLogSystem
2011-08-10 14:57:21,539 - Using logger class org.apache.velocity.runtime.log.SimpleLog4JLogSystem
2011-08-10 14:57:21,545 - Default ResourceManager initializing. (class org.apache.velocity.runtime.resource.ResourceManagerImpl)
2011-08-10 14:57:21,572 - Resource Loader Instantiated: org.apache.velocity.runtime.resource.loader.ClasspathResourceLoader
2011-08-10 14:57:21,572 - ClasspathResourceLoader : initialization starting.
2011-08-10 14:57:21,572 - ClasspathResourceLoader : initialization complete.
2011-08-10 14:57:21,575 - ResourceCache : initialized. (class org.apache.velocity.runtime.resource.ResourceCacheImpl)
2011-08-10 14:57:21,575 - Default ResourceManager initialization complete.
2011-08-10 14:57:21,578 - Loaded System Directive: org.apache.velocity.runtime.directive.Literal
2011-08-10 14:57:21,581 - Loaded System Directive: org.apache.velocity.runtime.directive.Macro
2011-08-10 14:57:21,584 - Loaded System Directive: org.apache.velocity.runtime.directive.Parse
2011-08-10 14:57:21,586 - Loaded System Directive: org.apache.velocity.runtime.directive.Include
2011-08-10 14:57:21,588 - Loaded System Directive: org.apache.velocity.runtime.directive.Foreach
2011-08-10 14:57:21,621 - Created: 20 parsers.
2011-08-10 14:57:21,629 - Velocimacro : initialization starting.
2011-08-10 14:57:21,629 - Velocimacro : adding VMs from VM library template : VM_global_library.vm
2011-08-10 14:57:21,635 - ResourceManager : unable to find resource 'VM_global_library.vm' in any resource loader.
2011-08-10 14:57:21,635 - Velocimacro : error using  VM library template VM_global_library.vm : org.apache.velocity.exception.ResourceNotFoundException: Unable to find resource 'VM_global_library.vm'
2011-08-10 14:57:21,635 - Velocimacro :  VM library template macro registration complete.
2011-08-10 14:57:21,635 - Velocimacro : allowInline = true : VMs can be defined inline in templates
2011-08-10 14:57:21,635 - Velocimacro : allowInlineToOverride = false : VMs defined inline may NOT replace previous VM definitions
2011-08-10 14:57:21,635 - Velocimacro : allowInlineLocal = false : VMs defined inline will be  global in scope if allowed.
2011-08-10 14:57:21,635 - Velocimacro : messages on  : VM system will output logging messages
2011-08-10 14:57:21,635 - Velocimacro : autoload off  : VM system will not automatically reload global library macros
2011-08-10 14:57:21,635 - Velocimacro : initialization complete.
2011-08-10 14:57:21,635 - Velocity successfully started.
2011-08-17 20:36:49,962 - SimpleLog4JLogSystem initialized using logfile 'velocity.log'
2011-08-17 20:36:49,990 - ************************************************************** 
2011-08-17 20:36:49,990 - Starting Jakarta Velocity v1.4
2011-08-17 20:36:49,991 - RuntimeInstance initializing.
2011-08-17 20:36:49,991 - Default Properties File: org/apache/velocity/runtime/defaults/velocity.properties
2011-08-17 20:36:49,991 - Trying to use logger class org.apache.velocity.runtime.log.SimpleLog4JLogSystem
2011-08-17 20:36:49,991 - Using logger class org.apache.velocity.runtime.log.SimpleLog4JLogSystem
2011-08-17 20:36:49,997 - Default ResourceManager initializing. (class org.apache.velocity.runtime.resource.ResourceManagerImpl)
2011-08-17 20:36:50,002 - Resource Loader Instantiated: org.apache.velocity.runtime.resource.loader.ClasspathResourceLoader
2011-08-17 20:36:50,003 - ClasspathResourceLoader : initialization starting.
2011-08-17 20:36:50,003 - ClasspathResourceLoader : initialization complete.
2011-08-17 20:36:50,005 - ResourceCache : initialized. (class org.apache.velocity.runtime.resource.ResourceCacheImpl)
2011-08-17 20:36:50,005 - Default ResourceManager initialization complete.
2011-08-17 20:36:50,007 - Loaded System Directive: org.apache.velocity.runtime.directive.Literal
2011-08-17 20:36:50,010 - Loaded System Directive: org.apache.velocity.runtime.directive.Macro
2011-08-17 20:36:50,012 - Loaded System Directive: org.apache.velocity.runtime.directive.Parse
2011-08-17 20:36:50,015 - Loaded System Directive: org.apache.velocity.runtime.directive.Include
2011-08-17 20:36:50,016 - Loaded System Directive: org.apache.velocity.runtime.directive.Foreach
2011-08-17 20:36:50,059 - Created: 20 parsers.
2011-08-17 20:36:50,067 - Velocimacro : initialization starting.
2011-08-17 20:36:50,067 - Velocimacro : adding VMs from VM library template : VM_global_library.vm
2011-08-17 20:36:50,073 - ResourceManager : unable to find resource 'VM_global_library.vm' in any resource loader.
2011-08-17 20:36:50,073 - Velocimacro : error using  VM library template VM_global_library.vm : org.apache.velocity.exception.ResourceNotFoundException: Unable to find resource 'VM_global_library.vm'
2011-08-17 20:36:50,073 - Velocimacro :  VM library template macro registration complete.
2011-08-17 20:36:50,073 - Velocimacro : allowInline = true : VMs can be defined inline in templates
2011-08-17 20:36:50,073 - Velocimacro : allowInlineToOverride = false : VMs defined inline may NOT replace previous VM definitions
2011-08-17 20:36:50,073 - Velocimacro : allowInlineLocal = false : VMs defined inline will be  global in scope if allowed.
2011-08-17 20:36:50,073 - Velocimacro : messages on  : VM system will output logging messages
2011-08-17 20:36:50,073 - Velocimacro : autoload off  : VM system will not automatically reload global library macros
2011-08-17 20:36:50,073 - Velocimacro : initialization complete.
2011-08-17 20:36:50,073 - Velocity successfully started.
2011-08-17 20:42:11,558 - SimpleLog4JLogSystem initialized using logfile 'velocity.log'
2011-08-17 20:42:11,582 - ************************************************************** 
2011-08-17 20:42:11,582 - Starting Jakarta Velocity v1.4
2011-08-17 20:42:11,582 - RuntimeInstance initializing.
2011-08-17 20:42:11,582 - Default Properties File: org/apache/velocity/runtime/defaults/velocity.properties
2011-08-17 20:42:11,582 - Trying to use logger class org.apache.velocity.runtime.log.SimpleLog4JLogSystem
2011-08-17 20:42:11,582 - Using logger class org.apache.velocity.runtime.log.SimpleLog4JLogSystem
2011-08-17 20:42:11,588 - Default ResourceManager initializing. (class org.apache.velocity.runtime.resource.ResourceManagerImpl)
2011-08-17 20:42:11,615 - Resource Loader Instantiated: org.apache.velocity.runtime.resource.loader.ClasspathResourceLoader
2011-08-17 20:42:11,615 - ClasspathResourceLoader : initialization starting.
2011-08-17 20:42:11,615 - ClasspathResourceLoader : initialization complete.
2011-08-17 20:42:11,618 - ResourceCache : initialized. (class org.apache.velocity.runtime.resource.ResourceCacheImpl)
2011-08-17 20:42:11,618 - Default ResourceManager initialization complete.
2011-08-17 20:42:11,624 - Loaded System Directive: org.apache.velocity.runtime.directive.Literal
2011-08-17 20:42:11,627 - Loaded System Directive: org.apache.velocity.runtime.directive.Macro
2011-08-17 20:42:11,631 - Loaded System Directive: org.apache.velocity.runtime.directive.Parse
2011-08-17 20:42:11,633 - Loaded System Directive: org.apache.velocity.runtime.directive.Include
2011-08-17 20:42:11,634 - Loaded System Directive: org.apache.velocity.runtime.directive.Foreach
2011-08-17 20:42:11,667 - Created: 20 parsers.
2011-08-17 20:42:11,675 - Velocimacro : initialization starting.
2011-08-17 20:42:11,676 - Velocimacro : adding VMs from VM library template : VM_global_library.vm
2011-08-17 20:42:11,681 - ResourceManager : unable to find resource 'VM_global_library.vm' in any resource loader.
2011-08-17 20:42:11,681 - Velocimacro : error using  VM library template VM_global_library.vm : org.apache.velocity.exception.ResourceNotFoundException: Unable to find resource 'VM_global_library.vm'
2011-08-17 20:42:11,681 - Velocimacro :  VM library template macro registration complete.
2011-08-17 20:42:11,682 - Velocimacro : allowInline = true : VMs can be defined inline in templates
2011-08-17 20:42:11,682 - Velocimacro : allowInlineToOverride = false : VMs defined inline may NOT replace previous VM definitions
2011-08-17 20:42:11,682 - Velocimacro : allowInlineLocal = false : VMs defined inline will be  global in scope if allowed.
2011-08-17 20:42:11,682 - Velocimacro : messages on  : VM system will output logging messages
2011-08-17 20:42:11,682 - Velocimacro : autoload off  : VM system will not automatically reload global library macros
2011-08-17 20:42:11,682 - Velocimacro : initialization complete.
2011-08-17 20:42:11,682 - Velocity successfully started.
2011-08-17 20:50:33,506 - SimpleLog4JLogSystem initialized using logfile 'velocity.log'
2011-08-17 20:50:33,531 - ************************************************************** 
2011-08-17 20:50:33,532 - Starting Jakarta Velocity v1.4
2011-08-17 20:50:33,532 - RuntimeInstance initializing.
2011-08-17 20:50:33,532 - Default Properties File: org/apache/velocity/runtime/defaults/velocity.properties
2011-08-17 20:50:33,532 - Trying to use logger class org.apache.velocity.runtime.log.SimpleLog4JLogSystem
2011-08-17 20:50:33,532 - Using logger class org.apache.velocity.runtime.log.SimpleLog4JLogSystem
2011-08-17 20:50:33,538 - Default ResourceManager initializing. (class org.apache.velocity.runtime.resource.ResourceManagerImpl)
2011-08-17 20:50:33,575 - Resource Loader Instantiated: org.apache.velocity.runtime.resource.loader.ClasspathResourceLoader
2011-08-17 20:50:33,576 - ClasspathResourceLoader : initialization starting.
2011-08-17 20:50:33,576 - ClasspathResourceLoader : initialization complete.
2011-08-17 20:50:33,579 - ResourceCache : initialized. (class org.apache.velocity.runtime.resource.ResourceCacheImpl)
2011-08-17 20:50:33,579 - Default ResourceManager initialization complete.
2011-08-17 20:50:33,582 - Loaded System Directive: org.apache.velocity.runtime.directive.Literal
2011-08-17 20:50:33,585 - Loaded System Directive: org.apache.velocity.runtime.directive.Macro
2011-08-17 20:50:33,588 - Loaded System Directive: org.apache.velocity.runtime.directive.Parse
2011-08-17 20:50:33,590 - Loaded System Directive: org.apache.velocity.runtime.directive.Include
2011-08-17 20:50:33,591 - Loaded System Directive: org.apache.velocity.runtime.directive.Foreach
2011-08-17 20:50:33,624 - Created: 20 parsers.
2011-08-17 20:50:33,632 - Velocimacro : initialization starting.
2011-08-17 20:50:33,632 - Velocimacro : adding VMs from VM library template : VM_global_library.vm
2011-08-17 20:50:33,638 - ResourceManager : unable to find resource 'VM_global_library.vm' in any resource loader.
2011-08-17 20:50:33,638 - Velocimacro : error using  VM library template VM_global_library.vm : org.apache.velocity.exception.ResourceNotFoundException: Unable to find resource 'VM_global_library.vm'
2011-08-17 20:50:33,638 - Velocimacro :  VM library template macro registration complete.
2011-08-17 20:50:33,638 - Velocimacro : allowInline = true : VMs can be defined inline in templates
2011-08-17 20:50:33,638 - Velocimacro : allowInlineToOverride = false : VMs defined inline may NOT replace previous VM definitions
2011-08-17 20:50:33,638 - Velocimacro : allowInlineLocal = false : VMs defined inline will be  global in scope if allowed.
2011-08-17 20:50:33,638 - Velocimacro : messages on  : VM system will output logging messages
2011-08-17 20:50:33,639 - Velocimacro : autoload off  : VM system will not automatically reload global library macros
2011-08-17 20:50:33,639 - Velocimacro : initialization complete.
2011-08-17 20:50:33,639 - Velocity successfully started.
2011-08-17 21:19:07,570 - SimpleLog4JLogSystem initialized using logfile 'velocity.log'
2011-08-17 21:19:07,587 - ************************************************************** 
2011-08-17 21:19:07,587 - Starting Jakarta Velocity v1.4
2011-08-17 21:19:07,587 - RuntimeInstance initializing.
2011-08-17 21:19:07,587 - Default Properties File: org/apache/velocity/runtime/defaults/velocity.properties
2011-08-17 21:19:07,587 - Trying to use logger class org.apache.velocity.runtime.log.SimpleLog4JLogSystem
2011-08-17 21:19:07,587 - Using logger class org.apache.velocity.runtime.log.SimpleLog4JLogSystem
2011-08-17 21:19:07,592 - Default ResourceManager initializing. (class org.apache.velocity.runtime.resource.ResourceManagerImpl)
2011-08-17 21:19:07,596 - Resource Loader Instantiated: org.apache.velocity.runtime.resource.loader.ClasspathResourceLoader
2011-08-17 21:19:07,596 - ClasspathResourceLoader : initialization starting.
2011-08-17 21:19:07,596 - ClasspathResourceLoader : initialization complete.
2011-08-17 21:19:07,598 - ResourceCache : initialized. (class org.apache.velocity.runtime.resource.ResourceCacheImpl)
2011-08-17 21:19:07,598 - Default ResourceManager initialization complete.
2011-08-17 21:19:07,602 - Loaded System Directive: org.apache.velocity.runtime.directive.Literal
2011-08-17 21:19:07,605 - Loaded System Directive: org.apache.velocity.runtime.directive.Macro
2011-08-17 21:19:07,608 - Loaded System Directive: org.apache.velocity.runtime.directive.Parse
2011-08-17 21:19:07,610 - Loaded System Directive: org.apache.velocity.runtime.directive.Include
2011-08-17 21:19:07,611 - Loaded System Directive: org.apache.velocity.runtime.directive.Foreach
2011-08-17 21:19:07,645 - Created: 20 parsers.
2011-08-17 21:19:07,653 - Velocimacro : initialization starting.
2011-08-17 21:19:07,654 - Velocimacro : adding VMs from VM library template : VM_global_library.vm
2011-08-17 21:19:07,659 - ResourceManager : unable to find resource 'VM_global_library.vm' in any resource loader.
2011-08-17 21:19:07,659 - Velocimacro : error using  VM library template VM_global_library.vm : org.apache.velocity.exception.ResourceNotFoundException: Unable to find resource 'VM_global_library.vm'
2011-08-17 21:19:07,659 - Velocimacro :  VM library template macro registration complete.
2011-08-17 21:19:07,660 - Velocimacro : allowInline = true : VMs can be defined inline in templates
2011-08-17 21:19:07,660 - Velocimacro : allowInlineToOverride = false : VMs defined inline may NOT replace previous VM definitions
2011-08-17 21:19:07,660 - Velocimacro : allowInlineLocal = false : VMs defined inline will be  global in scope if allowed.
2011-08-17 21:19:07,660 - Velocimacro : messages on  : VM system will output logging messages
2011-08-17 21:19:07,660 - Velocimacro : autoload off  : VM system will not automatically reload global library macros
2011-08-17 21:19:07,660 - Velocimacro : initialization complete.
2011-08-17 21:19:07,660 - Velocity successfully started.
2011-08-17 21:20:28,326 - SimpleLog4JLogSystem initialized using logfile 'velocity.log'
2011-08-17 21:20:28,349 - ************************************************************** 
2011-08-17 21:20:28,349 - Starting Jakarta Velocity v1.4
2011-08-17 21:20:28,349 - RuntimeInstance initializing.
2011-08-17 21:20:28,349 - Default Properties File: org/apache/velocity/runtime/defaults/velocity.properties
2011-08-17 21:20:28,350 - Trying to use logger class org.apache.velocity.runtime.log.SimpleLog4JLogSystem
2011-08-17 21:20:28,350 - Using logger class org.apache.velocity.runtime.log.SimpleLog4JLogSystem
2011-08-17 21:20:28,356 - Default ResourceManager initializing. (class org.apache.velocity.runtime.resource.ResourceManagerImpl)
2011-08-17 21:20:28,382 - Resource Loader Instantiated: org.apache.velocity.runtime.resource.loader.ClasspathResourceLoader
2011-08-17 21:20:28,382 - ClasspathResourceLoader : initialization starting.
2011-08-17 21:20:28,382 - ClasspathResourceLoader : initialization complete.
2011-08-17 21:20:28,385 - ResourceCache : initialized. (class org.apache.velocity.runtime.resource.ResourceCacheImpl)
2011-08-17 21:20:28,385 - Default ResourceManager initialization complete.
2011-08-17 21:20:28,388 - Loaded System Directive: org.apache.velocity.runtime.directive.Literal
2011-08-17 21:20:28,391 - Loaded System Directive: org.apache.velocity.runtime.directive.Macro
2011-08-17 21:20:28,397 - Loaded System Directive: org.apache.velocity.runtime.directive.Parse
2011-08-17 21:20:28,399 - Loaded System Directive: org.apache.velocity.runtime.directive.Include
2011-08-17 21:20:28,400 - Loaded System Directive: org.apache.velocity.runtime.directive.Foreach
2011-08-17 21:20:28,433 - Created: 20 parsers.
2011-08-17 21:20:28,441 - Velocimacro : initialization starting.
2011-08-17 21:20:28,441 - Velocimacro : adding VMs from VM library template : VM_global_library.vm
2011-08-17 21:20:28,447 - ResourceManager : unable to find resource 'VM_global_library.vm' in any resource loader.
2011-08-17 21:20:28,447 - Velocimacro : error using  VM library template VM_global_library.vm : org.apache.velocity.exception.ResourceNotFoundException: Unable to find resource 'VM_global_library.vm'
2011-08-17 21:20:28,447 - Velocimacro :  VM library template macro registration complete.
2011-08-17 21:20:28,447 - Velocimacro : allowInline = true : VMs can be defined inline in templates
2011-08-17 21:20:28,447 - Velocimacro : allowInlineToOverride = false : VMs defined inline may NOT replace previous VM definitions
2011-08-17 21:20:28,447 - Velocimacro : allowInlineLocal = false : VMs defined inline will be  global in scope if allowed.
2011-08-17 21:20:28,447 - Velocimacro : messages on  : VM system will output logging messages
2011-08-17 21:20:28,447 - Velocimacro : autoload off  : VM system will not automatically reload global library macros
2011-08-17 21:20:28,447 - Velocimacro : initialization complete.
2011-08-17 21:20:28,447 - Velocity successfully started.
2011-08-17 21:34:51,811 - SimpleLog4JLogSystem initialized using logfile 'velocity.log'
2011-08-17 21:34:51,838 - ************************************************************** 
2011-08-17 21:34:51,838 - Starting Jakarta Velocity v1.4
2011-08-17 21:34:51,838 - RuntimeInstance initializing.
2011-08-17 21:34:51,839 - Default Properties File: org/apache/velocity/runtime/defaults/velocity.properties
2011-08-17 21:34:51,839 - Trying to use logger class org.apache.velocity.runtime.log.SimpleLog4JLogSystem
2011-08-17 21:34:51,839 - Using logger class org.apache.velocity.runtime.log.SimpleLog4JLogSystem
2011-08-17 21:34:51,845 - Default ResourceManager initializing. (class org.apache.velocity.runtime.resource.ResourceManagerImpl)
2011-08-17 21:34:51,871 - Resource Loader Instantiated: org.apache.velocity.runtime.resource.loader.ClasspathResourceLoader
2011-08-17 21:34:51,871 - ClasspathResourceLoader : initialization starting.
2011-08-17 21:34:51,871 - ClasspathResourceLoader : initialization complete.
2011-08-17 21:34:51,874 - ResourceCache : initialized. (class org.apache.velocity.runtime.resource.ResourceCacheImpl)
2011-08-17 21:34:51,874 - Default ResourceManager initialization complete.
2011-08-17 21:34:51,877 - Loaded System Directive: org.apache.velocity.runtime.directive.Literal
2011-08-17 21:34:51,880 - Loaded System Directive: org.apache.velocity.runtime.directive.Macro
2011-08-17 21:34:51,887 - Loaded System Directive: org.apache.velocity.runtime.directive.Parse
2011-08-17 21:34:51,889 - Loaded System Directive: org.apache.velocity.runtime.directive.Include
2011-08-17 21:34:51,890 - Loaded System Directive: org.apache.velocity.runtime.directive.Foreach
2011-08-17 21:34:51,922 - Created: 20 parsers.
2011-08-17 21:34:51,930 - Velocimacro : initialization starting.
2011-08-17 21:34:51,930 - Velocimacro : adding VMs from VM library template : VM_global_library.vm
2011-08-17 21:34:51,936 - ResourceManager : unable to find resource 'VM_global_library.vm' in any resource loader.
2011-08-17 21:34:51,936 - Velocimacro : error using  VM library template VM_global_library.vm : org.apache.velocity.exception.ResourceNotFoundException: Unable to find resource 'VM_global_library.vm'
2011-08-17 21:34:51,936 - Velocimacro :  VM library template macro registration complete.
2011-08-17 21:34:51,936 - Velocimacro : allowInline = true : VMs can be defined inline in templates
2011-08-17 21:34:51,936 - Velocimacro : allowInlineToOverride = false : VMs defined inline may NOT replace previous VM definitions
2011-08-17 21:34:51,936 - Velocimacro : allowInlineLocal = false : VMs defined inline will be  global in scope if allowed.
2011-08-17 21:34:51,936 - Velocimacro : messages on  : VM system will output logging messages
2011-08-17 21:34:51,936 - Velocimacro : autoload off  : VM system will not automatically reload global library macros
2011-08-17 21:34:51,936 - Velocimacro : initialization complete.
2011-08-17 21:34:51,937 - Velocity successfully started.
2011-08-17 22:07:09,881 - SimpleLog4JLogSystem initialized using logfile 'velocity.log'
2011-08-17 22:07:09,910 - ************************************************************** 
2011-08-17 22:07:09,911 - Starting Jakarta Velocity v1.4
2011-08-17 22:07:09,911 - RuntimeInstance initializing.
2011-08-17 22:07:09,911 - Default Properties File: org/apache/velocity/runtime/defaults/velocity.properties
2011-08-17 22:07:09,911 - Trying to use logger class org.apache.velocity.runtime.log.SimpleLog4JLogSystem
2011-08-17 22:07:09,911 - Using logger class org.apache.velocity.runtime.log.SimpleLog4JLogSystem
2011-08-17 22:07:09,917 - Default ResourceManager initializing. (class org.apache.velocity.runtime.resource.ResourceManagerImpl)
2011-08-17 22:07:09,943 - Resource Loader Instantiated: org.apache.velocity.runtime.resource.loader.ClasspathResourceLoader
2011-08-17 22:07:09,943 - ClasspathResourceLoader : initialization starting.
2011-08-17 22:07:09,943 - ClasspathResourceLoader : initialization complete.
2011-08-17 22:07:09,946 - ResourceCache : initialized. (class org.apache.velocity.runtime.resource.ResourceCacheImpl)
2011-08-17 22:07:09,946 - Default ResourceManager initialization complete.
2011-08-17 22:07:09,949 - Loaded System Directive: org.apache.velocity.runtime.directive.Literal
2011-08-17 22:07:09,952 - Loaded System Directive: org.apache.velocity.runtime.directive.Macro
2011-08-17 22:07:09,959 - Loaded System Directive: org.apache.velocity.runtime.directive.Parse
2011-08-17 22:07:09,961 - Loaded System Directive: org.apache.velocity.runtime.directive.Include
2011-08-17 22:07:09,962 - Loaded System Directive: org.apache.velocity.runtime.directive.Foreach
2011-08-17 22:07:09,994 - Created: 20 parsers.
2011-08-17 22:07:10,002 - Velocimacro : initialization starting.
2011-08-17 22:07:10,002 - Velocimacro : adding VMs from VM library template : VM_global_library.vm
2011-08-17 22:07:10,008 - ResourceManager : unable to find resource 'VM_global_library.vm' in any resource loader.
2011-08-17 22:07:10,008 - Velocimacro : error using  VM library template VM_global_library.vm : org.apache.velocity.exception.ResourceNotFoundException: Unable to find resource 'VM_global_library.vm'
2011-08-17 22:07:10,008 - Velocimacro :  VM library template macro registration complete.
2011-08-17 22:07:10,008 - Velocimacro : allowInline = true : VMs can be defined inline in templates
2011-08-17 22:07:10,008 - Velocimacro : allowInlineToOverride = false : VMs defined inline may NOT replace previous VM definitions
2011-08-17 22:07:10,008 - Velocimacro : allowInlineLocal = false : VMs defined inline will be  global in scope if allowed.
2011-08-17 22:07:10,008 - Velocimacro : messages on  : VM system will output logging messages
2011-08-17 22:07:10,008 - Velocimacro : autoload off  : VM system will not automatically reload global library macros
2011-08-17 22:07:10,008 - Velocimacro : initialization complete.
2011-08-17 22:07:10,008 - Velocity successfully started.
2011-08-17 22:08:19,540 - SimpleLog4JLogSystem initialized using logfile 'velocity.log'
2011-08-17 22:08:19,540 - ************************************************************** 
2011-08-17 22:08:19,540 - Starting Jakarta Velocity v1.4
2011-08-17 22:08:19,540 - RuntimeInstance initializing.
2011-08-17 22:08:19,540 - Default Properties File: org/apache/velocity/runtime/defaults/velocity.properties
2011-08-17 22:08:19,540 - Trying to use logger class org.apache.velocity.runtime.log.SimpleLog4JLogSystem
2011-08-17 22:08:19,541 - Using logger class org.apache.velocity.runtime.log.SimpleLog4JLogSystem
2011-08-17 22:08:19,544 - Default ResourceManager initializing. (class org.apache.velocity.runtime.resource.ResourceManagerImpl)
2011-08-17 22:08:19,548 - Resource Loader Instantiated: org.apache.velocity.runtime.resource.loader.ClasspathResourceLoader
2011-08-17 22:08:19,548 - ClasspathResourceLoader : initialization starting.
2011-08-17 22:08:19,548 - ClasspathResourceLoader : initialization complete.
2011-08-17 22:08:19,550 - ResourceCache : initialized. (class org.apache.velocity.runtime.resource.ResourceCacheImpl)
2011-08-17 22:08:19,550 - Default ResourceManager initialization complete.
2011-08-17 22:08:19,554 - Loaded System Directive: org.apache.velocity.runtime.directive.Literal
2011-08-17 22:08:19,557 - Loaded System Directive: org.apache.velocity.runtime.directive.Macro
2011-08-17 22:08:19,560 - Loaded System Directive: org.apache.velocity.runtime.directive.Parse
2011-08-17 22:08:19,562 - Loaded System Directive: org.apache.velocity.runtime.directive.Include
2011-08-17 22:08:19,563 - Loaded System Directive: org.apache.velocity.runtime.directive.Foreach
2011-08-17 22:08:19,596 - Created: 20 parsers.
2011-08-17 22:08:19,604 - Velocimacro : initialization starting.
2011-08-17 22:08:19,604 - Velocimacro : adding VMs from VM library template : VM_global_library.vm
2011-08-17 22:08:19,610 - ResourceManager : unable to find resource 'VM_global_library.vm' in any resource loader.
2011-08-17 22:08:19,610 - Velocimacro : error using  VM library template VM_global_library.vm : org.apache.velocity.exception.ResourceNotFoundException: Unable to find resource 'VM_global_library.vm'
2011-08-17 22:08:19,610 - Velocimacro :  VM library template macro registration complete.
2011-08-17 22:08:19,610 - Velocimacro : allowInline = true : VMs can be defined inline in templates
2011-08-17 22:08:19,610 - Velocimacro : allowInlineToOverride = false : VMs defined inline may NOT replace previous VM definitions
2011-08-17 22:08:19,610 - Velocimacro : allowInlineLocal = false : VMs defined inline will be  global in scope if allowed.
2011-08-17 22:08:19,610 - Velocimacro : messages on  : VM system will output logging messages
2011-08-17 22:08:19,610 - Velocimacro : autoload off  : VM system will not automatically reload global library macros
2011-08-17 22:08:19,610 - Velocimacro : initialization complete.
2011-08-17 22:08:19,610 - Velocity successfully started.
2011-08-17 22:08:59,619 - SimpleLog4JLogSystem initialized using logfile 'velocity.log'
2011-08-17 22:08:59,619 - ************************************************************** 
2011-08-17 22:08:59,619 - Starting Jakarta Velocity v1.4
2011-08-17 22:08:59,619 - RuntimeInstance initializing.
2011-08-17 22:08:59,619 - Default Properties File: org/apache/velocity/runtime/defaults/velocity.properties
2011-08-17 22:08:59,619 - Trying to use logger class org.apache.velocity.runtime.log.SimpleLog4JLogSystem
2011-08-17 22:08:59,619 - Using logger class org.apache.velocity.runtime.log.SimpleLog4JLogSystem
2011-08-17 22:08:59,625 - Default ResourceManager initializing. (class org.apache.velocity.runtime.resource.ResourceManagerImpl)
2011-08-17 22:08:59,633 - Resource Loader Instantiated: org.apache.velocity.runtime.resource.loader.ClasspathResourceLoader
2011-08-17 22:08:59,633 - ClasspathResourceLoader : initialization starting.
2011-08-17 22:08:59,633 - ClasspathResourceLoader : initialization complete.
2011-08-17 22:08:59,635 - ResourceCache : initialized. (class org.apache.velocity.runtime.resource.ResourceCacheImpl)
2011-08-17 22:08:59,635 - Default ResourceManager initialization complete.
2011-08-17 22:08:59,641 - Loaded System Directive: org.apache.velocity.runtime.directive.Literal
2011-08-17 22:08:59,643 - Loaded System Directive: org.apache.velocity.runtime.directive.Macro
2011-08-17 22:08:59,646 - Loaded System Directive: org.apache.velocity.runtime.directive.Parse
2011-08-17 22:08:59,648 - Loaded System Directive: org.apache.velocity.runtime.directive.Include
2011-08-17 22:08:59,649 - Loaded System Directive: org.apache.velocity.runtime.directive.Foreach
2011-08-17 22:08:59,682 - Created: 20 parsers.
2011-08-17 22:08:59,690 - Velocimacro : initialization starting.
2011-08-17 22:08:59,690 - Velocimacro : adding VMs from VM library template : VM_global_library.vm
2011-08-17 22:08:59,696 - ResourceManager : unable to find resource 'VM_global_library.vm' in any resource loader.
2011-08-17 22:08:59,696 - Velocimacro : error using  VM library template VM_global_library.vm : org.apache.velocity.exception.ResourceNotFoundException: Unable to find resource 'VM_global_library.vm'
2011-08-17 22:08:59,696 - Velocimacro :  VM library template macro registration complete.
2011-08-17 22:08:59,696 - Velocimacro : allowInline = true : VMs can be defined inline in templates
2011-08-17 22:08:59,696 - Velocimacro : allowInlineToOverride = false : VMs defined inline may NOT replace previous VM definitions
2011-08-17 22:08:59,697 - Velocimacro : allowInlineLocal = false : VMs defined inline will be  global in scope if allowed.
2011-08-17 22:08:59,697 - Velocimacro : messages on  : VM system will output logging messages
2011-08-17 22:08:59,697 - Velocimacro : autoload off  : VM system will not automatically reload global library macros
2011-08-17 22:08:59,697 - Velocimacro : initialization complete.
2011-08-17 22:08:59,697 - Velocity successfully started.
2011-08-17 22:11:36,128 - SimpleLog4JLogSystem initialized using logfile 'velocity.log'
2011-08-17 22:11:36,128 - ************************************************************** 
2011-08-17 22:11:36,128 - Starting Jakarta Velocity v1.4
2011-08-17 22:11:36,128 - RuntimeInstance initializing.
2011-08-17 22:11:36,129 - Default Properties File: org/apache/velocity/runtime/defaults/velocity.properties
2011-08-17 22:11:36,129 - Trying to use logger class org.apache.velocity.runtime.log.SimpleLog4JLogSystem
2011-08-17 22:11:36,129 - Using logger class org.apache.velocity.runtime.log.SimpleLog4JLogSystem
2011-08-17 22:11:36,132 - Default ResourceManager initializing. (class org.apache.velocity.runtime.resource.ResourceManagerImpl)
2011-08-17 22:11:36,139 - Resource Loader Instantiated: org.apache.velocity.runtime.resource.loader.ClasspathResourceLoader
2011-08-17 22:11:36,139 - ClasspathResourceLoader : initialization starting.
2011-08-17 22:11:36,139 - ClasspathResourceLoader : initialization complete.
2011-08-17 22:11:36,141 - ResourceCache : initialized. (class org.apache.velocity.runtime.resource.ResourceCacheImpl)
2011-08-17 22:11:36,141 - Default ResourceManager initialization complete.
2011-08-17 22:11:36,145 - Loaded System Directive: org.apache.velocity.runtime.directive.Literal
2011-08-17 22:11:36,149 - Loaded System Directive: org.apache.velocity.runtime.directive.Macro
2011-08-17 22:11:36,151 - Loaded System Directive: org.apache.velocity.runtime.directive.Parse
2011-08-17 22:11:36,153 - Loaded System Directive: org.apache.velocity.runtime.directive.Include
2011-08-17 22:11:36,154 - Loaded System Directive: org.apache.velocity.runtime.directive.Foreach
2011-08-17 22:11:36,187 - Created: 20 parsers.
2011-08-17 22:11:36,195 - Velocimacro : initialization starting.
2011-08-17 22:11:36,195 - Velocimacro : adding VMs from VM library template : VM_global_library.vm
2011-08-17 22:11:36,201 - ResourceManager : unable to find resource 'VM_global_library.vm' in any resource loader.
2011-08-17 22:11:36,201 - Velocimacro : error using  VM library template VM_global_library.vm : org.apache.velocity.exception.ResourceNotFoundException: Unable to find resource 'VM_global_library.vm'
2011-08-17 22:11:36,201 - Velocimacro :  VM library template macro registration complete.
2011-08-17 22:11:36,201 - Velocimacro : allowInline = true : VMs can be defined inline in templates
2011-08-17 22:11:36,201 - Velocimacro : allowInlineToOverride = false : VMs defined inline may NOT replace previous VM definitions
2011-08-17 22:11:36,201 - Velocimacro : allowInlineLocal = false : VMs defined inline will be  global in scope if allowed.
2011-08-17 22:11:36,201 - Velocimacro : messages on  : VM system will output logging messages
2011-08-17 22:11:36,201 - Velocimacro : autoload off  : VM system will not automatically reload global library macros
2011-08-17 22:11:36,201 - Velocimacro : initialization complete.
2011-08-17 22:11:36,201 - Velocity successfully started.
2011-08-21 12:37:56,109 - SimpleLog4JLogSystem initialized using logfile 'velocity.log'
2011-08-21 12:37:56,136 - ************************************************************** 
2011-08-21 12:37:56,136 - Starting Jakarta Velocity v1.4
2011-08-21 12:37:56,136 - RuntimeInstance initializing.
2011-08-21 12:37:56,136 - Default Properties File: org/apache/velocity/runtime/defaults/velocity.properties
2011-08-21 12:37:56,137 - Trying to use logger class org.apache.velocity.runtime.log.SimpleLog4JLogSystem
2011-08-21 12:37:56,137 - Using logger class org.apache.velocity.runtime.log.SimpleLog4JLogSystem
2011-08-21 12:37:56,143 - Default ResourceManager initializing. (class org.apache.velocity.runtime.resource.ResourceManagerImpl)
2011-08-21 12:37:56,168 - Resource Loader Instantiated: org.apache.velocity.runtime.resource.loader.ClasspathResourceLoader
2011-08-21 12:37:56,168 - ClasspathResourceLoader : initialization starting.
2011-08-21 12:37:56,168 - ClasspathResourceLoader : initialization complete.
2011-08-21 12:37:56,171 - ResourceCache : initialized. (class org.apache.velocity.runtime.resource.ResourceCacheImpl)
2011-08-21 12:37:56,171 - Default ResourceManager initialization complete.
2011-08-21 12:37:56,178 - Loaded System Directive: org.apache.velocity.runtime.directive.Literal
2011-08-21 12:37:56,181 - Loaded System Directive: org.apache.velocity.runtime.directive.Macro
2011-08-21 12:37:56,185 - Loaded System Directive: org.apache.velocity.runtime.directive.Parse
2011-08-21 12:37:56,187 - Loaded System Directive: org.apache.velocity.runtime.directive.Include
2011-08-21 12:37:56,188 - Loaded System Directive: org.apache.velocity.runtime.directive.Foreach
2011-08-21 12:37:56,236 - Created: 20 parsers.
2011-08-21 12:37:56,244 - Velocimacro : initialization starting.
2011-08-21 12:37:56,244 - Velocimacro : adding VMs from VM library template : VM_global_library.vm
2011-08-21 12:37:56,250 - ResourceManager : unable to find resource 'VM_global_library.vm' in any resource loader.
2011-08-21 12:37:56,250 - Velocimacro : error using  VM library template VM_global_library.vm : org.apache.velocity.exception.ResourceNotFoundException: Unable to find resource 'VM_global_library.vm'
2011-08-21 12:37:56,250 - Velocimacro :  VM library template macro registration complete.
2011-08-21 12:37:56,250 - Velocimacro : allowInline = true : VMs can be defined inline in templates
2011-08-21 12:37:56,250 - Velocimacro : allowInlineToOverride = false : VMs defined inline may NOT replace previous VM definitions
2011-08-21 12:37:56,250 - Velocimacro : allowInlineLocal = false : VMs defined inline will be  global in scope if allowed.
2011-08-21 12:37:56,251 - Velocimacro : messages on  : VM system will output logging messages
2011-08-21 12:37:56,251 - Velocimacro : autoload off  : VM system will not automatically reload global library macros
2011-08-21 12:37:56,251 - Velocimacro : initialization complete.
2011-08-21 12:37:56,251 - Velocity successfully started.
2011-10-14 16:58:32,903 - SimpleLog4JLogSystem initialized using logfile 'velocity.log'
2011-10-14 16:58:32,915 - ************************************************************** 
2011-10-14 16:58:32,915 - Starting Jakarta Velocity v1.4
2011-10-14 16:58:32,915 - RuntimeInstance initializing.
2011-10-14 16:58:32,915 - Default Properties File: org/apache/velocity/runtime/defaults/velocity.properties
2011-10-14 16:58:32,915 - Trying to use logger class org.apache.velocity.runtime.log.SimpleLog4JLogSystem
2011-10-14 16:58:32,915 - Using logger class org.apache.velocity.runtime.log.SimpleLog4JLogSystem
2011-10-14 16:58:32,922 - Default ResourceManager initializing. (class org.apache.velocity.runtime.resource.ResourceManagerImpl)
2011-10-14 16:58:32,924 - Resource Loader Instantiated: org.apache.velocity.runtime.resource.loader.ClasspathResourceLoader
2011-10-14 16:58:32,924 - ClasspathResourceLoader : initialization starting.
2011-10-14 16:58:32,925 - ClasspathResourceLoader : initialization complete.
2011-10-14 16:58:32,926 - ResourceCache : initialized. (class org.apache.velocity.runtime.resource.ResourceCacheImpl)
2011-10-14 16:58:32,926 - Default ResourceManager initialization complete.
2011-10-14 16:58:32,928 - Loaded System Directive: org.apache.velocity.runtime.directive.Literal
2011-10-14 16:58:32,930 - Loaded System Directive: org.apache.velocity.runtime.directive.Macro
2011-10-14 16:58:32,932 - Loaded System Directive: org.apache.velocity.runtime.directive.Parse
2011-10-14 16:58:32,934 - Loaded System Directive: org.apache.velocity.runtime.directive.Include
2011-10-14 16:58:32,934 - Loaded System Directive: org.apache.velocity.runtime.directive.Foreach
2011-10-14 16:58:32,962 - Created: 20 parsers.
2011-10-14 16:58:32,969 - Velocimacro : initialization starting.
2011-10-14 16:58:32,969 - Velocimacro : adding VMs from VM library template : VM_global_library.vm
2011-10-14 16:58:32,974 - ResourceManager : unable to find resource 'VM_global_library.vm' in any resource loader.
2011-10-14 16:58:32,974 - Velocimacro : error using  VM library template VM_global_library.vm : org.apache.velocity.exception.ResourceNotFoundException: Unable to find resource 'VM_global_library.vm'
2011-10-14 16:58:32,974 - Velocimacro :  VM library template macro registration complete.
2011-10-14 16:58:32,974 - Velocimacro : allowInline = true : VMs can be defined inline in templates
2011-10-14 16:58:32,974 - Velocimacro : allowInlineToOverride = false : VMs defined inline may NOT replace previous VM definitions
2011-10-14 16:58:32,974 - Velocimacro : allowInlineLocal = false : VMs defined inline will be  global in scope if allowed.
2011-10-14 16:58:32,974 - Velocimacro : messages on  : VM system will output logging messages
2011-10-14 16:58:32,975 - Velocimacro : autoload off  : VM system will not automatically reload global library macros
2011-10-14 16:58:32,975 - Velocimacro : initialization complete.
2011-10-14 16:58:32,975 - Velocity successfully started.
