2011-10-17 12:32:52,559 - SimpleLog4JLogSystem initialized using logfile 'velocity.log'
2011-10-17 12:32:52,559 - ************************************************************** 
2011-10-17 12:32:52,559 - Starting Jakarta Velocity v1.4
2011-10-17 12:32:52,559 - RuntimeInstance initializing.
2011-10-17 12:32:52,559 - Default Properties File: org/apache/velocity/runtime/defaults/velocity.properties
2011-10-17 12:32:52,559 - Trying to use logger class org.apache.velocity.runtime.log.SimpleLog4JLogSystem
2011-10-17 12:32:52,559 - Using logger class org.apache.velocity.runtime.log.SimpleLog4JLogSystem
2011-10-17 12:32:52,565 - Default ResourceManager initializing. (class org.apache.velocity.runtime.resource.ResourceManagerImpl)
2011-10-17 12:32:52,567 - Resource Loader Instantiated: org.apache.velocity.runtime.resource.loader.ClasspathResourceLoader
2011-10-17 12:32:52,568 - ClasspathResourceLoader : initialization starting.
2011-10-17 12:32:52,568 - ClasspathResourceLoader : initialization complete.
2011-10-17 12:32:52,569 - ResourceCache : initialized. (class org.apache.velocity.runtime.resource.ResourceCacheImpl)
2011-10-17 12:32:52,569 - Default ResourceManager initialization complete.
2011-10-17 12:32:52,571 - Loaded System Directive: org.apache.velocity.runtime.directive.Literal
2011-10-17 12:32:52,573 - Loaded System Directive: org.apache.velocity.runtime.directive.Macro
2011-10-17 12:32:52,575 - Loaded System Directive: org.apache.velocity.runtime.directive.Parse
2011-10-17 12:32:52,577 - Loaded System Directive: org.apache.velocity.runtime.directive.Include
2011-10-17 12:32:52,578 - Loaded System Directive: org.apache.velocity.runtime.directive.Foreach
2011-10-17 12:32:52,605 - Created: 20 parsers.
2011-10-17 12:32:52,612 - Velocimacro : initialization starting.
2011-10-17 12:32:52,613 - Velocimacro : adding VMs from VM library template : VM_global_library.vm
2011-10-17 12:32:52,617 - ResourceManager : unable to find resource 'VM_global_library.vm' in any resource loader.
2011-10-17 12:32:52,617 - Velocimacro : error using  VM library template VM_global_library.vm : org.apache.velocity.exception.ResourceNotFoundException: Unable to find resource 'VM_global_library.vm'
2011-10-17 12:32:52,617 - Velocimacro :  VM library template macro registration complete.
2011-10-17 12:32:52,618 - Velocimacro : allowInline = true : VMs can be defined inline in templates
2011-10-17 12:32:52,618 - Velocimacro : allowInlineToOverride = false : VMs defined inline may NOT replace previous VM definitions
2011-10-17 12:32:52,618 - Velocimacro : allowInlineLocal = false : VMs defined inline will be  global in scope if allowed.
2011-10-17 12:32:52,618 - Velocimacro : messages on  : VM system will output logging messages
2011-10-17 12:32:52,618 - Velocimacro : autoload off  : VM system will not automatically reload global library macros
2011-10-17 12:32:52,618 - Velocimacro : initialization complete.
2011-10-17 12:32:52,618 - Velocity successfully started.
