2011-07-11 22:36:50,794 - Velocimacro : allowInlineLocal = false : VMs defined inline will be  global in scope if allowed.
2011-07-11 22:36:50,794 - Velocimacro : messages on  : VM system will output logging messages
2011-07-11 22:36:50,794 - Velocimacro : autoload off  : VM system will not automatically reload global library macros
2011-07-11 22:36:50,794 - Velocimacro : initialization complete.
2011-07-11 22:36:50,794 - Velocity successfully started.
2011-07-11 22:39:30,056 - SimpleLog4JLogSystem initialized using logfile 'velocity.log'
2011-07-11 22:39:30,056 - ************************************************************** 
2011-07-11 22:39:30,056 - Starting Jakarta Velocity v1.4
2011-07-11 22:39:30,056 - RuntimeInstance initializing.
2011-07-11 22:39:30,056 - Default Properties File: org/apache/velocity/runtime/defaults/velocity.properties
2011-07-11 22:39:30,057 - Trying to use logger class org.apache.velocity.runtime.log.SimpleLog4JLogSystem
2011-07-11 22:39:30,057 - Using logger class org.apache.velocity.runtime.log.SimpleLog4JLogSystem
2011-07-11 22:39:30,060 - Default ResourceManager initializing. (class org.apache.velocity.runtime.resource.ResourceManagerImpl)
2011-07-11 22:39:30,067 - Resource Loader Instantiated: org.apache.velocity.runtime.resource.loader.ClasspathResourceLoader
2011-07-11 22:39:30,067 - ClasspathResourceLoader : initialization starting.
2011-07-11 22:39:30,067 - ClasspathResourceLoader : initialization complete.
2011-07-11 22:39:30,069 - ResourceCache : initialized. (class org.apache.velocity.runtime.resource.ResourceCacheImpl)
2011-07-11 22:39:30,069 - Default ResourceManager initialization complete.
2011-07-11 22:39:30,075 - Loaded System Directive: org.apache.velocity.runtime.directive.Literal
2011-07-11 22:39:30,077 - Loaded System Directive: org.apache.velocity.runtime.directive.Macro
2011-07-11 22:39:30,080 - Loaded System Directive: org.apache.velocity.runtime.directive.Parse
2011-07-11 22:39:30,082 - Loaded System Directive: org.apache.velocity.runtime.directive.Include
2011-07-11 22:39:30,083 - Loaded System Directive: org.apache.velocity.runtime.directive.Foreach
2011-07-11 22:39:30,115 - Created: 20 parsers.
2011-07-11 22:39:30,123 - Velocimacro : initialization starting.
2011-07-11 22:39:30,124 - Velocimacro : adding VMs from VM library template : VM_global_library.vm
2011-07-11 22:39:30,129 - ResourceManager : unable to find resource 'VM_global_library.vm' in any resource loader.
2011-07-11 22:39:30,130 - Velocimacro : error using  VM library template VM_global_library.vm : org.apache.velocity.exception.ResourceNotFoundException: Unable to find resource 'VM_global_library.vm'
2011-07-11 22:39:30,130 - Velocimacro :  VM library template macro registration complete.
2011-07-11 22:39:30,130 - Velocimacro : allowInline = true : VMs can be defined inline in templates
2011-07-11 22:39:30,130 - Velocimacro : allowInlineToOverride = false : VMs defined inline may NOT replace previous VM definitions
2011-07-11 22:39:30,130 - Velocimacro : allowInlineLocal = false : VMs defined inline will be  global in scope if allowed.
2011-07-11 22:39:30,130 - Velocimacro : messages on  : VM system will output logging messages
2011-07-11 22:39:30,130 - Velocimacro : autoload off  : VM system will not automatically reload global library macros
2011-07-11 22:39:30,130 - Velocimacro : initialization complete.
2011-07-11 22:39:30,130 - Velocity successfully started.
2011-07-11 22:44:04,139 - SimpleLog4JLogSystem initialized using logfile 'velocity.log'
2011-07-11 22:44:04,140 - ************************************************************** 
2011-07-11 22:44:04,140 - Starting Jakarta Velocity v1.4
2011-07-11 22:44:04,140 - RuntimeInstance initializing.
2011-07-11 22:44:04,140 - Default Properties File: org/apache/velocity/runtime/defaults/velocity.properties
2011-07-11 22:44:04,140 - Trying to use logger class org.apache.velocity.runtime.log.SimpleLog4JLogSystem
2011-07-11 22:44:04,140 - Using logger class org.apache.velocity.runtime.log.SimpleLog4JLogSystem
2011-07-11 22:44:04,144 - Default ResourceManager initializing. (class org.apache.velocity.runtime.resource.ResourceManagerImpl)
2011-07-11 22:44:04,147 - Resource Loader Instantiated: org.apache.velocity.runtime.resource.loader.ClasspathResourceLoader
2011-07-11 22:44:04,147 - ClasspathResourceLoader : initialization starting.
2011-07-11 22:44:04,147 - ClasspathResourceLoader : initialization complete.
2011-07-11 22:44:04,149 - ResourceCache : initialized. (class org.apache.velocity.runtime.resource.ResourceCacheImpl)
2011-07-11 22:44:04,149 - Default ResourceManager initialization complete.
2011-07-11 22:44:04,151 - Loaded System Directive: org.apache.velocity.runtime.directive.Literal
2011-07-11 22:44:04,155 - Loaded System Directive: org.apache.velocity.runtime.directive.Macro
2011-07-11 22:44:04,159 - Loaded System Directive: org.apache.velocity.runtime.directive.Parse
2011-07-11 22:44:04,161 - Loaded System Directive: org.apache.velocity.runtime.directive.Include
2011-07-11 22:44:04,162 - Loaded System Directive: org.apache.velocity.runtime.directive.Foreach
2011-07-11 22:44:04,195 - Created: 20 parsers.
2011-07-11 22:44:04,203 - Velocimacro : initialization starting.
2011-07-11 22:44:04,203 - Velocimacro : adding VMs from VM library template : VM_global_library.vm
2011-07-11 22:44:04,209 - ResourceManager : unable to find resource 'VM_global_library.vm' in any resource loader.
2011-07-11 22:44:04,209 - Velocimacro : error using  VM library template VM_global_library.vm : org.apache.velocity.exception.ResourceNotFoundException: Unable to find resource 'VM_global_library.vm'
2011-07-11 22:44:04,209 - Velocimacro :  VM library template macro registration complete.
2011-07-11 22:44:04,209 - Velocimacro : allowInline = true : VMs can be defined inline in templates
2011-07-11 22:44:04,209 - Velocimacro : allowInlineToOverride = false : VMs defined inline may NOT replace previous VM definitions
2011-07-11 22:44:04,209 - Velocimacro : allowInlineLocal = false : VMs defined inline will be  global in scope if allowed.
2011-07-11 22:44:04,209 - Velocimacro : messages on  : VM system will output logging messages
2011-07-11 22:44:04,209 - Velocimacro : autoload off  : VM system will not automatically reload global library macros
2011-07-11 22:44:04,209 - Velocimacro : initialization complete.
2011-07-11 22:44:04,209 - Velocity successfully started.
2011-07-11 22:54:34,039 - SimpleLog4JLogSystem initialized using logfile 'velocity.log'
2011-07-11 22:54:34,040 - ************************************************************** 
2011-07-11 22:54:34,040 - Starting Jakarta Velocity v1.4
2011-07-11 22:54:34,040 - RuntimeInstance initializing.
2011-07-11 22:54:34,040 - Default Properties File: org/apache/velocity/runtime/defaults/velocity.properties
2011-07-11 22:54:34,040 - Trying to use logger class org.apache.velocity.runtime.log.SimpleLog4JLogSystem
2011-07-11 22:54:34,040 - Using logger class org.apache.velocity.runtime.log.SimpleLog4JLogSystem
2011-07-11 22:54:34,044 - Default ResourceManager initializing. (class org.apache.velocity.runtime.resource.ResourceManagerImpl)
2011-07-11 22:54:34,047 - Resource Loader Instantiated: org.apache.velocity.runtime.resource.loader.ClasspathResourceLoader
2011-07-11 22:54:34,047 - ClasspathResourceLoader : initialization starting.
2011-07-11 22:54:34,047 - ClasspathResourceLoader : initialization complete.
2011-07-11 22:54:34,050 - ResourceCache : initialized. (class org.apache.velocity.runtime.resource.ResourceCacheImpl)
2011-07-11 22:54:34,050 - Default ResourceManager initialization complete.
2011-07-11 22:54:34,063 - Loaded System Directive: org.apache.velocity.runtime.directive.Literal
2011-07-11 22:54:34,065 - Loaded System Directive: org.apache.velocity.runtime.directive.Macro
2011-07-11 22:54:34,069 - Loaded System Directive: org.apache.velocity.runtime.directive.Parse
2011-07-11 22:54:34,071 - Loaded System Directive: org.apache.velocity.runtime.directive.Include
2011-07-11 22:54:34,072 - Loaded System Directive: org.apache.velocity.runtime.directive.Foreach
2011-07-11 22:54:34,109 - Created: 20 parsers.
2011-07-11 22:54:34,118 - Velocimacro : initialization starting.
2011-07-11 22:54:34,118 - Velocimacro : adding VMs from VM library template : VM_global_library.vm
2011-07-11 22:54:34,124 - ResourceManager : unable to find resource 'VM_global_library.vm' in any resource loader.
2011-07-11 22:54:34,124 - Velocimacro : error using  VM library template VM_global_library.vm : org.apache.velocity.exception.ResourceNotFoundException: Unable to find resource 'VM_global_library.vm'
2011-07-11 22:54:34,124 - Velocimacro :  VM library template macro registration complete.
2011-07-11 22:54:34,125 - Velocimacro : allowInline = true : VMs can be defined inline in templates
2011-07-11 22:54:34,125 - Velocimacro : allowInlineToOverride = false : VMs defined inline may NOT replace previous VM definitions
2011-07-11 22:54:34,125 - Velocimacro : allowInlineLocal = false : VMs defined inline will be  global in scope if allowed.
2011-07-11 22:54:34,125 - Velocimacro : messages on  : VM system will output logging messages
2011-07-11 22:54:34,125 - Velocimacro : autoload off  : VM system will not automatically reload global library macros
2011-07-11 22:54:34,125 - Velocimacro : initialization complete.
2011-07-11 22:54:34,125 - Velocity successfully started.
2011-07-11 22:57:54,982 - SimpleLog4JLogSystem initialized using logfile 'velocity.log'
2011-07-11 22:57:54,983 - ************************************************************** 
2011-07-11 22:57:54,983 - Starting Jakarta Velocity v1.4
2011-07-11 22:57:54,983 - RuntimeInstance initializing.
2011-07-11 22:57:54,983 - Default Properties File: org/apache/velocity/runtime/defaults/velocity.properties
2011-07-11 22:57:54,983 - Trying to use logger class org.apache.velocity.runtime.log.SimpleLog4JLogSystem
2011-07-11 22:57:54,983 - Using logger class org.apache.velocity.runtime.log.SimpleLog4JLogSystem
2011-07-11 22:57:54,990 - Default ResourceManager initializing. (class org.apache.velocity.runtime.resource.ResourceManagerImpl)
2011-07-11 22:57:54,998 - Resource Loader Instantiated: org.apache.velocity.runtime.resource.loader.ClasspathResourceLoader
2011-07-11 22:57:54,998 - ClasspathResourceLoader : initialization starting.
2011-07-11 22:57:54,998 - ClasspathResourceLoader : initialization complete.
2011-07-11 22:57:54,999 - ResourceCache : initialized. (class org.apache.velocity.runtime.resource.ResourceCacheImpl)
2011-07-11 22:57:55,000 - Default ResourceManager initialization complete.
2011-07-11 22:57:55,001 - Loaded System Directive: org.apache.velocity.runtime.directive.Literal
2011-07-11 22:57:55,003 - Loaded System Directive: org.apache.velocity.runtime.directive.Macro
2011-07-11 22:57:55,006 - Loaded System Directive: org.apache.velocity.runtime.directive.Parse
2011-07-11 22:57:55,008 - Loaded System Directive: org.apache.velocity.runtime.directive.Include
2011-07-11 22:57:55,009 - Loaded System Directive: org.apache.velocity.runtime.directive.Foreach
2011-07-11 22:57:55,041 - Created: 20 parsers.
2011-07-11 22:57:55,050 - Velocimacro : initialization starting.
2011-07-11 22:57:55,050 - Velocimacro : adding VMs from VM library template : VM_global_library.vm
2011-07-11 22:57:55,056 - ResourceManager : unable to find resource 'VM_global_library.vm' in any resource loader.
2011-07-11 22:57:55,056 - Velocimacro : error using  VM library template VM_global_library.vm : org.apache.velocity.exception.ResourceNotFoundException: Unable to find resource 'VM_global_library.vm'
2011-07-11 22:57:55,056 - Velocimacro :  VM library template macro registration complete.
2011-07-11 22:57:55,056 - Velocimacro : allowInline = true : VMs can be defined inline in templates
2011-07-11 22:57:55,056 - Velocimacro : allowInlineToOverride = false : VMs defined inline may NOT replace previous VM definitions
2011-07-11 22:57:55,056 - Velocimacro : allowInlineLocal = false : VMs defined inline will be  global in scope if allowed.
2011-07-11 22:57:55,056 - Velocimacro : messages on  : VM system will output logging messages
2011-07-11 22:57:55,056 - Velocimacro : autoload off  : VM system will not automatically reload global library macros
2011-07-11 22:57:55,056 - Velocimacro : initialization complete.
2011-07-11 22:57:55,056 - Velocity successfully started.
2011-07-11 22:59:54,037 - SimpleLog4JLogSystem initialized using logfile 'velocity.log'
2011-07-11 22:59:54,037 - ************************************************************** 
2011-07-11 22:59:54,037 - Starting Jakarta Velocity v1.4
2011-07-11 22:59:54,037 - RuntimeInstance initializing.
2011-07-11 22:59:54,037 - Default Properties File: org/apache/velocity/runtime/defaults/velocity.properties
2011-07-11 22:59:54,037 - Trying to use logger class org.apache.velocity.runtime.log.SimpleLog4JLogSystem
2011-07-11 22:59:54,037 - Using logger class org.apache.velocity.runtime.log.SimpleLog4JLogSystem
2011-07-11 22:59:54,041 - Default ResourceManager initializing. (class org.apache.velocity.runtime.resource.ResourceManagerImpl)
2011-07-11 22:59:54,045 - Resource Loader Instantiated: org.apache.velocity.runtime.resource.loader.ClasspathResourceLoader
2011-07-11 22:59:54,045 - ClasspathResourceLoader : initialization starting.
2011-07-11 22:59:54,045 - ClasspathResourceLoader : initialization complete.
2011-07-11 22:59:54,047 - ResourceCache : initialized. (class org.apache.velocity.runtime.resource.ResourceCacheImpl)
2011-07-11 22:59:54,047 - Default ResourceManager initialization complete.
2011-07-11 22:59:54,051 - Loaded System Directive: org.apache.velocity.runtime.directive.Literal
2011-07-11 22:59:54,053 - Loaded System Directive: org.apache.velocity.runtime.directive.Macro
2011-07-11 22:59:54,056 - Loaded System Directive: org.apache.velocity.runtime.directive.Parse
2011-07-11 22:59:54,058 - Loaded System Directive: org.apache.velocity.runtime.directive.Include
2011-07-11 22:59:54,059 - Loaded System Directive: org.apache.velocity.runtime.directive.Foreach
2011-07-11 22:59:54,092 - Created: 20 parsers.
2011-07-11 22:59:54,100 - Velocimacro : initialization starting.
2011-07-11 22:59:54,100 - Velocimacro : adding VMs from VM library template : VM_global_library.vm
2011-07-11 22:59:54,106 - ResourceManager : unable to find resource 'VM_global_library.vm' in any resource loader.
2011-07-11 22:59:54,106 - Velocimacro : error using  VM library template VM_global_library.vm : org.apache.velocity.exception.ResourceNotFoundException: Unable to find resource 'VM_global_library.vm'
2011-07-11 22:59:54,106 - Velocimacro :  VM library template macro registration complete.
2011-07-11 22:59:54,106 - Velocimacro : allowInline = true : VMs can be defined inline in templates
2011-07-11 22:59:54,106 - Velocimacro : allowInlineToOverride = false : VMs defined inline may NOT replace previous VM definitions
2011-07-11 22:59:54,106 - Velocimacro : allowInlineLocal = false : VMs defined inline will be  global in scope if allowed.
2011-07-11 22:59:54,106 - Velocimacro : messages on  : VM system will output logging messages
2011-07-11 22:59:54,106 - Velocimacro : autoload off  : VM system will not automatically reload global library macros
2011-07-11 22:59:54,106 - Velocimacro : initialization complete.
2011-07-11 22:59:54,106 - Velocity successfully started.
2011-07-11 23:06:08,537 - SimpleLog4JLogSystem initialized using logfile 'velocity.log'
2011-07-11 23:06:08,538 - ************************************************************** 
2011-07-11 23:06:08,538 - Starting Jakarta Velocity v1.4
2011-07-11 23:06:08,538 - RuntimeInstance initializing.
2011-07-11 23:06:08,538 - Default Properties File: org/apache/velocity/runtime/defaults/velocity.properties
2011-07-11 23:06:08,538 - Trying to use logger class org.apache.velocity.runtime.log.SimpleLog4JLogSystem
2011-07-11 23:06:08,538 - Using logger class org.apache.velocity.runtime.log.SimpleLog4JLogSystem
2011-07-11 23:06:08,542 - Default ResourceManager initializing. (class org.apache.velocity.runtime.resource.ResourceManagerImpl)
2011-07-11 23:06:08,547 - Resource Loader Instantiated: org.apache.velocity.runtime.resource.loader.ClasspathResourceLoader
2011-07-11 23:06:08,548 - ClasspathResourceLoader : initialization starting.
2011-07-11 23:06:08,548 - ClasspathResourceLoader : initialization complete.
2011-07-11 23:06:08,550 - ResourceCache : initialized. (class org.apache.velocity.runtime.resource.ResourceCacheImpl)
2011-07-11 23:06:08,550 - Default ResourceManager initialization complete.
2011-07-11 23:06:08,554 - Loaded System Directive: org.apache.velocity.runtime.directive.Literal
2011-07-11 23:06:08,557 - Loaded System Directive: org.apache.velocity.runtime.directive.Macro
2011-07-11 23:06:08,560 - Loaded System Directive: org.apache.velocity.runtime.directive.Parse
2011-07-11 23:06:08,562 - Loaded System Directive: org.apache.velocity.runtime.directive.Include
2011-07-11 23:06:08,563 - Loaded System Directive: org.apache.velocity.runtime.directive.Foreach
2011-07-11 23:06:08,596 - Created: 20 parsers.
2011-07-11 23:06:08,604 - Velocimacro : initialization starting.
2011-07-11 23:06:08,604 - Velocimacro : adding VMs from VM library template : VM_global_library.vm
2011-07-11 23:06:08,610 - ResourceManager : unable to find resource 'VM_global_library.vm' in any resource loader.
2011-07-11 23:06:08,610 - Velocimacro : error using  VM library template VM_global_library.vm : org.apache.velocity.exception.ResourceNotFoundException: Unable to find resource 'VM_global_library.vm'
2011-07-11 23:06:08,610 - Velocimacro :  VM library template macro registration complete.
2011-07-11 23:06:08,610 - Velocimacro : allowInline = true : VMs can be defined inline in templates
2011-07-11 23:06:08,610 - Velocimacro : allowInlineToOverride = false : VMs defined inline may NOT replace previous VM definitions
2011-07-11 23:06:08,611 - Velocimacro : allowInlineLocal = false : VMs defined inline will be  global in scope if allowed.
2011-07-11 23:06:08,611 - Velocimacro : messages on  : VM system will output logging messages
2011-07-11 23:06:08,611 - Velocimacro : autoload off  : VM system will not automatically reload global library macros
2011-07-11 23:06:08,611 - Velocimacro : initialization complete.
2011-07-11 23:06:08,611 - Velocity successfully started.
2011-07-11 23:07:03,963 - SimpleLog4JLogSystem initialized using logfile 'velocity.log'
2011-07-11 23:07:03,963 - ************************************************************** 
2011-07-11 23:07:03,963 - Starting Jakarta Velocity v1.4
2011-07-11 23:07:03,963 - RuntimeInstance initializing.
2011-07-11 23:07:03,963 - Default Properties File: org/apache/velocity/runtime/defaults/velocity.properties
2011-07-11 23:07:03,963 - Trying to use logger class org.apache.velocity.runtime.log.SimpleLog4JLogSystem
2011-07-11 23:07:03,963 - Using logger class org.apache.velocity.runtime.log.SimpleLog4JLogSystem
2011-07-11 23:07:03,967 - Default ResourceManager initializing. (class org.apache.velocity.runtime.resource.ResourceManagerImpl)
2011-07-11 23:07:03,974 - Resource Loader Instantiated: org.apache.velocity.runtime.resource.loader.ClasspathResourceLoader
2011-07-11 23:07:03,974 - ClasspathResourceLoader : initialization starting.
2011-07-11 23:07:03,974 - ClasspathResourceLoader : initialization complete.
2011-07-11 23:07:03,976 - ResourceCache : initialized. (class org.apache.velocity.runtime.resource.ResourceCacheImpl)
2011-07-11 23:07:03,977 - Default ResourceManager initialization complete.
2011-07-11 23:07:03,978 - Loaded System Directive: org.apache.velocity.runtime.directive.Literal
2011-07-11 23:07:03,980 - Loaded System Directive: org.apache.velocity.runtime.directive.Macro
2011-07-11 23:07:03,986 - Loaded System Directive: org.apache.velocity.runtime.directive.Parse
2011-07-11 23:07:03,988 - Loaded System Directive: org.apache.velocity.runtime.directive.Include
2011-07-11 23:07:03,989 - Loaded System Directive: org.apache.velocity.runtime.directive.Foreach
2011-07-11 23:07:04,022 - Created: 20 parsers.
2011-07-11 23:07:04,030 - Velocimacro : initialization starting.
2011-07-11 23:07:04,031 - Velocimacro : adding VMs from VM library template : VM_global_library.vm
2011-07-11 23:07:04,037 - ResourceManager : unable to find resource 'VM_global_library.vm' in any resource loader.
2011-07-11 23:07:04,037 - Velocimacro : error using  VM library template VM_global_library.vm : org.apache.velocity.exception.ResourceNotFoundException: Unable to find resource 'VM_global_library.vm'
2011-07-11 23:07:04,037 - Velocimacro :  VM library template macro registration complete.
2011-07-11 23:07:04,037 - Velocimacro : allowInline = true : VMs can be defined inline in templates
2011-07-11 23:07:04,037 - Velocimacro : allowInlineToOverride = false : VMs defined inline may NOT replace previous VM definitions
2011-07-11 23:07:04,037 - Velocimacro : allowInlineLocal = false : VMs defined inline will be  global in scope if allowed.
2011-07-11 23:07:04,037 - Velocimacro : messages on  : VM system will output logging messages
2011-07-11 23:07:04,037 - Velocimacro : autoload off  : VM system will not automatically reload global library macros
2011-07-11 23:07:04,037 - Velocimacro : initialization complete.
2011-07-11 23:07:04,037 - Velocity successfully started.
2011-07-11 23:09:25,541 - SimpleLog4JLogSystem initialized using logfile 'velocity.log'
2011-07-11 23:09:25,542 - ************************************************************** 
2011-07-11 23:09:25,542 - Starting Jakarta Velocity v1.4
2011-07-11 23:09:25,542 - RuntimeInstance initializing.
2011-07-11 23:09:25,542 - Default Properties File: org/apache/velocity/runtime/defaults/velocity.properties
2011-07-11 23:09:25,542 - Trying to use logger class org.apache.velocity.runtime.log.SimpleLog4JLogSystem
2011-07-11 23:09:25,542 - Using logger class org.apache.velocity.runtime.log.SimpleLog4JLogSystem
2011-07-11 23:09:25,546 - Default ResourceManager initializing. (class org.apache.velocity.runtime.resource.ResourceManagerImpl)
2011-07-11 23:09:25,549 - Resource Loader Instantiated: org.apache.velocity.runtime.resource.loader.ClasspathResourceLoader
2011-07-11 23:09:25,549 - ClasspathResourceLoader : initialization starting.
2011-07-11 23:09:25,549 - ClasspathResourceLoader : initialization complete.
2011-07-11 23:09:25,551 - ResourceCache : initialized. (class org.apache.velocity.runtime.resource.ResourceCacheImpl)
2011-07-11 23:09:25,551 - Default ResourceManager initialization complete.
2011-07-11 23:09:25,557 - Loaded System Directive: org.apache.velocity.runtime.directive.Literal
2011-07-11 23:09:25,559 - Loaded System Directive: org.apache.velocity.runtime.directive.Macro
2011-07-11 23:09:25,561 - Loaded System Directive: org.apache.velocity.runtime.directive.Parse
2011-07-11 23:09:25,563 - Loaded System Directive: org.apache.velocity.runtime.directive.Include
2011-07-11 23:09:25,564 - Loaded System Directive: org.apache.velocity.runtime.directive.Foreach
2011-07-11 23:09:25,597 - Created: 20 parsers.
2011-07-11 23:09:25,605 - Velocimacro : initialization starting.
2011-07-11 23:09:25,605 - Velocimacro : adding VMs from VM library template : VM_global_library.vm
2011-07-11 23:09:25,611 - ResourceManager : unable to find resource 'VM_global_library.vm' in any resource loader.
2011-07-11 23:09:25,611 - Velocimacro : error using  VM library template VM_global_library.vm : org.apache.velocity.exception.ResourceNotFoundException: Unable to find resource 'VM_global_library.vm'
2011-07-11 23:09:25,611 - Velocimacro :  VM library template macro registration complete.
2011-07-11 23:09:25,611 - Velocimacro : allowInline = true : VMs can be defined inline in templates
2011-07-11 23:09:25,611 - Velocimacro : allowInlineToOverride = false : VMs defined inline may NOT replace previous VM definitions
2011-07-11 23:09:25,611 - Velocimacro : allowInlineLocal = false : VMs defined inline will be  global in scope if allowed.
2011-07-11 23:09:25,611 - Velocimacro : messages on  : VM system will output logging messages
2011-07-11 23:09:25,611 - Velocimacro : autoload off  : VM system will not automatically reload global library macros
2011-07-11 23:09:25,611 - Velocimacro : initialization complete.
2011-07-11 23:09:25,611 - Velocity successfully started.
2011-07-11 23:11:08,221 - SimpleLog4JLogSystem initialized using logfile 'velocity.log'
2011-07-11 23:11:08,221 - ************************************************************** 
2011-07-11 23:11:08,221 - Starting Jakarta Velocity v1.4
2011-07-11 23:11:08,221 - RuntimeInstance initializing.
2011-07-11 23:11:08,221 - Default Properties File: org/apache/velocity/runtime/defaults/velocity.properties
2011-07-11 23:11:08,221 - Trying to use logger class org.apache.velocity.runtime.log.SimpleLog4JLogSystem
2011-07-11 23:11:08,221 - Using logger class org.apache.velocity.runtime.log.SimpleLog4JLogSystem
2011-07-11 23:11:08,225 - Default ResourceManager initializing. (class org.apache.velocity.runtime.resource.ResourceManagerImpl)
2011-07-11 23:11:08,229 - Resource Loader Instantiated: org.apache.velocity.runtime.resource.loader.ClasspathResourceLoader
2011-07-11 23:11:08,229 - ClasspathResourceLoader : initialization starting.
2011-07-11 23:11:08,229 - ClasspathResourceLoader : initialization complete.
2011-07-11 23:11:08,230 - ResourceCache : initialized. (class org.apache.velocity.runtime.resource.ResourceCacheImpl)
2011-07-11 23:11:08,231 - Default ResourceManager initialization complete.
2011-07-11 23:11:08,232 - Loaded System Directive: org.apache.velocity.runtime.directive.Literal
2011-07-11 23:11:08,237 - Loaded System Directive: org.apache.velocity.runtime.directive.Macro
2011-07-11 23:11:08,241 - Loaded System Directive: org.apache.velocity.runtime.directive.Parse
2011-07-11 23:11:08,243 - Loaded System Directive: org.apache.velocity.runtime.directive.Include
2011-07-11 23:11:08,244 - Loaded System Directive: org.apache.velocity.runtime.directive.Foreach
2011-07-11 23:11:08,276 - Created: 20 parsers.
2011-07-11 23:11:08,284 - Velocimacro : initialization starting.
2011-07-11 23:11:08,284 - Velocimacro : adding VMs from VM library template : VM_global_library.vm
2011-07-11 23:11:08,290 - ResourceManager : unable to find resource 'VM_global_library.vm' in any resource loader.
2011-07-11 23:11:08,290 - Velocimacro : error using  VM library template VM_global_library.vm : org.apache.velocity.exception.ResourceNotFoundException: Unable to find resource 'VM_global_library.vm'
2011-07-11 23:11:08,290 - Velocimacro :  VM library template macro registration complete.
2011-07-11 23:11:08,290 - Velocimacro : allowInline = true : VMs can be defined inline in templates
2011-07-11 23:11:08,290 - Velocimacro : allowInlineToOverride = false : VMs defined inline may NOT replace previous VM definitions
2011-07-11 23:11:08,290 - Velocimacro : allowInlineLocal = false : VMs defined inline will be  global in scope if allowed.
2011-07-11 23:11:08,290 - Velocimacro : messages on  : VM system will output logging messages
2011-07-11 23:11:08,290 - Velocimacro : autoload off  : VM system will not automatically reload global library macros
2011-07-11 23:11:08,290 - Velocimacro : initialization complete.
2011-07-11 23:11:08,290 - Velocity successfully started.
2011-07-11 23:15:17,102 - SimpleLog4JLogSystem initialized using logfile 'velocity.log'
2011-07-11 23:15:17,102 - ************************************************************** 
2011-07-11 23:15:17,102 - Starting Jakarta Velocity v1.4
2011-07-11 23:15:17,102 - RuntimeInstance initializing.
2011-07-11 23:15:17,102 - Default Properties File: org/apache/velocity/runtime/defaults/velocity.properties
2011-07-11 23:15:17,102 - Trying to use logger class org.apache.velocity.runtime.log.SimpleLog4JLogSystem
2011-07-11 23:15:17,102 - Using logger class org.apache.velocity.runtime.log.SimpleLog4JLogSystem
2011-07-11 23:15:17,106 - Default ResourceManager initializing. (class org.apache.velocity.runtime.resource.ResourceManagerImpl)
2011-07-11 23:15:17,111 - Resource Loader Instantiated: org.apache.velocity.runtime.resource.loader.ClasspathResourceLoader
2011-07-11 23:15:17,111 - ClasspathResourceLoader : initialization starting.
2011-07-11 23:15:17,111 - ClasspathResourceLoader : initialization complete.
2011-07-11 23:15:17,113 - ResourceCache : initialized. (class org.apache.velocity.runtime.resource.ResourceCacheImpl)
2011-07-11 23:15:17,113 - Default ResourceManager initialization complete.
2011-07-11 23:15:17,115 - Loaded System Directive: org.apache.velocity.runtime.directive.Literal
2011-07-11 23:15:17,119 - Loaded System Directive: org.apache.velocity.runtime.directive.Macro
2011-07-11 23:15:17,122 - Loaded System Directive: org.apache.velocity.runtime.directive.Parse
2011-07-11 23:15:17,124 - Loaded System Directive: org.apache.velocity.runtime.directive.Include
2011-07-11 23:15:17,125 - Loaded System Directive: org.apache.velocity.runtime.directive.Foreach
2011-07-11 23:15:17,157 - Created: 20 parsers.
2011-07-11 23:15:17,166 - Velocimacro : initialization starting.
2011-07-11 23:15:17,166 - Velocimacro : adding VMs from VM library template : VM_global_library.vm
2011-07-11 23:15:17,172 - ResourceManager : unable to find resource 'VM_global_library.vm' in any resource loader.
2011-07-11 23:15:17,172 - Velocimacro : error using  VM library template VM_global_library.vm : org.apache.velocity.exception.ResourceNotFoundException: Unable to find resource 'VM_global_library.vm'
2011-07-11 23:15:17,172 - Velocimacro :  VM library template macro registration complete.
2011-07-11 23:15:17,172 - Velocimacro : allowInline = true : VMs can be defined inline in templates
2011-07-11 23:15:17,172 - Velocimacro : allowInlineToOverride = false : VMs defined inline may NOT replace previous VM definitions
2011-07-11 23:15:17,172 - Velocimacro : allowInlineLocal = false : VMs defined inline will be  global in scope if allowed.
2011-07-11 23:15:17,172 - Velocimacro : messages on  : VM system will output logging messages
2011-07-11 23:15:17,172 - Velocimacro : autoload off  : VM system will not automatically reload global library macros
2011-07-11 23:15:17,172 - Velocimacro : initialization complete.
2011-07-11 23:15:17,172 - Velocity successfully started.
2011-07-11 23:28:05,813 - SimpleLog4JLogSystem initialized using logfile 'velocity.log'
2011-07-11 23:28:05,813 - ************************************************************** 
2011-07-11 23:28:05,813 - Starting Jakarta Velocity v1.4
2011-07-11 23:28:05,813 - RuntimeInstance initializing.
2011-07-11 23:28:05,813 - Default Properties File: org/apache/velocity/runtime/defaults/velocity.properties
2011-07-11 23:28:05,813 - Trying to use logger class org.apache.velocity.runtime.log.SimpleLog4JLogSystem
2011-07-11 23:28:05,813 - Using logger class org.apache.velocity.runtime.log.SimpleLog4JLogSystem
2011-07-11 23:28:05,817 - Default ResourceManager initializing. (class org.apache.velocity.runtime.resource.ResourceManagerImpl)
2011-07-11 23:28:05,823 - Resource Loader Instantiated: org.apache.velocity.runtime.resource.loader.ClasspathResourceLoader
2011-07-11 23:28:05,823 - ClasspathResourceLoader : initialization starting.
2011-07-11 23:28:05,823 - ClasspathResourceLoader : initialization complete.
2011-07-11 23:28:05,825 - ResourceCache : initialized. (class org.apache.velocity.runtime.resource.ResourceCacheImpl)
2011-07-11 23:28:05,825 - Default ResourceManager initialization complete.
2011-07-11 23:28:05,831 - Loaded System Directive: org.apache.velocity.runtime.directive.Literal
2011-07-11 23:28:05,833 - Loaded System Directive: org.apache.velocity.runtime.directive.Macro
2011-07-11 23:28:05,835 - Loaded System Directive: org.apache.velocity.runtime.directive.Parse
2011-07-11 23:28:05,837 - Loaded System Directive: org.apache.velocity.runtime.directive.Include
2011-07-11 23:28:05,838 - Loaded System Directive: org.apache.velocity.runtime.directive.Foreach
2011-07-11 23:28:05,871 - Created: 20 parsers.
2011-07-11 23:28:05,879 - Velocimacro : initialization starting.
2011-07-11 23:28:05,879 - Velocimacro : adding VMs from VM library template : VM_global_library.vm
2011-07-11 23:28:05,885 - ResourceManager : unable to find resource 'VM_global_library.vm' in any resource loader.
2011-07-11 23:28:05,885 - Velocimacro : error using  VM library template VM_global_library.vm : org.apache.velocity.exception.ResourceNotFoundException: Unable to find resource 'VM_global_library.vm'
2011-07-11 23:28:05,885 - Velocimacro :  VM library template macro registration complete.
2011-07-11 23:28:05,885 - Velocimacro : allowInline = true : VMs can be defined inline in templates
2011-07-11 23:28:05,885 - Velocimacro : allowInlineToOverride = false : VMs defined inline may NOT replace previous VM definitions
2011-07-11 23:28:05,885 - Velocimacro : allowInlineLocal = false : VMs defined inline will be  global in scope if allowed.
2011-07-11 23:28:05,885 - Velocimacro : messages on  : VM system will output logging messages
2011-07-11 23:28:05,885 - Velocimacro : autoload off  : VM system will not automatically reload global library macros
2011-07-11 23:28:05,885 - Velocimacro : initialization complete.
2011-07-11 23:28:05,885 - Velocity successfully started.
2011-07-11 23:35:43,712 - SimpleLog4JLogSystem initialized using logfile 'velocity.log'
2011-07-11 23:35:43,712 - ************************************************************** 
2011-07-11 23:35:43,712 - Starting Jakarta Velocity v1.4
2011-07-11 23:35:43,712 - RuntimeInstance initializing.
2011-07-11 23:35:43,712 - Default Properties File: org/apache/velocity/runtime/defaults/velocity.properties
2011-07-11 23:35:43,712 - Trying to use logger class org.apache.velocity.runtime.log.SimpleLog4JLogSystem
2011-07-11 23:35:43,712 - Using logger class org.apache.velocity.runtime.log.SimpleLog4JLogSystem
2011-07-11 23:35:43,716 - Default ResourceManager initializing. (class org.apache.velocity.runtime.resource.ResourceManagerImpl)
2011-07-11 23:35:43,722 - Resource Loader Instantiated: org.apache.velocity.runtime.resource.loader.ClasspathResourceLoader
2011-07-11 23:35:43,723 - ClasspathResourceLoader : initialization starting.
2011-07-11 23:35:43,723 - ClasspathResourceLoader : initialization complete.
2011-07-11 23:35:43,725 - ResourceCache : initialized. (class org.apache.velocity.runtime.resource.ResourceCacheImpl)
2011-07-11 23:35:43,725 - Default ResourceManager initialization complete.
2011-07-11 23:35:43,727 - Loaded System Directive: org.apache.velocity.runtime.directive.Literal
2011-07-11 23:35:43,731 - Loaded System Directive: org.apache.velocity.runtime.directive.Macro
2011-07-11 23:35:43,734 - Loaded System Directive: org.apache.velocity.runtime.directive.Parse
2011-07-11 23:35:43,736 - Loaded System Directive: org.apache.velocity.runtime.directive.Include
2011-07-11 23:35:43,737 - Loaded System Directive: org.apache.velocity.runtime.directive.Foreach
2011-07-11 23:35:43,769 - Created: 20 parsers.
2011-07-11 23:35:43,778 - Velocimacro : initialization starting.
2011-07-11 23:35:43,778 - Velocimacro : adding VMs from VM library template : VM_global_library.vm
2011-07-11 23:35:43,784 - ResourceManager : unable to find resource 'VM_global_library.vm' in any resource loader.
2011-07-11 23:35:43,784 - Velocimacro : error using  VM library template VM_global_library.vm : org.apache.velocity.exception.ResourceNotFoundException: Unable to find resource 'VM_global_library.vm'
2011-07-11 23:35:43,784 - Velocimacro :  VM library template macro registration complete.
2011-07-11 23:35:43,784 - Velocimacro : allowInline = true : VMs can be defined inline in templates
2011-07-11 23:35:43,784 - Velocimacro : allowInlineToOverride = false : VMs defined inline may NOT replace previous VM definitions
2011-07-11 23:35:43,784 - Velocimacro : allowInlineLocal = false : VMs defined inline will be  global in scope if allowed.
2011-07-11 23:35:43,784 - Velocimacro : messages on  : VM system will output logging messages
2011-07-11 23:35:43,784 - Velocimacro : autoload off  : VM system will not automatically reload global library macros
2011-07-11 23:35:43,784 - Velocimacro : initialization complete.
2011-07-11 23:35:43,784 - Velocity successfully started.
2011-07-11 23:38:13,922 - SimpleLog4JLogSystem initialized using logfile 'velocity.log'
2011-07-11 23:38:13,922 - ************************************************************** 
2011-07-11 23:38:13,922 - Starting Jakarta Velocity v1.4
2011-07-11 23:38:13,922 - RuntimeInstance initializing.
2011-07-11 23:38:13,922 - Default Properties File: org/apache/velocity/runtime/defaults/velocity.properties
2011-07-11 23:38:13,922 - Trying to use logger class org.apache.velocity.runtime.log.SimpleLog4JLogSystem
2011-07-11 23:38:13,922 - Using logger class org.apache.velocity.runtime.log.SimpleLog4JLogSystem
2011-07-11 23:38:13,931 - Default ResourceManager initializing. (class org.apache.velocity.runtime.resource.ResourceManagerImpl)
2011-07-11 23:38:13,934 - Resource Loader Instantiated: org.apache.velocity.runtime.resource.loader.ClasspathResourceLoader
2011-07-11 23:38:13,934 - ClasspathResourceLoader : initialization starting.
2011-07-11 23:38:13,934 - ClasspathResourceLoader : initialization complete.
2011-07-11 23:38:13,936 - ResourceCache : initialized. (class org.apache.velocity.runtime.resource.ResourceCacheImpl)
2011-07-11 23:38:13,936 - Default ResourceManager initialization complete.
2011-07-11 23:38:13,938 - Loaded System Directive: org.apache.velocity.runtime.directive.Literal
2011-07-11 23:38:13,940 - Loaded System Directive: org.apache.velocity.runtime.directive.Macro
2011-07-11 23:38:13,946 - Loaded System Directive: org.apache.velocity.runtime.directive.Parse
2011-07-11 23:38:13,948 - Loaded System Directive: org.apache.velocity.runtime.directive.Include
2011-07-11 23:38:13,949 - Loaded System Directive: org.apache.velocity.runtime.directive.Foreach
2011-07-11 23:38:13,981 - Created: 20 parsers.
2011-07-11 23:38:13,989 - Velocimacro : initialization starting.
2011-07-11 23:38:13,990 - Velocimacro : adding VMs from VM library template : VM_global_library.vm
2011-07-11 23:38:13,995 - ResourceManager : unable to find resource 'VM_global_library.vm' in any resource loader.
2011-07-11 23:38:13,996 - Velocimacro : error using  VM library template VM_global_library.vm : org.apache.velocity.exception.ResourceNotFoundException: Unable to find resource 'VM_global_library.vm'
2011-07-11 23:38:13,996 - Velocimacro :  VM library template macro registration complete.
2011-07-11 23:38:13,996 - Velocimacro : allowInline = true : VMs can be defined inline in templates
2011-07-11 23:38:13,996 - Velocimacro : allowInlineToOverride = false : VMs defined inline may NOT replace previous VM definitions
2011-07-11 23:38:13,996 - Velocimacro : allowInlineLocal = false : VMs defined inline will be  global in scope if allowed.
2011-07-11 23:38:13,996 - Velocimacro : messages on  : VM system will output logging messages
2011-07-11 23:38:13,996 - Velocimacro : autoload off  : VM system will not automatically reload global library macros
2011-07-11 23:38:13,996 - Velocimacro : initialization complete.
2011-07-11 23:38:13,996 - Velocity successfully started.
2011-07-11 23:46:40,925 - SimpleLog4JLogSystem initialized using logfile 'velocity.log'
2011-07-11 23:46:40,925 - ************************************************************** 
2011-07-11 23:46:40,925 - Starting Jakarta Velocity v1.4
2011-07-11 23:46:40,925 - RuntimeInstance initializing.
2011-07-11 23:46:40,925 - Default Properties File: org/apache/velocity/runtime/defaults/velocity.properties
2011-07-11 23:46:40,926 - Trying to use logger class org.apache.velocity.runtime.log.SimpleLog4JLogSystem
2011-07-11 23:46:40,926 - Using logger class org.apache.velocity.runtime.log.SimpleLog4JLogSystem
2011-07-11 23:46:40,929 - Default ResourceManager initializing. (class org.apache.velocity.runtime.resource.ResourceManagerImpl)
2011-07-11 23:46:40,934 - Resource Loader Instantiated: org.apache.velocity.runtime.resource.loader.ClasspathResourceLoader
2011-07-11 23:46:40,934 - ClasspathResourceLoader : initialization starting.
2011-07-11 23:46:40,935 - ClasspathResourceLoader : initialization complete.
2011-07-11 23:46:40,936 - ResourceCache : initialized. (class org.apache.velocity.runtime.resource.ResourceCacheImpl)
2011-07-11 23:46:40,937 - Default ResourceManager initialization complete.
2011-07-11 23:46:40,938 - Loaded System Directive: org.apache.velocity.runtime.directive.Literal
2011-07-11 23:46:40,940 - Loaded System Directive: org.apache.velocity.runtime.directive.Macro
2011-07-11 23:46:40,943 - Loaded System Directive: org.apache.velocity.runtime.directive.Parse
2011-07-11 23:46:40,949 - Loaded System Directive: org.apache.velocity.runtime.directive.Include
2011-07-11 23:46:40,951 - Loaded System Directive: org.apache.velocity.runtime.directive.Foreach
2011-07-11 23:46:40,982 - Created: 20 parsers.
2011-07-11 23:46:40,991 - Velocimacro : initialization starting.
2011-07-11 23:46:40,991 - Velocimacro : adding VMs from VM library template : VM_global_library.vm
2011-07-11 23:46:40,997 - ResourceManager : unable to find resource 'VM_global_library.vm' in any resource loader.
2011-07-11 23:46:40,997 - Velocimacro : error using  VM library template VM_global_library.vm : org.apache.velocity.exception.ResourceNotFoundException: Unable to find resource 'VM_global_library.vm'
2011-07-11 23:46:40,997 - Velocimacro :  VM library template macro registration complete.
2011-07-11 23:46:40,997 - Velocimacro : allowInline = true : VMs can be defined inline in templates
2011-07-11 23:46:40,997 - Velocimacro : allowInlineToOverride = false : VMs defined inline may NOT replace previous VM definitions
2011-07-11 23:46:40,997 - Velocimacro : allowInlineLocal = false : VMs defined inline will be  global in scope if allowed.
2011-07-11 23:46:40,997 - Velocimacro : messages on  : VM system will output logging messages
2011-07-11 23:46:40,997 - Velocimacro : autoload off  : VM system will not automatically reload global library macros
2011-07-11 23:46:40,997 - Velocimacro : initialization complete.
2011-07-11 23:46:40,997 - Velocity successfully started.
2011-07-11 23:50:13,885 - SimpleLog4JLogSystem initialized using logfile 'velocity.log'
2011-07-11 23:50:13,885 - ************************************************************** 
2011-07-11 23:50:13,885 - Starting Jakarta Velocity v1.4
2011-07-11 23:50:13,885 - RuntimeInstance initializing.
2011-07-11 23:50:13,885 - Default Properties File: org/apache/velocity/runtime/defaults/velocity.properties
2011-07-11 23:50:13,885 - Trying to use logger class org.apache.velocity.runtime.log.SimpleLog4JLogSystem
2011-07-11 23:50:13,885 - Using logger class org.apache.velocity.runtime.log.SimpleLog4JLogSystem
2011-07-11 23:50:13,889 - Default ResourceManager initializing. (class org.apache.velocity.runtime.resource.ResourceManagerImpl)
2011-07-11 23:50:13,896 - Resource Loader Instantiated: org.apache.velocity.runtime.resource.loader.ClasspathResourceLoader
2011-07-11 23:50:13,896 - ClasspathResourceLoader : initialization starting.
2011-07-11 23:50:13,896 - ClasspathResourceLoader : initialization complete.
2011-07-11 23:50:13,898 - ResourceCache : initialized. (class org.apache.velocity.runtime.resource.ResourceCacheImpl)
2011-07-11 23:50:13,898 - Default ResourceManager initialization complete.
2011-07-11 23:50:13,903 - Loaded System Directive: org.apache.velocity.runtime.directive.Literal
2011-07-11 23:50:13,906 - Loaded System Directive: org.apache.velocity.runtime.directive.Macro
2011-07-11 23:50:13,909 - Loaded System Directive: org.apache.velocity.runtime.directive.Parse
2011-07-11 23:50:13,911 - Loaded System Directive: org.apache.velocity.runtime.directive.Include
2011-07-11 23:50:13,912 - Loaded System Directive: org.apache.velocity.runtime.directive.Foreach
2011-07-11 23:50:13,944 - Created: 20 parsers.
2011-07-11 23:50:13,952 - Velocimacro : initialization starting.
2011-07-11 23:50:13,952 - Velocimacro : adding VMs from VM library template : VM_global_library.vm
2011-07-11 23:50:13,958 - ResourceManager : unable to find resource 'VM_global_library.vm' in any resource loader.
2011-07-11 23:50:13,958 - Velocimacro : error using  VM library template VM_global_library.vm : org.apache.velocity.exception.ResourceNotFoundException: Unable to find resource 'VM_global_library.vm'
2011-07-11 23:50:13,958 - Velocimacro :  VM library template macro registration complete.
2011-07-11 23:50:13,958 - Velocimacro : allowInline = true : VMs can be defined inline in templates
2011-07-11 23:50:13,959 - Velocimacro : allowInlineToOverride = false : VMs defined inline may NOT replace previous VM definitions
2011-07-11 23:50:13,959 - Velocimacro : allowInlineLocal = false : VMs defined inline will be  global in scope if allowed.
2011-07-11 23:50:13,959 - Velocimacro : messages on  : VM system will output logging messages
2011-07-11 23:50:13,959 - Velocimacro : autoload off  : VM system will not automatically reload global library macros
2011-07-11 23:50:13,959 - Velocimacro : initialization complete.
2011-07-11 23:50:13,959 - Velocity successfully started.
2011-07-11 23:53:56,299 - SimpleLog4JLogSystem initialized using logfile 'velocity.log'
2011-07-11 23:53:56,300 - ************************************************************** 
2011-07-11 23:53:56,300 - Starting Jakarta Velocity v1.4
2011-07-11 23:53:56,300 - RuntimeInstance initializing.
2011-07-11 23:53:56,300 - Default Properties File: org/apache/velocity/runtime/defaults/velocity.properties
2011-07-11 23:53:56,300 - Trying to use logger class org.apache.velocity.runtime.log.SimpleLog4JLogSystem
2011-07-11 23:53:56,300 - Using logger class org.apache.velocity.runtime.log.SimpleLog4JLogSystem
2011-07-11 23:53:56,303 - Default ResourceManager initializing. (class org.apache.velocity.runtime.resource.ResourceManagerImpl)
2011-07-11 23:53:56,310 - Resource Loader Instantiated: org.apache.velocity.runtime.resource.loader.ClasspathResourceLoader
2011-07-11 23:53:56,311 - ClasspathResourceLoader : initialization starting.
2011-07-11 23:53:56,311 - ClasspathResourceLoader : initialization complete.
2011-07-11 23:53:56,312 - ResourceCache : initialized. (class org.apache.velocity.runtime.resource.ResourceCacheImpl)
2011-07-11 23:53:56,312 - Default ResourceManager initialization complete.
2011-07-11 23:53:56,317 - Loaded System Directive: org.apache.velocity.runtime.directive.Literal
2011-07-11 23:53:56,320 - Loaded System Directive: org.apache.velocity.runtime.directive.Macro
2011-07-11 23:53:56,323 - Loaded System Directive: org.apache.velocity.runtime.directive.Parse
2011-07-11 23:53:56,325 - Loaded System Directive: org.apache.velocity.runtime.directive.Include
2011-07-11 23:53:56,326 - Loaded System Directive: org.apache.velocity.runtime.directive.Foreach
2011-07-11 23:53:56,358 - Created: 20 parsers.
2011-07-11 23:53:56,366 - Velocimacro : initialization starting.
2011-07-11 23:53:56,367 - Velocimacro : adding VMs from VM library template : VM_global_library.vm
2011-07-11 23:53:56,373 - ResourceManager : unable to find resource 'VM_global_library.vm' in any resource loader.
2011-07-11 23:53:56,373 - Velocimacro : error using  VM library template VM_global_library.vm : org.apache.velocity.exception.ResourceNotFoundException: Unable to find resource 'VM_global_library.vm'
2011-07-11 23:53:56,373 - Velocimacro :  VM library template macro registration complete.
2011-07-11 23:53:56,373 - Velocimacro : allowInline = true : VMs can be defined inline in templates
2011-07-11 23:53:56,373 - Velocimacro : allowInlineToOverride = false : VMs defined inline may NOT replace previous VM definitions
2011-07-11 23:53:56,373 - Velocimacro : allowInlineLocal = false : VMs defined inline will be  global in scope if allowed.
2011-07-11 23:53:56,373 - Velocimacro : messages on  : VM system will output logging messages
2011-07-11 23:53:56,373 - Velocimacro : autoload off  : VM system will not automatically reload global library macros
2011-07-11 23:53:56,373 - Velocimacro : initialization complete.
2011-07-11 23:53:56,373 - Velocity successfully started.
2011-07-12 10:35:01,418 - SimpleLog4JLogSystem initialized using logfile 'velocity.log'
2011-07-12 10:35:01,445 - ************************************************************** 
2011-07-12 10:35:01,445 - Starting Jakarta Velocity v1.4
2011-07-12 10:35:01,445 - RuntimeInstance initializing.
2011-07-12 10:35:01,445 - Default Properties File: org/apache/velocity/runtime/defaults/velocity.properties
2011-07-12 10:35:01,445 - Trying to use logger class org.apache.velocity.runtime.log.SimpleLog4JLogSystem
2011-07-12 10:35:01,445 - Using logger class org.apache.velocity.runtime.log.SimpleLog4JLogSystem
2011-07-12 10:35:01,452 - Default ResourceManager initializing. (class org.apache.velocity.runtime.resource.ResourceManagerImpl)
2011-07-12 10:35:01,457 - Resource Loader Instantiated: org.apache.velocity.runtime.resource.loader.ClasspathResourceLoader
2011-07-12 10:35:01,457 - ClasspathResourceLoader : initialization starting.
2011-07-12 10:35:01,457 - ClasspathResourceLoader : initialization complete.
2011-07-12 10:35:01,460 - ResourceCache : initialized. (class org.apache.velocity.runtime.resource.ResourceCacheImpl)
2011-07-12 10:35:01,460 - Default ResourceManager initialization complete.
2011-07-12 10:35:01,465 - Loaded System Directive: org.apache.velocity.runtime.directive.Literal
2011-07-12 10:35:01,468 - Loaded System Directive: org.apache.velocity.runtime.directive.Macro
2011-07-12 10:35:01,470 - Loaded System Directive: org.apache.velocity.runtime.directive.Parse
2011-07-12 10:35:01,472 - Loaded System Directive: org.apache.velocity.runtime.directive.Include
2011-07-12 10:35:01,474 - Loaded System Directive: org.apache.velocity.runtime.directive.Foreach
2011-07-12 10:35:01,508 - Created: 20 parsers.
2011-07-12 10:35:01,516 - Velocimacro : initialization starting.
2011-07-12 10:35:01,516 - Velocimacro : adding VMs from VM library template : VM_global_library.vm
2011-07-12 10:35:01,522 - ResourceManager : unable to find resource 'VM_global_library.vm' in any resource loader.
2011-07-12 10:35:01,522 - Velocimacro : error using  VM library template VM_global_library.vm : org.apache.velocity.exception.ResourceNotFoundException: Unable to find resource 'VM_global_library.vm'
2011-07-12 10:35:01,522 - Velocimacro :  VM library template macro registration complete.
2011-07-12 10:35:01,522 - Velocimacro : allowInline = true : VMs can be defined inline in templates
2011-07-12 10:35:01,522 - Velocimacro : allowInlineToOverride = false : VMs defined inline may NOT replace previous VM definitions
2011-07-12 10:35:01,522 - Velocimacro : allowInlineLocal = false : VMs defined inline will be  global in scope if allowed.
2011-07-12 10:35:01,523 - Velocimacro : messages on  : VM system will output logging messages
2011-07-12 10:35:01,523 - Velocimacro : autoload off  : VM system will not automatically reload global library macros
2011-07-12 10:35:01,523 - Velocimacro : initialization complete.
2011-07-12 10:35:01,523 - Velocity successfully started.
2011-07-12 10:38:27,767 - SimpleLog4JLogSystem initialized using logfile 'velocity.log'
2011-07-12 10:38:27,767 - ************************************************************** 
2011-07-12 10:38:27,767 - Starting Jakarta Velocity v1.4
2011-07-12 10:38:27,767 - RuntimeInstance initializing.
2011-07-12 10:38:27,767 - Default Properties File: org/apache/velocity/runtime/defaults/velocity.properties
2011-07-12 10:38:27,767 - Trying to use logger class org.apache.velocity.runtime.log.SimpleLog4JLogSystem
2011-07-12 10:38:27,767 - Using logger class org.apache.velocity.runtime.log.SimpleLog4JLogSystem
2011-07-12 10:38:27,771 - Default ResourceManager initializing. (class org.apache.velocity.runtime.resource.ResourceManagerImpl)
2011-07-12 10:38:27,777 - Resource Loader Instantiated: org.apache.velocity.runtime.resource.loader.ClasspathResourceLoader
2011-07-12 10:38:27,777 - ClasspathResourceLoader : initialization starting.
2011-07-12 10:38:27,777 - ClasspathResourceLoader : initialization complete.
2011-07-12 10:38:27,779 - ResourceCache : initialized. (class org.apache.velocity.runtime.resource.ResourceCacheImpl)
2011-07-12 10:38:27,779 - Default ResourceManager initialization complete.
2011-07-12 10:38:27,783 - Loaded System Directive: org.apache.velocity.runtime.directive.Literal
2011-07-12 10:38:27,786 - Loaded System Directive: org.apache.velocity.runtime.directive.Macro
2011-07-12 10:38:27,789 - Loaded System Directive: org.apache.velocity.runtime.directive.Parse
2011-07-12 10:38:27,791 - Loaded System Directive: org.apache.velocity.runtime.directive.Include
2011-07-12 10:38:27,792 - Loaded System Directive: org.apache.velocity.runtime.directive.Foreach
2011-07-12 10:38:27,825 - Created: 20 parsers.
2011-07-12 10:38:27,833 - Velocimacro : initialization starting.
2011-07-12 10:38:27,833 - Velocimacro : adding VMs from VM library template : VM_global_library.vm
2011-07-12 10:38:27,839 - ResourceManager : unable to find resource 'VM_global_library.vm' in any resource loader.
2011-07-12 10:38:27,839 - Velocimacro : error using  VM library template VM_global_library.vm : org.apache.velocity.exception.ResourceNotFoundException: Unable to find resource 'VM_global_library.vm'
2011-07-12 10:38:27,839 - Velocimacro :  VM library template macro registration complete.
2011-07-12 10:38:27,839 - Velocimacro : allowInline = true : VMs can be defined inline in templates
2011-07-12 10:38:27,839 - Velocimacro : allowInlineToOverride = false : VMs defined inline may NOT replace previous VM definitions
2011-07-12 10:38:27,839 - Velocimacro : allowInlineLocal = false : VMs defined inline will be  global in scope if allowed.
2011-07-12 10:38:27,839 - Velocimacro : messages on  : VM system will output logging messages
2011-07-12 10:38:27,839 - Velocimacro : autoload off  : VM system will not automatically reload global library macros
2011-07-12 10:38:27,839 - Velocimacro : initialization complete.
2011-07-12 10:38:27,839 - Velocity successfully started.
2011-07-12 10:43:16,350 - SimpleLog4JLogSystem initialized using logfile 'velocity.log'
2011-07-12 10:43:16,350 - ************************************************************** 
2011-07-12 10:43:16,350 - Starting Jakarta Velocity v1.4
2011-07-12 10:43:16,350 - RuntimeInstance initializing.
2011-07-12 10:43:16,350 - Default Properties File: org/apache/velocity/runtime/defaults/velocity.properties
2011-07-12 10:43:16,350 - Trying to use logger class org.apache.velocity.runtime.log.SimpleLog4JLogSystem
2011-07-12 10:43:16,350 - Using logger class org.apache.velocity.runtime.log.SimpleLog4JLogSystem
2011-07-12 10:43:16,354 - Default ResourceManager initializing. (class org.apache.velocity.runtime.resource.ResourceManagerImpl)
2011-07-12 10:43:16,358 - Resource Loader Instantiated: org.apache.velocity.runtime.resource.loader.ClasspathResourceLoader
2011-07-12 10:43:16,358 - ClasspathResourceLoader : initialization starting.
2011-07-12 10:43:16,358 - ClasspathResourceLoader : initialization complete.
2011-07-12 10:43:16,360 - ResourceCache : initialized. (class org.apache.velocity.runtime.resource.ResourceCacheImpl)
2011-07-12 10:43:16,360 - Default ResourceManager initialization complete.
2011-07-12 10:43:16,362 - Loaded System Directive: org.apache.velocity.runtime.directive.Literal
2011-07-12 10:43:16,368 - Loaded System Directive: org.apache.velocity.runtime.directive.Macro
2011-07-12 10:43:16,371 - Loaded System Directive: org.apache.velocity.runtime.directive.Parse
2011-07-12 10:43:16,373 - Loaded System Directive: org.apache.velocity.runtime.directive.Include
2011-07-12 10:43:16,374 - Loaded System Directive: org.apache.velocity.runtime.directive.Foreach
2011-07-12 10:43:16,406 - Created: 20 parsers.
2011-07-12 10:43:16,414 - Velocimacro : initialization starting.
2011-07-12 10:43:16,415 - Velocimacro : adding VMs from VM library template : VM_global_library.vm
2011-07-12 10:43:16,420 - ResourceManager : unable to find resource 'VM_global_library.vm' in any resource loader.
2011-07-12 10:43:16,421 - Velocimacro : error using  VM library template VM_global_library.vm : org.apache.velocity.exception.ResourceNotFoundException: Unable to find resource 'VM_global_library.vm'
2011-07-12 10:43:16,421 - Velocimacro :  VM library template macro registration complete.
2011-07-12 10:43:16,421 - Velocimacro : allowInline = true : VMs can be defined inline in templates
2011-07-12 10:43:16,421 - Velocimacro : allowInlineToOverride = false : VMs defined inline may NOT replace previous VM definitions
2011-07-12 10:43:16,421 - Velocimacro : allowInlineLocal = false : VMs defined inline will be  global in scope if allowed.
2011-07-12 10:43:16,421 - Velocimacro : messages on  : VM system will output logging messages
2011-07-12 10:43:16,421 - Velocimacro : autoload off  : VM system will not automatically reload global library macros
2011-07-12 10:43:16,421 - Velocimacro : initialization complete.
2011-07-12 10:43:16,421 - Velocity successfully started.
2011-08-20 23:52:44,496 - SimpleLog4JLogSystem initialized using logfile 'velocity.log'
2011-08-20 23:52:44,512 - ************************************************************** 
2011-08-20 23:52:44,512 - Starting Jakarta Velocity v1.4
2011-08-20 23:52:44,512 - RuntimeInstance initializing.
2011-08-20 23:52:44,512 - Default Properties File: org/apache/velocity/runtime/defaults/velocity.properties
2011-08-20 23:52:44,512 - Trying to use logger class org.apache.velocity.runtime.log.SimpleLog4JLogSystem
2011-08-20 23:52:44,512 - Using logger class org.apache.velocity.runtime.log.SimpleLog4JLogSystem
2011-08-20 23:52:44,517 - Default ResourceManager initializing. (class org.apache.velocity.runtime.resource.ResourceManagerImpl)
2011-08-20 23:52:44,521 - Resource Loader Instantiated: org.apache.velocity.runtime.resource.loader.ClasspathResourceLoader
2011-08-20 23:52:44,521 - ClasspathResourceLoader : initialization starting.
2011-08-20 23:52:44,521 - ClasspathResourceLoader : initialization complete.
2011-08-20 23:52:44,523 - ResourceCache : initialized. (class org.apache.velocity.runtime.resource.ResourceCacheImpl)
2011-08-20 23:52:44,523 - Default ResourceManager initialization complete.
2011-08-20 23:52:44,525 - Loaded System Directive: org.apache.velocity.runtime.directive.Literal
2011-08-20 23:52:44,529 - Loaded System Directive: org.apache.velocity.runtime.directive.Macro
2011-08-20 23:52:44,532 - Loaded System Directive: org.apache.velocity.runtime.directive.Parse
2011-08-20 23:52:44,534 - Loaded System Directive: org.apache.velocity.runtime.directive.Include
2011-08-20 23:52:44,535 - Loaded System Directive: org.apache.velocity.runtime.directive.Foreach
2011-08-20 23:52:44,568 - Created: 20 parsers.
2011-08-20 23:52:44,576 - Velocimacro : initialization starting.
2011-08-20 23:52:44,576 - Velocimacro : adding VMs from VM library template : VM_global_library.vm
2011-08-20 23:52:44,582 - ResourceManager : unable to find resource 'VM_global_library.vm' in any resource loader.
2011-08-20 23:52:44,582 - Velocimacro : error using  VM library template VM_global_library.vm : org.apache.velocity.exception.ResourceNotFoundException: Unable to find resource 'VM_global_library.vm'
2011-08-20 23:52:44,582 - Velocimacro :  VM library template macro registration complete.
2011-08-20 23:52:44,582 - Velocimacro : allowInline = true : VMs can be defined inline in templates
2011-08-20 23:52:44,582 - Velocimacro : allowInlineToOverride = false : VMs defined inline may NOT replace previous VM definitions
2011-08-20 23:52:44,582 - Velocimacro : allowInlineLocal = false : VMs defined inline will be  global in scope if allowed.
2011-08-20 23:52:44,582 - Velocimacro : messages on  : VM system will output logging messages
2011-08-20 23:52:44,582 - Velocimacro : autoload off  : VM system will not automatically reload global library macros
2011-08-20 23:52:44,582 - Velocimacro : initialization complete.
2011-08-20 23:52:44,582 - Velocity successfully started.
2011-08-21 20:01:37,217 - SimpleLog4JLogSystem initialized using logfile 'velocity.log'
2011-08-21 20:01:37,238 - ************************************************************** 
2011-08-21 20:01:37,238 - Starting Jakarta Velocity v1.4
2011-08-21 20:01:37,238 - RuntimeInstance initializing.
2011-08-21 20:01:37,238 - Default Properties File: org/apache/velocity/runtime/defaults/velocity.properties
2011-08-21 20:01:37,238 - Trying to use logger class org.apache.velocity.runtime.log.SimpleLog4JLogSystem
2011-08-21 20:01:37,238 - Using logger class org.apache.velocity.runtime.log.SimpleLog4JLogSystem
2011-08-21 20:01:37,245 - Default ResourceManager initializing. (class org.apache.velocity.runtime.resource.ResourceManagerImpl)
2011-08-21 20:01:37,250 - Resource Loader Instantiated: org.apache.velocity.runtime.resource.loader.ClasspathResourceLoader
2011-08-21 20:01:37,250 - ClasspathResourceLoader : initialization starting.
2011-08-21 20:01:37,250 - ClasspathResourceLoader : initialization complete.
2011-08-21 20:01:37,253 - ResourceCache : initialized. (class org.apache.velocity.runtime.resource.ResourceCacheImpl)
2011-08-21 20:01:37,253 - Default ResourceManager initialization complete.
2011-08-21 20:01:37,257 - Loaded System Directive: org.apache.velocity.runtime.directive.Literal
2011-08-21 20:01:37,260 - Loaded System Directive: org.apache.velocity.runtime.directive.Macro
2011-08-21 20:01:37,262 - Loaded System Directive: org.apache.velocity.runtime.directive.Parse
2011-08-21 20:01:37,265 - Loaded System Directive: org.apache.velocity.runtime.directive.Include
2011-08-21 20:01:37,266 - Loaded System Directive: org.apache.velocity.runtime.directive.Foreach
2011-08-21 20:01:37,300 - Created: 20 parsers.
2011-08-21 20:01:37,309 - Velocimacro : initialization starting.
2011-08-21 20:01:37,309 - Velocimacro : adding VMs from VM library template : VM_global_library.vm
2011-08-21 20:01:37,315 - ResourceManager : unable to find resource 'VM_global_library.vm' in any resource loader.
2011-08-21 20:01:37,315 - Velocimacro : error using  VM library template VM_global_library.vm : org.apache.velocity.exception.ResourceNotFoundException: Unable to find resource 'VM_global_library.vm'
2011-08-21 20:01:37,315 - Velocimacro :  VM library template macro registration complete.
2011-08-21 20:01:37,315 - Velocimacro : allowInline = true : VMs can be defined inline in templates
2011-08-21 20:01:37,315 - Velocimacro : allowInlineToOverride = false : VMs defined inline may NOT replace previous VM definitions
2011-08-21 20:01:37,315 - Velocimacro : allowInlineLocal = false : VMs defined inline will be  global in scope if allowed.
2011-08-21 20:01:37,315 - Velocimacro : messages on  : VM system will output logging messages
2011-08-21 20:01:37,315 - Velocimacro : autoload off  : VM system will not automatically reload global library macros
2011-08-21 20:01:37,315 - Velocimacro : initialization complete.
2011-08-21 20:01:37,315 - Velocity successfully started.
2011-08-22 11:03:26,904 - SimpleLog4JLogSystem initialized using logfile 'velocity.log'
2011-08-22 11:03:26,915 - ************************************************************** 
2011-08-22 11:03:26,915 - Starting Jakarta Velocity v1.4
2011-08-22 11:03:26,915 - RuntimeInstance initializing.
2011-08-22 11:03:26,916 - Default Properties File: org/apache/velocity/runtime/defaults/velocity.properties
2011-08-22 11:03:26,916 - Trying to use logger class org.apache.velocity.runtime.log.SimpleLog4JLogSystem
2011-08-22 11:03:26,916 - Using logger class org.apache.velocity.runtime.log.SimpleLog4JLogSystem
2011-08-22 11:03:26,919 - Default ResourceManager initializing. (class org.apache.velocity.runtime.resource.ResourceManagerImpl)
2011-08-22 11:03:26,922 - Resource Loader Instantiated: org.apache.velocity.runtime.resource.loader.ClasspathResourceLoader
2011-08-22 11:03:26,922 - ClasspathResourceLoader : initialization starting.
2011-08-22 11:03:26,922 - ClasspathResourceLoader : initialization complete.
2011-08-22 11:03:26,924 - ResourceCache : initialized. (class org.apache.velocity.runtime.resource.ResourceCacheImpl)
2011-08-22 11:03:26,924 - Default ResourceManager initialization complete.
2011-08-22 11:03:26,930 - Loaded System Directive: org.apache.velocity.runtime.directive.Literal
2011-08-22 11:03:26,932 - Loaded System Directive: org.apache.velocity.runtime.directive.Macro
2011-08-22 11:03:26,935 - Loaded System Directive: org.apache.velocity.runtime.directive.Parse
2011-08-22 11:03:26,937 - Loaded System Directive: org.apache.velocity.runtime.directive.Include
2011-08-22 11:03:26,938 - Loaded System Directive: org.apache.velocity.runtime.directive.Foreach
2011-08-22 11:03:26,971 - Created: 20 parsers.
2011-08-22 11:03:26,979 - Velocimacro : initialization starting.
2011-08-22 11:03:26,979 - Velocimacro : adding VMs from VM library template : VM_global_library.vm
2011-08-22 11:03:26,985 - ResourceManager : unable to find resource 'VM_global_library.vm' in any resource loader.
2011-08-22 11:03:26,985 - Velocimacro : error using  VM library template VM_global_library.vm : org.apache.velocity.exception.ResourceNotFoundException: Unable to find resource 'VM_global_library.vm'
2011-08-22 11:03:26,985 - Velocimacro :  VM library template macro registration complete.
2011-08-22 11:03:26,985 - Velocimacro : allowInline = true : VMs can be defined inline in templates
2011-08-22 11:03:26,985 - Velocimacro : allowInlineToOverride = false : VMs defined inline may NOT replace previous VM definitions
2011-08-22 11:03:26,985 - Velocimacro : allowInlineLocal = false : VMs defined inline will be  global in scope if allowed.
2011-08-22 11:03:26,985 - Velocimacro : messages on  : VM system will output logging messages
2011-08-22 11:03:26,985 - Velocimacro : autoload off  : VM system will not automatically reload global library macros
2011-08-22 11:03:26,985 - Velocimacro : initialization complete.
2011-08-22 11:03:26,985 - Velocity successfully started.
2011-08-22 11:04:27,099 - SimpleLog4JLogSystem initialized using logfile 'velocity.log'
2011-08-22 11:04:27,100 - ************************************************************** 
2011-08-22 11:04:27,100 - Starting Jakarta Velocity v1.4
2011-08-22 11:04:27,100 - RuntimeInstance initializing.
2011-08-22 11:04:27,100 - Default Properties File: org/apache/velocity/runtime/defaults/velocity.properties
2011-08-22 11:04:27,100 - Trying to use logger class org.apache.velocity.runtime.log.SimpleLog4JLogSystem
2011-08-22 11:04:27,100 - Using logger class org.apache.velocity.runtime.log.SimpleLog4JLogSystem
2011-08-22 11:04:27,104 - Default ResourceManager initializing. (class org.apache.velocity.runtime.resource.ResourceManagerImpl)
2011-08-22 11:04:27,107 - Resource Loader Instantiated: org.apache.velocity.runtime.resource.loader.ClasspathResourceLoader
2011-08-22 11:04:27,107 - ClasspathResourceLoader : initialization starting.
2011-08-22 11:04:27,107 - ClasspathResourceLoader : initialization complete.
2011-08-22 11:04:27,109 - ResourceCache : initialized. (class org.apache.velocity.runtime.resource.ResourceCacheImpl)
2011-08-22 11:04:27,109 - Default ResourceManager initialization complete.
2011-08-22 11:04:27,111 - Loaded System Directive: org.apache.velocity.runtime.directive.Literal
2011-08-22 11:04:27,113 - Loaded System Directive: org.apache.velocity.runtime.directive.Macro
2011-08-22 11:04:27,119 - Loaded System Directive: org.apache.velocity.runtime.directive.Parse
2011-08-22 11:04:27,121 - Loaded System Directive: org.apache.velocity.runtime.directive.Include
2011-08-22 11:04:27,122 - Loaded System Directive: org.apache.velocity.runtime.directive.Foreach
2011-08-22 11:04:27,154 - Created: 20 parsers.
2011-08-22 11:04:27,162 - Velocimacro : initialization starting.
2011-08-22 11:04:27,162 - Velocimacro : adding VMs from VM library template : VM_global_library.vm
2011-08-22 11:04:27,168 - ResourceManager : unable to find resource 'VM_global_library.vm' in any resource loader.
2011-08-22 11:04:27,168 - Velocimacro : error using  VM library template VM_global_library.vm : org.apache.velocity.exception.ResourceNotFoundException: Unable to find resource 'VM_global_library.vm'
2011-08-22 11:04:27,168 - Velocimacro :  VM library template macro registration complete.
2011-08-22 11:04:27,168 - Velocimacro : allowInline = true : VMs can be defined inline in templates
2011-08-22 11:04:27,168 - Velocimacro : allowInlineToOverride = false : VMs defined inline may NOT replace previous VM definitions
2011-08-22 11:04:27,168 - Velocimacro : allowInlineLocal = false : VMs defined inline will be  global in scope if allowed.
2011-08-22 11:04:27,168 - Velocimacro : messages on  : VM system will output logging messages
2011-08-22 11:04:27,168 - Velocimacro : autoload off  : VM system will not automatically reload global library macros
2011-08-22 11:04:27,168 - Velocimacro : initialization complete.
2011-08-22 11:04:27,168 - Velocity successfully started.
2011-08-22 13:12:08,308 - SimpleLog4JLogSystem initialized using logfile 'velocity.log'
2011-08-22 13:12:08,308 - ************************************************************** 
2011-08-22 13:12:08,308 - Starting Jakarta Velocity v1.4
2011-08-22 13:12:08,308 - RuntimeInstance initializing.
2011-08-22 13:12:08,308 - Default Properties File: org/apache/velocity/runtime/defaults/velocity.properties
2011-08-22 13:12:08,308 - Trying to use logger class org.apache.velocity.runtime.log.SimpleLog4JLogSystem
2011-08-22 13:12:08,308 - Using logger class org.apache.velocity.runtime.log.SimpleLog4JLogSystem
2011-08-22 13:12:08,312 - Default ResourceManager initializing. (class org.apache.velocity.runtime.resource.ResourceManagerImpl)
2011-08-22 13:12:08,319 - Resource Loader Instantiated: org.apache.velocity.runtime.resource.loader.ClasspathResourceLoader
2011-08-22 13:12:08,319 - ClasspathResourceLoader : initialization starting.
2011-08-22 13:12:08,319 - ClasspathResourceLoader : initialization complete.
2011-08-22 13:12:08,321 - ResourceCache : initialized. (class org.apache.velocity.runtime.resource.ResourceCacheImpl)
2011-08-22 13:12:08,321 - Default ResourceManager initialization complete.
2011-08-22 13:12:08,323 - Loaded System Directive: org.apache.velocity.runtime.directive.Literal
2011-08-22 13:12:08,327 - Loaded System Directive: org.apache.velocity.runtime.directive.Macro
2011-08-22 13:12:08,331 - Loaded System Directive: org.apache.velocity.runtime.directive.Parse
2011-08-22 13:12:08,333 - Loaded System Directive: org.apache.velocity.runtime.directive.Include
2011-08-22 13:12:08,334 - Loaded System Directive: org.apache.velocity.runtime.directive.Foreach
2011-08-22 13:12:08,366 - Created: 20 parsers.
2011-08-22 13:12:08,374 - Velocimacro : initialization starting.
2011-08-22 13:12:08,374 - Velocimacro : adding VMs from VM library template : VM_global_library.vm
2011-08-22 13:12:08,380 - ResourceManager : unable to find resource 'VM_global_library.vm' in any resource loader.
2011-08-22 13:12:08,380 - Velocimacro : error using  VM library template VM_global_library.vm : org.apache.velocity.exception.ResourceNotFoundException: Unable to find resource 'VM_global_library.vm'
2011-08-22 13:12:08,380 - Velocimacro :  VM library template macro registration complete.
2011-08-22 13:12:08,380 - Velocimacro : allowInline = true : VMs can be defined inline in templates
2011-08-22 13:12:08,380 - Velocimacro : allowInlineToOverride = false : VMs defined inline may NOT replace previous VM definitions
2011-08-22 13:12:08,380 - Velocimacro : allowInlineLocal = false : VMs defined inline will be  global in scope if allowed.
2011-08-22 13:12:08,380 - Velocimacro : messages on  : VM system will output logging messages
2011-08-22 13:12:08,380 - Velocimacro : autoload off  : VM system will not automatically reload global library macros
2011-08-22 13:12:08,381 - Velocimacro : initialization complete.
2011-08-22 13:12:08,381 - Velocity successfully started.
2011-08-22 15:11:03,339 - SimpleLog4JLogSystem initialized using logfile 'velocity.log'
2011-08-22 15:11:03,339 - ************************************************************** 
2011-08-22 15:11:03,339 - Starting Jakarta Velocity v1.4
2011-08-22 15:11:03,339 - RuntimeInstance initializing.
2011-08-22 15:11:03,339 - Default Properties File: org/apache/velocity/runtime/defaults/velocity.properties
2011-08-22 15:11:03,339 - Trying to use logger class org.apache.velocity.runtime.log.SimpleLog4JLogSystem
2011-08-22 15:11:03,339 - Using logger class org.apache.velocity.runtime.log.SimpleLog4JLogSystem
2011-08-22 15:11:03,343 - Default ResourceManager initializing. (class org.apache.velocity.runtime.resource.ResourceManagerImpl)
2011-08-22 15:11:03,346 - Resource Loader Instantiated: org.apache.velocity.runtime.resource.loader.ClasspathResourceLoader
2011-08-22 15:11:03,347 - ClasspathResourceLoader : initialization starting.
2011-08-22 15:11:03,347 - ClasspathResourceLoader : initialization complete.
2011-08-22 15:11:03,348 - ResourceCache : initialized. (class org.apache.velocity.runtime.resource.ResourceCacheImpl)
2011-08-22 15:11:03,348 - Default ResourceManager initialization complete.
2011-08-22 15:11:03,353 - Loaded System Directive: org.apache.velocity.runtime.directive.Literal
2011-08-22 15:11:03,354 - Loaded System Directive: org.apache.velocity.runtime.directive.Macro
2011-08-22 15:11:03,357 - Loaded System Directive: org.apache.velocity.runtime.directive.Parse
2011-08-22 15:11:03,359 - Loaded System Directive: org.apache.velocity.runtime.directive.Include
2011-08-22 15:11:03,360 - Loaded System Directive: org.apache.velocity.runtime.directive.Foreach
2011-08-22 15:11:03,393 - Created: 20 parsers.
2011-08-22 15:11:03,401 - Velocimacro : initialization starting.
2011-08-22 15:11:03,401 - Velocimacro : adding VMs from VM library template : VM_global_library.vm
2011-08-22 15:11:03,407 - ResourceManager : unable to find resource 'VM_global_library.vm' in any resource loader.
2011-08-22 15:11:03,407 - Velocimacro : error using  VM library template VM_global_library.vm : org.apache.velocity.exception.ResourceNotFoundException: Unable to find resource 'VM_global_library.vm'
2011-08-22 15:11:03,407 - Velocimacro :  VM library template macro registration complete.
2011-08-22 15:11:03,407 - Velocimacro : allowInline = true : VMs can be defined inline in templates
2011-08-22 15:11:03,407 - Velocimacro : allowInlineToOverride = false : VMs defined inline may NOT replace previous VM definitions
2011-08-22 15:11:03,407 - Velocimacro : allowInlineLocal = false : VMs defined inline will be  global in scope if allowed.
2011-08-22 15:11:03,407 - Velocimacro : messages on  : VM system will output logging messages
2011-08-22 15:11:03,407 - Velocimacro : autoload off  : VM system will not automatically reload global library macros
2011-08-22 15:11:03,407 - Velocimacro : initialization complete.
2011-08-22 15:11:03,408 - Velocity successfully started.
2011-10-14 16:56:39,190 - SimpleLog4JLogSystem initialized using logfile 'velocity.log'
2011-10-14 16:56:39,333 - ************************************************************** 
2011-10-14 16:56:39,333 - Starting Jakarta Velocity v1.4
2011-10-14 16:56:39,333 - RuntimeInstance initializing.
2011-10-14 16:56:39,333 - Default Properties File: org/apache/velocity/runtime/defaults/velocity.properties
2011-10-14 16:56:39,333 - Trying to use logger class org.apache.velocity.runtime.log.SimpleLog4JLogSystem
2011-10-14 16:56:39,333 - Using logger class org.apache.velocity.runtime.log.SimpleLog4JLogSystem
2011-10-14 16:56:39,338 - Default ResourceManager initializing. (class org.apache.velocity.runtime.resource.ResourceManagerImpl)
2011-10-14 16:56:39,341 - Resource Loader Instantiated: org.apache.velocity.runtime.resource.loader.ClasspathResourceLoader
2011-10-14 16:56:39,341 - ClasspathResourceLoader : initialization starting.
2011-10-14 16:56:39,341 - ClasspathResourceLoader : initialization complete.
2011-10-14 16:56:39,342 - ResourceCache : initialized. (class org.apache.velocity.runtime.resource.ResourceCacheImpl)
2011-10-14 16:56:39,342 - Default ResourceManager initialization complete.
2011-10-14 16:56:39,344 - Loaded System Directive: org.apache.velocity.runtime.directive.Literal
2011-10-14 16:56:39,345 - Loaded System Directive: org.apache.velocity.runtime.directive.Macro
2011-10-14 16:56:39,348 - Loaded System Directive: org.apache.velocity.runtime.directive.Parse
2011-10-14 16:56:39,349 - Loaded System Directive: org.apache.velocity.runtime.directive.Include
2011-10-14 16:56:39,350 - Loaded System Directive: org.apache.velocity.runtime.directive.Foreach
2011-10-14 16:56:39,400 - Created: 20 parsers.
2011-10-14 16:56:39,408 - Velocimacro : initialization starting.
2011-10-14 16:56:39,408 - Velocimacro : adding VMs from VM library template : VM_global_library.vm
2011-10-14 16:56:39,412 - ResourceManager : unable to find resource 'VM_global_library.vm' in any resource loader.
2011-10-14 16:56:39,413 - Velocimacro : error using  VM library template VM_global_library.vm : org.apache.velocity.exception.ResourceNotFoundException: Unable to find resource 'VM_global_library.vm'
2011-10-14 16:56:39,413 - Velocimacro :  VM library template macro registration complete.
2011-10-14 16:56:39,413 - Velocimacro : allowInline = true : VMs can be defined inline in templates
2011-10-14 16:56:39,413 - Velocimacro : allowInlineToOverride = false : VMs defined inline may NOT replace previous VM definitions
2011-10-14 16:56:39,413 - Velocimacro : allowInlineLocal = false : VMs defined inline will be  global in scope if allowed.
2011-10-14 16:56:39,413 - Velocimacro : messages on  : VM system will output logging messages
2011-10-14 16:56:39,413 - Velocimacro : autoload off  : VM system will not automatically reload global library macros
2011-10-14 16:56:39,413 - Velocimacro : initialization complete.
2011-10-14 16:56:39,413 - Velocity successfully started.
