2011-10-17 12:25:51,468 - SimpleLog4JLogSystem initialized using logfile 'velocity.log'
2011-10-17 12:25:51,468 - ************************************************************** 
2011-10-17 12:25:51,468 - Starting Jakarta Velocity v1.4
2011-10-17 12:25:51,468 - RuntimeInstance initializing.
2011-10-17 12:25:51,468 - Default Properties File: org/apache/velocity/runtime/defaults/velocity.properties
2011-10-17 12:25:51,468 - Trying to use logger class org.apache.velocity.runtime.log.SimpleLog4JLogSystem
2011-10-17 12:25:51,468 - Using logger class org.apache.velocity.runtime.log.SimpleLog4JLogSystem
2011-10-17 12:25:51,471 - Default ResourceManager initializing. (class org.apache.velocity.runtime.resource.ResourceManagerImpl)
2011-10-17 12:25:51,474 - Resource Loader Instantiated: org.apache.velocity.runtime.resource.loader.ClasspathResourceLoader
2011-10-17 12:25:51,474 - ClasspathResourceLoader : initialization starting.
2011-10-17 12:25:51,474 - ClasspathResourceLoader : initialization complete.
2011-10-17 12:25:51,475 - ResourceCache : initialized. (class org.apache.velocity.runtime.resource.ResourceCacheImpl)
2011-10-17 12:25:51,476 - Default ResourceManager initialization complete.
2011-10-17 12:25:51,481 - Loaded System Directive: org.apache.velocity.runtime.directive.Literal
2011-10-17 12:25:51,482 - Loaded System Directive: org.apache.velocity.runtime.directive.Macro
2011-10-17 12:25:51,485 - Loaded System Directive: org.apache.velocity.runtime.directive.Parse
2011-10-17 12:25:51,487 - Loaded System Directive: org.apache.velocity.runtime.directive.Include
2011-10-17 12:25:51,488 - Loaded System Directive: org.apache.velocity.runtime.directive.Foreach
2011-10-17 12:25:51,515 - Created: 20 parsers.
2011-10-17 12:25:51,522 - Velocimacro : initialization starting.
2011-10-17 12:25:51,522 - Velocimacro : adding VMs from VM library template : VM_global_library.vm
2011-10-17 12:25:51,527 - ResourceManager : unable to find resource 'VM_global_library.vm' in any resource loader.
2011-10-17 12:25:51,527 - Velocimacro : error using  VM library template VM_global_library.vm : org.apache.velocity.exception.ResourceNotFoundException: Unable to find resource 'VM_global_library.vm'
2011-10-17 12:25:51,527 - Velocimacro :  VM library template macro registration complete.
2011-10-17 12:25:51,527 - Velocimacro : allowInline = true : VMs can be defined inline in templates
2011-10-17 12:25:51,527 - Velocimacro : allowInlineToOverride = false : VMs defined inline may NOT replace previous VM definitions
2011-10-17 12:25:51,527 - Velocimacro : allowInlineLocal = false : VMs defined inline will be  global in scope if allowed.
2011-10-17 12:25:51,527 - Velocimacro : messages on  : VM system will output logging messages
2011-10-17 12:25:51,527 - Velocimacro : autoload off  : VM system will not automatically reload global library macros
2011-10-17 12:25:51,527 - Velocimacro : initialization complete.
2011-10-17 12:25:51,527 - Velocity successfully started.
2011-10-17 12:34:56,302 - SimpleLog4JLogSystem initialized using logfile 'velocity.log'
2011-10-17 12:34:56,303 - ************************************************************** 
2011-10-17 12:34:56,303 - Starting Jakarta Velocity v1.4
2011-10-17 12:34:56,303 - RuntimeInstance initializing.
2011-10-17 12:34:56,303 - Default Properties File: org/apache/velocity/runtime/defaults/velocity.properties
2011-10-17 12:34:56,303 - Trying to use logger class org.apache.velocity.runtime.log.SimpleLog4JLogSystem
2011-10-17 12:34:56,303 - Using logger class org.apache.velocity.runtime.log.SimpleLog4JLogSystem
2011-10-17 12:34:56,306 - Default ResourceManager initializing. (class org.apache.velocity.runtime.resource.ResourceManagerImpl)
2011-10-17 12:34:56,308 - Resource Loader Instantiated: org.apache.velocity.runtime.resource.loader.ClasspathResourceLoader
2011-10-17 12:34:56,308 - ClasspathResourceLoader : initialization starting.
2011-10-17 12:34:56,308 - ClasspathResourceLoader : initialization complete.
2011-10-17 12:34:56,313 - ResourceCache : initialized. (class org.apache.velocity.runtime.resource.ResourceCacheImpl)
2011-10-17 12:34:56,313 - Default ResourceManager initialization complete.
2011-10-17 12:34:56,315 - Loaded System Directive: org.apache.velocity.runtime.directive.Literal
2011-10-17 12:34:56,316 - Loaded System Directive: org.apache.velocity.runtime.directive.Macro
2011-10-17 12:34:56,319 - Loaded System Directive: org.apache.velocity.runtime.directive.Parse
2011-10-17 12:34:56,321 - Loaded System Directive: org.apache.velocity.runtime.directive.Include
2011-10-17 12:34:56,322 - Loaded System Directive: org.apache.velocity.runtime.directive.Foreach
2011-10-17 12:34:56,351 - Created: 20 parsers.
2011-10-17 12:34:56,358 - Velocimacro : initialization starting.
2011-10-17 12:34:56,358 - Velocimacro : adding VMs from VM library template : VM_global_library.vm
2011-10-17 12:34:56,363 - ResourceManager : unable to find resource 'VM_global_library.vm' in any resource loader.
2011-10-17 12:34:56,363 - Velocimacro : error using  VM library template VM_global_library.vm : org.apache.velocity.exception.ResourceNotFoundException: Unable to find resource 'VM_global_library.vm'
2011-10-17 12:34:56,363 - Velocimacro :  VM library template macro registration complete.
2011-10-17 12:34:56,363 - Velocimacro : allowInline = true : VMs can be defined inline in templates
2011-10-17 12:34:56,363 - Velocimacro : allowInlineToOverride = false : VMs defined inline may NOT replace previous VM definitions
2011-10-17 12:34:56,363 - Velocimacro : allowInlineLocal = false : VMs defined inline will be  global in scope if allowed.
2011-10-17 12:34:56,363 - Velocimacro : messages on  : VM system will output logging messages
2011-10-17 12:34:56,363 - Velocimacro : autoload off  : VM system will not automatically reload global library macros
2011-10-17 12:34:56,363 - Velocimacro : initialization complete.
2011-10-17 12:34:56,363 - Velocity successfully started.
